#
# There is insufficient memory for the Java Runtime Environment to continue.
# Native memory allocation (malloc) failed to allocate 1309776 bytes. Error detail: Chunk::new
# Possible reasons:
#   The system is out of physical RAM or swap space
#   This process is running with CompressedOops enabled, and the Java Heap may be blocking the growth of the native heap
# Possible solutions:
#   Reduce memory load on the system
#   Increase physical memory or swap space
#   Check if swap backing store is full
#   Decrease Java heap size (-Xmx/-Xms)
#   Decrease number of Java threads
#   Decrease Java thread stack sizes (-Xss)
#   Set larger code cache with -XX:ReservedCodeCacheSize=
#   JVM is running with Unscaled Compressed Oops mode in which the Java heap is
#     placed in the first 4GB address space. The Java Heap base address is the
#     maximum limit for the native heap growth. Please use -XX:HeapBaseMinAddress
#     to set the Java Heap base and to place the Java Heap above 4GB virtual address.
# This output file may be truncated or incomplete.
#
#  Out of Memory Error (arena.cpp:168), pid=17480, tid=25412
#
# JRE version: OpenJDK Runtime Environment Temurin-21.0.9+10 (21.0.9+10) (build 21.0.9+10-LTS)
# Java VM: OpenJDK 64-Bit Server VM Temurin-21.0.9+10 (21.0.9+10-LTS, mixed mode, sharing, tiered, compressed oops, compressed class ptrs, parallel gc, windows-amd64)
# No core dump will be written. Minidumps are not enabled by default on client versions of Windows
#

---------------  S U M M A R Y ------------

Command Line: --add-modules=ALL-SYSTEM --add-opens=java.base/java.util=ALL-UNNAMED --add-opens=java.base/java.lang=ALL-UNNAMED --add-opens=java.base/sun.nio.fs=ALL-UNNAMED -Declipse.application=org.eclipse.jdt.ls.core.id1 -Dosgi.bundles.defaultStartLevel=4 -Declipse.product=org.eclipse.jdt.ls.core.product -Djava.import.generatesMetadataFilesAtProjectRoot=false -DDetectVMInstallationsJob.disabled=true -Dfile.encoding=utf8 -XX:+UseParallelGC -XX:GCTimeRatio=4 -XX:AdaptiveSizePolicyWeight=90 -Dsun.zip.disableMemoryMapping=true -Xmx2G -Xms100m -Xlog:disable -javaagent:c:\Users\agnes\.vscode\extensions\redhat.java-1.50.0-win32-x64\lombok\lombok-1.18.39-4050.jar -XX:+HeapDumpOnOutOfMemoryError -XX:HeapDumpPath=c:\Users\agnes\AppData\Roaming\Code\User\workspaceStorage\5fa8ea05a08e1f09a563d8a64c92713b\redhat.java -Daether.dependencyCollector.impl=bf -Xmx1024M c:\Users\agnes\.vscode\extensions\redhat.java-1.50.0-win32-x64\server\plugins\org.eclipse.equinox.launcher_1.7.100.v20251111-0406.jar -configuration c:\Users\agnes\AppData\Roaming\Code\User\globalStorage\redhat.java\1.50.0\config_win -data c:\Users\agnes\AppData\Roaming\Code\User\workspaceStorage\5fa8ea05a08e1f09a563d8a64c92713b\redhat.java\jdt_ws --pipe=\\.\pipe\lsp-8cac9e456ae366254f39dbffab86b055-sock

Host: Intel(R) Core(TM) i5-10210U CPU @ 1.60GHz, 8 cores, 7G,  Windows 11 , 64 bit Build 26100 (10.0.26100.7309)
Time: Fri Jan  2 09:56:25 2026 elapsed time: 20.810873 seconds (0d 0h 0m 20s)

---------------  T H R E A D  ---------------

Current thread (0x000001fb09121630):  JavaThread "C2 CompilerThread1" daemon [_thread_in_native, id=25412, stack(0x0000007ae1000000,0x0000007ae1100000) (1024K)]


Current CompileTask:
C2:20810 11149   !   4       org.codehaus.plexus.interpolation.StringSearchInterpolator::interpolate (692 bytes)

Stack: [0x0000007ae1000000,0x0000007ae1100000]
Native frames: (J=compiled Java code, j=interpreted, Vv=VM code, C=native code)
V  [jvm.dll+0x6d6e29]
V  [jvm.dll+0x8b4b76]
V  [jvm.dll+0x8b712e]
V  [jvm.dll+0x8b7813]
V  [jvm.dll+0x283d86]
V  [jvm.dll+0xc66ed]
V  [jvm.dll+0xc6c31]
V  [jvm.dll+0x3be501]
V  [jvm.dll+0x38ab92]
V  [jvm.dll+0x389fda]
V  [jvm.dll+0x24bfa0]
V  [jvm.dll+0x24b580]
V  [jvm.dll+0x1cb13e]
V  [jvm.dll+0x25b29d]
V  [jvm.dll+0x25982a]
V  [jvm.dll+0x3f7ea6]
V  [jvm.dll+0x85e9ad]
V  [jvm.dll+0x6d565d]
C  [ucrtbase.dll+0x37b0]
C  [KERNEL32.DLL+0x2e8d7]
C  [ntdll.dll+0x8c53c]


---------------  P R O C E S S  ---------------

Threads class SMR info:
_java_thread_list=0x000001fb0abc5360, length=73, elements={
0x000001faab03a320, 0x000001faad39ac90, 0x000001faad39e400, 0x000001fac16a5bd0,
0x000001fac16a6820, 0x000001fac16aa390, 0x000001fac16aade0, 0x000001fac16b0030,
0x000001fb04150840, 0x000001fb04303eb0, 0x000001fb046917f0, 0x000001fb04c731c0,
0x000001fb04a27370, 0x000001fb04b02020, 0x000001fb048df470, 0x000001fb0997fcd0,
0x000001fb0939dde0, 0x000001fb0924e340, 0x000001fb09121630, 0x000001fb0924c900,
0x000001fb0924e9d0, 0x000001fb0924d620, 0x000001fb0924b550, 0x000001fb09c03b40,
0x000001fb0924bbe0, 0x000001fb0924cf90, 0x000001fb0924c270, 0x000001fb0b82b670,
0x000001fb0b82ddd0, 0x000001fb0b82e460, 0x000001fb0b82bd00, 0x000001fb0b82c390,
0x000001fb0b82afe0, 0x000001fb0b82ca20, 0x000001fb0b82d0b0, 0x000001fb0b82d740,
0x000001fb0bcf9320, 0x000001fb0bcfa040, 0x000001fb0bcf99b0, 0x000001fb0bcfa6d0,
0x000001fb0bcf8600, 0x000001fb0bcf7250, 0x000001fb0bcf7f70, 0x000001fb0bcf8c90,
0x000001fb0bcfad60, 0x000001fb0bcf78e0, 0x000001fb0bcfc7a0, 0x000001fb0bcfd4c0,
0x000001fb0bcfc110, 0x000001fb0bcfdb50, 0x000001fb0bcfce30, 0x000001fb0bcfe1e0,
0x000001fb0bcfe870, 0x000001fb0bcfb3f0, 0x000001fb0bcfba80, 0x000001fb0bdc5180,
0x000001fb0bdc6bc0, 0x000001fb0bdc7250, 0x000001fb0bdc4af0, 0x000001fb0bdc8600,
0x000001fb0bdc5810, 0x000001fb0bdc7f70, 0x000001fb0bdc78e0, 0x000001fb0bdc5ea0,
0x000001fb0bdc6530, 0x000001fb0bdca040, 0x000001fb0bdca6d0, 0x000001fb0bdcad60,
0x000001fb04748200, 0x000001fb047467c0, 0x000001fb04746130, 0x000001fb04746e50,
0x000001fb047474e0
}

Java Threads: ( => current thread )
  0x000001faab03a320 JavaThread "main"                              [_thread_blocked, id=1116, stack(0x0000007ae0100000,0x0000007ae0200000) (1024K)]
  0x000001faad39ac90 JavaThread "Reference Handler"          daemon [_thread_blocked, id=19156, stack(0x0000007ae0500000,0x0000007ae0600000) (1024K)]
  0x000001faad39e400 JavaThread "Finalizer"                  daemon [_thread_blocked, id=13768, stack(0x0000007ae0600000,0x0000007ae0700000) (1024K)]
  0x000001fac16a5bd0 JavaThread "Signal Dispatcher"          daemon [_thread_blocked, id=8768, stack(0x0000007ae0700000,0x0000007ae0800000) (1024K)]
  0x000001fac16a6820 JavaThread "Attach Listener"            daemon [_thread_blocked, id=3828, stack(0x0000007ae0800000,0x0000007ae0900000) (1024K)]
  0x000001fac16aa390 JavaThread "Service Thread"             daemon [_thread_blocked, id=22588, stack(0x0000007ae0900000,0x0000007ae0a00000) (1024K)]
  0x000001fac16aade0 JavaThread "Monitor Deflation Thread"   daemon [_thread_blocked, id=8876, stack(0x0000007ae0a00000,0x0000007ae0b00000) (1024K)]
  0x000001fac16b0030 JavaThread "C2 CompilerThread0"         daemon [_thread_in_native, id=5772, stack(0x0000007ae0b00000,0x0000007ae0c00000) (1024K)]
  0x000001fb04150840 JavaThread "C1 CompilerThread0"         daemon [_thread_blocked, id=23968, stack(0x0000007ae0c00000,0x0000007ae0d00000) (1024K)]
  0x000001fb04303eb0 JavaThread "Common-Cleaner"             daemon [_thread_blocked, id=23852, stack(0x0000007ae0d00000,0x0000007ae0e00000) (1024K)]
  0x000001fb046917f0 JavaThread "Notification Thread"        daemon [_thread_blocked, id=24548, stack(0x0000007ae0f00000,0x0000007ae1000000) (1024K)]
  0x000001fb04c731c0 JavaThread "Active Thread: Equinox Container: 5746cbc4-4253-4955-891a-536439514e0f"        [_thread_blocked, id=10984, stack(0x0000007ae1700000,0x0000007ae1800000) (1024K)]
  0x000001fb04a27370 JavaThread "Refresh Thread: Equinox Container: 5746cbc4-4253-4955-891a-536439514e0f" daemon [_thread_blocked, id=18756, stack(0x0000007ae1800000,0x0000007ae1900000) (1024K)]
  0x000001fb04b02020 JavaThread "Framework Event Dispatcher: Equinox Container: 5746cbc4-4253-4955-891a-536439514e0f" daemon [_thread_blocked, id=26948, stack(0x0000007ae1a00000,0x0000007ae1b00000) (1024K)]
  0x000001fb048df470 JavaThread "Start Level: Equinox Container: 5746cbc4-4253-4955-891a-536439514e0f" daemon [_thread_blocked, id=23692, stack(0x0000007ae1b00000,0x0000007ae1c00000) (1024K)]
  0x000001fb0997fcd0 JavaThread "Bundle File Closer"         daemon [_thread_blocked, id=17440, stack(0x0000007ae1c00000,0x0000007ae1d00000) (1024K)]
  0x000001fb0939dde0 JavaThread "SCR Component Actor"        daemon [_thread_blocked, id=19296, stack(0x0000007ae1d00000,0x0000007ae1e00000) (1024K)]
  0x000001fb0924e340 JavaThread "Worker-JM"                         [_thread_blocked, id=19324, stack(0x0000007ae0e00000,0x0000007ae0f00000) (1024K)]
=>0x000001fb09121630 JavaThread "C2 CompilerThread1"         daemon [_thread_in_native, id=25412, stack(0x0000007ae1000000,0x0000007ae1100000) (1024K)]
  0x000001fb0924c900 JavaThread "JNA Cleaner"                daemon [_thread_blocked, id=20304, stack(0x0000007ae1e00000,0x0000007ae1f00000) (1024K)]
  0x000001fb0924e9d0 JavaThread "Worker-0: Building"                [_thread_blocked, id=13736, stack(0x0000007ae1f00000,0x0000007ae2000000) (1024K)]
  0x000001fb0924d620 JavaThread "Worker-1"                          [_thread_blocked, id=17772, stack(0x0000007ae2000000,0x0000007ae2100000) (1024K)]
  0x000001fb0924b550 JavaThread "Worker-2"                          [_thread_blocked, id=19316, stack(0x0000007ae2100000,0x0000007ae2200000) (1024K)]
  0x000001fb09c03b40 JavaThread "C2 CompilerThread2"         daemon [_thread_blocked, id=15216, stack(0x0000007ae2200000,0x0000007ae2300000) (1024K)]
  0x000001fb0924bbe0 JavaThread "Java indexing"              daemon [_thread_blocked, id=24336, stack(0x0000007ae2300000,0x0000007ae2400000) (1024K)]
  0x000001fb0924cf90 JavaThread "Worker-3"                          [_thread_blocked, id=10136, stack(0x0000007ae2400000,0x0000007ae2500000) (1024K)]
  0x000001fb0924c270 JavaThread "Worker-4"                          [_thread_blocked, id=26028, stack(0x0000007ae2800000,0x0000007ae2900000) (1024K)]
  0x000001fb0b82b670 JavaThread "Worker-5"                          [_thread_blocked, id=9980, stack(0x0000007ae2900000,0x0000007ae2a00000) (1024K)]
  0x000001fb0b82ddd0 JavaThread "Thread-1"                   daemon [_thread_in_native, id=6796, stack(0x0000007ae2a00000,0x0000007ae2b00000) (1024K)]
  0x000001fb0b82e460 JavaThread "Thread-2"                   daemon [_thread_in_native, id=26508, stack(0x0000007ae2b00000,0x0000007ae2c00000) (1024K)]
  0x000001fb0b82bd00 JavaThread "Thread-3"                   daemon [_thread_in_native, id=22604, stack(0x0000007ae2c00000,0x0000007ae2d00000) (1024K)]
  0x000001fb0b82c390 JavaThread "Thread-4"                   daemon [_thread_in_native, id=20192, stack(0x0000007ae2d00000,0x0000007ae2e00000) (1024K)]
  0x000001fb0b82afe0 JavaThread "Thread-5"                   daemon [_thread_in_native, id=22592, stack(0x0000007ae2e00000,0x0000007ae2f00000) (1024K)]
  0x000001fb0b82ca20 JavaThread "Thread-6"                   daemon [_thread_in_native, id=24172, stack(0x0000007ae2f00000,0x0000007ae3000000) (1024K)]
  0x000001fb0b82d0b0 JavaThread "Thread-7"                   daemon [_thread_in_native, id=14516, stack(0x0000007ae3000000,0x0000007ae3100000) (1024K)]
  0x000001fb0b82d740 JavaThread "Thread-8"                   daemon [_thread_in_native, id=25348, stack(0x0000007ae3100000,0x0000007ae3200000) (1024K)]
  0x000001fb0bcf9320 JavaThread "Thread-9"                   daemon [_thread_in_native, id=26656, stack(0x0000007ae3200000,0x0000007ae3300000) (1024K)]
  0x000001fb0bcfa040 JavaThread "pool-2-thread-1"                   [_thread_blocked, id=20452, stack(0x0000007ae3300000,0x0000007ae3400000) (1024K)]
  0x000001fb0bcf99b0 JavaThread "ForkJoinPool.commonPool-worker-1" daemon [_thread_blocked, id=10120, stack(0x0000007ae3400000,0x0000007ae3500000) (1024K)]
  0x000001fb0bcfa6d0 JavaThread "ForkJoinPool.commonPool-worker-2" daemon [_thread_blocked, id=22936, stack(0x0000007ae3500000,0x0000007ae3600000) (1024K)]
  0x000001fb0bcf8600 JavaThread "ForkJoinPool.commonPool-worker-3" daemon [_thread_blocked, id=7472, stack(0x0000007ae3600000,0x0000007ae3700000) (1024K)]
  0x000001fb0bcf7250 JavaThread "ForkJoinPool.commonPool-worker-4" daemon [_thread_blocked, id=24504, stack(0x0000007ae3700000,0x0000007ae3800000) (1024K)]
  0x000001fb0bcf7f70 JavaThread "ForkJoinPool.commonPool-worker-5" daemon [_thread_blocked, id=15672, stack(0x0000007ae3800000,0x0000007ae3900000) (1024K)]
  0x000001fb0bcf8c90 JavaThread "ForkJoinPool.commonPool-worker-6" daemon [_thread_blocked, id=27092, stack(0x0000007ae3900000,0x0000007ae3a00000) (1024K)]
  0x000001fb0bcfad60 JavaThread "ForkJoinPool.commonPool-worker-7" daemon [_thread_blocked, id=26608, stack(0x0000007ae3a00000,0x0000007ae3b00000) (1024K)]
  0x000001fb0bcf78e0 JavaThread "WorkspaceEventsHandler"            [_thread_blocked, id=28060, stack(0x0000007ae3b00000,0x0000007ae3c00000) (1024K)]
  0x000001fb0bcfc7a0 JavaThread "pool-1-thread-1"                   [_thread_blocked, id=3960, stack(0x0000007ae3c00000,0x0000007ae3d00000) (1024K)]
  0x000001fb0bcfd4c0 JavaThread "LocalFile Deleter"          daemon [_thread_blocked, id=26292, stack(0x0000007ae3d00000,0x0000007ae3e00000) (1024K)]
  0x000001fb0bcfc110 JavaThread "LocalFile Deleter"          daemon [_thread_blocked, id=22508, stack(0x0000007ae3e00000,0x0000007ae3f00000) (1024K)]
  0x000001fb0bcfdb50 JavaThread "LocalFile Deleter"          daemon [_thread_blocked, id=22556, stack(0x0000007ae3f00000,0x0000007ae4000000) (1024K)]
  0x000001fb0bcfce30 JavaThread "LocalFile Deleter"          daemon [_thread_blocked, id=3576, stack(0x0000007ae4000000,0x0000007ae4100000) (1024K)]
  0x000001fb0bcfe1e0 JavaThread "LocalFile Deleter"          daemon [_thread_blocked, id=5056, stack(0x0000007ae4100000,0x0000007ae4200000) (1024K)]
  0x000001fb0bcfe870 JavaThread "LocalFile Deleter"          daemon [_thread_blocked, id=27236, stack(0x0000007ae4200000,0x0000007ae4300000) (1024K)]
  0x000001fb0bcfb3f0 JavaThread "LocalFile Deleter"          daemon [_thread_blocked, id=9224, stack(0x0000007ae4300000,0x0000007ae4400000) (1024K)]
  0x000001fb0bcfba80 JavaThread "LocalFile Deleter"          daemon [_thread_blocked, id=27624, stack(0x0000007ae4400000,0x0000007ae4500000) (1024K)]
  0x000001fb0bdc5180 JavaThread "Compiler Source File Reader" daemon [_thread_blocked, id=23644, stack(0x0000007ae4500000,0x0000007ae4600000) (1024K)]
  0x000001fb0bdc6bc0 JavaThread "Compiler Source File Reader" daemon [_thread_blocked, id=25408, stack(0x0000007ae4600000,0x0000007ae4700000) (1024K)]
  0x000001fb0bdc7250 JavaThread "Compiler Source File Reader" daemon [_thread_blocked, id=25396, stack(0x0000007ae4700000,0x0000007ae4800000) (1024K)]
  0x000001fb0bdc4af0 JavaThread "Compiler Source File Reader" daemon [_thread_blocked, id=27896, stack(0x0000007ae4800000,0x0000007ae4900000) (1024K)]
  0x000001fb0bdc8600 JavaThread "Compiler Source File Reader" daemon [_thread_blocked, id=2164, stack(0x0000007ae4900000,0x0000007ae4a00000) (1024K)]
  0x000001fb0bdc5810 JavaThread "Compiler Source File Reader" daemon [_thread_blocked, id=22696, stack(0x0000007ae4a00000,0x0000007ae4b00000) (1024K)]
  0x000001fb0bdc7f70 JavaThread "Compiler Processing Task"   daemon [_thread_blocked, id=26208, stack(0x0000007ae4b00000,0x0000007ae4c00000) (1024K)]
  0x000001fb0bdc78e0 JavaThread "Compiler Class File Writer" daemon [_thread_blocked, id=2868, stack(0x0000007ae4c00000,0x0000007ae4d00000) (1024K)]
  0x000001fb0bdc5ea0 JavaThread "Compiler Class File Writer" daemon [_thread_blocked, id=23340, stack(0x0000007ae4d00000,0x0000007ae4e00000) (1024K)]
  0x000001fb0bdc6530 JavaThread "Compiler Class File Writer" daemon [_thread_blocked, id=6756, stack(0x0000007ae4e00000,0x0000007ae4f00000) (1024K)]
  0x000001fb0bdca040 JavaThread "Compiler Class File Writer" daemon [_thread_blocked, id=23768, stack(0x0000007ae4f00000,0x0000007ae5000000) (1024K)]
  0x000001fb0bdca6d0 JavaThread "Compiler Class File Writer" daemon [_thread_blocked, id=2816, stack(0x0000007ae5000000,0x0000007ae5100000) (1024K)]
  0x000001fb0bdcad60 JavaThread "Compiler Class File Writer" daemon [_thread_blocked, id=9452, stack(0x0000007ae5100000,0x0000007ae5200000) (1024K)]
  0x000001fb04748200 JavaThread "ParallelDescriptorResolver-0-0" daemon [_thread_in_native, id=6592, stack(0x0000007ae5200000,0x0000007ae5300000) (1024K)]
  0x000001fb047467c0 JavaThread "ParallelDescriptorResolver-0-1" daemon [_thread_blocked, id=4108, stack(0x0000007ae5300000,0x0000007ae5400000) (1024K)]
  0x000001fb04746130 JavaThread "ParallelDescriptorResolver-0-2" daemon [_thread_blocked, id=1772, stack(0x0000007ae5400000,0x0000007ae5500000) (1024K)]
  0x000001fb04746e50 JavaThread "ParallelDescriptorResolver-0-3" daemon [_thread_blocked, id=15260, stack(0x0000007ae5500000,0x0000007ae5600000) (1024K)]
  0x000001fb047474e0 JavaThread "ParallelDescriptorResolver-0-4" daemon [_thread_in_native, id=18408, stack(0x0000007ae5600000,0x0000007ae5700000) (1024K)]
Total: 73

Other Threads:
  0x000001faad381b20 VMThread "VM Thread"                           [id=28536, stack(0x0000007ae0400000,0x0000007ae0500000) (1024K)]
  0x000001fac15bca00 WatcherThread "VM Periodic Task Thread"        [id=17556, stack(0x0000007ae0300000,0x0000007ae0400000) (1024K)]
  0x000001faad2fdac0 WorkerThread "GC Thread#0"                     [id=15300, stack(0x0000007ae0200000,0x0000007ae0300000) (1024K)]
  0x000001fb044e70b0 WorkerThread "GC Thread#1"                     [id=9052, stack(0x0000007ae1100000,0x0000007ae1200000) (1024K)]
  0x000001fb044e7c60 WorkerThread "GC Thread#2"                     [id=25124, stack(0x0000007ae1200000,0x0000007ae1300000) (1024K)]
  0x000001fb044e8000 WorkerThread "GC Thread#3"                     [id=20876, stack(0x0000007ae1300000,0x0000007ae1400000) (1024K)]
  0x000001fb0443a550 WorkerThread "GC Thread#4"                     [id=28056, stack(0x0000007ae1400000,0x0000007ae1500000) (1024K)]
  0x000001fb0443a8f0 WorkerThread "GC Thread#5"                     [id=9644, stack(0x0000007ae1500000,0x0000007ae1600000) (1024K)]
  0x000001fb0443ac90 WorkerThread "GC Thread#6"                     [id=22076, stack(0x0000007ae1600000,0x0000007ae1700000) (1024K)]
  0x000001fb090da3f0 WorkerThread "GC Thread#7"                     [id=22876, stack(0x0000007ae1900000,0x0000007ae1a00000) (1024K)]
Total: 10

Threads with active compile tasks:
C2 CompilerThread0  20841 11128 %     4       java.util.Properties::load0 @ 29 (249 bytes)
C2 CompilerThread1  20841 11149   !   4       org.codehaus.plexus.interpolation.StringSearchInterpolator::interpolate (692 bytes)
Total: 2

VM state: not at safepoint (normal execution)

VM Mutex/Monitor currently owned by a thread: None

Heap address: 0x00000000c0000000, size: 1024 MB, Compressed Oops mode: 32-bit

CDS archive(s) mapped at: [0x000001fac2000000-0x000001fac2ba0000-0x000001fac2ba0000), size 12189696, SharedBaseAddress: 0x000001fac2000000, ArchiveRelocationMode: 1.
Compressed class space mapped at: 0x000001fac3000000-0x000001fb03000000, reserved size: 1073741824
Narrow klass base: 0x000001fac2000000, Narrow klass shift: 0, Narrow klass range: 0x100000000

GC Precious Log:
 CardTable entry size: 512
 CPUs: 8 total, 8 available
 Memory: 7988M
 Large Page Support: Disabled
 NUMA Support: Disabled
 Compressed Oops: Enabled (32-bit)
 Alignments: Space 512K, Generation 512K, Heap 2M
 Heap Min Capacity: 100M
 Heap Initial Capacity: 100M
 Heap Max Capacity: 1G
 Pre-touch: Disabled
 Parallel Workers: 8

Heap:
 PSYoungGen      total 13824K, used 13114K [0x00000000eab00000, 0x00000000ebc00000, 0x0000000100000000)
  eden space 12288K, 94% used [0x00000000eab00000,0x00000000eb64f2e0,0x00000000eb700000)
  from space 1536K, 99% used [0x00000000eb780000,0x00000000eb8ff630,0x00000000eb900000)
  to   space 2560K, 0% used [0x00000000eb980000,0x00000000eb980000,0x00000000ebc00000)
 ParOldGen       total 71168K, used 52187K [0x00000000c0000000, 0x00000000c4580000, 0x00000000eab00000)
  object space 71168K, 73% used [0x00000000c0000000,0x00000000c32f6e58,0x00000000c4580000)
 Metaspace       used 59882K, committed 61248K, reserved 1114112K
  class space    used 6261K, committed 6912K, reserved 1048576K

Card table byte_map: [0x000001faacc80000,0x000001faace90000] _byte_map_base: 0x000001faac680000

Marking Bits: (ParMarkBitMap*) 0x00007ff8e72b2460
 Begin Bits: [0x000001fabf4e0000, 0x000001fac04e0000)
 End Bits:   [0x000001fac04e0000, 0x000001fac14e0000)

Polling page: 0x000001faab150000

Metaspace:

Usage:
  Non-class:     52.36 MB used.
      Class:      6.11 MB used.
       Both:     58.48 MB used.

Virtual space:
  Non-class space:       64.00 MB reserved,      53.06 MB ( 83%) committed,  1 nodes.
      Class space:        1.00 GB reserved,       6.75 MB ( <1%) committed,  1 nodes.
             Both:        1.06 GB reserved,      59.81 MB (  5%) committed. 

Chunk freelists:
   Non-Class:  10.64 MB
       Class:  9.19 MB
        Both:  19.83 MB

MaxMetaspaceSize: unlimited
CompressedClassSpaceSize: 1.00 GB
Initial GC threshold: 21.00 MB
Current GC threshold: 97.31 MB
CDS: on
 - commit_granule_bytes: 65536.
 - commit_granule_words: 8192.
 - virtual_space_node_default_size: 8388608.
 - enlarge_chunks_in_place: 1.
 - use_allocation_guard: 0.


Internal statistics:

num_allocs_failed_limit: 13.
num_arena_births: 1176.
num_arena_deaths: 14.
num_vsnodes_births: 2.
num_vsnodes_deaths: 0.
num_space_committed: 957.
num_space_uncommitted: 0.
num_chunks_returned_to_freelist: 27.
num_chunks_taken_from_freelist: 3998.
num_chunk_merges: 19.
num_chunk_splits: 2465.
num_chunks_enlarged: 1370.
num_inconsistent_stats: 0.

CodeHeap 'non-profiled nmethods': size=120000Kb used=5867Kb max_used=5867Kb free=114132Kb
 bounds [0x000001fab7fb0000, 0x000001fab8570000, 0x000001fabf4e0000]
CodeHeap 'profiled nmethods': size=120000Kb used=23338Kb max_used=23338Kb free=96661Kb
 bounds [0x000001fab04e0000, 0x000001fab1bb0000, 0x000001fab7a10000]
CodeHeap 'non-nmethods': size=5760Kb used=1408Kb max_used=1604Kb free=4352Kb
 bounds [0x000001fab7a10000, 0x000001fab7c80000, 0x000001fab7fb0000]
CodeCache: size=245760Kb, used=30613Kb, max_used=30809Kb, free=215145Kb
 total_blobs=11078, nmethods=10362, adapters=621, full_count=0
Compilation: enabled, stopped_count=0, restarted_count=0

Compilation events (20 events):
Event: 19.667 Thread 0x000001fb04150840 nmethod 11170 0x000001fab1b96e10 code [0x000001fab1b96fe0, 0x000001fab1b973e8]
Event: 19.709 Thread 0x000001fb04150840 11172   !   3       org.eclipse.core.internal.jobs.JobManager::select (160 bytes)
Event: 19.711 Thread 0x000001fb04150840 nmethod 11172 0x000001fab1b97590 code [0x000001fab1b978a0, 0x000001fab1b98c10]
Event: 19.711 Thread 0x000001fb04150840 11173       3       org.eclipse.core.internal.jobs.JobManager$$Lambda/0x000001fac33304f8::apply (20 bytes)
Event: 19.712 Thread 0x000001fb04150840 nmethod 11173 0x000001fab1b99490 code [0x000001fab1b99640, 0x000001fab1b99898]
Event: 19.712 Thread 0x000001fb04150840 11174       3       org.eclipse.core.internal.jobs.JobManager::lambda$8 (48 bytes)
Event: 19.712 Thread 0x000001fb04150840 nmethod 11174 0x000001fab1b99990 code [0x000001fab1b99ba0, 0x000001fab1b9a0d0]
Event: 19.734 Thread 0x000001fb09c03b40 nmethod 11171 0x000001fab8566790 code [0x000001fab8566b20, 0x000001fab8568430]
Event: 19.736 Thread 0x000001fb04150840 11175       3       java.util.stream.Collectors$$Lambda/0x800000045::get (8 bytes)
Event: 19.736 Thread 0x000001fb04150840 nmethod 11175 0x000001fab1b9a290 code [0x000001fab1b9a460, 0x000001fab1b9a8e8]
Event: 19.736 Thread 0x000001fb04150840 11176       3       org.eclipse.core.internal.jobs.InternalJob::wakeUp (9 bytes)
Event: 19.736 Thread 0x000001fb04150840 nmethod 11176 0x000001fab1b9aa90 code [0x000001fab1b9ac40, 0x000001fab1b9ad98]
Event: 19.752 Thread 0x000001fb04150840 11177  s    3       java.util.Properties::load (20 bytes)
Event: 19.752 Thread 0x000001fb04150840 nmethod 11177 0x000001fab1b9ae90 code [0x000001fab1b9b080, 0x000001fab1b9b498]
Event: 19.753 Thread 0x000001fb04150840 11178       3       java.util.Properties$LineReader::<init> (38 bytes)
Event: 19.753 Thread 0x000001fb04150840 nmethod 11178 0x000001fab1b9b610 code [0x000001fab1b9b7c0, 0x000001fab1b9bab0]
Event: 19.773 Thread 0x000001fb04150840 11179       3       org.eclipse.core.runtime.jobs.Job::wakeUp (6 bytes)
Event: 19.773 Thread 0x000001fb04150840 nmethod 11179 0x000001fab1b9bb90 code [0x000001fab1b9bd40, 0x000001fab1b9bf00]
Event: 19.798 Thread 0x000001fb04150840 11180       3       java.util.stream.Collectors$$Lambda/0x000001fac33c19a0::get (8 bytes)
Event: 19.798 Thread 0x000001fb09c03b40 11185       4       org.codehaus.plexus.interpolation.reflection.ClassMap::makeMethodKey (75 bytes)

GC Heap History (20 events):
Event: 17.241 GC heap before
{Heap before GC invocations=37 (full 2):
 PSYoungGen      total 14336K, used 14080K [0x00000000eab00000, 0x00000000ebe80000, 0x0000000100000000)
  eden space 12288K, 100% used [0x00000000eab00000,0x00000000eb700000,0x00000000eb700000)
  from space 2048K, 87% used [0x00000000ebc80000,0x00000000ebe401a8,0x00000000ebe80000)
  to   space 2560K, 0% used [0x00000000eb980000,0x00000000eb980000,0x00000000ebc00000)
 ParOldGen       total 68608K, used 65587K [0x00000000c0000000, 0x00000000c4300000, 0x00000000eab00000)
  object space 68608K, 95% used [0x00000000c0000000,0x00000000c400cfb8,0x00000000c4300000)
 Metaspace       used 57625K, committed 59072K, reserved 1114112K
  class space    used 6085K, committed 6784K, reserved 1048576K
}
Event: 17.246 GC heap after
{Heap after GC invocations=37 (full 2):
 PSYoungGen      total 14848K, used 2064K [0x00000000eab00000, 0x00000000ebd00000, 0x0000000100000000)
  eden space 12288K, 0% used [0x00000000eab00000,0x00000000eab00000,0x00000000eb700000)
  from space 2560K, 80% used [0x00000000eb980000,0x00000000ebb84020,0x00000000ebc00000)
  to   space 1024K, 0% used [0x00000000ebc00000,0x00000000ebc00000,0x00000000ebd00000)
 ParOldGen       total 68608K, used 67215K [0x00000000c0000000, 0x00000000c4300000, 0x00000000eab00000)
  object space 68608K, 97% used [0x00000000c0000000,0x00000000c41a3c58,0x00000000c4300000)
 Metaspace       used 57625K, committed 59072K, reserved 1114112K
  class space    used 6085K, committed 6784K, reserved 1048576K
}
Event: 17.548 GC heap before
{Heap before GC invocations=38 (full 2):
 PSYoungGen      total 14848K, used 14352K [0x00000000eab00000, 0x00000000ebd00000, 0x0000000100000000)
  eden space 12288K, 100% used [0x00000000eab00000,0x00000000eb700000,0x00000000eb700000)
  from space 2560K, 80% used [0x00000000eb980000,0x00000000ebb84020,0x00000000ebc00000)
  to   space 1024K, 0% used [0x00000000ebc00000,0x00000000ebc00000,0x00000000ebd00000)
 ParOldGen       total 68608K, used 67215K [0x00000000c0000000, 0x00000000c4300000, 0x00000000eab00000)
  object space 68608K, 97% used [0x00000000c0000000,0x00000000c41a3c58,0x00000000c4300000)
 Metaspace       used 57795K, committed 59200K, reserved 1114112K
  class space    used 6088K, committed 6784K, reserved 1048576K
}
Event: 17.552 GC heap after
{Heap after GC invocations=38 (full 2):
 PSYoungGen      total 13312K, used 992K [0x00000000eab00000, 0x00000000ebf00000, 0x0000000100000000)
  eden space 12288K, 0% used [0x00000000eab00000,0x00000000eab00000,0x00000000eb700000)
  from space 1024K, 96% used [0x00000000ebc00000,0x00000000ebcf8020,0x00000000ebd00000)
  to   space 4096K, 0% used [0x00000000eb700000,0x00000000eb700000,0x00000000ebb00000)
 ParOldGen       total 70144K, used 69816K [0x00000000c0000000, 0x00000000c4480000, 0x00000000eab00000)
  object space 70144K, 99% used [0x00000000c0000000,0x00000000c442e1a0,0x00000000c4480000)
 Metaspace       used 57795K, committed 59200K, reserved 1114112K
  class space    used 6088K, committed 6784K, reserved 1048576K
}
Event: 17.730 GC heap before
{Heap before GC invocations=39 (full 2):
 PSYoungGen      total 13312K, used 13280K [0x00000000eab00000, 0x00000000ebf00000, 0x0000000100000000)
  eden space 12288K, 100% used [0x00000000eab00000,0x00000000eb700000,0x00000000eb700000)
  from space 1024K, 96% used [0x00000000ebc00000,0x00000000ebcf8020,0x00000000ebd00000)
  to   space 4096K, 0% used [0x00000000eb700000,0x00000000eb700000,0x00000000ebb00000)
 ParOldGen       total 70144K, used 69816K [0x00000000c0000000, 0x00000000c4480000, 0x00000000eab00000)
  object space 70144K, 99% used [0x00000000c0000000,0x00000000c442e1a0,0x00000000c4480000)
 Metaspace       used 57960K, committed 59392K, reserved 1114112K
  class space    used 6096K, committed 6784K, reserved 1048576K
}
Event: 17.733 GC heap after
{Heap after GC invocations=39 (full 2):
 PSYoungGen      total 12800K, used 512K [0x00000000eab00000, 0x00000000ebc80000, 0x0000000100000000)
  eden space 12288K, 0% used [0x00000000eab00000,0x00000000eab00000,0x00000000eb700000)
  from space 512K, 100% used [0x00000000eb700000,0x00000000eb780000,0x00000000eb780000)
  to   space 2048K, 0% used [0x00000000eba80000,0x00000000eba80000,0x00000000ebc80000)
 ParOldGen       total 70656K, used 70400K [0x00000000c0000000, 0x00000000c4500000, 0x00000000eab00000)
  object space 70656K, 99% used [0x00000000c0000000,0x00000000c44c01c0,0x00000000c4500000)
 Metaspace       used 57960K, committed 59392K, reserved 1114112K
  class space    used 6096K, committed 6784K, reserved 1048576K
}
Event: 17.942 GC heap before
{Heap before GC invocations=40 (full 2):
 PSYoungGen      total 12800K, used 9476K [0x00000000eab00000, 0x00000000ebc80000, 0x0000000100000000)
  eden space 12288K, 72% used [0x00000000eab00000,0x00000000eb3c12b0,0x00000000eb700000)
  from space 512K, 100% used [0x00000000eb700000,0x00000000eb780000,0x00000000eb780000)
  to   space 2048K, 0% used [0x00000000eba80000,0x00000000eba80000,0x00000000ebc80000)
 ParOldGen       total 70656K, used 70400K [0x00000000c0000000, 0x00000000c4500000, 0x00000000eab00000)
  object space 70656K, 99% used [0x00000000c0000000,0x00000000c44c01c0,0x00000000c4500000)
 Metaspace       used 58394K, committed 59776K, reserved 1114112K
  class space    used 6135K, committed 6784K, reserved 1048576K
}
Event: 17.945 GC heap after
{Heap after GC invocations=40 (full 2):
 PSYoungGen      total 13312K, used 896K [0x00000000eab00000, 0x00000000ebb80000, 0x0000000100000000)
  eden space 12288K, 0% used [0x00000000eab00000,0x00000000eab00000,0x00000000eb700000)
  from space 1024K, 87% used [0x00000000eba80000,0x00000000ebb60000,0x00000000ebb80000)
  to   space 1024K, 0% used [0x00000000eb980000,0x00000000eb980000,0x00000000eba80000)
 ParOldGen       total 71168K, used 70690K [0x00000000c0000000, 0x00000000c4580000, 0x00000000eab00000)
  object space 71168K, 99% used [0x00000000c0000000,0x00000000c4508820,0x00000000c4580000)
 Metaspace       used 58394K, committed 59776K, reserved 1114112K
  class space    used 6135K, committed 6784K, reserved 1048576K
}
Event: 17.945 GC heap before
{Heap before GC invocations=41 (full 3):
 PSYoungGen      total 13312K, used 896K [0x00000000eab00000, 0x00000000ebb80000, 0x0000000100000000)
  eden space 12288K, 0% used [0x00000000eab00000,0x00000000eab00000,0x00000000eb700000)
  from space 1024K, 87% used [0x00000000eba80000,0x00000000ebb60000,0x00000000ebb80000)
  to   space 1024K, 0% used [0x00000000eb980000,0x00000000eb980000,0x00000000eba80000)
 ParOldGen       total 71168K, used 70690K [0x00000000c0000000, 0x00000000c4580000, 0x00000000eab00000)
  object space 71168K, 99% used [0x00000000c0000000,0x00000000c4508820,0x00000000c4580000)
 Metaspace       used 58394K, committed 59776K, reserved 1114112K
  class space    used 6135K, committed 6784K, reserved 1048576K
}
Event: 18.086 GC heap after
{Heap after GC invocations=41 (full 3):
 PSYoungGen      total 13312K, used 0K [0x00000000eab00000, 0x00000000ebb80000, 0x0000000100000000)
  eden space 12288K, 0% used [0x00000000eab00000,0x00000000eab00000,0x00000000eb700000)
  from space 1024K, 0% used [0x00000000eba80000,0x00000000eba80000,0x00000000ebb80000)
  to   space 1024K, 0% used [0x00000000eb980000,0x00000000eb980000,0x00000000eba80000)
 ParOldGen       total 71168K, used 47878K [0x00000000c0000000, 0x00000000c4580000, 0x00000000eab00000)
  object space 71168K, 67% used [0x00000000c0000000,0x00000000c2ec18d0,0x00000000c4580000)
 Metaspace       used 58394K, committed 59776K, reserved 1114112K
  class space    used 6135K, committed 6784K, reserved 1048576K
}
Event: 18.403 GC heap before
{Heap before GC invocations=42 (full 3):
 PSYoungGen      total 13312K, used 12288K [0x00000000eab00000, 0x00000000ebb80000, 0x0000000100000000)
  eden space 12288K, 100% used [0x00000000eab00000,0x00000000eb700000,0x00000000eb700000)
  from space 1024K, 0% used [0x00000000eba80000,0x00000000eba80000,0x00000000ebb80000)
  to   space 1024K, 0% used [0x00000000eb980000,0x00000000eb980000,0x00000000eba80000)
 ParOldGen       total 71168K, used 47878K [0x00000000c0000000, 0x00000000c4580000, 0x00000000eab00000)
  object space 71168K, 67% used [0x00000000c0000000,0x00000000c2ec18d0,0x00000000c4580000)
 Metaspace       used 59087K, committed 60544K, reserved 1114112K
  class space    used 6209K, committed 6912K, reserved 1048576K
}
Event: 18.407 GC heap after
{Heap after GC invocations=42 (full 3):
 PSYoungGen      total 13312K, used 1024K [0x00000000eab00000, 0x00000000ebb00000, 0x0000000100000000)
  eden space 12288K, 0% used [0x00000000eab00000,0x00000000eab00000,0x00000000eb700000)
  from space 1024K, 100% used [0x00000000eb980000,0x00000000eba80000,0x00000000eba80000)
  to   space 512K, 0% used [0x00000000eba80000,0x00000000eba80000,0x00000000ebb00000)
 ParOldGen       total 71168K, used 48598K [0x00000000c0000000, 0x00000000c4580000, 0x00000000eab00000)
  object space 71168K, 68% used [0x00000000c0000000,0x00000000c2f758d0,0x00000000c4580000)
 Metaspace       used 59087K, committed 60544K, reserved 1114112K
  class space    used 6209K, committed 6912K, reserved 1048576K
}
Event: 18.665 GC heap before
{Heap before GC invocations=43 (full 3):
 PSYoungGen      total 13312K, used 13312K [0x00000000eab00000, 0x00000000ebb00000, 0x0000000100000000)
  eden space 12288K, 100% used [0x00000000eab00000,0x00000000eb700000,0x00000000eb700000)
  from space 1024K, 100% used [0x00000000eb980000,0x00000000eba80000,0x00000000eba80000)
  to   space 512K, 0% used [0x00000000eba80000,0x00000000eba80000,0x00000000ebb00000)
 ParOldGen       total 71168K, used 48598K [0x00000000c0000000, 0x00000000c4580000, 0x00000000eab00000)
  object space 71168K, 68% used [0x00000000c0000000,0x00000000c2f758d0,0x00000000c4580000)
 Metaspace       used 59190K, committed 60608K, reserved 1114112K
  class space    used 6210K, committed 6912K, reserved 1048576K
}
Event: 18.667 GC heap after
{Heap after GC invocations=43 (full 3):
 PSYoungGen      total 12800K, used 512K [0x00000000eab00000, 0x00000000ebc00000, 0x0000000100000000)
  eden space 12288K, 0% used [0x00000000eab00000,0x00000000eab00000,0x00000000eb700000)
  from space 512K, 100% used [0x00000000eba80000,0x00000000ebb00000,0x00000000ebb00000)
  to   space 2560K, 0% used [0x00000000eb700000,0x00000000eb700000,0x00000000eb980000)
 ParOldGen       total 71168K, used 50357K [0x00000000c0000000, 0x00000000c4580000, 0x00000000eab00000)
  object space 71168K, 70% used [0x00000000c0000000,0x00000000c312d680,0x00000000c4580000)
 Metaspace       used 59190K, committed 60608K, reserved 1114112K
  class space    used 6210K, committed 6912K, reserved 1048576K
}
Event: 18.871 GC heap before
{Heap before GC invocations=44 (full 3):
 PSYoungGen      total 12800K, used 12800K [0x00000000eab00000, 0x00000000ebc00000, 0x0000000100000000)
  eden space 12288K, 100% used [0x00000000eab00000,0x00000000eb700000,0x00000000eb700000)
  from space 512K, 100% used [0x00000000eba80000,0x00000000ebb00000,0x00000000ebb00000)
  to   space 2560K, 0% used [0x00000000eb700000,0x00000000eb700000,0x00000000eb980000)
 ParOldGen       total 71168K, used 50357K [0x00000000c0000000, 0x00000000c4580000, 0x00000000eab00000)
  object space 71168K, 70% used [0x00000000c0000000,0x00000000c312d680,0x00000000c4580000)
 Metaspace       used 59289K, committed 60736K, reserved 1114112K
  class space    used 6210K, committed 6912K, reserved 1048576K
}
Event: 18.873 GC heap after
{Heap after GC invocations=44 (full 3):
 PSYoungGen      total 14848K, used 640K [0x00000000eab00000, 0x00000000ebb00000, 0x0000000100000000)
  eden space 12288K, 0% used [0x00000000eab00000,0x00000000eab00000,0x00000000eb700000)
  from space 2560K, 25% used [0x00000000eb700000,0x00000000eb7a0000,0x00000000eb980000)
  to   space 1536K, 0% used [0x00000000eb980000,0x00000000eb980000,0x00000000ebb00000)
 ParOldGen       total 71168K, used 50883K [0x00000000c0000000, 0x00000000c4580000, 0x00000000eab00000)
  object space 71168K, 71% used [0x00000000c0000000,0x00000000c31b0e58,0x00000000c4580000)
 Metaspace       used 59289K, committed 60736K, reserved 1114112K
  class space    used 6210K, committed 6912K, reserved 1048576K
}
Event: 19.024 GC heap before
{Heap before GC invocations=45 (full 3):
 PSYoungGen      total 14848K, used 12928K [0x00000000eab00000, 0x00000000ebb00000, 0x0000000100000000)
  eden space 12288K, 100% used [0x00000000eab00000,0x00000000eb700000,0x00000000eb700000)
  from space 2560K, 25% used [0x00000000eb700000,0x00000000eb7a0000,0x00000000eb980000)
  to   space 1536K, 0% used [0x00000000eb980000,0x00000000eb980000,0x00000000ebb00000)
 ParOldGen       total 71168K, used 50883K [0x00000000c0000000, 0x00000000c4580000, 0x00000000eab00000)
  object space 71168K, 71% used [0x00000000c0000000,0x00000000c31b0e58,0x00000000c4580000)
 Metaspace       used 59429K, committed 60864K, reserved 1114112K
  class space    used 6210K, committed 6912K, reserved 1048576K
}
Event: 19.025 GC heap after
{Heap after GC invocations=45 (full 3):
 PSYoungGen      total 13312K, used 992K [0x00000000eab00000, 0x00000000eba80000, 0x0000000100000000)
  eden space 12288K, 0% used [0x00000000eab00000,0x00000000eab00000,0x00000000eb700000)
  from space 1024K, 96% used [0x00000000eb980000,0x00000000eba78000,0x00000000eba80000)
  to   space 1536K, 0% used [0x00000000eb780000,0x00000000eb780000,0x00000000eb900000)
 ParOldGen       total 71168K, used 51419K [0x00000000c0000000, 0x00000000c4580000, 0x00000000eab00000)
  object space 71168K, 72% used [0x00000000c0000000,0x00000000c3236e58,0x00000000c4580000)
 Metaspace       used 59429K, committed 60864K, reserved 1114112K
  class space    used 6210K, committed 6912K, reserved 1048576K
}
Event: 19.178 GC heap before
{Heap before GC invocations=46 (full 3):
 PSYoungGen      total 13312K, used 13229K [0x00000000eab00000, 0x00000000eba80000, 0x0000000100000000)
  eden space 12288K, 99% used [0x00000000eab00000,0x00000000eb6f36a0,0x00000000eb700000)
  from space 1024K, 96% used [0x00000000eb980000,0x00000000eba78000,0x00000000eba80000)
  to   space 1536K, 0% used [0x00000000eb780000,0x00000000eb780000,0x00000000eb900000)
 ParOldGen       total 71168K, used 51419K [0x00000000c0000000, 0x00000000c4580000, 0x00000000eab00000)
  object space 71168K, 72% used [0x00000000c0000000,0x00000000c3236e58,0x00000000c4580000)
 Metaspace       used 59687K, committed 61120K, reserved 1114112K
  class space    used 6244K, committed 6912K, reserved 1048576K
}
Event: 19.180 GC heap after
{Heap after GC invocations=46 (full 3):
 PSYoungGen      total 13824K, used 1533K [0x00000000eab00000, 0x00000000ebc00000, 0x0000000100000000)
  eden space 12288K, 0% used [0x00000000eab00000,0x00000000eab00000,0x00000000eb700000)
  from space 1536K, 99% used [0x00000000eb780000,0x00000000eb8ff630,0x00000000eb900000)
  to   space 2560K, 0% used [0x00000000eb980000,0x00000000eb980000,0x00000000ebc00000)
 ParOldGen       total 71168K, used 52187K [0x00000000c0000000, 0x00000000c4580000, 0x00000000eab00000)
  object space 71168K, 73% used [0x00000000c0000000,0x00000000c32f6e58,0x00000000c4580000)
 Metaspace       used 59687K, committed 61120K, reserved 1114112K
  class space    used 6244K, committed 6912K, reserved 1048576K
}

Dll operation events (10 events):
Event: 0.016 Loaded shared library c:\Users\agnes\.vscode\extensions\redhat.java-1.50.0-win32-x64\jre\21.0.9-win32-x86_64\bin\java.dll
Event: 0.052 Loaded shared library c:\Users\agnes\.vscode\extensions\redhat.java-1.50.0-win32-x64\jre\21.0.9-win32-x86_64\bin\zip.dll
Event: 0.194 Loaded shared library C:\Users\agnes\.vscode\extensions\redhat.java-1.50.0-win32-x64\jre\21.0.9-win32-x86_64\bin\instrument.dll
Event: 0.200 Loaded shared library C:\Users\agnes\.vscode\extensions\redhat.java-1.50.0-win32-x64\jre\21.0.9-win32-x86_64\bin\net.dll
Event: 0.204 Loaded shared library C:\Users\agnes\.vscode\extensions\redhat.java-1.50.0-win32-x64\jre\21.0.9-win32-x86_64\bin\nio.dll
Event: 0.209 Loaded shared library C:\Users\agnes\.vscode\extensions\redhat.java-1.50.0-win32-x64\jre\21.0.9-win32-x86_64\bin\zip.dll
Event: 0.235 Loaded shared library C:\Users\agnes\.vscode\extensions\redhat.java-1.50.0-win32-x64\jre\21.0.9-win32-x86_64\bin\jimage.dll
Event: 0.493 Loaded shared library c:\Users\agnes\.vscode\extensions\redhat.java-1.50.0-win32-x64\jre\21.0.9-win32-x86_64\bin\verify.dll
Event: 1.986 Loaded shared library C:\Users\agnes\AppData\Roaming\Code\User\globalStorage\redhat.java\1.50.0\config_win\org.eclipse.equinox.launcher\org.eclipse.equinox.launcher.win32.win32.x86_64_1.2.1400.v20250801-0854\eclipse_11916.dll
Event: 4.223 Loaded shared library C:\Users\agnes\AppData\Local\Temp\jna-92758966\jna14864267811013857195.dll

Deoptimization events (20 events):
Event: 19.203 Thread 0x000001fb0924e9d0 Uncommon trap: reason=class_check action=maybe_recompile pc=0x000001fab804d0f4 method=java.util.HashMap.computeIfAbsent(Ljava/lang/Object;Ljava/util/function/Function;)Ljava/lang/Object; @ 188 c2
Event: 19.203 Thread 0x000001fb0924e9d0 DEOPT PACKING pc=0x000001fab804d0f4 sp=0x0000007ae1ffd420
Event: 19.203 Thread 0x000001fb0924e9d0 DEOPT UNPACKING pc=0x000001fab7a63aa2 sp=0x0000007ae1ffd3c8 mode 2
Event: 19.205 Thread 0x000001fb0924e9d0 Uncommon trap: trap_request=0xffffffde fr.pc=0x000001fab804d0f4 relative=0x0000000000000734
Event: 19.205 Thread 0x000001fb0924e9d0 Uncommon trap: reason=class_check action=maybe_recompile pc=0x000001fab804d0f4 method=java.util.HashMap.computeIfAbsent(Ljava/lang/Object;Ljava/util/function/Function;)Ljava/lang/Object; @ 188 c2
Event: 19.205 Thread 0x000001fb0924e9d0 DEOPT PACKING pc=0x000001fab804d0f4 sp=0x0000007ae1ffd420
Event: 19.205 Thread 0x000001fb0924e9d0 DEOPT UNPACKING pc=0x000001fab7a63aa2 sp=0x0000007ae1ffd3c8 mode 2
Event: 19.207 Thread 0x000001fb0924e9d0 Uncommon trap: trap_request=0xffffffde fr.pc=0x000001fab804d0f4 relative=0x0000000000000734
Event: 19.207 Thread 0x000001fb0924e9d0 Uncommon trap: reason=class_check action=maybe_recompile pc=0x000001fab804d0f4 method=java.util.HashMap.computeIfAbsent(Ljava/lang/Object;Ljava/util/function/Function;)Ljava/lang/Object; @ 188 c2
Event: 19.207 Thread 0x000001fb0924e9d0 DEOPT PACKING pc=0x000001fab804d0f4 sp=0x0000007ae1ffd420
Event: 19.207 Thread 0x000001fb0924e9d0 DEOPT UNPACKING pc=0x000001fab7a63aa2 sp=0x0000007ae1ffd3c8 mode 2
Event: 19.402 Thread 0x000001fb047474e0 Uncommon trap: trap_request=0xffffff45 fr.pc=0x000001fab8540db0 relative=0x0000000000000510
Event: 19.402 Thread 0x000001fb047474e0 Uncommon trap: reason=unstable_if action=reinterpret pc=0x000001fab8540db0 method=org.apache.maven.model.ConfigurationContainer.getOtherLocation(Ljava/lang/Object;)Lorg/apache/maven/model/InputLocation; @ 4 c2
Event: 19.402 Thread 0x000001fb047474e0 DEOPT PACKING pc=0x000001fab8540db0 sp=0x0000007ae56fe420
Event: 19.402 Thread 0x000001fb047474e0 DEOPT UNPACKING pc=0x000001fab7a63aa2 sp=0x0000007ae56fe348 mode 2
Event: 19.488 Thread 0x000001fb04748200 Uncommon trap: trap_request=0xffffff45 fr.pc=0x000001fab84e3f00 relative=0x0000000000001ee0
Event: 19.488 Thread 0x000001fb04748200 Uncommon trap: reason=unstable_if action=reinterpret pc=0x000001fab84e3f00 method=org.codehaus.plexus.util.xml.pull.MXParser.isS(C)Z @ 21 c2
Event: 19.488 Thread 0x000001fb04748200 DEOPT PACKING pc=0x000001fab84e3f00 sp=0x0000007ae52fe5e0
Event: 19.488 Thread 0x000001fb04748200 DEOPT UNPACKING pc=0x000001fab7a63aa2 sp=0x0000007ae52fe520 mode 2
Event: 19.802 Thread 0x000001fb04748200 Uncommon trap: trap_request=0xffffff45 fr.pc=0x000001fab85352b0 relative=0x0000000000000690

Classes loaded (20 events):
Event: 15.555 Loading class java/util/concurrent/ArrayBlockingQueue
Event: 15.555 Loading class java/util/concurrent/ArrayBlockingQueue done
Event: 15.721 Loading class java/util/Hashtable$ValueCollection
Event: 15.721 Loading class java/util/Hashtable$ValueCollection done
Event: 15.730 Loading class java/util/concurrent/ConcurrentHashMap$KeySpliterator
Event: 15.731 Loading class java/util/concurrent/ConcurrentHashMap$KeySpliterator done
Event: 15.739 Loading class sun/nio/ch/ChannelOutputStream
Event: 15.739 Loading class sun/nio/ch/ChannelOutputStream done
Event: 15.791 Loading class java/util/stream/ReferencePipeline$4
Event: 15.791 Loading class java/util/stream/ReferencePipeline$4 done
Event: 15.792 Loading class java/util/stream/Nodes$IntFixedNodeBuilder
Event: 15.792 Loading class java/util/stream/Node$Builder$OfInt
Event: 15.792 Loading class java/util/stream/Node$Builder$OfInt done
Event: 15.792 Loading class java/util/stream/Nodes$IntArrayNode
Event: 15.792 Loading class java/util/stream/Nodes$IntArrayNode done
Event: 15.792 Loading class java/util/stream/Nodes$IntFixedNodeBuilder done
Event: 15.793 Loading class java/util/stream/ReferencePipeline$4$1
Event: 15.793 Loading class java/util/stream/ReferencePipeline$4$1 done
Event: 16.584 Loading class jdk/internal/module/IllegalAccessLogger
Event: 16.584 Loading class jdk/internal/module/IllegalAccessLogger done

Classes unloaded (7 events):
Event: 6.878 Thread 0x000001faad381b20 Unloading class 0x000001fac31ac400 'java/lang/invoke/LambdaForm$MH+0x000001fac31ac400'
Event: 6.878 Thread 0x000001faad381b20 Unloading class 0x000001fac31ac000 'java/lang/invoke/LambdaForm$MH+0x000001fac31ac000'
Event: 6.878 Thread 0x000001faad381b20 Unloading class 0x000001fac31abc00 'java/lang/invoke/LambdaForm$MH+0x000001fac31abc00'
Event: 6.878 Thread 0x000001faad381b20 Unloading class 0x000001fac31ab800 'java/lang/invoke/LambdaForm$MH+0x000001fac31ab800'
Event: 6.878 Thread 0x000001faad381b20 Unloading class 0x000001fac31ab400 'java/lang/invoke/LambdaForm$BMH+0x000001fac31ab400'
Event: 6.878 Thread 0x000001faad381b20 Unloading class 0x000001fac31ab000 'java/lang/invoke/LambdaForm$DMH+0x000001fac31ab000'
Event: 6.878 Thread 0x000001faad381b20 Unloading class 0x000001fac31aa000 'java/lang/invoke/LambdaForm$DMH+0x000001fac31aa000'

Classes redefined (0 events):
No events

Internal exceptions (20 events):
Event: 17.448 Thread 0x000001fb0bdc7f70 Exception <a 'java/lang/NullPointerException'{0x00000000eb1c81e0}> (0x00000000eb1c81e0) 
thrown [s\src\hotspot\share\interpreter\linkResolver.cpp, line 1372]
Event: 17.448 Thread 0x000001fb0bdc7f70 Exception <a 'java/lang/NullPointerException'{0x00000000eb1c8d50}> (0x00000000eb1c8d50) 
thrown [s\src\hotspot\share\interpreter\linkResolver.cpp, line 1372]
Event: 17.449 Thread 0x000001fb0bdc7f70 Exception <a 'java/lang/NullPointerException'{0x00000000eb1c9c50}> (0x00000000eb1c9c50) 
thrown [s\src\hotspot\share\interpreter\linkResolver.cpp, line 1372]
Event: 17.449 Thread 0x000001fb0bdc7f70 Exception <a 'java/lang/NullPointerException'{0x00000000eb1ca7a0}> (0x00000000eb1ca7a0) 
thrown [s\src\hotspot\share\interpreter\linkResolver.cpp, line 1372]
Event: 17.449 Thread 0x000001fb0bdc7f70 Exception <a 'java/lang/NullPointerException'{0x00000000eb1cb118}> (0x00000000eb1cb118) 
thrown [s\src\hotspot\share\interpreter\linkResolver.cpp, line 1372]
Event: 17.449 Thread 0x000001fb0bdc7f70 Exception <a 'java/lang/NullPointerException'{0x00000000eb1cbd00}> (0x00000000eb1cbd00) 
thrown [s\src\hotspot\share\interpreter\linkResolver.cpp, line 1372]
Event: 17.450 Thread 0x000001fb0bdc7f70 Exception <a 'java/lang/NullPointerException'{0x00000000eb1cc980}> (0x00000000eb1cc980) 
thrown [s\src\hotspot\share\interpreter\linkResolver.cpp, line 1372]
Event: 17.450 Thread 0x000001fb0bdc7f70 Exception <a 'java/lang/NullPointerException'{0x00000000eb1cd458}> (0x00000000eb1cd458) 
thrown [s\src\hotspot\share\interpreter\linkResolver.cpp, line 1372]
Event: 17.450 Thread 0x000001fb0bdc7f70 Exception <a 'java/lang/NullPointerException'{0x00000000eb1cddf8}> (0x00000000eb1cddf8) 
thrown [s\src\hotspot\share\interpreter\linkResolver.cpp, line 1372]
Event: 17.450 Thread 0x000001fb0bdc7f70 Exception <a 'java/lang/NullPointerException'{0x00000000eb1ce8d0}> (0x00000000eb1ce8d0) 
thrown [s\src\hotspot\share\interpreter\linkResolver.cpp, line 1372]
Event: 17.612 Thread 0x000001fb0924e9d0 Exception <a 'sun/nio/fs/WindowsException'{0x00000000eacbeb58}> (0x00000000eacbeb58) 
thrown [s\src\hotspot\share\prims\jni.cpp, line 520]
Event: 17.612 Thread 0x000001fb0924e9d0 Exception <a 'sun/nio/fs/WindowsException'{0x00000000eacbf280}> (0x00000000eacbf280) 
thrown [s\src\hotspot\share\prims\jni.cpp, line 520]
Event: 18.215 Thread 0x000001fb0924e9d0 Exception <a 'java/lang/NoSuchMethodError'{0x00000000eafabfb8}: 'void java.lang.invoke.DirectMethodHandle$Holder.invokeStatic(java.lang.Object, java.lang.Object, java.lang.Object, int)'> (0x00000000eafabfb8) 
thrown [s\src\hotspot\share\interpreter\linkResolver.cpp, line 773]
Event: 18.229 Thread 0x000001fb0924e9d0 Exception <a 'java/lang/NoSuchMethodError'{0x00000000eaffc6e0}: 'void java.lang.invoke.DirectMethodHandle$Holder.invokeVirtual(java.lang.Object, java.lang.Object, int)'> (0x00000000eaffc6e0) 
thrown [s\src\hotspot\share\interpreter\linkResolver.cpp, line 773]
Event: 19.139 Thread 0x000001fb0924e9d0 Exception <a 'java/lang/NoSuchMethodError'{0x00000000eb44a010}: 'void java.lang.invoke.DirectMethodHandle$Holder.invokeInterface(java.lang.Object, java.lang.Object)'> (0x00000000eb44a010) 
thrown [s\src\hotspot\share\interpreter\linkResolver.cpp, line 773]
Event: 19.164 Thread 0x000001fb04748200 Exception <a 'java/lang/NoSuchMethodError'{0x00000000eb544178}: 'void java.lang.invoke.DirectMethodHandle$Holder.invokeSpecial(java.lang.Object, java.lang.Object, java.lang.Object, java.lang.Object, java.lang.Object, java.lang.Object, java.lang.Object, java.lang.Object)'> (0x00000000eb544178) 
thrown [s\src\hotspot\share\interpreter\linkResolver.cpp, line 773]
Event: 19.164 Thread 0x000001fb04746e50 Exception <a 'java/lang/NoSuchMethodError'{0x00000000eb502928}: 'void java.lang.invoke.DirectMethodHandle$Holder.invokeSpecial(java.lang.Object, java.lang.Object, java.lang.Object, java.lang.Object, java.lang.Object, java.lang.Object, java.lang.Object, java.lang.Object)'> (0x00000000eb502928) 
thrown [s\src\hotspot\share\interpreter\linkResolver.cpp, line 773]
Event: 19.164 Thread 0x000001fb04746130 Exception <a 'java/lang/NoSuchMethodError'{0x00000000eb53a948}: 'void java.lang.invoke.DirectMethodHandle$Holder.invokeSpecial(java.lang.Object, java.lang.Object, java.lang.Object, java.lang.Object, java.lang.Object, java.lang.Object, java.lang.Object, java.lang.Object)'> (0x00000000eb53a948) 
thrown [s\src\hotspot\share\interpreter\linkResolver.cpp, line 773]
Event: 19.164 Thread 0x000001fb047474e0 Exception <a 'java/lang/NoSuchMethodError'{0x00000000eb511ec8}: 'void java.lang.invoke.DirectMethodHandle$Holder.invokeSpecial(java.lang.Object, java.lang.Object, java.lang.Object, java.lang.Object, java.lang.Object, java.lang.Object, java.lang.Object, java.lang.Object)'> (0x00000000eb511ec8) 
thrown [s\src\hotspot\share\interpreter\linkResolver.cpp, line 773]
Event: 19.402 Thread 0x000001fb047474e0 Implicit null exception at 0x000001fab85409a0 to 0x000001fab8540da0

ZGC Phase Switch (0 events):
No events

VM Operations (20 events):
Event: 17.552 Executing VM operation: ParallelGCFailedAllocation (Allocation Failure) done
Event: 17.730 Executing VM operation: ParallelGCFailedAllocation (Allocation Failure)
Event: 17.733 Executing VM operation: ParallelGCFailedAllocation (Allocation Failure) done
Event: 17.868 Executing VM operation: HandshakeAllThreads (Deoptimize)
Event: 17.868 Executing VM operation: HandshakeAllThreads (Deoptimize) done
Event: 17.941 Executing VM operation: CollectForMetadataAllocation (Metadata GC Threshold)
Event: 18.086 Executing VM operation: CollectForMetadataAllocation (Metadata GC Threshold) done
Event: 18.403 Executing VM operation: ParallelGCFailedAllocation (Allocation Failure)
Event: 18.407 Executing VM operation: ParallelGCFailedAllocation (Allocation Failure) done
Event: 18.664 Executing VM operation: ParallelGCFailedAllocation (Allocation Failure)
Event: 18.667 Executing VM operation: ParallelGCFailedAllocation (Allocation Failure) done
Event: 18.871 Executing VM operation: ParallelGCFailedAllocation (Allocation Failure)
Event: 18.873 Executing VM operation: ParallelGCFailedAllocation (Allocation Failure) done
Event: 19.024 Executing VM operation: ParallelGCFailedAllocation (Allocation Failure)
Event: 19.025 Executing VM operation: ParallelGCFailedAllocation (Allocation Failure) done
Event: 19.176 Executing VM operation: HandshakeAllThreads (Deoptimize)
Event: 19.176 Executing VM operation: HandshakeAllThreads (Deoptimize) done
Event: 19.178 Executing VM operation: ParallelGCFailedAllocation (Allocation Failure)
Event: 19.180 Executing VM operation: ParallelGCFailedAllocation (Allocation Failure) done
Event: 20.189 Executing VM operation: Cleanup

Memory protections (0 events):
No events

Nmethod flushes (20 events):
Event: 18.003 Thread 0x000001faad381b20 flushing  nmethod 0x000001fab0d81b10
Event: 18.003 Thread 0x000001faad381b20 flushing osr nmethod 0x000001fab0dcf210
Event: 18.003 Thread 0x000001faad381b20 flushing  nmethod 0x000001fab0ddd690
Event: 18.003 Thread 0x000001faad381b20 flushing  nmethod 0x000001fab0de5e90
Event: 18.003 Thread 0x000001faad381b20 flushing  nmethod 0x000001fab0de9190
Event: 18.003 Thread 0x000001faad381b20 flushing  nmethod 0x000001fab0df2910
Event: 18.003 Thread 0x000001faad381b20 flushing  nmethod 0x000001fab0df2f10
Event: 18.003 Thread 0x000001faad381b20 flushing  nmethod 0x000001fab0df6110
Event: 18.003 Thread 0x000001faad381b20 flushing  nmethod 0x000001fab0df6810
Event: 18.003 Thread 0x000001faad381b20 flushing  nmethod 0x000001fab0df7790
Event: 18.003 Thread 0x000001faad381b20 flushing  nmethod 0x000001fab0e1bf10
Event: 18.003 Thread 0x000001faad381b20 flushing  nmethod 0x000001fab0e39910
Event: 18.003 Thread 0x000001faad381b20 flushing  nmethod 0x000001fab0e3ce10
Event: 18.003 Thread 0x000001faad381b20 flushing  nmethod 0x000001fab0e3d590
Event: 18.003 Thread 0x000001faad381b20 flushing  nmethod 0x000001fab0e3db90
Event: 18.003 Thread 0x000001faad381b20 flushing  nmethod 0x000001fab0e3e010
Event: 18.003 Thread 0x000001faad381b20 flushing  nmethod 0x000001fab0e44990
Event: 18.003 Thread 0x000001faad381b20 flushing  nmethod 0x000001fab0e4c390
Event: 18.003 Thread 0x000001faad381b20 flushing  nmethod 0x000001fab0e51690
Event: 18.003 Thread 0x000001faad381b20 flushing  nmethod 0x000001fab0e8a690

Events (20 events):
Event: 11.206 Thread 0x000001fb0bcfe1e0 Thread added: 0x000001fb0bcfb3f0
Event: 11.209 Thread 0x000001fb0bcfe870 Thread added: 0x000001fb0bcfba80
Event: 11.295 Thread 0x000001fb0924e9d0 Thread added: 0x000001fb0bdc5180
Event: 11.296 Thread 0x000001fb0924e9d0 Thread added: 0x000001fb0bdc6bc0
Event: 11.296 Thread 0x000001fb0924e9d0 Thread added: 0x000001fb0bdc7250
Event: 11.296 Thread 0x000001fb0924e9d0 Thread added: 0x000001fb0bdc4af0
Event: 11.296 Thread 0x000001fb0924e9d0 Thread added: 0x000001fb0bdc8600
Event: 11.296 Thread 0x000001fb0924e9d0 Thread added: 0x000001fb0bdc5810
Event: 15.556 Thread 0x000001fb0924e9d0 Thread added: 0x000001fb0bdc7f70
Event: 15.736 Thread 0x000001fb0924e9d0 Thread added: 0x000001fb0bdc78e0
Event: 15.742 Thread 0x000001fb0924e9d0 Thread added: 0x000001fb0bdc5ea0
Event: 15.789 Thread 0x000001fb0924e9d0 Thread added: 0x000001fb0bdc6530
Event: 15.825 Thread 0x000001fb0924e9d0 Thread added: 0x000001fb0bdca040
Event: 15.840 Thread 0x000001fb0924e9d0 Thread added: 0x000001fb0bdca6d0
Event: 15.873 Thread 0x000001fb0924e9d0 Thread added: 0x000001fb0bdcad60
Event: 19.156 Thread 0x000001fb0924e9d0 Thread added: 0x000001fb04748200
Event: 19.156 Thread 0x000001fb0924e9d0 Thread added: 0x000001fb047467c0
Event: 19.156 Thread 0x000001fb0924e9d0 Thread added: 0x000001fb04746130
Event: 19.156 Thread 0x000001fb0924e9d0 Thread added: 0x000001fb04746e50
Event: 19.156 Thread 0x000001fb0924e9d0 Thread added: 0x000001fb047474e0


Dynamic libraries:
0x00007ff7c4100000 - 0x00007ff7c410e000 	c:\Users\agnes\.vscode\extensions\redhat.java-1.50.0-win32-x64\jre\21.0.9-win32-x86_64\bin\java.exe
0x00007ff94d160000 - 0x00007ff94d3c7000 	C:\WINDOWS\SYSTEM32\ntdll.dll
0x00007ff94b7b0000 - 0x00007ff94b879000 	C:\WINDOWS\System32\KERNEL32.DLL
0x00007ff94a980000 - 0x00007ff94ad6f000 	C:\WINDOWS\System32\KERNELBASE.dll
0x00007ff94a830000 - 0x00007ff94a97b000 	C:\WINDOWS\System32\ucrtbase.dll
0x00007ff9118e0000 - 0x00007ff9118fe000 	c:\Users\agnes\.vscode\extensions\redhat.java-1.50.0-win32-x64\jre\21.0.9-win32-x86_64\bin\VCRUNTIME140.dll
0x00007ff911420000 - 0x00007ff911438000 	c:\Users\agnes\.vscode\extensions\redhat.java-1.50.0-win32-x64\jre\21.0.9-win32-x86_64\bin\jli.dll
0x00007ff94c9b0000 - 0x00007ff94cb75000 	C:\WINDOWS\System32\USER32.dll
0x00007ff930fa0000 - 0x00007ff931233000 	C:\WINDOWS\WinSxS\amd64_microsoft.windows.common-controls_6595b64144ccf1df_6.0.26100.7309_none_3e05feeae336a044\COMCTL32.dll
0x00007ff94a340000 - 0x00007ff94a367000 	C:\WINDOWS\System32\win32u.dll
0x00007ff94b980000 - 0x00007ff94ba29000 	C:\WINDOWS\System32\msvcrt.dll
0x00007ff94b880000 - 0x00007ff94b8ab000 	C:\WINDOWS\System32\GDI32.dll
0x00007ff94a590000 - 0x00007ff94a6bc000 	C:\WINDOWS\System32\gdi32full.dll
0x00007ff94a370000 - 0x00007ff94a413000 	C:\WINDOWS\System32\msvcp_win.dll
0x00007ff94b3e0000 - 0x00007ff94b411000 	C:\WINDOWS\System32\IMM32.DLL
0x00007ff940e10000 - 0x00007ff940e1c000 	c:\Users\agnes\.vscode\extensions\redhat.java-1.50.0-win32-x64\jre\21.0.9-win32-x86_64\bin\vcruntime140_1.dll
0x00007ff8e7390000 - 0x00007ff8e741d000 	c:\Users\agnes\.vscode\extensions\redhat.java-1.50.0-win32-x64\jre\21.0.9-win32-x86_64\bin\msvcp140.dll
0x00007ff8e65f0000 - 0x00007ff8e7390000 	c:\Users\agnes\.vscode\extensions\redhat.java-1.50.0-win32-x64\jre\21.0.9-win32-x86_64\bin\server\jvm.dll
0x00007ff94c8f0000 - 0x00007ff94c9a4000 	C:\WINDOWS\System32\ADVAPI32.dll
0x00007ff94bbd0000 - 0x00007ff94bc76000 	C:\WINDOWS\System32\sechost.dll
0x00007ff94bab0000 - 0x00007ff94bbc8000 	C:\WINDOWS\System32\RPCRT4.dll
0x00007ff94d0a0000 - 0x00007ff94d114000 	C:\WINDOWS\System32\WS2_32.dll
0x00007ff94a110000 - 0x00007ff94a16e000 	C:\WINDOWS\SYSTEM32\POWRPROF.dll
0x00007ff93ca50000 - 0x00007ff93ca85000 	C:\WINDOWS\SYSTEM32\WINMM.dll
0x00007ff93ea10000 - 0x00007ff93ea1b000 	C:\WINDOWS\SYSTEM32\VERSION.dll
0x00007ff94a0f0000 - 0x00007ff94a104000 	C:\WINDOWS\SYSTEM32\UMPDC.dll
0x00007ff949020000 - 0x00007ff94903b000 	C:\WINDOWS\SYSTEM32\kernel.appcore.dll
0x00007ff9340f0000 - 0x00007ff9340fa000 	c:\Users\agnes\.vscode\extensions\redhat.java-1.50.0-win32-x64\jre\21.0.9-win32-x86_64\bin\jimage.dll
0x00007ff9478e0000 - 0x00007ff947b22000 	C:\WINDOWS\SYSTEM32\DBGHELP.DLL
0x00007ff94b420000 - 0x00007ff94b7a5000 	C:\WINDOWS\System32\combase.dll
0x00007ff94b2d0000 - 0x00007ff94b3a6000 	C:\WINDOWS\System32\OLEAUT32.dll
0x00007ff923e00000 - 0x00007ff923e3c000 	C:\WINDOWS\SYSTEM32\dbgcore.DLL
0x00007ff94a4e0000 - 0x00007ff94a585000 	C:\WINDOWS\System32\bcryptPrimitives.dll
0x00007ff925ec0000 - 0x00007ff925ecf000 	c:\Users\agnes\.vscode\extensions\redhat.java-1.50.0-win32-x64\jre\21.0.9-win32-x86_64\bin\instrument.dll
0x00007ff910f90000 - 0x00007ff910fb0000 	c:\Users\agnes\.vscode\extensions\redhat.java-1.50.0-win32-x64\jre\21.0.9-win32-x86_64\bin\java.dll
0x00007ff94bef0000 - 0x00007ff94c643000 	C:\WINDOWS\System32\SHELL32.dll
0x00007ff94a6c0000 - 0x00007ff94a82a000 	C:\WINDOWS\System32\wintypes.dll
0x00007ff947e90000 - 0x00007ff9486ee000 	C:\WINDOWS\SYSTEM32\windows.storage.dll
0x00007ff94b140000 - 0x00007ff94b235000 	C:\WINDOWS\System32\SHCORE.dll
0x00007ff94b910000 - 0x00007ff94b976000 	C:\WINDOWS\System32\shlwapi.dll
0x00007ff94a1d0000 - 0x00007ff94a1f9000 	C:\WINDOWS\SYSTEM32\profapi.dll
0x00007ff90e030000 - 0x00007ff90e048000 	c:\Users\agnes\.vscode\extensions\redhat.java-1.50.0-win32-x64\jre\21.0.9-win32-x86_64\bin\zip.dll
0x00007ff90f8d0000 - 0x00007ff90f8e0000 	C:\Users\agnes\.vscode\extensions\redhat.java-1.50.0-win32-x64\jre\21.0.9-win32-x86_64\bin\net.dll
0x00007ff946ae0000 - 0x00007ff946c08000 	C:\WINDOWS\SYSTEM32\WINHTTP.dll
0x00007ff949570000 - 0x00007ff9495db000 	C:\WINDOWS\system32\mswsock.dll
0x00007ff8ebe60000 - 0x00007ff8ebe76000 	C:\Users\agnes\.vscode\extensions\redhat.java-1.50.0-win32-x64\jre\21.0.9-win32-x86_64\bin\nio.dll
0x00007ff934a60000 - 0x00007ff934a70000 	c:\Users\agnes\.vscode\extensions\redhat.java-1.50.0-win32-x64\jre\21.0.9-win32-x86_64\bin\verify.dll
0x00007ff932d00000 - 0x00007ff932d44000 	C:\Users\agnes\AppData\Roaming\Code\User\globalStorage\redhat.java\1.50.0\config_win\org.eclipse.equinox.launcher\org.eclipse.equinox.launcher.win32.win32.x86_64_1.2.1400.v20250801-0854\eclipse_11916.dll
0x00007ff94c650000 - 0x00007ff94c7e7000 	C:\WINDOWS\System32\ole32.dll
0x00007ff949960000 - 0x00007ff94997b000 	C:\WINDOWS\SYSTEM32\CRYPTSP.dll
0x00007ff948f80000 - 0x00007ff948fba000 	C:\WINDOWS\system32\rsaenh.dll
0x00007ff949620000 - 0x00007ff94964b000 	C:\WINDOWS\SYSTEM32\USERENV.dll
0x00007ff94a1a0000 - 0x00007ff94a1ca000 	C:\WINDOWS\SYSTEM32\bcrypt.dll
0x00007ff9497c0000 - 0x00007ff9497cc000 	C:\WINDOWS\SYSTEM32\CRYPTBASE.dll
0x00007ff948a60000 - 0x00007ff948a94000 	C:\WINDOWS\SYSTEM32\IPHLPAPI.DLL
0x00007ff94bee0000 - 0x00007ff94beea000 	C:\WINDOWS\System32\NSI.dll
0x00007ff932a10000 - 0x00007ff932a59000 	C:\Users\agnes\AppData\Local\Temp\jna-92758966\jna14864267811013857195.dll
0x00007ff94b240000 - 0x00007ff94b248000 	C:\WINDOWS\System32\PSAPI.DLL
0x00007ff93c020000 - 0x00007ff93c03e000 	C:\WINDOWS\SYSTEM32\dhcpcsvc6.DLL
0x00007ff93bff0000 - 0x00007ff93c013000 	C:\WINDOWS\SYSTEM32\dhcpcsvc.DLL

JVMTI agents:
c:\Users\agnes\.vscode\extensions\redhat.java-1.50.0-win32-x64\lombok\lombok-1.18.39-4050.jar path:c:\Users\agnes\.vscode\extensions\redhat.java-1.50.0-win32-x64\jre\21.0.9-win32-x86_64\bin\instrument.dll, loaded, initialized, instrumentlib options:none

dbghelp: loaded successfully - version: 4.0.5 - missing functions: none
symbol engine: initialized successfully - sym options: 0x614 - pdb path: .;c:\Users\agnes\.vscode\extensions\redhat.java-1.50.0-win32-x64\jre\21.0.9-win32-x86_64\bin;C:\WINDOWS\SYSTEM32;C:\WINDOWS\WinSxS\amd64_microsoft.windows.common-controls_6595b64144ccf1df_6.0.26100.7309_none_3e05feeae336a044;c:\Users\agnes\.vscode\extensions\redhat.java-1.50.0-win32-x64\jre\21.0.9-win32-x86_64\bin\server;C:\Users\agnes\AppData\Roaming\Code\User\globalStorage\redhat.java\1.50.0\config_win\org.eclipse.equinox.launcher\org.eclipse.equinox.launcher.win32.win32.x86_64_1.2.1400.v20250801-0854;C:\Users\agnes\AppData\Local\Temp\jna-92758966

VM Arguments:
jvm_args: --add-modules=ALL-SYSTEM --add-opens=java.base/java.util=ALL-UNNAMED --add-opens=java.base/java.lang=ALL-UNNAMED --add-opens=java.base/sun.nio.fs=ALL-UNNAMED -Declipse.application=org.eclipse.jdt.ls.core.id1 -Dosgi.bundles.defaultStartLevel=4 -Declipse.product=org.eclipse.jdt.ls.core.product -Djava.import.generatesMetadataFilesAtProjectRoot=false -DDetectVMInstallationsJob.disabled=true -Dfile.encoding=utf8 -XX:+UseParallelGC -XX:GCTimeRatio=4 -XX:AdaptiveSizePolicyWeight=90 -Dsun.zip.disableMemoryMapping=true -Xmx2G -Xms100m -Xlog:disable -javaagent:c:\Users\agnes\.vscode\extensions\redhat.java-1.50.0-win32-x64\lombok\lombok-1.18.39-4050.jar -XX:+HeapDumpOnOutOfMemoryError -XX:HeapDumpPath=c:\Users\agnes\AppData\Roaming\Code\User\workspaceStorage\5fa8ea05a08e1f09a563d8a64c92713b\redhat.java -Daether.dependencyCollector.impl=bf -Xmx1024M 
java_command: c:\Users\agnes\.vscode\extensions\redhat.java-1.50.0-win32-x64\server\plugins\org.eclipse.equinox.launcher_1.7.100.v20251111-0406.jar -configuration c:\Users\agnes\AppData\Roaming\Code\User\globalStorage\redhat.java\1.50.0\config_win -data c:\Users\agnes\AppData\Roaming\Code\User\workspaceStorage\5fa8ea05a08e1f09a563d8a64c92713b\redhat.java\jdt_ws --pipe=\\.\pipe\lsp-8cac9e456ae366254f39dbffab86b055-sock
java_class_path (initial): c:\Users\agnes\.vscode\extensions\redhat.java-1.50.0-win32-x64\server\plugins\org.eclipse.equinox.launcher_1.7.100.v20251111-0406.jar
Launcher Type: SUN_STANDARD

[Global flags]
    uintx AdaptiveSizePolicyWeight                 = 90                                        {product} {command line}
     intx CICompilerCount                          = 4                                         {product} {ergonomic}
    uintx GCTimeRatio                              = 4                                         {product} {command line}
     bool HeapDumpOnOutOfMemoryError               = true                                   {manageable} {command line}
    ccstr HeapDumpPath                             = c:\Users\agnes\AppData\Roaming\Code\User\workspaceStorage\5fa8ea05a08e1f09a563d8a64c92713b\redhat.java         {manageable} {command line}
   size_t InitialHeapSize                          = 104857600                                 {product} {command line}
   size_t MaxHeapSize                              = 1073741824                                {product} {command line}
   size_t MaxNewSize                               = 357564416                                 {product} {ergonomic}
   size_t MinHeapDeltaBytes                        = 524288                                    {product} {ergonomic}
   size_t MinHeapSize                              = 104857600                                 {product} {command line}
   size_t NewSize                                  = 34603008                                  {product} {ergonomic}
    uintx NonNMethodCodeHeapSize                   = 5839372                                {pd product} {ergonomic}
    uintx NonProfiledCodeHeapSize                  = 122909434                              {pd product} {ergonomic}
   size_t OldSize                                  = 70254592                                  {product} {ergonomic}
    uintx ProfiledCodeHeapSize                     = 122909434                              {pd product} {ergonomic}
    uintx ReservedCodeCacheSize                    = 251658240                              {pd product} {ergonomic}
     bool SegmentedCodeCache                       = true                                      {product} {ergonomic}
   size_t SoftMaxHeapSize                          = 1073741824                             {manageable} {ergonomic}
     bool UseCompressedOops                        = true                           {product lp64_product} {ergonomic}
     bool UseLargePagesIndividualAllocation        = false                                  {pd product} {ergonomic}
     bool UseParallelGC                            = true                                      {product} {command line}

Logging:
Log output configuration:
 #0: stdout all=off uptime,level,tags foldmultilines=false
 #1: stderr all=off uptime,level,tags foldmultilines=false

Release file:
JAVA_VERSION="21.0.9" 
MODULES="java.base java.compiler java.datatransfer java.xml java.prefs java.desktop java.instrument java.logging java.management java.security.sasl java.naming java.rmi java.management.rmi java.net.http java.scripting java.security.jgss java.transaction.xa java.sql java.sql.rowset java.xml.crypto java.se java.smartcardio jdk.accessibility jdk.internal.jvmstat jdk.attach jdk.charsets jdk.internal.opt jdk.zipfs jdk.compiler jdk.crypto.ec jdk.crypto.cryptoki jdk.crypto.mscapi jdk.dynalink jdk.internal.ed jdk.editpad jdk.hotspot.agent jdk.httpserver jdk.internal.le jdk.internal.vm.ci jdk.internal.vm.compiler jdk.internal.vm.compiler.management jdk.jartool jdk.javadoc jdk.jcmd jdk.management jdk.management.agent jdk.jconsole jdk.jdeps jdk.jdwp.agent jdk.jdi jdk.jfr jdk.jshell jdk.jsobject jdk.jstatd jdk.localedata jdk.management.jfr jdk.naming.dns jdk.naming.rmi jdk.net jdk.nio.mapmode jdk.random jdk.sctp jdk.security.auth jdk.security.jgss jdk.unsupported jdk.unsupported.desktop jdk.xml.dom" 

Environment Variables:
_JAVA_OPTIONS=-Xmx1024M
PATH=C:\Program Files\Eclipse Adoptium\jdk-17.0.17.10-hotspot\bin;C:\Program Files (x86)\Razer Chroma SDK\bin;C:\Program Files\Razer Chroma SDK\bin;C:\Program Files (x86)\Razer\ChromaBroadcast\bin;C:\Program Files\Razer\ChromaBroadcast\bin;C:\WINDOWS\system32;C:\WINDOWS;C:\WINDOWS\System32\Wbem;C:\WINDOWS\System32\WindowsPowerShell\v1.0\;C:\WINDOWS\System32\OpenSSH\;C:\WINDOWS\system32\config\systemprofile\AppData\Local\Microsoft\WindowsApps;C:\Program Files\dotnet\;C:\WINDOWS\system32;C:\WINDOWS;C:\WINDOWS\System32\Wbem;C:\WINDOWS\System32\WindowsPowerShell\v1.0\;C:\WINDOWS\System32\OpenSSH\;C:\Program Files\Git\cmd;C:\Program Files\Docker\Docker\resources\bin;C:\Users\agnes\AppData\Local\Microsoft\WindowsApps;C:\Users\agnes\AppData\Local\GitHubDesktop\bin;C:\Users\agnes\AppData\Local\Programs\Microsoft VS Code\bin;C:\Users\agnes\Desktop\UM\TestAut\FinalAssigment\FinalAssigment\Maven\apache-maven-3.9.7-bin\apache-maven-3.9.7\bin;C:\Program Files\Apache\Maven\apache-maven-3.9.12\bin;
USERNAME=agnes
OS=Windows_NT
PROCESSOR_IDENTIFIER=Intel64 Family 6 Model 142 Stepping 12, GenuineIntel
TMP=C:\Users\agnes\AppData\Local\Temp
TEMP=C:\Users\agnes\AppData\Local\Temp




Periodic native trim disabled

---------------  S Y S T E M  ---------------

OS:
 Windows 11 , 64 bit Build 26100 (10.0.26100.7309)
OS uptime: 2 days 17:16 hours
Hyper-V role detected

CPU: total 8 (initial active 8) (4 cores per cpu, 2 threads per core) family 6 model 142 stepping 12 microcode 0xf0, cx8, cmov, fxsr, ht, mmx, 3dnowpref, sse, sse2, sse3, ssse3, sse4.1, sse4.2, popcnt, lzcnt, tsc, tscinvbit, avx, avx2, aes, erms, clmul, bmi1, bmi2, adx, fma, vzeroupper, clflush, clflushopt, hv, rdtscp, f16c
Processor Information for the first 8 processors :
  Max Mhz: 2112, Current Mhz: 1609, Mhz Limit: 1605

Memory: 4k page, system-wide physical 7988M (622M free)
TotalPageFile size 16180M (AvailPageFile size 22M)
current process WorkingSet (physical memory assigned to process): 350M, peak: 436M
current process commit charge ("private bytes"): 386M, peak: 494M

vm_info: OpenJDK 64-Bit Server VM (21.0.9+10-LTS) for windows-amd64 JRE (21.0.9+10-LTS), built on 2025-10-21T00:00:00Z by "admin" with unknown MS VC++:1942

END.
