#
# There is insufficient memory for the Java Runtime Environment to continue.
# Native memory allocation (malloc) failed to allocate 1809456 bytes. Error detail: Chunk::new
# Possible reasons:
#   The system is out of physical RAM or swap space
#   This process is running with CompressedOops enabled, and the Java Heap may be blocking the growth of the native heap
# Possible solutions:
#   Reduce memory load on the system
#   Increase physical memory or swap space
#   Check if swap backing store is full
#   Decrease Java heap size (-Xmx/-Xms)
#   Decrease number of Java threads
#   Decrease Java thread stack sizes (-Xss)
#   Set larger code cache with -XX:ReservedCodeCacheSize=
#   JVM is running with Unscaled Compressed Oops mode in which the Java heap is
#     placed in the first 4GB address space. The Java Heap base address is the
#     maximum limit for the native heap growth. Please use -XX:HeapBaseMinAddress
#     to set the Java Heap base and to place the Java Heap above 4GB virtual address.
# This output file may be truncated or incomplete.
#
#  Out of Memory Error (arena.cpp:168), pid=19444, tid=21384
#
# JRE version: OpenJDK Runtime Environment Temurin-21.0.9+10 (21.0.9+10) (build 21.0.9+10-LTS)
# Java VM: OpenJDK 64-Bit Server VM Temurin-21.0.9+10 (21.0.9+10-LTS, mixed mode, sharing, tiered, compressed oops, compressed class ptrs, parallel gc, windows-amd64)
# No core dump will be written. Minidumps are not enabled by default on client versions of Windows
#

---------------  S U M M A R Y ------------

Command Line: --add-modules=ALL-SYSTEM --add-opens=java.base/java.util=ALL-UNNAMED --add-opens=java.base/java.lang=ALL-UNNAMED --add-opens=java.base/sun.nio.fs=ALL-UNNAMED -Declipse.application=org.eclipse.jdt.ls.core.id1 -Dosgi.bundles.defaultStartLevel=4 -Declipse.product=org.eclipse.jdt.ls.core.product -Djava.import.generatesMetadataFilesAtProjectRoot=false -DDetectVMInstallationsJob.disabled=true -Dfile.encoding=utf8 -XX:+UseParallelGC -XX:GCTimeRatio=4 -XX:AdaptiveSizePolicyWeight=90 -Dsun.zip.disableMemoryMapping=true -Xmx2G -Xms100m -Xlog:disable -javaagent:c:\Users\agnes\.vscode\extensions\redhat.java-1.50.0-win32-x64\lombok\lombok-1.18.39-4050.jar -XX:+HeapDumpOnOutOfMemoryError -XX:HeapDumpPath=c:\Users\agnes\AppData\Roaming\Code\User\workspaceStorage\5fa8ea05a08e1f09a563d8a64c92713b\redhat.java -Daether.dependencyCollector.impl=bf -Xmx1024M c:\Users\agnes\.vscode\extensions\redhat.java-1.50.0-win32-x64\server\plugins\org.eclipse.equinox.launcher_1.7.100.v20251111-0406.jar -configuration c:\Users\agnes\AppData\Roaming\Code\User\globalStorage\redhat.java\1.50.0\config_win -data c:\Users\agnes\AppData\Roaming\Code\User\workspaceStorage\5fa8ea05a08e1f09a563d8a64c92713b\redhat.java\jdt_ws --pipe=\\.\pipe\lsp-539374ed6ae0bacfe8e6339320e8bf0e-sock

Host: Intel(R) Core(TM) i5-10210U CPU @ 1.60GHz, 8 cores, 7G,  Windows 11 , 64 bit Build 26100 (10.0.26100.7309)
Time: Tue Dec 30 13:47:53 2025 elapsed time: 12.901910 seconds (0d 0h 0m 12s)

---------------  T H R E A D  ---------------

Current thread (0x000002c60a797fb0):  JavaThread "C2 CompilerThread2" daemon [_thread_in_native, id=21384, stack(0x000000d40b200000,0x000000d40b300000) (1024K)]


Current CompileTask:
C2:12902 7674   !   4       lombok.core.FieldAugment$ReflectionFieldAugment::getAndSet (80 bytes)

Stack: [0x000000d40b200000,0x000000d40b300000]
Native frames: (J=compiled Java code, j=interpreted, Vv=VM code, C=native code)
V  [jvm.dll+0x6d6e29]
V  [jvm.dll+0x8b4b76]
V  [jvm.dll+0x8b712e]
V  [jvm.dll+0x8b7813]
V  [jvm.dll+0x283d86]
V  [jvm.dll+0xc66ed]
V  [jvm.dll+0xc6c31]
V  [jvm.dll+0x2facee]
V  [jvm.dll+0x5fde44]
V  [jvm.dll+0x255557]
V  [jvm.dll+0x24db6a]
V  [jvm.dll+0x24b482]
V  [jvm.dll+0x1cb13e]
V  [jvm.dll+0x25b29d]
V  [jvm.dll+0x25982a]
V  [jvm.dll+0x3f7ea6]
V  [jvm.dll+0x85e9ad]
V  [jvm.dll+0x6d565d]
C  [ucrtbase.dll+0x37b0]
C  [KERNEL32.DLL+0x2e8d7]
C  [ntdll.dll+0x8c53c]


---------------  P R O C E S S  ---------------

Threads class SMR info:
_java_thread_list=0x000002c60dcff190, length=62, elements={
0x000002c5ac07ce40, 0x000002c5ae44b7c0, 0x000002c5c2753fa0, 0x000002c5c2756760,
0x000002c5c27573b0, 0x000002c5c275c380, 0x000002c5c275cf00, 0x000002c5c27636b0,
0x000002c605240110, 0x000002c6054a2090, 0x000002c605529b20, 0x000002c605c1e280,
0x000002c60a2f1690, 0x000002c605c9fa50, 0x000002c60a0ad220, 0x000002c60a1d0590,
0x000002c60a40ef10, 0x000002c60a5ed520, 0x000002c60a5ece90, 0x000002c60a5efc80,
0x000002c60a5eef60, 0x000002c60a5ee240, 0x000002c60aedb270, 0x000002c60a5edbb0,
0x000002c60a5ef5f0, 0x000002c60a5ee8d0, 0x000002c60c35a0f0, 0x000002c60c3586b0,
0x000002c60c35a780, 0x000002c60c35ae10, 0x000002c60c358020, 0x000002c60c358d40,
0x000002c60c359a60, 0x000002c60c35b4a0, 0x000002c60c35c850, 0x000002c60c35bb30,
0x000002c60c35c1c0, 0x000002c60c3593d0, 0x000002c60c35dc00, 0x000002c60c35f640,
0x000002c60c35d570, 0x000002c60c35e290, 0x000002c60c35cee0, 0x000002c60c35efb0,
0x000002c60c35e920, 0x000002c60a79b370, 0x000002c60a799930, 0x000002c60a79ba00,
0x000002c60a79c090, 0x000002c60a799fc0, 0x000002c60a798c10, 0x000002c60a79a650,
0x000002c60a79ace0, 0x000002c60c1ac840, 0x000002c60c1ab490, 0x000002c60c1abb20,
0x000002c60c1aced0, 0x000002c60c1ac1b0, 0x000002c60c1ad560, 0x000002c60c1aa770,
0x000002c60c1aa0e0, 0x000002c60a797fb0
}

Java Threads: ( => current thread )
  0x000002c5ac07ce40 JavaThread "main"                              [_thread_blocked, id=13500, stack(0x000000d409100000,0x000000d409200000) (1024K)]
  0x000002c5ae44b7c0 JavaThread "Reference Handler"          daemon [_thread_blocked, id=22840, stack(0x000000d409500000,0x000000d409600000) (1024K)]
  0x000002c5c2753fa0 JavaThread "Finalizer"                  daemon [_thread_blocked, id=22788, stack(0x000000d409600000,0x000000d409700000) (1024K)]
  0x000002c5c2756760 JavaThread "Signal Dispatcher"          daemon [_thread_blocked, id=5364, stack(0x000000d409700000,0x000000d409800000) (1024K)]
  0x000002c5c27573b0 JavaThread "Attach Listener"            daemon [_thread_blocked, id=8988, stack(0x000000d409800000,0x000000d409900000) (1024K)]
  0x000002c5c275c380 JavaThread "Service Thread"             daemon [_thread_blocked, id=6772, stack(0x000000d409900000,0x000000d409a00000) (1024K)]
  0x000002c5c275cf00 JavaThread "Monitor Deflation Thread"   daemon [_thread_blocked, id=19120, stack(0x000000d409a00000,0x000000d409b00000) (1024K)]
  0x000002c5c27636b0 JavaThread "C2 CompilerThread0"         daemon [_thread_in_native, id=18320, stack(0x000000d409b00000,0x000000d409c00000) (1024K)]
  0x000002c605240110 JavaThread "C1 CompilerThread0"         daemon [_thread_in_native, id=5204, stack(0x000000d409c00000,0x000000d409d00000) (1024K)]
  0x000002c6054a2090 JavaThread "Common-Cleaner"             daemon [_thread_blocked, id=19740, stack(0x000000d409e00000,0x000000d409f00000) (1024K)]
  0x000002c605529b20 JavaThread "Notification Thread"        daemon [_thread_blocked, id=14828, stack(0x000000d409f00000,0x000000d40a000000) (1024K)]
  0x000002c605c1e280 JavaThread "Active Thread: Equinox Container: 7f50ae49-0d81-42d6-ba74-cd164107feb1"        [_thread_blocked, id=12600, stack(0x000000d40a700000,0x000000d40a800000) (1024K)]
  0x000002c60a2f1690 JavaThread "Refresh Thread: Equinox Container: 7f50ae49-0d81-42d6-ba74-cd164107feb1" daemon [_thread_blocked, id=2512, stack(0x000000d40a800000,0x000000d40a900000) (1024K)]
  0x000002c605c9fa50 JavaThread "Framework Event Dispatcher: Equinox Container: 7f50ae49-0d81-42d6-ba74-cd164107feb1" daemon [_thread_blocked, id=8232, stack(0x000000d40aa00000,0x000000d40ab00000) (1024K)]
  0x000002c60a0ad220 JavaThread "Start Level: Equinox Container: 7f50ae49-0d81-42d6-ba74-cd164107feb1" daemon [_thread_blocked, id=9868, stack(0x000000d40ab00000,0x000000d40ac00000) (1024K)]
  0x000002c60a1d0590 JavaThread "Bundle File Closer"         daemon [_thread_blocked, id=8484, stack(0x000000d40ac00000,0x000000d40ad00000) (1024K)]
  0x000002c60a40ef10 JavaThread "SCR Component Actor"        daemon [_thread_blocked, id=15688, stack(0x000000d40ad00000,0x000000d40ae00000) (1024K)]
  0x000002c60a5ed520 JavaThread "Worker-JM"                         [_thread_blocked, id=6812, stack(0x000000d40a000000,0x000000d40a100000) (1024K)]
  0x000002c60a5ece90 JavaThread "JNA Cleaner"                daemon [_thread_blocked, id=20684, stack(0x000000d409d00000,0x000000d409e00000) (1024K)]
  0x000002c60a5efc80 JavaThread "Worker-0: Building"                [_thread_in_Java, id=21404, stack(0x000000d40ae00000,0x000000d40af00000) (1024K)]
  0x000002c60a5eef60 JavaThread "Worker-1"                          [_thread_blocked, id=3844, stack(0x000000d40af00000,0x000000d40b000000) (1024K)]
  0x000002c60a5ee240 JavaThread "Worker-2"                          [_thread_blocked, id=22076, stack(0x000000d40b100000,0x000000d40b200000) (1024K)]
  0x000002c60aedb270 JavaThread "C2 CompilerThread1"         daemon [_thread_in_native, id=19696, stack(0x000000d40b000000,0x000000d40b100000) (1024K)]
  0x000002c60a5edbb0 JavaThread "Java indexing"              daemon [_thread_blocked, id=5304, stack(0x000000d40b300000,0x000000d40b400000) (1024K)]
  0x000002c60a5ef5f0 JavaThread "Worker-3"                          [_thread_blocked, id=22640, stack(0x000000d40b400000,0x000000d40b500000) (1024K)]
  0x000002c60a5ee8d0 JavaThread "Worker-4"                          [_thread_blocked, id=17680, stack(0x000000d40b800000,0x000000d40b900000) (1024K)]
  0x000002c60c35a0f0 JavaThread "Worker-5"                          [_thread_blocked, id=19972, stack(0x000000d40b900000,0x000000d40ba00000) (1024K)]
  0x000002c60c3586b0 JavaThread "Worker-6"                          [_thread_blocked, id=7504, stack(0x000000d40ba00000,0x000000d40bb00000) (1024K)]
  0x000002c60c35a780 JavaThread "Thread-1"                   daemon [_thread_in_native, id=4856, stack(0x000000d40bb00000,0x000000d40bc00000) (1024K)]
  0x000002c60c35ae10 JavaThread "Thread-2"                   daemon [_thread_in_native, id=8692, stack(0x000000d40bc00000,0x000000d40bd00000) (1024K)]
  0x000002c60c358020 JavaThread "Thread-3"                   daemon [_thread_in_native, id=8748, stack(0x000000d40bd00000,0x000000d40be00000) (1024K)]
  0x000002c60c358d40 JavaThread "Thread-4"                   daemon [_thread_in_native, id=11900, stack(0x000000d40be00000,0x000000d40bf00000) (1024K)]
  0x000002c60c359a60 JavaThread "Thread-5"                   daemon [_thread_in_native, id=23212, stack(0x000000d40bf00000,0x000000d40c000000) (1024K)]
  0x000002c60c35b4a0 JavaThread "Thread-6"                   daemon [_thread_in_native, id=13992, stack(0x000000d40c000000,0x000000d40c100000) (1024K)]
  0x000002c60c35c850 JavaThread "Thread-7"                   daemon [_thread_in_native, id=6844, stack(0x000000d40c100000,0x000000d40c200000) (1024K)]
  0x000002c60c35bb30 JavaThread "Thread-8"                   daemon [_thread_in_native, id=20260, stack(0x000000d40c200000,0x000000d40c300000) (1024K)]
  0x000002c60c35c1c0 JavaThread "Thread-9"                   daemon [_thread_in_native, id=10284, stack(0x000000d40c300000,0x000000d40c400000) (1024K)]
  0x000002c60c3593d0 JavaThread "pool-2-thread-1"                   [_thread_blocked, id=20412, stack(0x000000d40c400000,0x000000d40c500000) (1024K)]
  0x000002c60c35dc00 JavaThread "ForkJoinPool.commonPool-worker-1" daemon [_thread_blocked, id=4552, stack(0x000000d40c500000,0x000000d40c600000) (1024K)]
  0x000002c60c35f640 JavaThread "ForkJoinPool.commonPool-worker-2" daemon [_thread_blocked, id=22544, stack(0x000000d40c600000,0x000000d40c700000) (1024K)]
  0x000002c60c35d570 JavaThread "ForkJoinPool.commonPool-worker-3" daemon [_thread_blocked, id=22896, stack(0x000000d40c700000,0x000000d40c800000) (1024K)]
  0x000002c60c35e290 JavaThread "ForkJoinPool.commonPool-worker-4" daemon [_thread_blocked, id=22524, stack(0x000000d40c800000,0x000000d40c900000) (1024K)]
  0x000002c60c35cee0 JavaThread "ForkJoinPool.commonPool-worker-5" daemon [_thread_blocked, id=19672, stack(0x000000d40c900000,0x000000d40ca00000) (1024K)]
  0x000002c60c35efb0 JavaThread "ForkJoinPool.commonPool-worker-6" daemon [_thread_blocked, id=3780, stack(0x000000d40ca00000,0x000000d40cb00000) (1024K)]
  0x000002c60c35e920 JavaThread "ForkJoinPool.commonPool-worker-7" daemon [_thread_blocked, id=10720, stack(0x000000d40cb00000,0x000000d40cc00000) (1024K)]
  0x000002c60a79b370 JavaThread "WorkspaceEventsHandler"            [_thread_blocked, id=19468, stack(0x000000d40cc00000,0x000000d40cd00000) (1024K)]
  0x000002c60a799930 JavaThread "pool-1-thread-1"                   [_thread_blocked, id=21400, stack(0x000000d40cd00000,0x000000d40ce00000) (1024K)]
  0x000002c60a79ba00 JavaThread "LocalFile Deleter"          daemon [_thread_blocked, id=22564, stack(0x000000d40ce00000,0x000000d40cf00000) (1024K)]
  0x000002c60a79c090 JavaThread "LocalFile Deleter"          daemon [_thread_blocked, id=9528, stack(0x000000d40cf00000,0x000000d40d000000) (1024K)]
  0x000002c60a799fc0 JavaThread "LocalFile Deleter"          daemon [_thread_blocked, id=2192, stack(0x000000d40d000000,0x000000d40d100000) (1024K)]
  0x000002c60a798c10 JavaThread "LocalFile Deleter"          daemon [_thread_blocked, id=2480, stack(0x000000d40d100000,0x000000d40d200000) (1024K)]
  0x000002c60a79a650 JavaThread "LocalFile Deleter"          daemon [_thread_blocked, id=18368, stack(0x000000d40d200000,0x000000d40d300000) (1024K)]
  0x000002c60a79ace0 JavaThread "LocalFile Deleter"          daemon [_thread_blocked, id=4020, stack(0x000000d40d300000,0x000000d40d400000) (1024K)]
  0x000002c60c1ac840 JavaThread "LocalFile Deleter"          daemon [_thread_blocked, id=9736, stack(0x000000d40d400000,0x000000d40d500000) (1024K)]
  0x000002c60c1ab490 JavaThread "LocalFile Deleter"          daemon [_thread_blocked, id=9524, stack(0x000000d40d500000,0x000000d40d600000) (1024K)]
  0x000002c60c1abb20 JavaThread "Compiler Source File Reader" daemon [_thread_blocked, id=17372, stack(0x000000d40d600000,0x000000d40d700000) (1024K)]
  0x000002c60c1aced0 JavaThread "Compiler Source File Reader" daemon [_thread_blocked, id=8936, stack(0x000000d40d700000,0x000000d40d800000) (1024K)]
  0x000002c60c1ac1b0 JavaThread "Compiler Source File Reader" daemon [_thread_blocked, id=6064, stack(0x000000d40d800000,0x000000d40d900000) (1024K)]
  0x000002c60c1ad560 JavaThread "Compiler Source File Reader" daemon [_thread_blocked, id=5692, stack(0x000000d40d900000,0x000000d40da00000) (1024K)]
  0x000002c60c1aa770 JavaThread "Compiler Source File Reader" daemon [_thread_blocked, id=13680, stack(0x000000d40da00000,0x000000d40db00000) (1024K)]
  0x000002c60c1aa0e0 JavaThread "Compiler Source File Reader" daemon [_thread_blocked, id=10404, stack(0x000000d40db00000,0x000000d40dc00000) (1024K)]
=>0x000002c60a797fb0 JavaThread "C2 CompilerThread2"         daemon [_thread_in_native, id=21384, stack(0x000000d40b200000,0x000000d40b300000) (1024K)]
Total: 62

Other Threads:
  0x000002c5ae432a20 VMThread "VM Thread"                           [id=17328, stack(0x000000d409400000,0x000000d409500000) (1024K)]
  0x000002c5c266ca00 WatcherThread "VM Periodic Task Thread"        [id=8072, stack(0x000000d409300000,0x000000d409400000) (1024K)]
  0x000002c5ae3aecc0 WorkerThread "GC Thread#0"                     [id=15664, stack(0x000000d409200000,0x000000d409300000) (1024K)]
  0x000002c605911110 WorkerThread "GC Thread#1"                     [id=5912, stack(0x000000d40a100000,0x000000d40a200000) (1024K)]
  0x000002c605910290 WorkerThread "GC Thread#2"                     [id=9176, stack(0x000000d40a200000,0x000000d40a300000) (1024K)]
  0x000002c6059114b0 WorkerThread "GC Thread#3"                     [id=19580, stack(0x000000d40a300000,0x000000d40a400000) (1024K)]
  0x000002c60590fef0 WorkerThread "GC Thread#4"                     [id=19576, stack(0x000000d40a400000,0x000000d40a500000) (1024K)]
  0x000002c6059109d0 WorkerThread "GC Thread#5"                     [id=19408, stack(0x000000d40a500000,0x000000d40a600000) (1024K)]
  0x000002c605910d70 WorkerThread "GC Thread#6"                     [id=22668, stack(0x000000d40a600000,0x000000d40a700000) (1024K)]
  0x000002c60a25c060 WorkerThread "GC Thread#7"                     [id=20196, stack(0x000000d40a900000,0x000000d40aa00000) (1024K)]
Total: 10

Threads with active compile tasks:
C2 CompilerThread0  13929 7365   !   4       org.eclipse.osgi.internal.loader.BundleLoader::findRequiredSource (283 bytes)
C1 CompilerThread0  13929 7844       3       org.eclipse.jdt.internal.compiler.lookup.ModuleBinding::getVisiblePackage (472 bytes)
C2 CompilerThread1  13929 7675       4       lombok.eclipse.handlers.EclipseHandlerUtil::setGeneratedBy (10 bytes)
C2 CompilerThread2  13929 7674   !   4       lombok.core.FieldAugment$ReflectionFieldAugment::getAndSet (80 bytes)
Total: 4

VM state: not at safepoint (normal execution)

VM Mutex/Monitor currently owned by a thread: None

Heap address: 0x00000000c0000000, size: 1024 MB, Compressed Oops mode: 32-bit

CDS archive(s) mapped at: [0x000002c5c3000000-0x000002c5c3ba0000-0x000002c5c3ba0000), size 12189696, SharedBaseAddress: 0x000002c5c3000000, ArchiveRelocationMode: 1.
Compressed class space mapped at: 0x000002c5c4000000-0x000002c604000000, reserved size: 1073741824
Narrow klass base: 0x000002c5c3000000, Narrow klass shift: 0, Narrow klass range: 0x100000000

GC Precious Log:
 CardTable entry size: 512
 CPUs: 8 total, 8 available
 Memory: 7988M
 Large Page Support: Disabled
 NUMA Support: Disabled
 Compressed Oops: Enabled (32-bit)
 Alignments: Space 512K, Generation 512K, Heap 2M
 Heap Min Capacity: 100M
 Heap Initial Capacity: 100M
 Heap Max Capacity: 1G
 Pre-touch: Disabled
 Parallel Workers: 8

Heap:
 PSYoungGen      total 17920K, used 13369K [0x00000000eab00000, 0x00000000ec180000, 0x0000000100000000)
  eden space 16384K, 75% used [0x00000000eab00000,0x00000000eb706508,0x00000000ebb00000)
  from space 1536K, 68% used [0x00000000ec000000,0x00000000ec108010,0x00000000ec180000)
  to   space 2560K, 0% used [0x00000000ebc80000,0x00000000ebc80000,0x00000000ebf00000)
 ParOldGen       total 68608K, used 53781K [0x00000000c0000000, 0x00000000c4300000, 0x00000000eab00000)
  object space 68608K, 78% used [0x00000000c0000000,0x00000000c34857f0,0x00000000c4300000)
 Metaspace       used 54364K, committed 55808K, reserved 1114112K
  class space    used 5893K, committed 6528K, reserved 1048576K

Card table byte_map: [0x000002c5add30000,0x000002c5adf40000] _byte_map_base: 0x000002c5ad730000

Marking Bits: (ParMarkBitMap*) 0x00007ffe3ff92460
 Begin Bits: [0x000002c5c0590000, 0x000002c5c1590000)
 End Bits:   [0x000002c5c1590000, 0x000002c5c2590000)

Polling page: 0x000002c5ac020000

Metaspace:

Usage:
  Non-class:     47.34 MB used.
      Class:      5.76 MB used.
       Both:     53.09 MB used.

Virtual space:
  Non-class space:       64.00 MB reserved,      48.12 MB ( 75%) committed,  1 nodes.
      Class space:        1.00 GB reserved,       6.38 MB ( <1%) committed,  1 nodes.
             Both:        1.06 GB reserved,      54.50 MB (  5%) committed. 

Chunk freelists:
   Non-Class:  15.80 MB
       Class:  9.57 MB
        Both:  25.36 MB

MaxMetaspaceSize: unlimited
CompressedClassSpaceSize: 1.00 GB
Initial GC threshold: 21.00 MB
Current GC threshold: 58.38 MB
CDS: on
 - commit_granule_bytes: 65536.
 - commit_granule_words: 8192.
 - virtual_space_node_default_size: 8388608.
 - enlarge_chunks_in_place: 1.
 - use_allocation_guard: 0.


Internal statistics:

num_allocs_failed_limit: 6.
num_arena_births: 1074.
num_arena_deaths: 14.
num_vsnodes_births: 2.
num_vsnodes_deaths: 0.
num_space_committed: 872.
num_space_uncommitted: 0.
num_chunks_returned_to_freelist: 20.
num_chunks_taken_from_freelist: 3659.
num_chunk_merges: 12.
num_chunk_splits: 2213.
num_chunks_enlarged: 1173.
num_inconsistent_stats: 0.

CodeHeap 'non-profiled nmethods': size=120000Kb used=3875Kb max_used=3875Kb free=116125Kb
 bounds [0x000002c5b9060000, 0x000002c5b9430000, 0x000002c5c0590000]
CodeHeap 'profiled nmethods': size=120000Kb used=14616Kb max_used=14616Kb free=105384Kb
 bounds [0x000002c5b1590000, 0x000002c5b23e0000, 0x000002c5b8ac0000]
CodeHeap 'non-nmethods': size=5760Kb used=1394Kb max_used=1482Kb free=4365Kb
 bounds [0x000002c5b8ac0000, 0x000002c5b8d30000, 0x000002c5b9060000]
CodeCache: size=245760Kb, used=19885Kb, max_used=19973Kb, free=225874Kb
 total_blobs=7892, nmethods=7188, adapters=610, full_count=0
Compilation: enabled, stopped_count=0, restarted_count=0

Compilation events (20 events):
Event: 11.890 Thread 0x000002c605240110 nmethod 7807 0x000002c5b23c9090 code [0x000002c5b23c9240, 0x000002c5b23c9470]
Event: 11.890 Thread 0x000002c605240110 7806       3       org.eclipse.jdt.internal.compiler.util.HashtableOfType::get (68 bytes)
Event: 11.891 Thread 0x000002c605240110 nmethod 7806 0x000002c5b23c9590 code [0x000002c5b23c9780, 0x000002c5b23c9c10]
Event: 11.891 Thread 0x000002c605240110 7808       1       org.eclipse.jdt.internal.compiler.lookup.UnresolvedReferenceBinding::isUnresolvedType (2 bytes)
Event: 11.891 Thread 0x000002c605240110 nmethod 7808 0x000002c5b9426510 code [0x000002c5b94266a0, 0x000002c5b9426768]
Event: 11.891 Thread 0x000002c605240110 7809       1       org.eclipse.jdt.internal.compiler.classfmt.MethodInfo::getAnnotations (2 bytes)
Event: 11.891 Thread 0x000002c605240110 nmethod 7809 0x000002c5b9426810 code [0x000002c5b94269a0, 0x000002c5b9426a70]
Event: 11.892 Thread 0x000002c605240110 7810 %     3       org.eclipse.jdt.internal.compiler.util.CharDeduplication::equals @ 17 (44 bytes)
Event: 11.892 Thread 0x000002c605240110 nmethod 7810% 0x000002c5b23c9f10 code [0x000002c5b23ca0e0, 0x000002c5b23ca480]
Event: 11.892 Thread 0x000002c605240110 7811       3       org.eclipse.jdt.internal.compiler.lookup.BinaryTypeBinding::createAnnotations (59 bytes)
Event: 11.893 Thread 0x000002c605240110 nmethod 7811 0x000002c5b23ca610 code [0x000002c5b23ca7e0, 0x000002c5b23cacd8]
Event: 11.893 Thread 0x000002c605240110 7812   !   3       org.eclipse.jdt.internal.compiler.lookup.TypeSystem::getUnannotatedType (267 bytes)
Event: 11.894 Thread 0x000002c605240110 nmethod 7812 0x000002c5b23caf10 code [0x000002c5b23cb1c0, 0x000002c5b23cc438]
Event: 11.894 Thread 0x000002c605240110 7815       3       org.eclipse.jdt.internal.compiler.util.CharDeduplication::hashCode (37 bytes)
Event: 11.895 Thread 0x000002c605240110 nmethod 7815 0x000002c5b23ccd10 code [0x000002c5b23ccec0, 0x000002c5b23cd0d8]
Event: 11.895 Thread 0x000002c605240110 7813       3       org.eclipse.jdt.internal.compiler.lookup.TypeBinding::hasTypeAnnotations (17 bytes)
Event: 11.895 Thread 0x000002c605240110 nmethod 7813 0x000002c5b23cd210 code [0x000002c5b23cd3c0, 0x000002c5b23cd540]
Event: 11.895 Thread 0x000002c605240110 7814       3       org.eclipse.jdt.internal.compiler.lookup.TypeSystem$HashedParameterizedTypes$PTBKey::hash (33 bytes)
Event: 11.895 Thread 0x000002c605240110 nmethod 7814 0x000002c5b23cd610 code [0x000002c5b23cd800, 0x000002c5b23cdcd8]
Event: 11.898 Thread 0x000002c605240110 7817       1       org.eclipse.jdt.internal.compiler.lookup.ModuleBinding$UnNamedModule::isUnnamed (2 bytes)

GC Heap History (20 events):
Event: 8.539 GC heap before
{Heap before GC invocations=25 (full 2):
 PSYoungGen      total 17920K, used 17906K [0x00000000eab00000, 0x00000000ec400000, 0x0000000100000000)
  eden space 16384K, 100% used [0x00000000eab00000,0x00000000ebb00000,0x00000000ebb00000)
  from space 1536K, 99% used [0x00000000ebf00000,0x00000000ec07ca50,0x00000000ec080000)
  to   space 4096K, 0% used [0x00000000ebb00000,0x00000000ebb00000,0x00000000ebf00000)
 ParOldGen       total 68608K, used 40068K [0x00000000c0000000, 0x00000000c4300000, 0x00000000eab00000)
  object space 68608K, 58% used [0x00000000c0000000,0x00000000c2721340,0x00000000c4300000)
 Metaspace       used 43776K, committed 45120K, reserved 1114112K
  class space    used 4707K, committed 5312K, reserved 1048576K
}
Event: 8.546 GC heap after
{Heap after GC invocations=25 (full 2):
 PSYoungGen      total 17920K, used 1536K [0x00000000eab00000, 0x00000000ec000000, 0x0000000100000000)
  eden space 16384K, 0% used [0x00000000eab00000,0x00000000eab00000,0x00000000ebb00000)
  from space 1536K, 100% used [0x00000000ebb00000,0x00000000ebc80000,0x00000000ebc80000)
  to   space 2560K, 0% used [0x00000000ebd80000,0x00000000ebd80000,0x00000000ec000000)
 ParOldGen       total 68608K, used 41550K [0x00000000c0000000, 0x00000000c4300000, 0x00000000eab00000)
  object space 68608K, 60% used [0x00000000c0000000,0x00000000c2893968,0x00000000c4300000)
 Metaspace       used 43776K, committed 45120K, reserved 1114112K
  class space    used 4707K, committed 5312K, reserved 1048576K
}
Event: 8.629 GC heap before
{Heap before GC invocations=26 (full 2):
 PSYoungGen      total 17920K, used 17920K [0x00000000eab00000, 0x00000000ec000000, 0x0000000100000000)
  eden space 16384K, 100% used [0x00000000eab00000,0x00000000ebb00000,0x00000000ebb00000)
  from space 1536K, 100% used [0x00000000ebb00000,0x00000000ebc80000,0x00000000ebc80000)
  to   space 2560K, 0% used [0x00000000ebd80000,0x00000000ebd80000,0x00000000ec000000)
 ParOldGen       total 68608K, used 41550K [0x00000000c0000000, 0x00000000c4300000, 0x00000000eab00000)
  object space 68608K, 60% used [0x00000000c0000000,0x00000000c2893968,0x00000000c4300000)
 Metaspace       used 44074K, committed 45440K, reserved 1114112K
  class space    used 4749K, committed 5312K, reserved 1048576K
}
Event: 8.634 GC heap after
{Heap after GC invocations=26 (full 2):
 PSYoungGen      total 18432K, used 1824K [0x00000000eab00000, 0x00000000ebf80000, 0x0000000100000000)
  eden space 16384K, 0% used [0x00000000eab00000,0x00000000eab00000,0x00000000ebb00000)
  from space 2048K, 89% used [0x00000000ebd80000,0x00000000ebf48010,0x00000000ebf80000)
  to   space 2048K, 0% used [0x00000000ebb80000,0x00000000ebb80000,0x00000000ebd80000)
 ParOldGen       total 68608K, used 42973K [0x00000000c0000000, 0x00000000c4300000, 0x00000000eab00000)
  object space 68608K, 62% used [0x00000000c0000000,0x00000000c29f7668,0x00000000c4300000)
 Metaspace       used 44074K, committed 45440K, reserved 1114112K
  class space    used 4749K, committed 5312K, reserved 1048576K
}
Event: 8.693 GC heap before
{Heap before GC invocations=27 (full 2):
 PSYoungGen      total 18432K, used 18208K [0x00000000eab00000, 0x00000000ebf80000, 0x0000000100000000)
  eden space 16384K, 100% used [0x00000000eab00000,0x00000000ebb00000,0x00000000ebb00000)
  from space 2048K, 89% used [0x00000000ebd80000,0x00000000ebf48010,0x00000000ebf80000)
  to   space 2048K, 0% used [0x00000000ebb80000,0x00000000ebb80000,0x00000000ebd80000)
 ParOldGen       total 68608K, used 42973K [0x00000000c0000000, 0x00000000c4300000, 0x00000000eab00000)
  object space 68608K, 62% used [0x00000000c0000000,0x00000000c29f7668,0x00000000c4300000)
 Metaspace       used 44343K, committed 45696K, reserved 1114112K
  class space    used 4779K, committed 5376K, reserved 1048576K
}
Event: 8.698 GC heap after
{Heap after GC invocations=27 (full 2):
 PSYoungGen      total 18432K, used 1592K [0x00000000eab00000, 0x00000000ebf00000, 0x0000000100000000)
  eden space 16384K, 0% used [0x00000000eab00000,0x00000000eab00000,0x00000000ebb00000)
  from space 2048K, 77% used [0x00000000ebb80000,0x00000000ebd0e200,0x00000000ebd80000)
  to   space 1536K, 0% used [0x00000000ebd80000,0x00000000ebd80000,0x00000000ebf00000)
 ParOldGen       total 68608K, used 44629K [0x00000000c0000000, 0x00000000c4300000, 0x00000000eab00000)
  object space 68608K, 65% used [0x00000000c0000000,0x00000000c2b95678,0x00000000c4300000)
 Metaspace       used 44343K, committed 45696K, reserved 1114112K
  class space    used 4779K, committed 5376K, reserved 1048576K
}
Event: 9.045 GC heap before
{Heap before GC invocations=28 (full 2):
 PSYoungGen      total 18432K, used 17976K [0x00000000eab00000, 0x00000000ebf00000, 0x0000000100000000)
  eden space 16384K, 100% used [0x00000000eab00000,0x00000000ebb00000,0x00000000ebb00000)
  from space 2048K, 77% used [0x00000000ebb80000,0x00000000ebd0e200,0x00000000ebd80000)
  to   space 1536K, 0% used [0x00000000ebd80000,0x00000000ebd80000,0x00000000ebf00000)
 ParOldGen       total 68608K, used 44629K [0x00000000c0000000, 0x00000000c4300000, 0x00000000eab00000)
  object space 68608K, 65% used [0x00000000c0000000,0x00000000c2b95678,0x00000000c4300000)
 Metaspace       used 46076K, committed 47424K, reserved 1114112K
  class space    used 4993K, committed 5568K, reserved 1048576K
}
Event: 9.049 GC heap after
{Heap after GC invocations=28 (full 2):
 PSYoungGen      total 17920K, used 1344K [0x00000000eab00000, 0x00000000ebf00000, 0x0000000100000000)
  eden space 16384K, 0% used [0x00000000eab00000,0x00000000eab00000,0x00000000ebb00000)
  from space 1536K, 87% used [0x00000000ebd80000,0x00000000ebed0000,0x00000000ebf00000)
  to   space 1536K, 0% used [0x00000000ebc00000,0x00000000ebc00000,0x00000000ebd80000)
 ParOldGen       total 68608K, used 46074K [0x00000000c0000000, 0x00000000c4300000, 0x00000000eab00000)
  object space 68608K, 67% used [0x00000000c0000000,0x00000000c2cfebd0,0x00000000c4300000)
 Metaspace       used 46076K, committed 47424K, reserved 1114112K
  class space    used 4993K, committed 5568K, reserved 1048576K
}
Event: 9.382 GC heap before
{Heap before GC invocations=29 (full 2):
 PSYoungGen      total 17920K, used 17728K [0x00000000eab00000, 0x00000000ebf00000, 0x0000000100000000)
  eden space 16384K, 100% used [0x00000000eab00000,0x00000000ebb00000,0x00000000ebb00000)
  from space 1536K, 87% used [0x00000000ebd80000,0x00000000ebed0000,0x00000000ebf00000)
  to   space 1536K, 0% used [0x00000000ebc00000,0x00000000ebc00000,0x00000000ebd80000)
 ParOldGen       total 68608K, used 46074K [0x00000000c0000000, 0x00000000c4300000, 0x00000000eab00000)
  object space 68608K, 67% used [0x00000000c0000000,0x00000000c2cfebd0,0x00000000c4300000)
 Metaspace       used 47763K, committed 49088K, reserved 1114112K
  class space    used 5204K, committed 5824K, reserved 1048576K
}
Event: 9.386 GC heap after
{Heap after GC invocations=29 (full 2):
 PSYoungGen      total 17920K, used 1184K [0x00000000eab00000, 0x00000000ebe00000, 0x0000000100000000)
  eden space 16384K, 0% used [0x00000000eab00000,0x00000000eab00000,0x00000000ebb00000)
  from space 1536K, 77% used [0x00000000ebc00000,0x00000000ebd28000,0x00000000ebd80000)
  to   space 512K, 0% used [0x00000000ebd80000,0x00000000ebd80000,0x00000000ebe00000)
 ParOldGen       total 68608K, used 47194K [0x00000000c0000000, 0x00000000c4300000, 0x00000000eab00000)
  object space 68608K, 68% used [0x00000000c0000000,0x00000000c2e16bf0,0x00000000c4300000)
 Metaspace       used 47763K, committed 49088K, reserved 1114112K
  class space    used 5204K, committed 5824K, reserved 1048576K
}
Event: 9.729 GC heap before
{Heap before GC invocations=30 (full 2):
 PSYoungGen      total 17920K, used 17568K [0x00000000eab00000, 0x00000000ebe00000, 0x0000000100000000)
  eden space 16384K, 100% used [0x00000000eab00000,0x00000000ebb00000,0x00000000ebb00000)
  from space 1536K, 77% used [0x00000000ebc00000,0x00000000ebd28000,0x00000000ebd80000)
  to   space 512K, 0% used [0x00000000ebd80000,0x00000000ebd80000,0x00000000ebe00000)
 ParOldGen       total 68608K, used 47194K [0x00000000c0000000, 0x00000000c4300000, 0x00000000eab00000)
  object space 68608K, 68% used [0x00000000c0000000,0x00000000c2e16bf0,0x00000000c4300000)
 Metaspace       used 50015K, committed 51328K, reserved 1114112K
  class space    used 5447K, committed 6016K, reserved 1048576K
}
Event: 9.731 GC heap after
{Heap after GC invocations=30 (full 2):
 PSYoungGen      total 16896K, used 489K [0x00000000eab00000, 0x00000000ebf00000, 0x0000000100000000)
  eden space 16384K, 0% used [0x00000000eab00000,0x00000000eab00000,0x00000000ebb00000)
  from space 512K, 95% used [0x00000000ebd80000,0x00000000ebdfa750,0x00000000ebe00000)
  to   space 2048K, 0% used [0x00000000ebb00000,0x00000000ebb00000,0x00000000ebd00000)
 ParOldGen       total 68608K, used 48499K [0x00000000c0000000, 0x00000000c4300000, 0x00000000eab00000)
  object space 68608K, 70% used [0x00000000c0000000,0x00000000c2f5cc98,0x00000000c4300000)
 Metaspace       used 50015K, committed 51328K, reserved 1114112K
  class space    used 5447K, committed 6016K, reserved 1048576K
}
Event: 10.203 GC heap before
{Heap before GC invocations=31 (full 2):
 PSYoungGen      total 16896K, used 16873K [0x00000000eab00000, 0x00000000ebf00000, 0x0000000100000000)
  eden space 16384K, 100% used [0x00000000eab00000,0x00000000ebb00000,0x00000000ebb00000)
  from space 512K, 95% used [0x00000000ebd80000,0x00000000ebdfa750,0x00000000ebe00000)
  to   space 2048K, 0% used [0x00000000ebb00000,0x00000000ebb00000,0x00000000ebd00000)
 ParOldGen       total 68608K, used 48499K [0x00000000c0000000, 0x00000000c4300000, 0x00000000eab00000)
  object space 68608K, 70% used [0x00000000c0000000,0x00000000c2f5cc98,0x00000000c4300000)
 Metaspace       used 51029K, committed 52416K, reserved 1114112K
  class space    used 5596K, committed 6208K, reserved 1048576K
}
Event: 10.205 GC heap after
{Heap after GC invocations=31 (full 2):
 PSYoungGen      total 18432K, used 496K [0x00000000eab00000, 0x00000000ebe00000, 0x0000000100000000)
  eden space 16384K, 0% used [0x00000000eab00000,0x00000000eab00000,0x00000000ebb00000)
  from space 2048K, 24% used [0x00000000ebb00000,0x00000000ebb7c030,0x00000000ebd00000)
  to   space 1024K, 0% used [0x00000000ebd00000,0x00000000ebd00000,0x00000000ebe00000)
 ParOldGen       total 68608K, used 48978K [0x00000000c0000000, 0x00000000c4300000, 0x00000000eab00000)
  object space 68608K, 71% used [0x00000000c0000000,0x00000000c2fd48f8,0x00000000c4300000)
 Metaspace       used 51029K, committed 52416K, reserved 1114112K
  class space    used 5596K, committed 6208K, reserved 1048576K
}
Event: 10.636 GC heap before
{Heap before GC invocations=32 (full 2):
 PSYoungGen      total 18432K, used 16880K [0x00000000eab00000, 0x00000000ebe00000, 0x0000000100000000)
  eden space 16384K, 100% used [0x00000000eab00000,0x00000000ebb00000,0x00000000ebb00000)
  from space 2048K, 24% used [0x00000000ebb00000,0x00000000ebb7c030,0x00000000ebd00000)
  to   space 1024K, 0% used [0x00000000ebd00000,0x00000000ebd00000,0x00000000ebe00000)
 ParOldGen       total 68608K, used 48978K [0x00000000c0000000, 0x00000000c4300000, 0x00000000eab00000)
  object space 68608K, 71% used [0x00000000c0000000,0x00000000c2fd48f8,0x00000000c4300000)
 Metaspace       used 51963K, committed 53376K, reserved 1114112K
  class space    used 5684K, committed 6272K, reserved 1048576K
}
Event: 10.638 GC heap after
{Heap after GC invocations=32 (full 2):
 PSYoungGen      total 16896K, used 352K [0x00000000eab00000, 0x00000000ebd80000, 0x0000000100000000)
  eden space 16384K, 0% used [0x00000000eab00000,0x00000000eab00000,0x00000000ebb00000)
  from space 512K, 68% used [0x00000000ebd00000,0x00000000ebd58000,0x00000000ebd80000)
  to   space 512K, 0% used [0x00000000ebc80000,0x00000000ebc80000,0x00000000ebd00000)
 ParOldGen       total 68608K, used 49385K [0x00000000c0000000, 0x00000000c4300000, 0x00000000eab00000)
  object space 68608K, 71% used [0x00000000c0000000,0x00000000c303a718,0x00000000c4300000)
 Metaspace       used 51963K, committed 53376K, reserved 1114112K
  class space    used 5684K, committed 6272K, reserved 1048576K
}
Event: 10.859 GC heap before
{Heap before GC invocations=33 (full 2):
 PSYoungGen      total 16896K, used 16736K [0x00000000eab00000, 0x00000000ebd80000, 0x0000000100000000)
  eden space 16384K, 100% used [0x00000000eab00000,0x00000000ebb00000,0x00000000ebb00000)
  from space 512K, 68% used [0x00000000ebd00000,0x00000000ebd58000,0x00000000ebd80000)
  to   space 512K, 0% used [0x00000000ebc80000,0x00000000ebc80000,0x00000000ebd00000)
 ParOldGen       total 68608K, used 49385K [0x00000000c0000000, 0x00000000c4300000, 0x00000000eab00000)
  object space 68608K, 71% used [0x00000000c0000000,0x00000000c303a718,0x00000000c4300000)
 Metaspace       used 52489K, committed 53952K, reserved 1114112K
  class space    used 5733K, committed 6400K, reserved 1048576K
}
Event: 10.861 GC heap after
{Heap after GC invocations=33 (full 2):
 PSYoungGen      total 16896K, used 511K [0x00000000eab00000, 0x00000000ec500000, 0x0000000100000000)
  eden space 16384K, 0% used [0x00000000eab00000,0x00000000eab00000,0x00000000ebb00000)
  from space 512K, 99% used [0x00000000ebc80000,0x00000000ebcffd18,0x00000000ebd00000)
  to   space 5120K, 0% used [0x00000000ec000000,0x00000000ec000000,0x00000000ec500000)
 ParOldGen       total 68608K, used 53269K [0x00000000c0000000, 0x00000000c4300000, 0x00000000eab00000)
  object space 68608K, 77% used [0x00000000c0000000,0x00000000c3405718,0x00000000c4300000)
 Metaspace       used 52489K, committed 53952K, reserved 1114112K
  class space    used 5733K, committed 6400K, reserved 1048576K
}
Event: 11.484 GC heap before
{Heap before GC invocations=34 (full 2):
 PSYoungGen      total 16896K, used 16895K [0x00000000eab00000, 0x00000000ec500000, 0x0000000100000000)
  eden space 16384K, 100% used [0x00000000eab00000,0x00000000ebb00000,0x00000000ebb00000)
  from space 512K, 99% used [0x00000000ebc80000,0x00000000ebcffd18,0x00000000ebd00000)
  to   space 5120K, 0% used [0x00000000ec000000,0x00000000ec000000,0x00000000ec500000)
 ParOldGen       total 68608K, used 53269K [0x00000000c0000000, 0x00000000c4300000, 0x00000000eab00000)
  object space 68608K, 77% used [0x00000000c0000000,0x00000000c3405718,0x00000000c4300000)
 Metaspace       used 53827K, committed 55232K, reserved 1114112K
  class space    used 5836K, committed 6464K, reserved 1048576K
}
Event: 11.486 GC heap after
{Heap after GC invocations=34 (full 2):
 PSYoungGen      total 17920K, used 1056K [0x00000000eab00000, 0x00000000ec180000, 0x0000000100000000)
  eden space 16384K, 0% used [0x00000000eab00000,0x00000000eab00000,0x00000000ebb00000)
  from space 1536K, 68% used [0x00000000ec000000,0x00000000ec108010,0x00000000ec180000)
  to   space 2560K, 0% used [0x00000000ebc80000,0x00000000ebc80000,0x00000000ebf00000)
 ParOldGen       total 68608K, used 53781K [0x00000000c0000000, 0x00000000c4300000, 0x00000000eab00000)
  object space 68608K, 78% used [0x00000000c0000000,0x00000000c34857f0,0x00000000c4300000)
 Metaspace       used 53827K, committed 55232K, reserved 1114112K
  class space    used 5836K, committed 6464K, reserved 1048576K
}

Dll operation events (10 events):
Event: 0.021 Loaded shared library c:\Users\agnes\.vscode\extensions\redhat.java-1.50.0-win32-x64\jre\21.0.9-win32-x86_64\bin\java.dll
Event: 0.055 Loaded shared library c:\Users\agnes\.vscode\extensions\redhat.java-1.50.0-win32-x64\jre\21.0.9-win32-x86_64\bin\zip.dll
Event: 0.171 Loaded shared library C:\Users\agnes\.vscode\extensions\redhat.java-1.50.0-win32-x64\jre\21.0.9-win32-x86_64\bin\instrument.dll
Event: 0.178 Loaded shared library C:\Users\agnes\.vscode\extensions\redhat.java-1.50.0-win32-x64\jre\21.0.9-win32-x86_64\bin\net.dll
Event: 0.181 Loaded shared library C:\Users\agnes\.vscode\extensions\redhat.java-1.50.0-win32-x64\jre\21.0.9-win32-x86_64\bin\nio.dll
Event: 0.186 Loaded shared library C:\Users\agnes\.vscode\extensions\redhat.java-1.50.0-win32-x64\jre\21.0.9-win32-x86_64\bin\zip.dll
Event: 0.212 Loaded shared library C:\Users\agnes\.vscode\extensions\redhat.java-1.50.0-win32-x64\jre\21.0.9-win32-x86_64\bin\jimage.dll
Event: 0.326 Loaded shared library c:\Users\agnes\.vscode\extensions\redhat.java-1.50.0-win32-x64\jre\21.0.9-win32-x86_64\bin\verify.dll
Event: 2.000 Loaded shared library C:\Users\agnes\AppData\Roaming\Code\User\globalStorage\redhat.java\1.50.0\config_win\org.eclipse.equinox.launcher\org.eclipse.equinox.launcher.win32.win32.x86_64_1.2.1400.v20250801-0854\eclipse_11916.dll
Event: 4.356 Loaded shared library C:\Users\agnes\AppData\Local\Temp\jna-92758966\jna13906530235424857678.dll

Deoptimization events (20 events):
Event: 10.868 Thread 0x000002c60a5efc80 DEOPT PACKING pc=0x000002c5b90cbc38 sp=0x000000d40aefdab0
Event: 10.868 Thread 0x000002c60a5efc80 DEOPT UNPACKING pc=0x000002c5b8b13aa2 sp=0x000000d40aefdac0 mode 2
Event: 10.869 Thread 0x000002c60a5efc80 Uncommon trap: trap_request=0xffffff45 fr.pc=0x000002c5b9215308 relative=0x00000000000009c8
Event: 10.869 Thread 0x000002c60a5efc80 Uncommon trap: reason=unstable_if action=reinterpret pc=0x000002c5b9215308 method=java.util.Arrays.mismatch([BII[BII)I @ 58 c2
Event: 10.869 Thread 0x000002c60a5efc80 DEOPT PACKING pc=0x000002c5b9215308 sp=0x000000d40aefe050
Event: 10.869 Thread 0x000002c60a5efc80 DEOPT UNPACKING pc=0x000002c5b8b13aa2 sp=0x000000d40aefdec0 mode 2
Event: 11.068 Thread 0x000002c60a5efc80 DEOPT PACKING pc=0x000002c5b1d0357b sp=0x000000d40aefcae0
Event: 11.068 Thread 0x000002c60a5efc80 DEOPT UNPACKING pc=0x000002c5b8b14242 sp=0x000000d40aefbf50 mode 0
Event: 11.076 Thread 0x000002c60a5efc80 DEOPT PACKING pc=0x000002c5b222dbb9 sp=0x000000d40aefc890
Event: 11.076 Thread 0x000002c60a5efc80 DEOPT UNPACKING pc=0x000002c5b8b14242 sp=0x000000d40aefbd90 mode 0
Event: 11.281 Thread 0x000002c60a5efc80 DEOPT PACKING pc=0x000002c5b22cfc41 sp=0x000000d40aefcf70
Event: 11.281 Thread 0x000002c60a5efc80 DEOPT UNPACKING pc=0x000002c5b8b14242 sp=0x000000d40aefc450 mode 0
Event: 11.752 Thread 0x000002c60a5efc80 Uncommon trap: trap_request=0xffffffde fr.pc=0x000002c5b928b3d0 relative=0x0000000000000790
Event: 11.752 Thread 0x000002c60a5efc80 Uncommon trap: reason=class_check action=maybe_recompile pc=0x000002c5b928b3d0 method=java.util.HashMap.putVal(ILjava/lang/Object;Ljava/lang/Object;ZZ)Ljava/lang/Object; @ 203 c2
Event: 11.752 Thread 0x000002c60a5efc80 DEOPT PACKING pc=0x000002c5b928b3d0 sp=0x000000d40aefe370
Event: 11.752 Thread 0x000002c60a5efc80 DEOPT UNPACKING pc=0x000002c5b8b13aa2 sp=0x000000d40aefe2e0 mode 2
Event: 11.894 Thread 0x000002c60a5efc80 Uncommon trap: trap_request=0xffffffde fr.pc=0x000002c5b928b3d0 relative=0x0000000000000790
Event: 11.894 Thread 0x000002c60a5efc80 Uncommon trap: reason=class_check action=maybe_recompile pc=0x000002c5b928b3d0 method=java.util.HashMap.putVal(ILjava/lang/Object;Ljava/lang/Object;ZZ)Ljava/lang/Object; @ 203 c2
Event: 11.894 Thread 0x000002c60a5efc80 DEOPT PACKING pc=0x000002c5b928b3d0 sp=0x000000d40aefc650
Event: 11.894 Thread 0x000002c60a5efc80 DEOPT UNPACKING pc=0x000002c5b8b13aa2 sp=0x000000d40aefc5c0 mode 2

Classes loaded (20 events):
Event: 9.231 Loading class java/lang/ProcessEnvironment$CheckedKeySet
Event: 9.232 Loading class java/lang/ProcessEnvironment$CheckedKeySet done
Event: 9.499 Loading class java/util/regex/Pattern$Pos
Event: 9.499 Loading class java/util/regex/Pattern$Pos done
Event: 9.536 Loading class sun/security/provider/MD5
Event: 9.536 Loading class sun/security/provider/MD5 done
Event: 9.536 Loading class sun/security/provider/ByteArrayAccess$LE
Event: 9.536 Loading class sun/security/provider/ByteArrayAccess$LE done
Event: 10.231 Loading class java/util/Vector$1
Event: 10.231 Loading class java/util/Vector$1 done
Event: 10.644 Loading class java/util/regex/Pattern$Caret
Event: 10.644 Loading class java/util/regex/Pattern$Caret done
Event: 10.862 Loading class java/util/WeakHashMap$KeyIterator
Event: 10.863 Loading class java/util/WeakHashMap$KeyIterator done
Event: 11.764 Loading class java/util/stream/ReduceOps$4
Event: 11.765 Loading class java/util/stream/ReduceOps$4 done
Event: 11.765 Loading class java/util/stream/ReduceOps$4ReducingSink
Event: 11.765 Loading class java/util/stream/ReduceOps$4ReducingSink done
Event: 11.768 Loading class java/nio/file/Files$2
Event: 11.770 Loading class java/nio/file/Files$2 done

Classes unloaded (7 events):
Event: 5.129 Thread 0x000002c5ae432a20 Unloading class 0x000002c5c41a6400 'java/lang/invoke/LambdaForm$MH+0x000002c5c41a6400'
Event: 5.129 Thread 0x000002c5ae432a20 Unloading class 0x000002c5c41a6000 'java/lang/invoke/LambdaForm$MH+0x000002c5c41a6000'
Event: 5.129 Thread 0x000002c5ae432a20 Unloading class 0x000002c5c41a5c00 'java/lang/invoke/LambdaForm$MH+0x000002c5c41a5c00'
Event: 5.129 Thread 0x000002c5ae432a20 Unloading class 0x000002c5c41a5800 'java/lang/invoke/LambdaForm$MH+0x000002c5c41a5800'
Event: 5.129 Thread 0x000002c5ae432a20 Unloading class 0x000002c5c41a5400 'java/lang/invoke/LambdaForm$BMH+0x000002c5c41a5400'
Event: 5.129 Thread 0x000002c5ae432a20 Unloading class 0x000002c5c41a5000 'java/lang/invoke/LambdaForm$DMH+0x000002c5c41a5000'
Event: 5.129 Thread 0x000002c5ae432a20 Unloading class 0x000002c5c41a4000 'java/lang/invoke/LambdaForm$DMH+0x000002c5c41a4000'

Classes redefined (0 events):
No events

Internal exceptions (20 events):
Event: 10.627 Thread 0x000002c60a5efc80 Exception <a 'java/lang/NoClassDefFoundError'{0x00000000eba7d700}: org/eclipse/core/runtime/IPath> (0x00000000eba7d700) 
thrown [s\src\hotspot\share\classfile\systemDictionary.cpp, line 301]
Event: 10.855 Thread 0x000002c60a5ee240 Exception <a 'sun/nio/fs/WindowsException'{0x00000000ebae4888}> (0x00000000ebae4888) 
thrown [s\src\hotspot\share\prims\jni.cpp, line 520]
Event: 10.856 Thread 0x000002c60a5ee240 Exception <a 'sun/nio/fs/WindowsException'{0x00000000ebae5260}> (0x00000000ebae5260) 
thrown [s\src\hotspot\share\prims\jni.cpp, line 520]
Event: 10.868 Thread 0x000002c60a5ee240 Exception <a 'java/io/FileNotFoundException'{0x00000000eab6db08}> (0x00000000eab6db08) 
thrown [s\src\hotspot\share\prims\jni.cpp, line 520]
Event: 10.870 Thread 0x000002c60a5ee240 Exception <a 'java/io/FileNotFoundException'{0x00000000eab6ebd8}> (0x00000000eab6ebd8) 
thrown [s\src\hotspot\share\prims\jni.cpp, line 520]
Event: 10.871 Thread 0x000002c60a5ee240 Exception <a 'java/io/FileNotFoundException'{0x00000000eab6fb90}> (0x00000000eab6fb90) 
thrown [s\src\hotspot\share\prims\jni.cpp, line 520]
Event: 11.050 Thread 0x000002c60a5efc80 Exception <a 'java/lang/NoClassDefFoundError'{0x00000000eafa36c0}: org/eclipse/jdt/core/dom/Name> (0x00000000eafa36c0) 
thrown [s\src\hotspot\share\classfile\systemDictionary.cpp, line 301]
Event: 11.050 Thread 0x000002c60a5efc80 Exception <a 'java/lang/NullPointerException'{0x00000000eafa3c60}> (0x00000000eafa3c60) 
thrown [s\src\hotspot\share\interpreter\linkResolver.cpp, line 1372]
Event: 11.050 Thread 0x000002c60a5efc80 Exception <a 'java/lang/NullPointerException'{0x00000000eafa4408}> (0x00000000eafa4408) 
thrown [s\src\hotspot\share\interpreter\linkResolver.cpp, line 1372]
Event: 11.204 Thread 0x000002c60a5efc80 Exception <a 'java/lang/NoSuchMethodError'{0x00000000eb3bfa48}: 'java.lang.Object java.lang.invoke.DirectMethodHandle$Holder.invokeStatic(java.lang.Object, java.lang.Object, int, int)'> (0x00000000eb3bfa48) 
thrown [s\src\hotspot\share\interpreter\linkResolver.cpp, line 773]
Event: 11.204 Thread 0x000002c60a5efc80 Exception <a 'java/lang/NoSuchMethodError'{0x00000000eb3c3d58}: 'java.lang.Object java.lang.invoke.DirectMethodHandle$Holder.invokeSpecial(java.lang.Object, java.lang.Object, java.lang.Object, int, int)'> (0x00000000eb3c3d58) 
thrown [s\src\hotspot\share\interpreter\linkResolver.cpp, line 773]
Event: 11.450 Thread 0x000002c60a5efc80 Exception <a 'java/lang/NullPointerException'{0x00000000eba31240}> (0x00000000eba31240) 
thrown [s\src\hotspot\share\interpreter\linkResolver.cpp, line 1372]
Event: 11.522 Thread 0x000002c60a5efc80 Exception <a 'java/lang/NullPointerException'{0x00000000eac2ae08}> (0x00000000eac2ae08) 
thrown [s\src\hotspot\share\interpreter\linkResolver.cpp, line 1372]
Event: 11.523 Thread 0x000002c60a5efc80 Exception <a 'java/lang/NullPointerException'{0x00000000eac2b668}> (0x00000000eac2b668) 
thrown [s\src\hotspot\share\interpreter\linkResolver.cpp, line 1372]
Event: 11.523 Thread 0x000002c60a5efc80 Exception <a 'java/lang/NullPointerException'{0x00000000eac2c0b8}> (0x00000000eac2c0b8) 
thrown [s\src\hotspot\share\interpreter\linkResolver.cpp, line 1372]
Event: 11.607 Thread 0x000002c60a5efc80 Exception <a 'java/lang/NullPointerException'{0x00000000eaedc7d0}> (0x00000000eaedc7d0) 
thrown [s\src\hotspot\share\interpreter\linkResolver.cpp, line 1372]
Event: 11.713 Thread 0x000002c60a5efc80 Exception <a 'java/lang/NullPointerException'{0x00000000eb2435f8}> (0x00000000eb2435f8) 
thrown [s\src\hotspot\share\interpreter\linkResolver.cpp, line 1372]
Event: 11.713 Thread 0x000002c60a5efc80 Exception <a 'java/lang/NullPointerException'{0x00000000eb243de8}> (0x00000000eb243de8) 
thrown [s\src\hotspot\share\interpreter\linkResolver.cpp, line 1372]
Event: 11.728 Thread 0x000002c60a5efc80 Exception <a 'java/lang/NullPointerException'{0x00000000eb269090}> (0x00000000eb269090) 
thrown [s\src\hotspot\share\interpreter\linkResolver.cpp, line 1372]
Event: 11.773 Thread 0x000002c60a5efc80 Exception <a 'java/lang/NoSuchMethodError'{0x00000000eb2fa2e8}: 'int java.lang.invoke.DirectMethodHandle$Holder.invokeSpecialIFC(java.lang.Object, java.lang.Object, java.lang.Object)'> (0x00000000eb2fa2e8) 
thrown [s\src\hotspot\share\interpreter\linkResolver.cpp, line 773]

ZGC Phase Switch (0 events):
No events

VM Operations (20 events):
Event: 9.045 Executing VM operation: ParallelGCFailedAllocation (Allocation Failure)
Event: 9.049 Executing VM operation: ParallelGCFailedAllocation (Allocation Failure) done
Event: 9.321 Executing VM operation: HandshakeAllThreads (Deoptimize)
Event: 9.322 Executing VM operation: HandshakeAllThreads (Deoptimize) done
Event: 9.382 Executing VM operation: ParallelGCFailedAllocation (Allocation Failure)
Event: 9.386 Executing VM operation: ParallelGCFailedAllocation (Allocation Failure) done
Event: 9.709 Executing VM operation: HandshakeAllThreads (Deoptimize)
Event: 9.709 Executing VM operation: HandshakeAllThreads (Deoptimize) done
Event: 9.729 Executing VM operation: ParallelGCFailedAllocation (Allocation Failure)
Event: 9.731 Executing VM operation: ParallelGCFailedAllocation (Allocation Failure) done
Event: 10.202 Executing VM operation: ParallelGCFailedAllocation (Allocation Failure)
Event: 10.205 Executing VM operation: ParallelGCFailedAllocation (Allocation Failure) done
Event: 10.636 Executing VM operation: ParallelGCFailedAllocation (Allocation Failure)
Event: 10.638 Executing VM operation: ParallelGCFailedAllocation (Allocation Failure) done
Event: 10.859 Executing VM operation: ParallelGCFailedAllocation (Allocation Failure)
Event: 10.861 Executing VM operation: ParallelGCFailedAllocation (Allocation Failure) done
Event: 11.484 Executing VM operation: ParallelGCFailedAllocation (Allocation Failure)
Event: 11.486 Executing VM operation: ParallelGCFailedAllocation (Allocation Failure) done
Event: 12.488 Executing VM operation: Cleanup
Event: 12.488 Executing VM operation: Cleanup done

Memory protections (0 events):
No events

Nmethod flushes (20 events):
Event: 7.159 Thread 0x000002c5ae432a20 flushing  nmethod 0x000002c5b1c00b90
Event: 7.159 Thread 0x000002c5ae432a20 flushing  nmethod 0x000002c5b1c03090
Event: 7.159 Thread 0x000002c5ae432a20 flushing  nmethod 0x000002c5b1c0c710
Event: 7.159 Thread 0x000002c5ae432a20 flushing  nmethod 0x000002c5b1c0f190
Event: 7.159 Thread 0x000002c5ae432a20 flushing  nmethod 0x000002c5b1c41910
Event: 7.159 Thread 0x000002c5ae432a20 flushing  nmethod 0x000002c5b1c42590
Event: 7.159 Thread 0x000002c5ae432a20 flushing  nmethod 0x000002c5b1c42e90
Event: 7.159 Thread 0x000002c5ae432a20 flushing  nmethod 0x000002c5b1c44890
Event: 7.159 Thread 0x000002c5ae432a20 flushing  nmethod 0x000002c5b1c45990
Event: 7.159 Thread 0x000002c5ae432a20 flushing  nmethod 0x000002c5b1c46e90
Event: 7.159 Thread 0x000002c5ae432a20 flushing  nmethod 0x000002c5b1c47310
Event: 7.159 Thread 0x000002c5ae432a20 flushing  nmethod 0x000002c5b1c48d10
Event: 7.159 Thread 0x000002c5ae432a20 flushing  nmethod 0x000002c5b1c92610
Event: 7.159 Thread 0x000002c5ae432a20 flushing  nmethod 0x000002c5b1c97390
Event: 7.159 Thread 0x000002c5ae432a20 flushing  nmethod 0x000002c5b1c99490
Event: 7.159 Thread 0x000002c5ae432a20 flushing  nmethod 0x000002c5b1cdc610
Event: 7.159 Thread 0x000002c5ae432a20 flushing  nmethod 0x000002c5b1d04a10
Event: 7.159 Thread 0x000002c5ae432a20 flushing  nmethod 0x000002c5b1d2a110
Event: 7.159 Thread 0x000002c5ae432a20 flushing  nmethod 0x000002c5b1d2d310
Event: 7.159 Thread 0x000002c5ae432a20 flushing  nmethod 0x000002c5b1d2d790

Events (20 events):
Event: 7.804 Thread 0x000002c60c35e290 Thread added: 0x000002c60c35efb0
Event: 7.805 Thread 0x000002c60c35cee0 Thread added: 0x000002c60c35e920
Event: 7.861 Thread 0x000002c5ac07ce40 Thread added: 0x000002c60a79b370
Event: 7.862 Thread 0x000002c5ac07ce40 Thread added: 0x000002c60a799930
Event: 9.816 Thread 0x000002c60a5efc80 Thread added: 0x000002c60a79ba00
Event: 9.817 Thread 0x000002c60a79ba00 Thread added: 0x000002c60a79c090
Event: 9.819 Thread 0x000002c60a79ba00 Thread added: 0x000002c60a799fc0
Event: 9.819 Thread 0x000002c60a79c090 Thread added: 0x000002c60a798c10
Event: 9.819 Thread 0x000002c60a799fc0 Thread added: 0x000002c60a79a650
Event: 9.819 Thread 0x000002c60a79ba00 Thread added: 0x000002c60a79ace0
Event: 9.820 Thread 0x000002c60a798c10 Thread added: 0x000002c60c1ac840
Event: 9.820 Thread 0x000002c60a79ba00 Thread added: 0x000002c60c1ab490
Event: 9.867 Thread 0x000002c60a5efc80 Thread added: 0x000002c60c1abb20
Event: 9.867 Thread 0x000002c60a5efc80 Thread added: 0x000002c60c1aced0
Event: 9.867 Thread 0x000002c60a5efc80 Thread added: 0x000002c60c1ac1b0
Event: 9.867 Thread 0x000002c60a5efc80 Thread added: 0x000002c60c1ad560
Event: 9.867 Thread 0x000002c60a5efc80 Thread added: 0x000002c60c1aa770
Event: 9.867 Thread 0x000002c60a5efc80 Thread added: 0x000002c60c1aa0e0
Event: 10.719 Thread 0x000002c60aec8560 Thread exited: 0x000002c60aec8560
Event: 11.070 Thread 0x000002c605240110 Thread added: 0x000002c60a797fb0


Dynamic libraries:
0x00007ff6c42d0000 - 0x00007ff6c42de000 	c:\Users\agnes\.vscode\extensions\redhat.java-1.50.0-win32-x64\jre\21.0.9-win32-x86_64\bin\java.exe
0x00007ffeb61e0000 - 0x00007ffeb6447000 	C:\WINDOWS\SYSTEM32\ntdll.dll
0x00007ffeb5030000 - 0x00007ffeb50f9000 	C:\WINDOWS\System32\KERNEL32.DLL
0x00007ffeb3b80000 - 0x00007ffeb3f6f000 	C:\WINDOWS\System32\KERNELBASE.dll
0x00007ffeb3330000 - 0x00007ffeb347b000 	C:\WINDOWS\System32\ucrtbase.dll
0x00007ffe9d490000 - 0x00007ffe9d4ae000 	c:\Users\agnes\.vscode\extensions\redhat.java-1.50.0-win32-x64\jre\21.0.9-win32-x86_64\bin\VCRUNTIME140.dll
0x00007ffe9ee70000 - 0x00007ffe9ee88000 	c:\Users\agnes\.vscode\extensions\redhat.java-1.50.0-win32-x64\jre\21.0.9-win32-x86_64\bin\jli.dll
0x00007ffeb4b70000 - 0x00007ffeb4d35000 	C:\WINDOWS\System32\USER32.dll
0x00007ffe9a6d0000 - 0x00007ffe9a963000 	C:\WINDOWS\WinSxS\amd64_microsoft.windows.common-controls_6595b64144ccf1df_6.0.26100.7309_none_3e05feeae336a044\COMCTL32.dll
0x00007ffeb3860000 - 0x00007ffeb3887000 	C:\WINDOWS\System32\win32u.dll
0x00007ffeb5f00000 - 0x00007ffeb5fa9000 	C:\WINDOWS\System32\msvcrt.dll
0x00007ffeb4d80000 - 0x00007ffeb4dab000 	C:\WINDOWS\System32\GDI32.dll
0x00007ffeb3540000 - 0x00007ffeb366c000 	C:\WINDOWS\System32\gdi32full.dll
0x00007ffeb3670000 - 0x00007ffeb3713000 	C:\WINDOWS\System32\msvcp_win.dll
0x00007ffeb4d40000 - 0x00007ffeb4d71000 	C:\WINDOWS\System32\IMM32.DLL
0x00007ffea7dd0000 - 0x00007ffea7ddc000 	c:\Users\agnes\.vscode\extensions\redhat.java-1.50.0-win32-x64\jre\21.0.9-win32-x86_64\bin\vcruntime140_1.dll
0x00007ffe8dae0000 - 0x00007ffe8db6d000 	c:\Users\agnes\.vscode\extensions\redhat.java-1.50.0-win32-x64\jre\21.0.9-win32-x86_64\bin\msvcp140.dll
0x00007ffe3f2d0000 - 0x00007ffe40070000 	c:\Users\agnes\.vscode\extensions\redhat.java-1.50.0-win32-x64\jre\21.0.9-win32-x86_64\bin\server\jvm.dll
0x00007ffeb5fc0000 - 0x00007ffeb6074000 	C:\WINDOWS\System32\ADVAPI32.dll
0x00007ffeb4db0000 - 0x00007ffeb4e56000 	C:\WINDOWS\System32\sechost.dll
0x00007ffeb5c80000 - 0x00007ffeb5d98000 	C:\WINDOWS\System32\RPCRT4.dll
0x00007ffeb4fb0000 - 0x00007ffeb5024000 	C:\WINDOWS\System32\WS2_32.dll
0x00007ffeb3190000 - 0x00007ffeb31ee000 	C:\WINDOWS\SYSTEM32\POWRPROF.dll
0x00007ffea5a90000 - 0x00007ffea5ac5000 	C:\WINDOWS\SYSTEM32\WINMM.dll
0x00007ffea78f0000 - 0x00007ffea78fb000 	C:\WINDOWS\SYSTEM32\VERSION.dll
0x00007ffeb3170000 - 0x00007ffeb3184000 	C:\WINDOWS\SYSTEM32\UMPDC.dll
0x00007ffeb20a0000 - 0x00007ffeb20bb000 	C:\WINDOWS\SYSTEM32\kernel.appcore.dll
0x00007ffea7c30000 - 0x00007ffea7c3a000 	c:\Users\agnes\.vscode\extensions\redhat.java-1.50.0-win32-x64\jre\21.0.9-win32-x86_64\bin\jimage.dll
0x00007ffeb07a0000 - 0x00007ffeb09e2000 	C:\WINDOWS\SYSTEM32\DBGHELP.DLL
0x00007ffeb47e0000 - 0x00007ffeb4b65000 	C:\WINDOWS\System32\combase.dll
0x00007ffeb5da0000 - 0x00007ffeb5e76000 	C:\WINDOWS\System32\OLEAUT32.dll
0x00007ffe8b810000 - 0x00007ffe8b84c000 	C:\WINDOWS\SYSTEM32\dbgcore.DLL
0x00007ffeb37b0000 - 0x00007ffeb3855000 	C:\WINDOWS\System32\bcryptPrimitives.dll
0x00007ffea7f80000 - 0x00007ffea7f8f000 	c:\Users\agnes\.vscode\extensions\redhat.java-1.50.0-win32-x64\jre\21.0.9-win32-x86_64\bin\instrument.dll
0x00007ffe9d470000 - 0x00007ffe9d490000 	c:\Users\agnes\.vscode\extensions\redhat.java-1.50.0-win32-x64\jre\21.0.9-win32-x86_64\bin\java.dll
0x00007ffeb5180000 - 0x00007ffeb58d3000 	C:\WINDOWS\System32\SHELL32.dll
0x00007ffeb3890000 - 0x00007ffeb39fa000 	C:\WINDOWS\System32\wintypes.dll
0x00007ffeb0f10000 - 0x00007ffeb176e000 	C:\WINDOWS\SYSTEM32\windows.storage.dll
0x00007ffeb46d0000 - 0x00007ffeb47c5000 	C:\WINDOWS\System32\SHCORE.dll
0x00007ffeb5e90000 - 0x00007ffeb5ef6000 	C:\WINDOWS\System32\shlwapi.dll
0x00007ffeb3250000 - 0x00007ffeb3279000 	C:\WINDOWS\SYSTEM32\profapi.dll
0x00007ffe9d110000 - 0x00007ffe9d128000 	c:\Users\agnes\.vscode\extensions\redhat.java-1.50.0-win32-x64\jre\21.0.9-win32-x86_64\bin\zip.dll
0x00007ffe9e830000 - 0x00007ffe9e840000 	C:\Users\agnes\.vscode\extensions\redhat.java-1.50.0-win32-x64\jre\21.0.9-win32-x86_64\bin\net.dll
0x00007ffeafac0000 - 0x00007ffeafbe8000 	C:\WINDOWS\SYSTEM32\WINHTTP.dll
0x00007ffeb25f0000 - 0x00007ffeb265b000 	C:\WINDOWS\system32\mswsock.dll
0x00007ffe9d0f0000 - 0x00007ffe9d106000 	C:\Users\agnes\.vscode\extensions\redhat.java-1.50.0-win32-x64\jre\21.0.9-win32-x86_64\bin\nio.dll
0x00007ffea7bf0000 - 0x00007ffea7c00000 	c:\Users\agnes\.vscode\extensions\redhat.java-1.50.0-win32-x64\jre\21.0.9-win32-x86_64\bin\verify.dll
0x00007ffe92ce0000 - 0x00007ffe92d24000 	C:\Users\agnes\AppData\Roaming\Code\User\globalStorage\redhat.java\1.50.0\config_win\org.eclipse.equinox.launcher\org.eclipse.equinox.launcher.win32.win32.x86_64_1.2.1400.v20250801-0854\eclipse_11916.dll
0x00007ffeb5a50000 - 0x00007ffeb5be7000 	C:\WINDOWS\System32\ole32.dll
0x00007ffeb29e0000 - 0x00007ffeb29fb000 	C:\WINDOWS\SYSTEM32\CRYPTSP.dll
0x00007ffeb2000000 - 0x00007ffeb203a000 	C:\WINDOWS\system32\rsaenh.dll
0x00007ffeb26a0000 - 0x00007ffeb26cb000 	C:\WINDOWS\SYSTEM32\USERENV.dll
0x00007ffeb3220000 - 0x00007ffeb324a000 	C:\WINDOWS\SYSTEM32\bcrypt.dll
0x00007ffeb2840000 - 0x00007ffeb284c000 	C:\WINDOWS\SYSTEM32\CRYPTBASE.dll
0x00007ffeb1ae0000 - 0x00007ffeb1b14000 	C:\WINDOWS\SYSTEM32\IPHLPAPI.DLL
0x00007ffeb5fb0000 - 0x00007ffeb5fba000 	C:\WINDOWS\System32\NSI.dll
0x00007ffe8d7f0000 - 0x00007ffe8d839000 	C:\Users\agnes\AppData\Local\Temp\jna-92758966\jna13906530235424857678.dll
0x00007ffeb47d0000 - 0x00007ffeb47d8000 	C:\WINDOWS\System32\PSAPI.DLL
0x00007ffea53f0000 - 0x00007ffea540e000 	C:\WINDOWS\SYSTEM32\dhcpcsvc6.DLL
0x00007ffea4f00000 - 0x00007ffea4f23000 	C:\WINDOWS\SYSTEM32\dhcpcsvc.DLL

JVMTI agents:
c:\Users\agnes\.vscode\extensions\redhat.java-1.50.0-win32-x64\lombok\lombok-1.18.39-4050.jar path:c:\Users\agnes\.vscode\extensions\redhat.java-1.50.0-win32-x64\jre\21.0.9-win32-x86_64\bin\instrument.dll, loaded, initialized, instrumentlib options:none

dbghelp: loaded successfully - version: 4.0.5 - missing functions: none
symbol engine: initialized successfully - sym options: 0x614 - pdb path: .;c:\Users\agnes\.vscode\extensions\redhat.java-1.50.0-win32-x64\jre\21.0.9-win32-x86_64\bin;C:\WINDOWS\SYSTEM32;C:\WINDOWS\WinSxS\amd64_microsoft.windows.common-controls_6595b64144ccf1df_6.0.26100.7309_none_3e05feeae336a044;c:\Users\agnes\.vscode\extensions\redhat.java-1.50.0-win32-x64\jre\21.0.9-win32-x86_64\bin\server;C:\Users\agnes\AppData\Roaming\Code\User\globalStorage\redhat.java\1.50.0\config_win\org.eclipse.equinox.launcher\org.eclipse.equinox.launcher.win32.win32.x86_64_1.2.1400.v20250801-0854;C:\Users\agnes\AppData\Local\Temp\jna-92758966

VM Arguments:
jvm_args: --add-modules=ALL-SYSTEM --add-opens=java.base/java.util=ALL-UNNAMED --add-opens=java.base/java.lang=ALL-UNNAMED --add-opens=java.base/sun.nio.fs=ALL-UNNAMED -Declipse.application=org.eclipse.jdt.ls.core.id1 -Dosgi.bundles.defaultStartLevel=4 -Declipse.product=org.eclipse.jdt.ls.core.product -Djava.import.generatesMetadataFilesAtProjectRoot=false -DDetectVMInstallationsJob.disabled=true -Dfile.encoding=utf8 -XX:+UseParallelGC -XX:GCTimeRatio=4 -XX:AdaptiveSizePolicyWeight=90 -Dsun.zip.disableMemoryMapping=true -Xmx2G -Xms100m -Xlog:disable -javaagent:c:\Users\agnes\.vscode\extensions\redhat.java-1.50.0-win32-x64\lombok\lombok-1.18.39-4050.jar -XX:+HeapDumpOnOutOfMemoryError -XX:HeapDumpPath=c:\Users\agnes\AppData\Roaming\Code\User\workspaceStorage\5fa8ea05a08e1f09a563d8a64c92713b\redhat.java -Daether.dependencyCollector.impl=bf -Xmx1024M 
java_command: c:\Users\agnes\.vscode\extensions\redhat.java-1.50.0-win32-x64\server\plugins\org.eclipse.equinox.launcher_1.7.100.v20251111-0406.jar -configuration c:\Users\agnes\AppData\Roaming\Code\User\globalStorage\redhat.java\1.50.0\config_win -data c:\Users\agnes\AppData\Roaming\Code\User\workspaceStorage\5fa8ea05a08e1f09a563d8a64c92713b\redhat.java\jdt_ws --pipe=\\.\pipe\lsp-539374ed6ae0bacfe8e6339320e8bf0e-sock
java_class_path (initial): c:\Users\agnes\.vscode\extensions\redhat.java-1.50.0-win32-x64\server\plugins\org.eclipse.equinox.launcher_1.7.100.v20251111-0406.jar
Launcher Type: SUN_STANDARD

[Global flags]
    uintx AdaptiveSizePolicyWeight                 = 90                                        {product} {command line}
     intx CICompilerCount                          = 4                                         {product} {ergonomic}
    uintx GCTimeRatio                              = 4                                         {product} {command line}
     bool HeapDumpOnOutOfMemoryError               = true                                   {manageable} {command line}
    ccstr HeapDumpPath                             = c:\Users\agnes\AppData\Roaming\Code\User\workspaceStorage\5fa8ea05a08e1f09a563d8a64c92713b\redhat.java         {manageable} {command line}
   size_t InitialHeapSize                          = 104857600                                 {product} {command line}
   size_t MaxHeapSize                              = 1073741824                                {product} {command line}
   size_t MaxNewSize                               = 357564416                                 {product} {ergonomic}
   size_t MinHeapDeltaBytes                        = 524288                                    {product} {ergonomic}
   size_t MinHeapSize                              = 104857600                                 {product} {command line}
   size_t NewSize                                  = 34603008                                  {product} {ergonomic}
    uintx NonNMethodCodeHeapSize                   = 5839372                                {pd product} {ergonomic}
    uintx NonProfiledCodeHeapSize                  = 122909434                              {pd product} {ergonomic}
   size_t OldSize                                  = 70254592                                  {product} {ergonomic}
    uintx ProfiledCodeHeapSize                     = 122909434                              {pd product} {ergonomic}
    uintx ReservedCodeCacheSize                    = 251658240                              {pd product} {ergonomic}
     bool SegmentedCodeCache                       = true                                      {product} {ergonomic}
   size_t SoftMaxHeapSize                          = 1073741824                             {manageable} {ergonomic}
     bool UseCompressedOops                        = true                           {product lp64_product} {ergonomic}
     bool UseLargePagesIndividualAllocation        = false                                  {pd product} {ergonomic}
     bool UseParallelGC                            = true                                      {product} {command line}

Logging:
Log output configuration:
 #0: stdout all=off uptime,level,tags foldmultilines=false
 #1: stderr all=off uptime,level,tags foldmultilines=false

Release file:
JAVA_VERSION="21.0.9" 
MODULES="java.base java.compiler java.datatransfer java.xml java.prefs java.desktop java.instrument java.logging java.management java.security.sasl java.naming java.rmi java.management.rmi java.net.http java.scripting java.security.jgss java.transaction.xa java.sql java.sql.rowset java.xml.crypto java.se java.smartcardio jdk.accessibility jdk.internal.jvmstat jdk.attach jdk.charsets jdk.internal.opt jdk.zipfs jdk.compiler jdk.crypto.ec jdk.crypto.cryptoki jdk.crypto.mscapi jdk.dynalink jdk.internal.ed jdk.editpad jdk.hotspot.agent jdk.httpserver jdk.internal.le jdk.internal.vm.ci jdk.internal.vm.compiler jdk.internal.vm.compiler.management jdk.jartool jdk.javadoc jdk.jcmd jdk.management jdk.management.agent jdk.jconsole jdk.jdeps jdk.jdwp.agent jdk.jdi jdk.jfr jdk.jshell jdk.jsobject jdk.jstatd jdk.localedata jdk.management.jfr jdk.naming.dns jdk.naming.rmi jdk.net jdk.nio.mapmode jdk.random jdk.sctp jdk.security.auth jdk.security.jgss jdk.unsupported jdk.unsupported.desktop jdk.xml.dom" 

Environment Variables:
_JAVA_OPTIONS=-Xmx1024M
PATH=C:\Program Files\Eclipse Adoptium\jdk-17.0.17.10-hotspot\bin;C:\Program Files (x86)\Razer Chroma SDK\bin;C:\Program Files\Razer Chroma SDK\bin;C:\Program Files (x86)\Razer\ChromaBroadcast\bin;C:\Program Files\Razer\ChromaBroadcast\bin;C:\WINDOWS\system32;C:\WINDOWS;C:\WINDOWS\System32\Wbem;C:\WINDOWS\System32\WindowsPowerShell\v1.0\;C:\WINDOWS\System32\OpenSSH\;C:\WINDOWS\system32\config\systemprofile\AppData\Local\Microsoft\WindowsApps;C:\Program Files\dotnet\;C:\WINDOWS\system32;C:\WINDOWS;C:\WINDOWS\System32\Wbem;C:\WINDOWS\System32\WindowsPowerShell\v1.0\;C:\WINDOWS\System32\OpenSSH\;C:\Program Files\Git\cmd;C:\Program Files\Docker\Docker\resources\bin;C:\Users\agnes\AppData\Local\Microsoft\WindowsApps;C:\Users\agnes\AppData\Local\GitHubDesktop\bin;C:\Users\agnes\AppData\Local\Programs\Microsoft VS Code\bin;C:\Users\agnes\Desktop\UM\TestAut\FinalAssigment\FinalAssigment\Maven\apache-maven-3.9.7-bin\apache-maven-3.9.7\bin;C:\Program Files\Apache\Maven\apache-maven-3.9.12\bin;
USERNAME=agnes
OS=Windows_NT
PROCESSOR_IDENTIFIER=Intel64 Family 6 Model 142 Stepping 12, GenuineIntel
TMP=C:\Users\agnes\AppData\Local\Temp
TEMP=C:\Users\agnes\AppData\Local\Temp




Periodic native trim disabled

---------------  S Y S T E M  ---------------

OS:
 Windows 11 , 64 bit Build 26100 (10.0.26100.7309)
OS uptime: 1 days 1:39 hours
Hyper-V role detected

CPU: total 8 (initial active 8) (4 cores per cpu, 2 threads per core) family 6 model 142 stepping 12 microcode 0xf0, cx8, cmov, fxsr, ht, mmx, 3dnowpref, sse, sse2, sse3, ssse3, sse4.1, sse4.2, popcnt, lzcnt, tsc, tscinvbit, avx, avx2, aes, erms, clmul, bmi1, bmi2, adx, fma, vzeroupper, clflush, clflushopt, hv, rdtscp, f16c
Processor Information for the first 8 processors :
  Max Mhz: 2112, Current Mhz: 1609, Mhz Limit: 1605

Memory: 4k page, system-wide physical 7988M (769M free)
TotalPageFile size 16180M (AvailPageFile size 9M)
current process WorkingSet (physical memory assigned to process): 302M, peak: 306M
current process commit charge ("private bytes"): 358M, peak: 363M

vm_info: OpenJDK 64-Bit Server VM (21.0.9+10-LTS) for windows-amd64 JRE (21.0.9+10-LTS), built on 2025-10-21T00:00:00Z by "admin" with unknown MS VC++:1942

END.
