#
# There is insufficient memory for the Java Runtime Environment to continue.
# Native memory allocation (malloc) failed to allocate 856896 bytes. Error detail: Chunk::new
# Possible reasons:
#   The system is out of physical RAM or swap space
#   This process is running with CompressedOops enabled, and the Java Heap may be blocking the growth of the native heap
# Possible solutions:
#   Reduce memory load on the system
#   Increase physical memory or swap space
#   Check if swap backing store is full
#   Decrease Java heap size (-Xmx/-Xms)
#   Decrease number of Java threads
#   Decrease Java thread stack sizes (-Xss)
#   Set larger code cache with -XX:ReservedCodeCacheSize=
#   JVM is running with Unscaled Compressed Oops mode in which the Java heap is
#     placed in the first 4GB address space. The Java Heap base address is the
#     maximum limit for the native heap growth. Please use -XX:HeapBaseMinAddress
#     to set the Java Heap base and to place the Java Heap above 4GB virtual address.
# This output file may be truncated or incomplete.
#
#  Out of Memory Error (arena.cpp:168), pid=22196, tid=16252
#
# JRE version: OpenJDK Runtime Environment Temurin-21.0.9+10 (21.0.9+10) (build 21.0.9+10-LTS)
# Java VM: OpenJDK 64-Bit Server VM Temurin-21.0.9+10 (21.0.9+10-LTS, mixed mode, sharing, tiered, compressed oops, compressed class ptrs, parallel gc, windows-amd64)
# No core dump will be written. Minidumps are not enabled by default on client versions of Windows
#

---------------  S U M M A R Y ------------

Command Line: --add-modules=ALL-SYSTEM --add-opens=java.base/java.util=ALL-UNNAMED --add-opens=java.base/java.lang=ALL-UNNAMED --add-opens=java.base/sun.nio.fs=ALL-UNNAMED -Declipse.application=org.eclipse.jdt.ls.core.id1 -Dosgi.bundles.defaultStartLevel=4 -Declipse.product=org.eclipse.jdt.ls.core.product -Djava.import.generatesMetadataFilesAtProjectRoot=false -DDetectVMInstallationsJob.disabled=true -Dfile.encoding=utf8 -XX:+UseParallelGC -XX:GCTimeRatio=4 -XX:AdaptiveSizePolicyWeight=90 -Dsun.zip.disableMemoryMapping=true -Xmx2G -Xms100m -Xlog:disable -javaagent:c:\Users\agnes\.vscode\extensions\redhat.java-1.50.0-win32-x64\lombok\lombok-1.18.39-4050.jar -XX:+HeapDumpOnOutOfMemoryError -XX:HeapDumpPath=c:\Users\agnes\AppData\Roaming\Code\User\workspaceStorage\5fa8ea05a08e1f09a563d8a64c92713b\redhat.java -Daether.dependencyCollector.impl=bf -Xmx1024M c:\Users\agnes\.vscode\extensions\redhat.java-1.50.0-win32-x64\server\plugins\org.eclipse.equinox.launcher_1.7.100.v20251111-0406.jar -configuration c:\Users\agnes\AppData\Roaming\Code\User\globalStorage\redhat.java\1.50.0\config_win -data c:\Users\agnes\AppData\Roaming\Code\User\workspaceStorage\5fa8ea05a08e1f09a563d8a64c92713b\redhat.java\jdt_ws --pipe=\\.\pipe\lsp-e1453803df4f1ce22b087d5195bb9f50-sock

Host: Intel(R) Core(TM) i5-10210U CPU @ 1.60GHz, 8 cores, 7G,  Windows 11 , 64 bit Build 26100 (10.0.26100.7309)
Time: Tue Dec 30 13:48:20 2025 elapsed time: 9.665801 seconds (0d 0h 0m 9s)

---------------  T H R E A D  ---------------

Current thread (0x000001eb3afd5590):  JavaThread "C2 CompilerThread0" daemon [_thread_in_native, id=16252, stack(0x000000cc2ac00000,0x000000cc2ad00000) (1024K)]


Current CompileTask:
C2:9665 6203   !   4       org.eclipse.osgi.internal.loader.classpath.ClasspathManager::findClassImpl (328 bytes)

Stack: [0x000000cc2ac00000,0x000000cc2ad00000]
Native frames: (J=compiled Java code, j=interpreted, Vv=VM code, C=native code)
V  [jvm.dll+0x6d6e29]
V  [jvm.dll+0x8b4b76]
V  [jvm.dll+0x8b712e]
V  [jvm.dll+0x8b7813]
V  [jvm.dll+0x283d86]
V  [jvm.dll+0xc66ed]
V  [jvm.dll+0xc6c31]
V  [jvm.dll+0x2facee]
V  [jvm.dll+0x5fde44]
V  [jvm.dll+0x255557]
V  [jvm.dll+0x25591d]
V  [jvm.dll+0x24df40]
V  [jvm.dll+0x24b482]
V  [jvm.dll+0x1cb13e]
V  [jvm.dll+0x25b29d]
V  [jvm.dll+0x25982a]
V  [jvm.dll+0x3f7ea6]
V  [jvm.dll+0x85e9ad]
V  [jvm.dll+0x6d565d]
C  [ucrtbase.dll+0x37b0]
C  [KERNEL32.DLL+0x2e8d7]
C  [ntdll.dll+0x8c53c]


---------------  P R O C E S S  ---------------

Threads class SMR info:
_java_thread_list=0x000001eb7ec10200, length=46, elements={
0x000001eb26c05bd0, 0x000001eb26cbcb00, 0x000001eb3afc92c0, 0x000001eb3afcbdf0,
0x000001eb3afceb00, 0x000001eb3afd1870, 0x000001eb3afd23f0, 0x000001eb3afd5590,
0x000001eb3afde1e0, 0x000001eb7dbb5fe0, 0x000001eb7dc04b10, 0x000001eb7dca7df0,
0x000001eb7e352ca0, 0x000001eb7e7f2160, 0x000001eb7e7f1440, 0x000001eb7e7f1ad0,
0x000001eb7e7f27f0, 0x000001eb7e7f2e80, 0x000001eb7e7f3510, 0x000001eb7e7f4230,
0x000001eb7edd0ed0, 0x000001eb7edd1560, 0x000001eb7edce0e0, 0x000001eb7edcf490,
0x000001eb7edd1bf0, 0x000001eb7edce770, 0x000001eb7edcfb20, 0x000001eb7edcee00,
0x000001eb7edd2280, 0x000001eb7edd2910, 0x000001eb7edd2fa0, 0x000001eb7edd3630,
0x000001eb7edd01b0, 0x000001eb7edd3cc0, 0x000001eb7edd0840, 0x000001eb7edd4350,
0x000001eb7edd49e0, 0x000001eb7edd5700, 0x000001eb7edd5070, 0x000001eb04b945f0,
0x000001eb04b93240, 0x000001eb04b94c80, 0x000001eb04b959a0, 0x000001eb04b92bb0,
0x000001eb04b92520, 0x000001eb7f5a0060
}

Java Threads: ( => current thread )
  0x000001eb26c05bd0 JavaThread "main"                              [_thread_blocked, id=21264, stack(0x000000cc2a200000,0x000000cc2a300000) (1024K)]
  0x000001eb26cbcb00 JavaThread "Reference Handler"          daemon [_thread_blocked, id=9712, stack(0x000000cc2a600000,0x000000cc2a700000) (1024K)]
  0x000001eb3afc92c0 JavaThread "Finalizer"                  daemon [_thread_blocked, id=9532, stack(0x000000cc2a700000,0x000000cc2a800000) (1024K)]
  0x000001eb3afcbdf0 JavaThread "Signal Dispatcher"          daemon [_thread_blocked, id=19928, stack(0x000000cc2a800000,0x000000cc2a900000) (1024K)]
  0x000001eb3afceb00 JavaThread "Attach Listener"            daemon [_thread_blocked, id=19364, stack(0x000000cc2a900000,0x000000cc2aa00000) (1024K)]
  0x000001eb3afd1870 JavaThread "Service Thread"             daemon [_thread_blocked, id=13536, stack(0x000000cc2aa00000,0x000000cc2ab00000) (1024K)]
  0x000001eb3afd23f0 JavaThread "Monitor Deflation Thread"   daemon [_thread_blocked, id=12952, stack(0x000000cc2ab00000,0x000000cc2ac00000) (1024K)]
=>0x000001eb3afd5590 JavaThread "C2 CompilerThread0"         daemon [_thread_in_native, id=16252, stack(0x000000cc2ac00000,0x000000cc2ad00000) (1024K)]
  0x000001eb3afde1e0 JavaThread "C1 CompilerThread0"         daemon [_thread_blocked, id=808, stack(0x000000cc2ad00000,0x000000cc2ae00000) (1024K)]
  0x000001eb7dbb5fe0 JavaThread "Common-Cleaner"             daemon [_thread_blocked, id=20388, stack(0x000000cc2ae00000,0x000000cc2af00000) (1024K)]
  0x000001eb7dc04b10 JavaThread "C2 CompilerThread1"         daemon [_thread_in_native, id=1296, stack(0x000000cc2af00000,0x000000cc2b000000) (1024K)]
  0x000001eb7dca7df0 JavaThread "Notification Thread"        daemon [_thread_blocked, id=22516, stack(0x000000cc2b000000,0x000000cc2b100000) (1024K)]
  0x000001eb7e352ca0 JavaThread "Active Thread: Equinox Container: 09f89e8e-e71b-4e9d-bdf8-10840f8ad3e4"        [_thread_blocked, id=21288, stack(0x000000cc2b800000,0x000000cc2b900000) (1024K)]
  0x000001eb7e7f2160 JavaThread "Refresh Thread: Equinox Container: 09f89e8e-e71b-4e9d-bdf8-10840f8ad3e4" daemon [_thread_blocked, id=9700, stack(0x000000cc2b900000,0x000000cc2ba00000) (1024K)]
  0x000001eb7e7f1440 JavaThread "Framework Event Dispatcher: Equinox Container: 09f89e8e-e71b-4e9d-bdf8-10840f8ad3e4" daemon [_thread_blocked, id=1004, stack(0x000000cc2bb00000,0x000000cc2bc00000) (1024K)]
  0x000001eb7e7f1ad0 JavaThread "Start Level: Equinox Container: 09f89e8e-e71b-4e9d-bdf8-10840f8ad3e4" daemon [_thread_blocked, id=22136, stack(0x000000cc2bc00000,0x000000cc2bd00000) (1024K)]
  0x000001eb7e7f27f0 JavaThread "Bundle File Closer"         daemon [_thread_blocked, id=6412, stack(0x000000cc2bd00000,0x000000cc2be00000) (1024K)]
  0x000001eb7e7f2e80 JavaThread "SCR Component Actor"        daemon [_thread_blocked, id=18340, stack(0x000000cc2be00000,0x000000cc2bf00000) (1024K)]
  0x000001eb7e7f3510 JavaThread "Worker-JM"                         [_thread_blocked, id=18044, stack(0x000000cc2bf00000,0x000000cc2c000000) (1024K)]
  0x000001eb7e7f4230 JavaThread "JNA Cleaner"                daemon [_thread_blocked, id=3320, stack(0x000000cc2c000000,0x000000cc2c100000) (1024K)]
  0x000001eb7edd0ed0 JavaThread "Worker-0"                          [_thread_blocked, id=22828, stack(0x000000cc2c100000,0x000000cc2c200000) (1024K)]
  0x000001eb7edd1560 JavaThread "Worker-1"                          [_thread_blocked, id=3788, stack(0x000000cc2c200000,0x000000cc2c300000) (1024K)]
  0x000001eb7edce0e0 JavaThread "Worker-2: Building"                [_thread_blocked, id=23188, stack(0x000000cc2c300000,0x000000cc2c400000) (1024K)]
  0x000001eb7edcf490 JavaThread "Java indexing"              daemon [_thread_blocked, id=21152, stack(0x000000cc2b700000,0x000000cc2b800000) (1024K)]
  0x000001eb7edd1bf0 JavaThread "Worker-3"                          [_thread_blocked, id=6848, stack(0x000000cc2c400000,0x000000cc2c500000) (1024K)]
  0x000001eb7edce770 JavaThread "Worker-4: Repository registry initialization"        [_thread_in_Java, id=6104, stack(0x000000cc2c800000,0x000000cc2c900000) (1024K)]
  0x000001eb7edcfb20 JavaThread "Thread-1"                   daemon [_thread_in_native, id=15664, stack(0x000000cc2c900000,0x000000cc2ca00000) (1024K)]
  0x000001eb7edcee00 JavaThread "Thread-2"                   daemon [_thread_in_native, id=8072, stack(0x000000cc2ca00000,0x000000cc2cb00000) (1024K)]
  0x000001eb7edd2280 JavaThread "Thread-3"                   daemon [_thread_in_native, id=17328, stack(0x000000cc2cb00000,0x000000cc2cc00000) (1024K)]
  0x000001eb7edd2910 JavaThread "Thread-4"                   daemon [_thread_in_native, id=22840, stack(0x000000cc2cc00000,0x000000cc2cd00000) (1024K)]
  0x000001eb7edd2fa0 JavaThread "Thread-5"                   daemon [_thread_in_native, id=22788, stack(0x000000cc2cd00000,0x000000cc2ce00000) (1024K)]
  0x000001eb7edd3630 JavaThread "Thread-6"                   daemon [_thread_in_native, id=5364, stack(0x000000cc2ce00000,0x000000cc2cf00000) (1024K)]
  0x000001eb7edd01b0 JavaThread "Thread-7"                   daemon [_thread_in_native, id=8988, stack(0x000000cc2cf00000,0x000000cc2d000000) (1024K)]
  0x000001eb7edd3cc0 JavaThread "Thread-8"                   daemon [_thread_in_native, id=6772, stack(0x000000cc2d000000,0x000000cc2d100000) (1024K)]
  0x000001eb7edd0840 JavaThread "Thread-9"                   daemon [_thread_in_native, id=19120, stack(0x000000cc2d100000,0x000000cc2d200000) (1024K)]
  0x000001eb7edd4350 JavaThread "pool-2-thread-1"                   [_thread_blocked, id=18320, stack(0x000000cc2d200000,0x000000cc2d300000) (1024K)]
  0x000001eb7edd49e0 JavaThread "WorkspaceEventsHandler"            [_thread_blocked, id=9868, stack(0x000000cc2d300000,0x000000cc2d400000) (1024K)]
  0x000001eb7edd5700 JavaThread "pool-1-thread-1"                   [_thread_blocked, id=17680, stack(0x000000cc2d400000,0x000000cc2d500000) (1024K)]
  0x000001eb7edd5070 JavaThread "ForkJoinPool.commonPool-worker-1" daemon [_thread_blocked, id=6844, stack(0x000000cc2d500000,0x000000cc2d600000) (1024K)]
  0x000001eb04b945f0 JavaThread "ForkJoinPool.commonPool-worker-2" daemon [_thread_blocked, id=20260, stack(0x000000cc2d600000,0x000000cc2d700000) (1024K)]
  0x000001eb04b93240 JavaThread "ForkJoinPool.commonPool-worker-3" daemon [_thread_blocked, id=10284, stack(0x000000cc2d700000,0x000000cc2d800000) (1024K)]
  0x000001eb04b94c80 JavaThread "ForkJoinPool.commonPool-worker-4" daemon [_thread_blocked, id=20412, stack(0x000000cc2d800000,0x000000cc2d900000) (1024K)]
  0x000001eb04b959a0 JavaThread "ForkJoinPool.commonPool-worker-5" daemon [_thread_blocked, id=4552, stack(0x000000cc2d900000,0x000000cc2da00000) (1024K)]
  0x000001eb04b92bb0 JavaThread "ForkJoinPool.commonPool-worker-6" daemon [_thread_blocked, id=22544, stack(0x000000cc2da00000,0x000000cc2db00000) (1024K)]
  0x000001eb04b92520 JavaThread "ForkJoinPool.commonPool-worker-7" daemon [_thread_blocked, id=19672, stack(0x000000cc2db00000,0x000000cc2dc00000) (1024K)]
  0x000001eb7f5a0060 JavaThread "C2 CompilerThread2"         daemon [_thread_in_native, id=6064, stack(0x000000cc2dc00000,0x000000cc2dd00000) (1024K)]
Total: 46

Other Threads:
  0x000001eb24792080 VMThread "VM Thread"                           [id=20424, stack(0x000000cc2a500000,0x000000cc2a600000) (1024K)]
  0x000001eb3aedca00 WatcherThread "VM Periodic Task Thread"        [id=12440, stack(0x000000cc2a400000,0x000000cc2a500000) (1024K)]
  0x000001eb24791ce0 WorkerThread "GC Thread#0"                     [id=17812, stack(0x000000cc2a300000,0x000000cc2a400000) (1024K)]
  0x000001eb24792420 WorkerThread "GC Thread#1"                     [id=10080, stack(0x000000cc2b100000,0x000000cc2b200000) (1024K)]
  0x000001eb247927c0 WorkerThread "GC Thread#2"                     [id=20488, stack(0x000000cc2b200000,0x000000cc2b300000) (1024K)]
  0x000001eb24792f00 WorkerThread "GC Thread#3"                     [id=12820, stack(0x000000cc2b300000,0x000000cc2b400000) (1024K)]
  0x000001eb7df50e90 WorkerThread "GC Thread#4"                     [id=18076, stack(0x000000cc2b400000,0x000000cc2b500000) (1024K)]
  0x000001eb7df515d0 WorkerThread "GC Thread#5"                     [id=7764, stack(0x000000cc2b500000,0x000000cc2b600000) (1024K)]
  0x000001eb7df4f8d0 WorkerThread "GC Thread#6"                     [id=20468, stack(0x000000cc2b600000,0x000000cc2b700000) (1024K)]
  0x000001eb7df50750 WorkerThread "GC Thread#7"                     [id=20968, stack(0x000000cc2ba00000,0x000000cc2bb00000) (1024K)]
Total: 10

Threads with active compile tasks:
C2 CompilerThread0  9693 6203   !   4       org.eclipse.osgi.internal.loader.classpath.ClasspathManager::findClassImpl (328 bytes)
C2 CompilerThread1  9693 6220       4       org.eclipse.osgi.internal.loader.ModuleClassLoader::toString (80 bytes)
C2 CompilerThread2  9693 6278   !   4       org.eclipse.osgi.internal.loader.BundleLoader::findClass0 (490 bytes)
Total: 3

VM state: not at safepoint (normal execution)

VM Mutex/Monitor currently owned by a thread: None

Heap address: 0x00000000c0000000, size: 1024 MB, Compressed Oops mode: 32-bit

CDS archive(s) mapped at: [0x000001eb3b000000-0x000001eb3bba0000-0x000001eb3bba0000), size 12189696, SharedBaseAddress: 0x000001eb3b000000, ArchiveRelocationMode: 1.
Compressed class space mapped at: 0x000001eb3c000000-0x000001eb7c000000, reserved size: 1073741824
Narrow klass base: 0x000001eb3b000000, Narrow klass shift: 0, Narrow klass range: 0x100000000

GC Precious Log:
 CardTable entry size: 512
 CPUs: 8 total, 8 available
 Memory: 7988M
 Large Page Support: Disabled
 NUMA Support: Disabled
 Compressed Oops: Enabled (32-bit)
 Alignments: Space 512K, Generation 512K, Heap 2M
 Heap Min Capacity: 100M
 Heap Initial Capacity: 100M
 Heap Max Capacity: 1G
 Pre-touch: Disabled
 Parallel Workers: 8

Heap:
 PSYoungGen      total 22016K, used 4784K [0x00000000eab00000, 0x00000000ec680000, 0x0000000100000000)
  eden space 20992K, 18% used [0x00000000eab00000,0x00000000eaee4370,0x00000000ebf80000)
  from space 1024K, 78% used [0x00000000ec580000,0x00000000ec648000,0x00000000ec680000)
  to   space 1536K, 0% used [0x00000000ec380000,0x00000000ec380000,0x00000000ec500000)
 ParOldGen       total 68608K, used 45396K [0x00000000c0000000, 0x00000000c4300000, 0x00000000eab00000)
  object space 68608K, 66% used [0x00000000c0000000,0x00000000c2c552b0,0x00000000c4300000)
 Metaspace       used 43820K, committed 45120K, reserved 1114112K
  class space    used 4676K, committed 5248K, reserved 1048576K

Card table byte_map: [0x000001eb265a0000,0x000001eb267b0000] _byte_map_base: 0x000001eb25fa0000

Marking Bits: (ParMarkBitMap*) 0x00007ffe3ff92460
 Begin Bits: [0x000001eb38e00000, 0x000001eb39e00000)
 End Bits:   [0x000001eb39e00000, 0x000001eb3ae00000)

Polling page: 0x000001eb24e40000

Metaspace:

Usage:
  Non-class:     38.24 MB used.
      Class:      4.57 MB used.
       Both:     42.80 MB used.

Virtual space:
  Non-class space:       64.00 MB reserved,      38.94 MB ( 61%) committed,  1 nodes.
      Class space:        1.00 GB reserved,       5.12 MB ( <1%) committed,  1 nodes.
             Both:        1.06 GB reserved,      44.06 MB (  4%) committed. 

Chunk freelists:
   Non-Class:  8.81 MB
       Class:  10.80 MB
        Both:  19.61 MB

MaxMetaspaceSize: unlimited
CompressedClassSpaceSize: 1.00 GB
Initial GC threshold: 21.00 MB
Current GC threshold: 58.88 MB
CDS: on
 - commit_granule_bytes: 65536.
 - commit_granule_words: 8192.
 - virtual_space_node_default_size: 8388608.
 - enlarge_chunks_in_place: 1.
 - use_allocation_guard: 0.


Internal statistics:

num_allocs_failed_limit: 10.
num_arena_births: 974.
num_arena_deaths: 14.
num_vsnodes_births: 2.
num_vsnodes_deaths: 0.
num_space_committed: 706.
num_space_uncommitted: 0.
num_chunks_returned_to_freelist: 24.
num_chunks_taken_from_freelist: 2978.
num_chunk_merges: 12.
num_chunk_splits: 1826.
num_chunks_enlarged: 996.
num_inconsistent_stats: 0.

CodeHeap 'non-profiled nmethods': size=120000Kb used=2697Kb max_used=2697Kb free=117303Kb
 bounds [0x000001eb318d0000, 0x000001eb31b80000, 0x000001eb38e00000]
CodeHeap 'profiled nmethods': size=120000Kb used=11028Kb max_used=11028Kb free=108971Kb
 bounds [0x000001eb29e00000, 0x000001eb2a8d0000, 0x000001eb31330000]
CodeHeap 'non-nmethods': size=5760Kb used=1369Kb max_used=1425Kb free=4390Kb
 bounds [0x000001eb31330000, 0x000001eb315a0000, 0x000001eb318d0000]
CodeCache: size=245760Kb, used=15094Kb, max_used=15150Kb, free=230664Kb
 total_blobs=6332, nmethods=5662, adapters=576, full_count=0
Compilation: enabled, stopped_count=0, restarted_count=0

Compilation events (20 events):
Event: 7.623 Thread 0x000001eb3afde1e0 6279       3       com.google.inject.internal.Annotations::findBindingAnnotation (76 bytes)
Event: 7.625 Thread 0x000001eb3afde1e0 nmethod 6279 0x000001eb2a8baf90 code [0x000001eb2a8bb200, 0x000001eb2a8bbc38]
Event: 7.636 Thread 0x000001eb7f5a0060 nmethod 6277 0x000001eb31b71410 code [0x000001eb31b715c0, 0x000001eb31b71bc8]
Event: 7.637 Thread 0x000001eb7f5a0060 6278   !   4       org.eclipse.osgi.internal.loader.BundleLoader::findClass0 (490 bytes)
Event: 8.026 Thread 0x000001eb3afde1e0 6280       3       java.util.concurrent.ThreadPoolExecutor::runStateAtLeast (11 bytes)
Event: 8.026 Thread 0x000001eb3afde1e0 nmethod 6280 0x000001eb2a8bc110 code [0x000001eb2a8bc2a0, 0x000001eb2a8bc3e0]
Event: 8.242 Thread 0x000001eb3afde1e0 6281       3       java.lang.invoke.VarHandleGuards::guard_LII_Z (86 bytes)
Event: 8.244 Thread 0x000001eb3afde1e0 nmethod 6281 0x000001eb2a8bc490 code [0x000001eb2a8bc7c0, 0x000001eb2a8be018]
Event: 8.244 Thread 0x000001eb3afde1e0 6283       3       java.util.concurrent.ScheduledThreadPoolExecutor$ScheduledFutureTask::compareTo (9 bytes)
Event: 8.244 Thread 0x000001eb3afde1e0 nmethod 6283 0x000001eb2a8be790 code [0x000001eb2a8be940, 0x000001eb2a8beba0]
Event: 8.244 Thread 0x000001eb3afde1e0 6282       3       java.lang.invoke.VarHandleInts$FieldInstanceReadWrite::compareAndSet (32 bytes)
Event: 8.244 Thread 0x000001eb3afde1e0 nmethod 6282 0x000001eb2a8bec90 code [0x000001eb2a8bee80, 0x000001eb2a8bf410]
Event: 8.258 Thread 0x000001eb3afde1e0 6285       3       java.util.concurrent.ScheduledThreadPoolExecutor$ScheduledFutureTask::compareTo (101 bytes)
Event: 8.259 Thread 0x000001eb3afde1e0 nmethod 6285 0x000001eb2a8bf610 code [0x000001eb2a8bf840, 0x000001eb2a8bff58]
Event: 8.259 Thread 0x000001eb3afde1e0 6286       3       java.util.concurrent.ScheduledThreadPoolExecutor$DelayedWorkQueue::setIndex (16 bytes)
Event: 8.259 Thread 0x000001eb3afde1e0 nmethod 6286 0x000001eb2a8c0110 code [0x000001eb2a8c02c0, 0x000001eb2a8c05c8]
Event: 8.274 Thread 0x000001eb3afde1e0 6287       3       java.util.concurrent.ThreadPoolExecutor::isShutdown (12 bytes)
Event: 8.275 Thread 0x000001eb3afde1e0 nmethod 6287 0x000001eb2a8c0690 code [0x000001eb2a8c0840, 0x000001eb2a8c0a20]
Event: 8.275 Thread 0x000001eb3afde1e0 6288       3       java.util.concurrent.locks.AbstractQueuedSynchronizer::acquire (20 bytes)
Event: 8.275 Thread 0x000001eb3afde1e0 nmethod 6288 0x000001eb2a8c0b10 code [0x000001eb2a8c0ce0, 0x000001eb2a8c0f50]

GC Heap History (20 events):
Event: 5.310 GC heap before
{Heap before GC invocations=17 (full 2):
 PSYoungGen      total 22528K, used 22016K [0x00000000eab00000, 0x00000000ec580000, 0x0000000100000000)
  eden space 22016K, 100% used [0x00000000eab00000,0x00000000ec080000,0x00000000ec080000)
  from space 512K, 0% used [0x00000000ec500000,0x00000000ec500000,0x00000000ec580000)
  to   space 512K, 0% used [0x00000000ec480000,0x00000000ec480000,0x00000000ec500000)
 ParOldGen       total 68608K, used 19134K [0x00000000c0000000, 0x00000000c4300000, 0x00000000eab00000)
  object space 68608K, 27% used [0x00000000c0000000,0x00000000c12afb90,0x00000000c4300000)
 Metaspace       used 36613K, committed 37888K, reserved 1114112K
  class space    used 3716K, committed 4288K, reserved 1048576K
}
Event: 5.313 GC heap after
{Heap after GC invocations=17 (full 2):
 PSYoungGen      total 22528K, used 480K [0x00000000eab00000, 0x00000000ec780000, 0x0000000100000000)
  eden space 22016K, 0% used [0x00000000eab00000,0x00000000eab00000,0x00000000ec080000)
  from space 512K, 93% used [0x00000000ec480000,0x00000000ec4f8020,0x00000000ec500000)
  to   space 2560K, 0% used [0x00000000ec500000,0x00000000ec500000,0x00000000ec780000)
 ParOldGen       total 68608K, used 21739K [0x00000000c0000000, 0x00000000c4300000, 0x00000000eab00000)
  object space 68608K, 31% used [0x00000000c0000000,0x00000000c153aef8,0x00000000c4300000)
 Metaspace       used 36613K, committed 37888K, reserved 1114112K
  class space    used 3716K, committed 4288K, reserved 1048576K
}
Event: 5.453 GC heap before
{Heap before GC invocations=18 (full 2):
 PSYoungGen      total 22528K, used 22496K [0x00000000eab00000, 0x00000000ec780000, 0x0000000100000000)
  eden space 22016K, 100% used [0x00000000eab00000,0x00000000ec080000,0x00000000ec080000)
  from space 512K, 93% used [0x00000000ec480000,0x00000000ec4f8020,0x00000000ec500000)
  to   space 2560K, 0% used [0x00000000ec500000,0x00000000ec500000,0x00000000ec780000)
 ParOldGen       total 68608K, used 21739K [0x00000000c0000000, 0x00000000c4300000, 0x00000000eab00000)
  object space 68608K, 31% used [0x00000000c0000000,0x00000000c153aef8,0x00000000c4300000)
 Metaspace       used 37500K, committed 38848K, reserved 1114112K
  class space    used 3839K, committed 4416K, reserved 1048576K
}
Event: 5.459 GC heap after
{Heap after GC invocations=18 (full 2):
 PSYoungGen      total 23552K, used 2544K [0x00000000eab00000, 0x00000000ecb80000, 0x0000000100000000)
  eden space 20992K, 0% used [0x00000000eab00000,0x00000000eab00000,0x00000000ebf80000)
  from space 2560K, 99% used [0x00000000ec500000,0x00000000ec77c020,0x00000000ec780000)
  to   space 5632K, 0% used [0x00000000ebf80000,0x00000000ebf80000,0x00000000ec500000)
 ParOldGen       total 68608K, used 24341K [0x00000000c0000000, 0x00000000c4300000, 0x00000000eab00000)
  object space 68608K, 35% used [0x00000000c0000000,0x00000000c17c5728,0x00000000c4300000)
 Metaspace       used 37500K, committed 38848K, reserved 1114112K
  class space    used 3839K, committed 4416K, reserved 1048576K
}
Event: 5.569 GC heap before
{Heap before GC invocations=19 (full 2):
 PSYoungGen      total 23552K, used 23536K [0x00000000eab00000, 0x00000000ecb80000, 0x0000000100000000)
  eden space 20992K, 100% used [0x00000000eab00000,0x00000000ebf80000,0x00000000ebf80000)
  from space 2560K, 99% used [0x00000000ec500000,0x00000000ec77c020,0x00000000ec780000)
  to   space 5632K, 0% used [0x00000000ebf80000,0x00000000ebf80000,0x00000000ec500000)
 ParOldGen       total 68608K, used 24341K [0x00000000c0000000, 0x00000000c4300000, 0x00000000eab00000)
  object space 68608K, 35% used [0x00000000c0000000,0x00000000c17c5728,0x00000000c4300000)
 Metaspace       used 38383K, committed 39616K, reserved 1114112K
  class space    used 3951K, committed 4480K, reserved 1048576K
}
Event: 5.578 GC heap after
{Heap after GC invocations=19 (full 2):
 PSYoungGen      total 26624K, used 5618K [0x00000000eab00000, 0x00000000ed580000, 0x0000000100000000)
  eden space 20992K, 0% used [0x00000000eab00000,0x00000000eab00000,0x00000000ebf80000)
  from space 5632K, 99% used [0x00000000ebf80000,0x00000000ec4fc8b8,0x00000000ec500000)
  to   space 11264K, 0% used [0x00000000eca80000,0x00000000eca80000,0x00000000ed580000)
 ParOldGen       total 68608K, used 28774K [0x00000000c0000000, 0x00000000c4300000, 0x00000000eab00000)
  object space 68608K, 41% used [0x00000000c0000000,0x00000000c1c19848,0x00000000c4300000)
 Metaspace       used 38383K, committed 39616K, reserved 1114112K
  class space    used 3951K, committed 4480K, reserved 1048576K
}
Event: 5.694 GC heap before
{Heap before GC invocations=20 (full 2):
 PSYoungGen      total 26624K, used 26610K [0x00000000eab00000, 0x00000000ed580000, 0x0000000100000000)
  eden space 20992K, 100% used [0x00000000eab00000,0x00000000ebf80000,0x00000000ebf80000)
  from space 5632K, 99% used [0x00000000ebf80000,0x00000000ec4fc8b8,0x00000000ec500000)
  to   space 11264K, 0% used [0x00000000eca80000,0x00000000eca80000,0x00000000ed580000)
 ParOldGen       total 68608K, used 28774K [0x00000000c0000000, 0x00000000c4300000, 0x00000000eab00000)
  object space 68608K, 41% used [0x00000000c0000000,0x00000000c1c19848,0x00000000c4300000)
 Metaspace       used 39700K, committed 41024K, reserved 1114112K
  class space    used 4150K, committed 4736K, reserved 1048576K
}
Event: 5.700 GC heap after
{Heap after GC invocations=20 (full 2):
 PSYoungGen      total 23552K, used 2129K [0x00000000eab00000, 0x00000000ecd00000, 0x0000000100000000)
  eden space 20992K, 0% used [0x00000000eab00000,0x00000000eab00000,0x00000000ebf80000)
  from space 2560K, 83% used [0x00000000eca80000,0x00000000ecc94410,0x00000000ecd00000)
  to   space 5120K, 0% used [0x00000000ec300000,0x00000000ec300000,0x00000000ec800000)
 ParOldGen       total 68608K, used 34350K [0x00000000c0000000, 0x00000000c4300000, 0x00000000eab00000)
  object space 68608K, 50% used [0x00000000c0000000,0x00000000c218b8f0,0x00000000c4300000)
 Metaspace       used 39700K, committed 41024K, reserved 1114112K
  class space    used 4150K, committed 4736K, reserved 1048576K
}
Event: 5.781 GC heap before
{Heap before GC invocations=21 (full 2):
 PSYoungGen      total 23552K, used 23121K [0x00000000eab00000, 0x00000000ecd00000, 0x0000000100000000)
  eden space 20992K, 100% used [0x00000000eab00000,0x00000000ebf80000,0x00000000ebf80000)
  from space 2560K, 83% used [0x00000000eca80000,0x00000000ecc94410,0x00000000ecd00000)
  to   space 5120K, 0% used [0x00000000ec300000,0x00000000ec300000,0x00000000ec800000)
 ParOldGen       total 68608K, used 34350K [0x00000000c0000000, 0x00000000c4300000, 0x00000000eab00000)
  object space 68608K, 50% used [0x00000000c0000000,0x00000000c218b8f0,0x00000000c4300000)
 Metaspace       used 40093K, committed 41408K, reserved 1114112K
  class space    used 4206K, committed 4800K, reserved 1048576K
}
Event: 5.786 GC heap after
{Heap after GC invocations=21 (full 2):
 PSYoungGen      total 26112K, used 2370K [0x00000000eab00000, 0x00000000ecb00000, 0x0000000100000000)
  eden space 20992K, 0% used [0x00000000eab00000,0x00000000eab00000,0x00000000ebf80000)
  from space 5120K, 46% used [0x00000000ec300000,0x00000000ec550810,0x00000000ec800000)
  to   space 3072K, 0% used [0x00000000ec800000,0x00000000ec800000,0x00000000ecb00000)
 ParOldGen       total 68608K, used 36237K [0x00000000c0000000, 0x00000000c4300000, 0x00000000eab00000)
  object space 68608K, 52% used [0x00000000c0000000,0x00000000c23637e0,0x00000000c4300000)
 Metaspace       used 40093K, committed 41408K, reserved 1114112K
  class space    used 4206K, committed 4800K, reserved 1048576K
}
Event: 5.858 GC heap before
{Heap before GC invocations=22 (full 2):
 PSYoungGen      total 26112K, used 23362K [0x00000000eab00000, 0x00000000ecb00000, 0x0000000100000000)
  eden space 20992K, 100% used [0x00000000eab00000,0x00000000ebf80000,0x00000000ebf80000)
  from space 5120K, 46% used [0x00000000ec300000,0x00000000ec550810,0x00000000ec800000)
  to   space 3072K, 0% used [0x00000000ec800000,0x00000000ec800000,0x00000000ecb00000)
 ParOldGen       total 68608K, used 36237K [0x00000000c0000000, 0x00000000c4300000, 0x00000000eab00000)
  object space 68608K, 52% used [0x00000000c0000000,0x00000000c23637e0,0x00000000c4300000)
 Metaspace       used 40283K, committed 41600K, reserved 1114112K
  class space    used 4232K, committed 4800K, reserved 1048576K
}
Event: 5.863 GC heap after
{Heap after GC invocations=22 (full 2):
 PSYoungGen      total 23552K, used 2052K [0x00000000eab00000, 0x00000000eca80000, 0x0000000100000000)
  eden space 20992K, 0% used [0x00000000eab00000,0x00000000eab00000,0x00000000ebf80000)
  from space 2560K, 80% used [0x00000000ec800000,0x00000000eca01020,0x00000000eca80000)
  to   space 2560K, 0% used [0x00000000ec580000,0x00000000ec580000,0x00000000ec800000)
 ParOldGen       total 68608K, used 38380K [0x00000000c0000000, 0x00000000c4300000, 0x00000000eab00000)
  object space 68608K, 55% used [0x00000000c0000000,0x00000000c257b1a0,0x00000000c4300000)
 Metaspace       used 40283K, committed 41600K, reserved 1114112K
  class space    used 4232K, committed 4800K, reserved 1048576K
}
Event: 6.938 GC heap before
{Heap before GC invocations=23 (full 2):
 PSYoungGen      total 23552K, used 23044K [0x00000000eab00000, 0x00000000eca80000, 0x0000000100000000)
  eden space 20992K, 100% used [0x00000000eab00000,0x00000000ebf80000,0x00000000ebf80000)
  from space 2560K, 80% used [0x00000000ec800000,0x00000000eca01020,0x00000000eca80000)
  to   space 2560K, 0% used [0x00000000ec580000,0x00000000ec580000,0x00000000ec800000)
 ParOldGen       total 68608K, used 38380K [0x00000000c0000000, 0x00000000c4300000, 0x00000000eab00000)
  object space 68608K, 55% used [0x00000000c0000000,0x00000000c257b1a0,0x00000000c4300000)
 Metaspace       used 40455K, committed 41792K, reserved 1114112K
  class space    used 4258K, committed 4864K, reserved 1048576K
}
Event: 6.941 GC heap after
{Heap after GC invocations=23 (full 2):
 PSYoungGen      total 23040K, used 1821K [0x00000000eab00000, 0x00000000ec880000, 0x0000000100000000)
  eden space 20992K, 0% used [0x00000000eab00000,0x00000000eab00000,0x00000000ebf80000)
  from space 2048K, 88% used [0x00000000ec580000,0x00000000ec747620,0x00000000ec780000)
  to   space 1024K, 0% used [0x00000000ec780000,0x00000000ec780000,0x00000000ec880000)
 ParOldGen       total 68608K, used 40257K [0x00000000c0000000, 0x00000000c4300000, 0x00000000eab00000)
  object space 68608K, 58% used [0x00000000c0000000,0x00000000c27507c8,0x00000000c4300000)
 Metaspace       used 40455K, committed 41792K, reserved 1114112K
  class space    used 4258K, committed 4864K, reserved 1048576K
}
Event: 7.013 GC heap before
{Heap before GC invocations=24 (full 2):
 PSYoungGen      total 23040K, used 22813K [0x00000000eab00000, 0x00000000ec880000, 0x0000000100000000)
  eden space 20992K, 100% used [0x00000000eab00000,0x00000000ebf80000,0x00000000ebf80000)
  from space 2048K, 88% used [0x00000000ec580000,0x00000000ec747620,0x00000000ec780000)
  to   space 1024K, 0% used [0x00000000ec780000,0x00000000ec780000,0x00000000ec880000)
 ParOldGen       total 68608K, used 40257K [0x00000000c0000000, 0x00000000c4300000, 0x00000000eab00000)
  object space 68608K, 58% used [0x00000000c0000000,0x00000000c27507c8,0x00000000c4300000)
 Metaspace       used 40705K, committed 41984K, reserved 1114112K
  class space    used 4289K, committed 4864K, reserved 1048576K
}
Event: 7.017 GC heap after
{Heap after GC invocations=24 (full 2):
 PSYoungGen      total 22016K, used 1024K [0x00000000eab00000, 0x00000000ec880000, 0x0000000100000000)
  eden space 20992K, 0% used [0x00000000eab00000,0x00000000eab00000,0x00000000ebf80000)
  from space 1024K, 100% used [0x00000000ec780000,0x00000000ec880000,0x00000000ec880000)
  to   space 4096K, 0% used [0x00000000ec080000,0x00000000ec080000,0x00000000ec480000)
 ParOldGen       total 68608K, used 42864K [0x00000000c0000000, 0x00000000c4300000, 0x00000000eab00000)
  object space 68608K, 62% used [0x00000000c0000000,0x00000000c29dc298,0x00000000c4300000)
 Metaspace       used 40705K, committed 41984K, reserved 1114112K
  class space    used 4289K, committed 4864K, reserved 1048576K
}
Event: 7.136 GC heap before
{Heap before GC invocations=25 (full 2):
 PSYoungGen      total 22016K, used 22016K [0x00000000eab00000, 0x00000000ec880000, 0x0000000100000000)
  eden space 20992K, 100% used [0x00000000eab00000,0x00000000ebf80000,0x00000000ebf80000)
  from space 1024K, 100% used [0x00000000ec780000,0x00000000ec880000,0x00000000ec880000)
  to   space 4096K, 0% used [0x00000000ec080000,0x00000000ec080000,0x00000000ec480000)
 ParOldGen       total 68608K, used 42864K [0x00000000c0000000, 0x00000000c4300000, 0x00000000eab00000)
  object space 68608K, 62% used [0x00000000c0000000,0x00000000c29dc298,0x00000000c4300000)
 Metaspace       used 41441K, committed 42688K, reserved 1114112K
  class space    used 4375K, committed 4928K, reserved 1048576K
}
Event: 7.138 GC heap after
{Heap after GC invocations=25 (full 2):
 PSYoungGen      total 25088K, used 1656K [0x00000000eab00000, 0x00000000ec800000, 0x0000000100000000)
  eden space 20992K, 0% used [0x00000000eab00000,0x00000000eab00000,0x00000000ebf80000)
  from space 4096K, 40% used [0x00000000ec080000,0x00000000ec21e200,0x00000000ec480000)
  to   space 2560K, 0% used [0x00000000ec580000,0x00000000ec580000,0x00000000ec800000)
 ParOldGen       total 68608K, used 43919K [0x00000000c0000000, 0x00000000c4300000, 0x00000000eab00000)
  object space 68608K, 64% used [0x00000000c0000000,0x00000000c2ae3d58,0x00000000c4300000)
 Metaspace       used 41441K, committed 42688K, reserved 1114112K
  class space    used 4375K, committed 4928K, reserved 1048576K
}
Event: 7.558 GC heap before
{Heap before GC invocations=26 (full 2):
 PSYoungGen      total 25088K, used 22648K [0x00000000eab00000, 0x00000000ec800000, 0x0000000100000000)
  eden space 20992K, 100% used [0x00000000eab00000,0x00000000ebf80000,0x00000000ebf80000)
  from space 4096K, 40% used [0x00000000ec080000,0x00000000ec21e200,0x00000000ec480000)
  to   space 2560K, 0% used [0x00000000ec580000,0x00000000ec580000,0x00000000ec800000)
 ParOldGen       total 68608K, used 43919K [0x00000000c0000000, 0x00000000c4300000, 0x00000000eab00000)
  object space 68608K, 64% used [0x00000000c0000000,0x00000000c2ae3d58,0x00000000c4300000)
 Metaspace       used 43413K, committed 44736K, reserved 1114112K
  class space    used 4629K, committed 5184K, reserved 1048576K
}
Event: 7.561 GC heap after
{Heap after GC invocations=26 (full 2):
 PSYoungGen      total 22016K, used 800K [0x00000000eab00000, 0x00000000ec680000, 0x0000000100000000)
  eden space 20992K, 0% used [0x00000000eab00000,0x00000000eab00000,0x00000000ebf80000)
  from space 1024K, 78% used [0x00000000ec580000,0x00000000ec648000,0x00000000ec680000)
  to   space 1536K, 0% used [0x00000000ec380000,0x00000000ec380000,0x00000000ec500000)
 ParOldGen       total 68608K, used 45396K [0x00000000c0000000, 0x00000000c4300000, 0x00000000eab00000)
  object space 68608K, 66% used [0x00000000c0000000,0x00000000c2c552b0,0x00000000c4300000)
 Metaspace       used 43413K, committed 44736K, reserved 1114112K
  class space    used 4629K, committed 5184K, reserved 1048576K
}

Dll operation events (10 events):
Event: 0.009 Loaded shared library c:\Users\agnes\.vscode\extensions\redhat.java-1.50.0-win32-x64\jre\21.0.9-win32-x86_64\bin\java.dll
Event: 0.048 Loaded shared library c:\Users\agnes\.vscode\extensions\redhat.java-1.50.0-win32-x64\jre\21.0.9-win32-x86_64\bin\zip.dll
Event: 0.195 Loaded shared library C:\Users\agnes\.vscode\extensions\redhat.java-1.50.0-win32-x64\jre\21.0.9-win32-x86_64\bin\instrument.dll
Event: 0.202 Loaded shared library C:\Users\agnes\.vscode\extensions\redhat.java-1.50.0-win32-x64\jre\21.0.9-win32-x86_64\bin\net.dll
Event: 0.204 Loaded shared library C:\Users\agnes\.vscode\extensions\redhat.java-1.50.0-win32-x64\jre\21.0.9-win32-x86_64\bin\nio.dll
Event: 0.208 Loaded shared library C:\Users\agnes\.vscode\extensions\redhat.java-1.50.0-win32-x64\jre\21.0.9-win32-x86_64\bin\zip.dll
Event: 0.227 Loaded shared library C:\Users\agnes\.vscode\extensions\redhat.java-1.50.0-win32-x64\jre\21.0.9-win32-x86_64\bin\jimage.dll
Event: 0.302 Loaded shared library c:\Users\agnes\.vscode\extensions\redhat.java-1.50.0-win32-x64\jre\21.0.9-win32-x86_64\bin\verify.dll
Event: 2.399 Loaded shared library C:\Users\agnes\AppData\Roaming\Code\User\globalStorage\redhat.java\1.50.0\config_win\org.eclipse.equinox.launcher\org.eclipse.equinox.launcher.win32.win32.x86_64_1.2.1400.v20250801-0854\eclipse_11916.dll
Event: 3.672 Loaded shared library C:\Users\agnes\AppData\Local\Temp\jna-92758966\jna5735310359773255028.dll

Deoptimization events (20 events):
Event: 6.987 Thread 0x000001eb7edce0e0 Uncommon trap: trap_request=0xffffff45 fr.pc=0x000001eb31b2786c relative=0x0000000000002c8c
Event: 6.987 Thread 0x000001eb7edce0e0 Uncommon trap: reason=unstable_if action=reinterpret pc=0x000001eb31b2786c method=org.eclipse.jdt.internal.core.JarPackageFragmentRoot.initRawPackageInfo(Ljava/util/Map;Ljava/lang/String;Ljava/lang/String;ZLjava/lang/String;)V @ 151 c2
Event: 6.987 Thread 0x000001eb7edce0e0 DEOPT PACKING pc=0x000001eb31b2786c sp=0x000000cc2c3fd5a0
Event: 6.987 Thread 0x000001eb7edce0e0 DEOPT UNPACKING pc=0x000001eb31383aa2 sp=0x000000cc2c3fd578 mode 2
Event: 7.059 Thread 0x000001eb7edce770 DEOPT PACKING pc=0x000001eb2a8174d3 sp=0x000000cc2c8fdd50
Event: 7.059 Thread 0x000001eb7edce770 DEOPT UNPACKING pc=0x000001eb31384242 sp=0x000000cc2c8fd1c0 mode 0
Event: 7.089 Thread 0x000001eb7edce0e0 DEOPT PACKING pc=0x000001eb2a773f46 sp=0x000000cc2c3fd410
Event: 7.089 Thread 0x000001eb7edce0e0 DEOPT UNPACKING pc=0x000001eb31384242 sp=0x000000cc2c3fc990 mode 0
Event: 7.097 Thread 0x000001eb7edce0e0 DEOPT PACKING pc=0x000001eb2a0e4bea sp=0x000000cc2c3fdd70
Event: 7.097 Thread 0x000001eb7edce0e0 DEOPT UNPACKING pc=0x000001eb31384242 sp=0x000000cc2c3fd1f8 mode 0
Event: 7.097 Thread 0x000001eb7edce0e0 DEOPT PACKING pc=0x000001eb2a0e452e sp=0x000000cc2c3fdcf0
Event: 7.097 Thread 0x000001eb7edce0e0 DEOPT UNPACKING pc=0x000001eb31384242 sp=0x000000cc2c3fd178 mode 0
Event: 7.101 Thread 0x000001eb7edce0e0 DEOPT PACKING pc=0x000001eb2a7a9a9f sp=0x000000cc2c3fe1b0
Event: 7.101 Thread 0x000001eb7edce0e0 DEOPT UNPACKING pc=0x000001eb31384242 sp=0x000000cc2c3fd688 mode 0
Event: 7.102 Thread 0x000001eb7edce0e0 DEOPT PACKING pc=0x000001eb2a7a9a9f sp=0x000000cc2c3fe1b0
Event: 7.102 Thread 0x000001eb7edce0e0 DEOPT UNPACKING pc=0x000001eb31384242 sp=0x000000cc2c3fd688 mode 0
Event: 7.134 Thread 0x000001eb7edce0e0 DEOPT PACKING pc=0x000001eb2a7a9a9f sp=0x000000cc2c3fe830
Event: 7.134 Thread 0x000001eb7edce0e0 DEOPT UNPACKING pc=0x000001eb31384242 sp=0x000000cc2c3fdd08 mode 0
Event: 7.140 Thread 0x000001eb7edce0e0 DEOPT PACKING pc=0x000001eb2a7a9a9f sp=0x000000cc2c3fe830
Event: 7.140 Thread 0x000001eb7edce0e0 DEOPT UNPACKING pc=0x000001eb31384242 sp=0x000000cc2c3fdd08 mode 0

Classes loaded (20 events):
Event: 5.597 Loading class sun/reflect/annotation/AnnotatedTypeFactory$AnnotatedTypeBaseImpl
Event: 5.597 Loading class sun/reflect/annotation/AnnotatedTypeFactory$AnnotatedTypeBaseImpl done
Event: 5.631 Loading class java/nio/channels/Channels$ReadableByteChannelImpl
Event: 5.631 Loading class java/nio/channels/Channels$ReadableByteChannelImpl done
Event: 5.633 Loading class java/nio/channels/NonWritableChannelException
Event: 5.634 Loading class java/nio/channels/NonWritableChannelException done
Event: 5.673 Loading class java/lang/invoke/MethodHandleImpl$CountingWrapper
Event: 5.673 Loading class java/lang/invoke/MethodHandleImpl$CountingWrapper done
Event: 5.690 Loading class java/lang/annotation/ElementType
Event: 5.691 Loading class java/lang/annotation/ElementType done
Event: 5.799 Loading class java/lang/annotation/IncompleteAnnotationException
Event: 5.799 Loading class java/lang/annotation/IncompleteAnnotationException done
Event: 7.294 Loading class sun/reflect/annotation/AnnotatedTypeFactory$AnnotatedParameterizedTypeImpl
Event: 7.294 Loading class java/lang/reflect/AnnotatedParameterizedType
Event: 7.294 Loading class java/lang/reflect/AnnotatedParameterizedType done
Event: 7.294 Loading class sun/reflect/annotation/AnnotatedTypeFactory$AnnotatedParameterizedTypeImpl done
Event: 7.482 Loading class sun/reflect/generics/scope/ConstructorScope
Event: 7.482 Loading class sun/reflect/generics/scope/ConstructorScope done
Event: 7.482 Loading class sun/reflect/generics/tree/VoidDescriptor
Event: 7.482 Loading class sun/reflect/generics/tree/VoidDescriptor done

Classes unloaded (7 events):
Event: 4.122 Thread 0x000001eb24792080 Unloading class 0x000001eb3c1a6400 'java/lang/invoke/LambdaForm$MH+0x000001eb3c1a6400'
Event: 4.122 Thread 0x000001eb24792080 Unloading class 0x000001eb3c1a6000 'java/lang/invoke/LambdaForm$MH+0x000001eb3c1a6000'
Event: 4.122 Thread 0x000001eb24792080 Unloading class 0x000001eb3c1a5c00 'java/lang/invoke/LambdaForm$MH+0x000001eb3c1a5c00'
Event: 4.122 Thread 0x000001eb24792080 Unloading class 0x000001eb3c1a5800 'java/lang/invoke/LambdaForm$MH+0x000001eb3c1a5800'
Event: 4.122 Thread 0x000001eb24792080 Unloading class 0x000001eb3c1a5400 'java/lang/invoke/LambdaForm$BMH+0x000001eb3c1a5400'
Event: 4.122 Thread 0x000001eb24792080 Unloading class 0x000001eb3c1a5000 'java/lang/invoke/LambdaForm$DMH+0x000001eb3c1a5000'
Event: 4.122 Thread 0x000001eb24792080 Unloading class 0x000001eb3c1a4000 'java/lang/invoke/LambdaForm$DMH+0x000001eb3c1a4000'

Classes redefined (0 events):
No events

Internal exceptions (20 events):
Event: 4.969 Thread 0x000001eb26c05bd0 Exception <a 'java/lang/NoSuchMethodError'{0x00000000eb889cc8}: 'java.lang.Object java.lang.invoke.DirectMethodHandle$Holder.invokeStaticInit(java.lang.Object, long, java.lang.Object)'> (0x00000000eb889cc8) 
thrown [s\src\hotspot\share\interpreter\linkResolver.cpp, line 773]
Event: 4.970 Thread 0x000001eb26c05bd0 Exception <a 'java/lang/NoSuchMethodError'{0x00000000eb907670}: 'java.lang.Object java.lang.invoke.DirectMethodHandle$Holder.newInvokeSpecial(java.lang.Object, long)'> (0x00000000eb907670) 
thrown [s\src\hotspot\share\interpreter\linkResolver.cpp, line 773]
Event: 5.021 Thread 0x000001eb7edce0e0 Implicit null exception at 0x000001eb31aa6e91 to 0x000001eb31aa7118
Event: 5.026 Thread 0x000001eb7edce0e0 Exception <a 'java/lang/NoSuchMethodError'{0x00000000eab03b28}: 'java.lang.Object java.lang.invoke.DelegatingMethodHandle$Holder.reinvoke_L(java.lang.Object, int, long, java.lang.Object, java.lang.Object, int, java.lang.Object)'> (0x00000000eab03b28) 
thrown [s\src\hotspot\share\interpreter\linkResolver.cpp, line 773]
Event: 5.129 Thread 0x000001eb7edd1bf0 Exception <a 'sun/nio/fs/WindowsException'{0x00000000eaef2808}> (0x00000000eaef2808) 
thrown [s\src\hotspot\share\prims\jni.cpp, line 520]
Event: 5.175 Thread 0x000001eb7edd1bf0 Exception <a 'java/io/FileNotFoundException'{0x00000000eb300e70}> (0x00000000eb300e70) 
thrown [s\src\hotspot\share\prims\jni.cpp, line 520]
Event: 5.176 Thread 0x000001eb7edd1bf0 Exception <a 'java/io/FileNotFoundException'{0x00000000eb331df8}> (0x00000000eb331df8) 
thrown [s\src\hotspot\share\prims\jni.cpp, line 520]
Event: 5.178 Thread 0x000001eb7edd1bf0 Exception <a 'java/lang/NoSuchMethodError'{0x00000000eb34e388}: 'java.lang.Object java.lang.invoke.DirectMethodHandle$Holder.newInvokeSpecial(java.lang.Object, java.lang.Object, java.lang.Object, int)'> (0x00000000eb34e388) 
thrown [s\src\hotspot\share\interpreter\linkResolver.cpp, line 773]
Event: 5.178 Thread 0x000001eb7edd1bf0 Exception <a 'java/lang/NoSuchMethodError'{0x00000000eb352000}: 'java.lang.Object java.lang.invoke.DirectMethodHandle$Holder.invokeSpecial(java.lang.Object, java.lang.Object, java.lang.Object, java.lang.Object, int)'> (0x00000000eb352000) 
thrown [s\src\hotspot\share\interpreter\linkResolver.cpp, line 773]
Event: 5.178 Thread 0x000001eb7edd1bf0 Exception <a 'java/lang/NoSuchMethodError'{0x00000000eb3554a8}: 'java.lang.Object java.lang.invoke.Invokers$Holder.linkToTargetMethod(java.lang.Object, java.lang.Object, int, java.lang.Object)'> (0x00000000eb3554a8) 
thrown [s\src\hotspot\share\interpreter\linkResolver.cpp, line 773]
Event: 5.180 Thread 0x000001eb7edd1bf0 Exception <a 'java/lang/NoSuchMethodError'{0x00000000eb383ae0}: 'void java.lang.invoke.DirectMethodHandle$Holder.invokeStaticInit(java.lang.Object, java.lang.Object, java.lang.Object)'> (0x00000000eb383ae0) 
thrown [s\src\hotspot\share\interpreter\linkResolver.cpp, line 773]
Event: 5.320 Thread 0x000001eb7edce770 Exception <a 'java/lang/NoSuchMethodError'{0x00000000eabdb158}: 'java.lang.Object java.lang.invoke.DirectMethodHandle$Holder.invokeSpecialIFC(java.lang.Object, java.lang.Object, java.lang.Object, java.lang.Object)'> (0x00000000eabdb158) 
thrown [s\src\hotspot\share\interpreter\linkResolver.cpp, line 773]
Event: 5.325 Thread 0x000001eb26c05bd0 Exception <a 'java/lang/NoSuchMethodError'{0x00000000eace8190}: 'void java.lang.invoke.DirectMethodHandle$Holder.invokeSpecial(java.lang.Object, java.lang.Object, java.lang.Object, java.lang.Object, java.lang.Object, java.lang.Object)'> (0x00000000eace8190) 
thrown [s\src\hotspot\share\interpreter\linkResolver.cpp, line 773]
Event: 5.326 Thread 0x000001eb26c05bd0 Exception <a 'java/lang/IncompatibleClassChangeError'{0x00000000eacf0430}: Found class java.lang.Object, but interface was expected> (0x00000000eacf0430) 
thrown [s\src\hotspot\share\interpreter\linkResolver.cpp, line 840]
Event: 5.326 Thread 0x000001eb26c05bd0 Exception <a 'java/lang/IncompatibleClassChangeError'{0x00000000eacf22f0}: Found class java.lang.Object, but interface was expected> (0x00000000eacf22f0) 
thrown [s\src\hotspot\share\interpreter\linkResolver.cpp, line 840]
Event: 5.622 Thread 0x000001eb7edd5700 Exception <a 'java/io/FileNotFoundException'{0x00000000eb054658}> (0x00000000eb054658) 
thrown [s\src\hotspot\share\prims\jni.cpp, line 520]
Event: 5.672 Thread 0x000001eb7edd5700 Exception <a 'java/lang/NoSuchMethodError'{0x00000000eb8e7b80}: 'java.lang.Object java.lang.invoke.DirectMethodHandle$Holder.invokeStatic(java.lang.Object, int, java.lang.Object, java.lang.Object)'> (0x00000000eb8e7b80) 
thrown [s\src\hotspot\share\interpreter\linkResolver.cpp, line 773]
Event: 5.672 Thread 0x000001eb7edd5700 Exception <a 'java/lang/NoSuchMethodError'{0x00000000eb8eb380}: 'java.lang.Object java.lang.invoke.DelegatingMethodHandle$Holder.delegate(java.lang.Object, int, java.lang.Object, java.lang.Object)'> (0x00000000eb8eb380) 
thrown [s\src\hotspot\share\interpreter\linkResolver.cpp, line 773]
Event: 5.676 Thread 0x000001eb7edd5700 Exception <a 'java/lang/NoSuchMethodError'{0x00000000eba29f30}: 'int java.lang.invoke.Invokers$Holder.linkToTargetMethod(java.lang.Object, java.lang.Object, java.lang.Object)'> (0x00000000eba29f30) 
thrown [s\src\hotspot\share\interpreter\linkResolver.cpp, line 773]
Event: 5.800 Thread 0x000001eb7edce770 Exception <a 'java/lang/NoClassDefFoundError'{0x00000000eaf472e8}: javax/enterprise/inject/Typed> (0x00000000eaf472e8) 
thrown [s\src\hotspot\share\classfile\systemDictionary.cpp, line 301]

ZGC Phase Switch (0 events):
No events

VM Operations (20 events):
Event: 5.700 Executing VM operation: ParallelGCFailedAllocation (Allocation Failure) done
Event: 5.781 Executing VM operation: ParallelGCFailedAllocation (Allocation Failure)
Event: 5.786 Executing VM operation: ParallelGCFailedAllocation (Allocation Failure) done
Event: 5.788 Executing VM operation: HandshakeAllThreads (Deoptimize)
Event: 5.788 Executing VM operation: HandshakeAllThreads (Deoptimize) done
Event: 5.858 Executing VM operation: ParallelGCFailedAllocation (Allocation Failure)
Event: 5.863 Executing VM operation: ParallelGCFailedAllocation (Allocation Failure) done
Event: 6.471 Executing VM operation: ParallelGCFailedAllocation (Allocation Failure)
Event: 6.941 Executing VM operation: ParallelGCFailedAllocation (Allocation Failure) done
Event: 7.013 Executing VM operation: ParallelGCFailedAllocation (Allocation Failure)
Event: 7.017 Executing VM operation: ParallelGCFailedAllocation (Allocation Failure) done
Event: 7.136 Executing VM operation: ParallelGCFailedAllocation (Allocation Failure)
Event: 7.138 Executing VM operation: ParallelGCFailedAllocation (Allocation Failure) done
Event: 7.361 Executing VM operation: HandshakeAllThreads (Deoptimize)
Event: 7.361 Executing VM operation: HandshakeAllThreads (Deoptimize) done
Event: 7.558 Executing VM operation: ParallelGCFailedAllocation (Allocation Failure)
Event: 7.561 Executing VM operation: ParallelGCFailedAllocation (Allocation Failure) done
Event: 7.574 Executing VM operation: HandshakeAllThreads (Deoptimize)
Event: 7.575 Executing VM operation: HandshakeAllThreads (Deoptimize) done
Event: 8.581 Executing VM operation: Cleanup

Memory protections (0 events):
No events

Nmethod flushes (20 events):
Event: 5.078 Thread 0x000001eb24792080 flushing  nmethod 0x000001eb2a490310
Event: 5.078 Thread 0x000001eb24792080 flushing  nmethod 0x000001eb2a490a90
Event: 5.078 Thread 0x000001eb24792080 flushing  nmethod 0x000001eb2a491410
Event: 5.078 Thread 0x000001eb24792080 flushing  nmethod 0x000001eb2a492510
Event: 5.078 Thread 0x000001eb24792080 flushing  nmethod 0x000001eb2a492910
Event: 5.078 Thread 0x000001eb24792080 flushing  nmethod 0x000001eb2a493610
Event: 5.078 Thread 0x000001eb24792080 flushing  nmethod 0x000001eb2a493a90
Event: 5.078 Thread 0x000001eb24792080 flushing  nmethod 0x000001eb2a494790
Event: 5.078 Thread 0x000001eb24792080 flushing  nmethod 0x000001eb2a496190
Event: 5.078 Thread 0x000001eb24792080 flushing  nmethod 0x000001eb2a4b1890
Event: 5.078 Thread 0x000001eb24792080 flushing  nmethod 0x000001eb2a4b9610
Event: 5.078 Thread 0x000001eb24792080 flushing  nmethod 0x000001eb2a4c7210
Event: 5.078 Thread 0x000001eb24792080 flushing  nmethod 0x000001eb2a4cbb10
Event: 5.078 Thread 0x000001eb24792080 flushing  nmethod 0x000001eb2a4cd810
Event: 5.078 Thread 0x000001eb24792080 flushing  nmethod 0x000001eb2a4d5690
Event: 5.078 Thread 0x000001eb24792080 flushing  nmethod 0x000001eb2a54c310
Event: 5.078 Thread 0x000001eb24792080 flushing  nmethod 0x000001eb2a572e90
Event: 5.078 Thread 0x000001eb24792080 flushing  nmethod 0x000001eb2a580a90
Event: 5.078 Thread 0x000001eb24792080 flushing  nmethod 0x000001eb2a580f10
Event: 5.078 Thread 0x000001eb24792080 flushing  nmethod 0x000001eb2a5a2890

Events (20 events):
Event: 4.985 Thread 0x000001eb26c05bd0 Thread added: 0x000001eb7edcfb20
Event: 4.986 Thread 0x000001eb26c05bd0 Thread added: 0x000001eb7edcee00
Event: 4.986 Thread 0x000001eb26c05bd0 Thread added: 0x000001eb7edd2280
Event: 4.986 Thread 0x000001eb26c05bd0 Thread added: 0x000001eb7edd2910
Event: 4.986 Thread 0x000001eb26c05bd0 Thread added: 0x000001eb7edd2fa0
Event: 4.986 Thread 0x000001eb26c05bd0 Thread added: 0x000001eb7edd3630
Event: 4.986 Thread 0x000001eb26c05bd0 Thread added: 0x000001eb7edd01b0
Event: 4.986 Thread 0x000001eb26c05bd0 Thread added: 0x000001eb7edd3cc0
Event: 4.987 Thread 0x000001eb26c05bd0 Thread added: 0x000001eb7edd0840
Event: 5.014 Thread 0x000001eb26c05bd0 Thread added: 0x000001eb7edd4350
Event: 5.365 Thread 0x000001eb26c05bd0 Thread added: 0x000001eb7edd49e0
Event: 5.366 Thread 0x000001eb26c05bd0 Thread added: 0x000001eb7edd5700
Event: 5.411 Thread 0x000001eb7edd1bf0 Thread added: 0x000001eb7edd5070
Event: 5.412 Thread 0x000001eb7edd1bf0 Thread added: 0x000001eb04b945f0
Event: 5.412 Thread 0x000001eb7edd5070 Thread added: 0x000001eb04b93240
Event: 5.412 Thread 0x000001eb04b945f0 Thread added: 0x000001eb04b94c80
Event: 5.424 Thread 0x000001eb04b93240 Thread added: 0x000001eb04b959a0
Event: 5.427 Thread 0x000001eb04b94c80 Thread added: 0x000001eb04b92bb0
Event: 5.469 Thread 0x000001eb04b959a0 Thread added: 0x000001eb04b92520
Event: 6.942 Thread 0x000001eb3afde1e0 Thread added: 0x000001eb7f5a0060


Dynamic libraries:
0x00007ff6c42d0000 - 0x00007ff6c42de000 	c:\Users\agnes\.vscode\extensions\redhat.java-1.50.0-win32-x64\jre\21.0.9-win32-x86_64\bin\java.exe
0x00007ffeb61e0000 - 0x00007ffeb6447000 	C:\WINDOWS\SYSTEM32\ntdll.dll
0x00007ffeb5030000 - 0x00007ffeb50f9000 	C:\WINDOWS\System32\KERNEL32.DLL
0x00007ffeb3b80000 - 0x00007ffeb3f6f000 	C:\WINDOWS\System32\KERNELBASE.dll
0x00007ffeb3330000 - 0x00007ffeb347b000 	C:\WINDOWS\System32\ucrtbase.dll
0x00007ffe9d490000 - 0x00007ffe9d4ae000 	c:\Users\agnes\.vscode\extensions\redhat.java-1.50.0-win32-x64\jre\21.0.9-win32-x86_64\bin\VCRUNTIME140.dll
0x00007ffe9ee70000 - 0x00007ffe9ee88000 	c:\Users\agnes\.vscode\extensions\redhat.java-1.50.0-win32-x64\jre\21.0.9-win32-x86_64\bin\jli.dll
0x00007ffeb4b70000 - 0x00007ffeb4d35000 	C:\WINDOWS\System32\USER32.dll
0x00007ffe9a6d0000 - 0x00007ffe9a963000 	C:\WINDOWS\WinSxS\amd64_microsoft.windows.common-controls_6595b64144ccf1df_6.0.26100.7309_none_3e05feeae336a044\COMCTL32.dll
0x00007ffeb3860000 - 0x00007ffeb3887000 	C:\WINDOWS\System32\win32u.dll
0x00007ffeb5f00000 - 0x00007ffeb5fa9000 	C:\WINDOWS\System32\msvcrt.dll
0x00007ffeb4d80000 - 0x00007ffeb4dab000 	C:\WINDOWS\System32\GDI32.dll
0x00007ffeb3540000 - 0x00007ffeb366c000 	C:\WINDOWS\System32\gdi32full.dll
0x00007ffeb3670000 - 0x00007ffeb3713000 	C:\WINDOWS\System32\msvcp_win.dll
0x00007ffeb4d40000 - 0x00007ffeb4d71000 	C:\WINDOWS\System32\IMM32.DLL
0x00007ffea7dd0000 - 0x00007ffea7ddc000 	c:\Users\agnes\.vscode\extensions\redhat.java-1.50.0-win32-x64\jre\21.0.9-win32-x86_64\bin\vcruntime140_1.dll
0x00007ffe8dae0000 - 0x00007ffe8db6d000 	c:\Users\agnes\.vscode\extensions\redhat.java-1.50.0-win32-x64\jre\21.0.9-win32-x86_64\bin\msvcp140.dll
0x00007ffe3f2d0000 - 0x00007ffe40070000 	c:\Users\agnes\.vscode\extensions\redhat.java-1.50.0-win32-x64\jre\21.0.9-win32-x86_64\bin\server\jvm.dll
0x00007ffeb5fc0000 - 0x00007ffeb6074000 	C:\WINDOWS\System32\ADVAPI32.dll
0x00007ffeb4db0000 - 0x00007ffeb4e56000 	C:\WINDOWS\System32\sechost.dll
0x00007ffeb5c80000 - 0x00007ffeb5d98000 	C:\WINDOWS\System32\RPCRT4.dll
0x00007ffeb4fb0000 - 0x00007ffeb5024000 	C:\WINDOWS\System32\WS2_32.dll
0x00007ffeb3190000 - 0x00007ffeb31ee000 	C:\WINDOWS\SYSTEM32\POWRPROF.dll
0x00007ffea5a90000 - 0x00007ffea5ac5000 	C:\WINDOWS\SYSTEM32\WINMM.dll
0x00007ffea78f0000 - 0x00007ffea78fb000 	C:\WINDOWS\SYSTEM32\VERSION.dll
0x00007ffeb3170000 - 0x00007ffeb3184000 	C:\WINDOWS\SYSTEM32\UMPDC.dll
0x00007ffeb20a0000 - 0x00007ffeb20bb000 	C:\WINDOWS\SYSTEM32\kernel.appcore.dll
0x00007ffea7c30000 - 0x00007ffea7c3a000 	c:\Users\agnes\.vscode\extensions\redhat.java-1.50.0-win32-x64\jre\21.0.9-win32-x86_64\bin\jimage.dll
0x00007ffeb07a0000 - 0x00007ffeb09e2000 	C:\WINDOWS\SYSTEM32\DBGHELP.DLL
0x00007ffeb47e0000 - 0x00007ffeb4b65000 	C:\WINDOWS\System32\combase.dll
0x00007ffeb5da0000 - 0x00007ffeb5e76000 	C:\WINDOWS\System32\OLEAUT32.dll
0x00007ffe8b810000 - 0x00007ffe8b84c000 	C:\WINDOWS\SYSTEM32\dbgcore.DLL
0x00007ffeb37b0000 - 0x00007ffeb3855000 	C:\WINDOWS\System32\bcryptPrimitives.dll
0x00007ffea7f80000 - 0x00007ffea7f8f000 	c:\Users\agnes\.vscode\extensions\redhat.java-1.50.0-win32-x64\jre\21.0.9-win32-x86_64\bin\instrument.dll
0x00007ffe9d470000 - 0x00007ffe9d490000 	c:\Users\agnes\.vscode\extensions\redhat.java-1.50.0-win32-x64\jre\21.0.9-win32-x86_64\bin\java.dll
0x00007ffeb5180000 - 0x00007ffeb58d3000 	C:\WINDOWS\System32\SHELL32.dll
0x00007ffeb3890000 - 0x00007ffeb39fa000 	C:\WINDOWS\System32\wintypes.dll
0x00007ffeb0f10000 - 0x00007ffeb176e000 	C:\WINDOWS\SYSTEM32\windows.storage.dll
0x00007ffeb46d0000 - 0x00007ffeb47c5000 	C:\WINDOWS\System32\SHCORE.dll
0x00007ffeb5e90000 - 0x00007ffeb5ef6000 	C:\WINDOWS\System32\shlwapi.dll
0x00007ffeb3250000 - 0x00007ffeb3279000 	C:\WINDOWS\SYSTEM32\profapi.dll
0x00007ffe9d110000 - 0x00007ffe9d128000 	c:\Users\agnes\.vscode\extensions\redhat.java-1.50.0-win32-x64\jre\21.0.9-win32-x86_64\bin\zip.dll
0x00007ffe9e830000 - 0x00007ffe9e840000 	C:\Users\agnes\.vscode\extensions\redhat.java-1.50.0-win32-x64\jre\21.0.9-win32-x86_64\bin\net.dll
0x00007ffeafac0000 - 0x00007ffeafbe8000 	C:\WINDOWS\SYSTEM32\WINHTTP.dll
0x00007ffeb25f0000 - 0x00007ffeb265b000 	C:\WINDOWS\system32\mswsock.dll
0x00007ffe9d0f0000 - 0x00007ffe9d106000 	C:\Users\agnes\.vscode\extensions\redhat.java-1.50.0-win32-x64\jre\21.0.9-win32-x86_64\bin\nio.dll
0x00007ffea7bf0000 - 0x00007ffea7c00000 	c:\Users\agnes\.vscode\extensions\redhat.java-1.50.0-win32-x64\jre\21.0.9-win32-x86_64\bin\verify.dll
0x00007ffe92ce0000 - 0x00007ffe92d24000 	C:\Users\agnes\AppData\Roaming\Code\User\globalStorage\redhat.java\1.50.0\config_win\org.eclipse.equinox.launcher\org.eclipse.equinox.launcher.win32.win32.x86_64_1.2.1400.v20250801-0854\eclipse_11916.dll
0x00007ffeb5a50000 - 0x00007ffeb5be7000 	C:\WINDOWS\System32\ole32.dll
0x00007ffeb29e0000 - 0x00007ffeb29fb000 	C:\WINDOWS\SYSTEM32\CRYPTSP.dll
0x00007ffeb2000000 - 0x00007ffeb203a000 	C:\WINDOWS\system32\rsaenh.dll
0x00007ffeb26a0000 - 0x00007ffeb26cb000 	C:\WINDOWS\SYSTEM32\USERENV.dll
0x00007ffeb3220000 - 0x00007ffeb324a000 	C:\WINDOWS\SYSTEM32\bcrypt.dll
0x00007ffeb2840000 - 0x00007ffeb284c000 	C:\WINDOWS\SYSTEM32\CRYPTBASE.dll
0x00007ffeb1ae0000 - 0x00007ffeb1b14000 	C:\WINDOWS\SYSTEM32\IPHLPAPI.DLL
0x00007ffeb5fb0000 - 0x00007ffeb5fba000 	C:\WINDOWS\System32\NSI.dll
0x00007ffe8d7f0000 - 0x00007ffe8d839000 	C:\Users\agnes\AppData\Local\Temp\jna-92758966\jna5735310359773255028.dll
0x00007ffeb47d0000 - 0x00007ffeb47d8000 	C:\WINDOWS\System32\PSAPI.DLL
0x00007ffea53f0000 - 0x00007ffea540e000 	C:\WINDOWS\SYSTEM32\dhcpcsvc6.DLL
0x00007ffea4f00000 - 0x00007ffea4f23000 	C:\WINDOWS\SYSTEM32\dhcpcsvc.DLL

JVMTI agents:
c:\Users\agnes\.vscode\extensions\redhat.java-1.50.0-win32-x64\lombok\lombok-1.18.39-4050.jar path:c:\Users\agnes\.vscode\extensions\redhat.java-1.50.0-win32-x64\jre\21.0.9-win32-x86_64\bin\instrument.dll, loaded, initialized, instrumentlib options:none

dbghelp: loaded successfully - version: 4.0.5 - missing functions: none
symbol engine: initialized successfully - sym options: 0x614 - pdb path: .;c:\Users\agnes\.vscode\extensions\redhat.java-1.50.0-win32-x64\jre\21.0.9-win32-x86_64\bin;C:\WINDOWS\SYSTEM32;C:\WINDOWS\WinSxS\amd64_microsoft.windows.common-controls_6595b64144ccf1df_6.0.26100.7309_none_3e05feeae336a044;c:\Users\agnes\.vscode\extensions\redhat.java-1.50.0-win32-x64\jre\21.0.9-win32-x86_64\bin\server;C:\Users\agnes\AppData\Roaming\Code\User\globalStorage\redhat.java\1.50.0\config_win\org.eclipse.equinox.launcher\org.eclipse.equinox.launcher.win32.win32.x86_64_1.2.1400.v20250801-0854;C:\Users\agnes\AppData\Local\Temp\jna-92758966

VM Arguments:
jvm_args: --add-modules=ALL-SYSTEM --add-opens=java.base/java.util=ALL-UNNAMED --add-opens=java.base/java.lang=ALL-UNNAMED --add-opens=java.base/sun.nio.fs=ALL-UNNAMED -Declipse.application=org.eclipse.jdt.ls.core.id1 -Dosgi.bundles.defaultStartLevel=4 -Declipse.product=org.eclipse.jdt.ls.core.product -Djava.import.generatesMetadataFilesAtProjectRoot=false -DDetectVMInstallationsJob.disabled=true -Dfile.encoding=utf8 -XX:+UseParallelGC -XX:GCTimeRatio=4 -XX:AdaptiveSizePolicyWeight=90 -Dsun.zip.disableMemoryMapping=true -Xmx2G -Xms100m -Xlog:disable -javaagent:c:\Users\agnes\.vscode\extensions\redhat.java-1.50.0-win32-x64\lombok\lombok-1.18.39-4050.jar -XX:+HeapDumpOnOutOfMemoryError -XX:HeapDumpPath=c:\Users\agnes\AppData\Roaming\Code\User\workspaceStorage\5fa8ea05a08e1f09a563d8a64c92713b\redhat.java -Daether.dependencyCollector.impl=bf -Xmx1024M 
java_command: c:\Users\agnes\.vscode\extensions\redhat.java-1.50.0-win32-x64\server\plugins\org.eclipse.equinox.launcher_1.7.100.v20251111-0406.jar -configuration c:\Users\agnes\AppData\Roaming\Code\User\globalStorage\redhat.java\1.50.0\config_win -data c:\Users\agnes\AppData\Roaming\Code\User\workspaceStorage\5fa8ea05a08e1f09a563d8a64c92713b\redhat.java\jdt_ws --pipe=\\.\pipe\lsp-e1453803df4f1ce22b087d5195bb9f50-sock
java_class_path (initial): c:\Users\agnes\.vscode\extensions\redhat.java-1.50.0-win32-x64\server\plugins\org.eclipse.equinox.launcher_1.7.100.v20251111-0406.jar
Launcher Type: SUN_STANDARD

[Global flags]
    uintx AdaptiveSizePolicyWeight                 = 90                                        {product} {command line}
     intx CICompilerCount                          = 4                                         {product} {ergonomic}
    uintx GCTimeRatio                              = 4                                         {product} {command line}
     bool HeapDumpOnOutOfMemoryError               = true                                   {manageable} {command line}
    ccstr HeapDumpPath                             = c:\Users\agnes\AppData\Roaming\Code\User\workspaceStorage\5fa8ea05a08e1f09a563d8a64c92713b\redhat.java         {manageable} {command line}
   size_t InitialHeapSize                          = 104857600                                 {product} {command line}
   size_t MaxHeapSize                              = 1073741824                                {product} {command line}
   size_t MaxNewSize                               = 357564416                                 {product} {ergonomic}
   size_t MinHeapDeltaBytes                        = 524288                                    {product} {ergonomic}
   size_t MinHeapSize                              = 104857600                                 {product} {command line}
   size_t NewSize                                  = 34603008                                  {product} {ergonomic}
    uintx NonNMethodCodeHeapSize                   = 5839372                                {pd product} {ergonomic}
    uintx NonProfiledCodeHeapSize                  = 122909434                              {pd product} {ergonomic}
   size_t OldSize                                  = 70254592                                  {product} {ergonomic}
    uintx ProfiledCodeHeapSize                     = 122909434                              {pd product} {ergonomic}
    uintx ReservedCodeCacheSize                    = 251658240                              {pd product} {ergonomic}
     bool SegmentedCodeCache                       = true                                      {product} {ergonomic}
   size_t SoftMaxHeapSize                          = 1073741824                             {manageable} {ergonomic}
     bool UseCompressedOops                        = true                           {product lp64_product} {ergonomic}
     bool UseLargePagesIndividualAllocation        = false                                  {pd product} {ergonomic}
     bool UseParallelGC                            = true                                      {product} {command line}

Logging:
Log output configuration:
 #0: stdout all=off uptime,level,tags foldmultilines=false
 #1: stderr all=off uptime,level,tags foldmultilines=false

Release file:
JAVA_VERSION="21.0.9" 
MODULES="java.base java.compiler java.datatransfer java.xml java.prefs java.desktop java.instrument java.logging java.management java.security.sasl java.naming java.rmi java.management.rmi java.net.http java.scripting java.security.jgss java.transaction.xa java.sql java.sql.rowset java.xml.crypto java.se java.smartcardio jdk.accessibility jdk.internal.jvmstat jdk.attach jdk.charsets jdk.internal.opt jdk.zipfs jdk.compiler jdk.crypto.ec jdk.crypto.cryptoki jdk.crypto.mscapi jdk.dynalink jdk.internal.ed jdk.editpad jdk.hotspot.agent jdk.httpserver jdk.internal.le jdk.internal.vm.ci jdk.internal.vm.compiler jdk.internal.vm.compiler.management jdk.jartool jdk.javadoc jdk.jcmd jdk.management jdk.management.agent jdk.jconsole jdk.jdeps jdk.jdwp.agent jdk.jdi jdk.jfr jdk.jshell jdk.jsobject jdk.jstatd jdk.localedata jdk.management.jfr jdk.naming.dns jdk.naming.rmi jdk.net jdk.nio.mapmode jdk.random jdk.sctp jdk.security.auth jdk.security.jgss jdk.unsupported jdk.unsupported.desktop jdk.xml.dom" 

Environment Variables:
_JAVA_OPTIONS=-Xmx1024M
PATH=C:\Program Files\Eclipse Adoptium\jdk-17.0.17.10-hotspot\bin;C:\Program Files (x86)\Razer Chroma SDK\bin;C:\Program Files\Razer Chroma SDK\bin;C:\Program Files (x86)\Razer\ChromaBroadcast\bin;C:\Program Files\Razer\ChromaBroadcast\bin;C:\WINDOWS\system32;C:\WINDOWS;C:\WINDOWS\System32\Wbem;C:\WINDOWS\System32\WindowsPowerShell\v1.0\;C:\WINDOWS\System32\OpenSSH\;C:\WINDOWS\system32\config\systemprofile\AppData\Local\Microsoft\WindowsApps;C:\Program Files\dotnet\;C:\WINDOWS\system32;C:\WINDOWS;C:\WINDOWS\System32\Wbem;C:\WINDOWS\System32\WindowsPowerShell\v1.0\;C:\WINDOWS\System32\OpenSSH\;C:\Program Files\Git\cmd;C:\Program Files\Docker\Docker\resources\bin;C:\Users\agnes\AppData\Local\Microsoft\WindowsApps;C:\Users\agnes\AppData\Local\GitHubDesktop\bin;C:\Users\agnes\AppData\Local\Programs\Microsoft VS Code\bin;C:\Users\agnes\Desktop\UM\TestAut\FinalAssigment\FinalAssigment\Maven\apache-maven-3.9.7-bin\apache-maven-3.9.7\bin;C:\Program Files\Apache\Maven\apache-maven-3.9.12\bin;
USERNAME=agnes
OS=Windows_NT
PROCESSOR_IDENTIFIER=Intel64 Family 6 Model 142 Stepping 12, GenuineIntel
TMP=C:\Users\agnes\AppData\Local\Temp
TEMP=C:\Users\agnes\AppData\Local\Temp




Periodic native trim disabled

---------------  S Y S T E M  ---------------

OS:
 Windows 11 , 64 bit Build 26100 (10.0.26100.7309)
OS uptime: 1 days 1:39 hours
Hyper-V role detected

CPU: total 8 (initial active 8) (4 cores per cpu, 2 threads per core) family 6 model 142 stepping 12 microcode 0xf0, cx8, cmov, fxsr, ht, mmx, 3dnowpref, sse, sse2, sse3, ssse3, sse4.1, sse4.2, popcnt, lzcnt, tsc, tscinvbit, avx, avx2, aes, erms, clmul, bmi1, bmi2, adx, fma, vzeroupper, clflush, clflushopt, hv, rdtscp, f16c
Processor Information for the first 8 processors :
  Max Mhz: 2112, Current Mhz: 1609, Mhz Limit: 1605

Memory: 4k page, system-wide physical 7988M (536M free)
TotalPageFile size 16180M (AvailPageFile size 31M)
current process WorkingSet (physical memory assigned to process): 234M, peak: 236M
current process commit charge ("private bytes"): 294M, peak: 295M

vm_info: OpenJDK 64-Bit Server VM (21.0.9+10-LTS) for windows-amd64 JRE (21.0.9+10-LTS), built on 2025-10-21T00:00:00Z by "admin" with unknown MS VC++:1942

END.
