#
# There is insufficient memory for the Java Runtime Environment to continue.
# Native memory allocation (malloc) failed to allocate 1181776 bytes. Error detail: Chunk::new
# Possible reasons:
#   The system is out of physical RAM or swap space
#   This process is running with CompressedOops enabled, and the Java Heap may be blocking the growth of the native heap
# Possible solutions:
#   Reduce memory load on the system
#   Increase physical memory or swap space
#   Check if swap backing store is full
#   Decrease Java heap size (-Xmx/-Xms)
#   Decrease number of Java threads
#   Decrease Java thread stack sizes (-Xss)
#   Set larger code cache with -XX:ReservedCodeCacheSize=
#   JVM is running with Unscaled Compressed Oops mode in which the Java heap is
#     placed in the first 4GB address space. The Java Heap base address is the
#     maximum limit for the native heap growth. Please use -XX:HeapBaseMinAddress
#     to set the Java Heap base and to place the Java Heap above 4GB virtual address.
# This output file may be truncated or incomplete.
#
#  Out of Memory Error (arena.cpp:168), pid=2348, tid=3132
#
# JRE version: OpenJDK Runtime Environment Temurin-21.0.9+10 (21.0.9+10) (build 21.0.9+10-LTS)
# Java VM: OpenJDK 64-Bit Server VM Temurin-21.0.9+10 (21.0.9+10-LTS, mixed mode, sharing, tiered, compressed oops, compressed class ptrs, parallel gc, windows-amd64)
# No core dump will be written. Minidumps are not enabled by default on client versions of Windows
#

---------------  S U M M A R Y ------------

Command Line: --add-modules=ALL-SYSTEM --add-opens=java.base/java.util=ALL-UNNAMED --add-opens=java.base/java.lang=ALL-UNNAMED --add-opens=java.base/sun.nio.fs=ALL-UNNAMED -Declipse.application=org.eclipse.jdt.ls.core.id1 -Dosgi.bundles.defaultStartLevel=4 -Declipse.product=org.eclipse.jdt.ls.core.product -Djava.import.generatesMetadataFilesAtProjectRoot=false -DDetectVMInstallationsJob.disabled=true -Dfile.encoding=utf8 -XX:+UseParallelGC -XX:GCTimeRatio=4 -XX:AdaptiveSizePolicyWeight=90 -Dsun.zip.disableMemoryMapping=true -Xmx2G -Xms100m -Xlog:disable -javaagent:c:\Users\agnes\.vscode\extensions\redhat.java-1.50.0-win32-x64\lombok\lombok-1.18.39-4050.jar -XX:+HeapDumpOnOutOfMemoryError -XX:HeapDumpPath=c:\Users\agnes\AppData\Roaming\Code\User\workspaceStorage\5fa8ea05a08e1f09a563d8a64c92713b\redhat.java -Daether.dependencyCollector.impl=bf -Xmx1024M c:\Users\agnes\.vscode\extensions\redhat.java-1.50.0-win32-x64\server\plugins\org.eclipse.equinox.launcher_1.7.100.v20251111-0406.jar -configuration c:\Users\agnes\AppData\Roaming\Code\User\globalStorage\redhat.java\1.50.0\config_win -data c:\Users\agnes\AppData\Roaming\Code\User\workspaceStorage\5fa8ea05a08e1f09a563d8a64c92713b\redhat.java\jdt_ws --pipe=\\.\pipe\lsp-ff977e024458047aa5bd17a3b5be30fd-sock

Host: Intel(R) Core(TM) i5-10210U CPU @ 1.60GHz, 8 cores, 7G,  Windows 11 , 64 bit Build 26100 (10.0.26100.7309)
Time: Fri Jan  2 09:56:34 2026 elapsed time: 8.054223 seconds (0d 0h 0m 8s)

---------------  T H R E A D  ---------------

Current thread (0x000001e18c1d8050):  JavaThread "C2 CompilerThread0" daemon [_thread_in_native, id=3132, stack(0x000000d563700000,0x000000d563800000) (1024K)]


Current CompileTask:
C2:8054 4420       4       org.lombokweb.asm.ClassReader::readMethod (1070 bytes)

Stack: [0x000000d563700000,0x000000d563800000]
Native frames: (J=compiled Java code, j=interpreted, Vv=VM code, C=native code)
V  [jvm.dll+0x6d6e29]
V  [jvm.dll+0x8b4b76]
V  [jvm.dll+0x8b712e]
V  [jvm.dll+0x8b7813]
V  [jvm.dll+0x283d86]
V  [jvm.dll+0xc66ed]
V  [jvm.dll+0xc6c31]
V  [jvm.dll+0x3be501]
V  [jvm.dll+0x38ab92]
V  [jvm.dll+0x389fda]
V  [jvm.dll+0x24bfa0]
V  [jvm.dll+0x24b580]
V  [jvm.dll+0x1cb13e]
V  [jvm.dll+0x25b29d]
V  [jvm.dll+0x25982a]
V  [jvm.dll+0x3f7ea6]
V  [jvm.dll+0x85e9ad]
V  [jvm.dll+0x6d565d]
C  [ucrtbase.dll+0x37b0]
C  [KERNEL32.DLL+0x2e8d7]
C  [ntdll.dll+0x8c53c]


---------------  P R O C E S S  ---------------

Threads class SMR info:
_java_thread_list=0x000001e192bc7030, length=23, elements={
0x000001e134a6a870, 0x000001e136e2af90, 0x000001e136e2cdc0, 0x000001e18c1c6120,
0x000001e18c1c6d70, 0x000001e18c1cc3b0, 0x000001e18c1d17e0, 0x000001e18c1d8050,
0x000001e18c1ed590, 0x000001e18dd7c5c0, 0x000001e18de15580, 0x000001e18dd7d2e0,
0x000001e18dd7cc50, 0x000001e18dd7ed20, 0x000001e18dd7e000, 0x000001e18dd7e690,
0x000001e18dd7f3b0, 0x000001e18dd7bf30, 0x000001e1930314f0, 0x000001e19302f420,
0x000001e193031b80, 0x000001e1930307d0, 0x000001e19302ed90
}

Java Threads: ( => current thread )
  0x000001e134a6a870 JavaThread "main"                              [_thread_blocked, id=18988, stack(0x000000d562d00000,0x000000d562e00000) (1024K)]
  0x000001e136e2af90 JavaThread "Reference Handler"          daemon [_thread_blocked, id=27668, stack(0x000000d563100000,0x000000d563200000) (1024K)]
  0x000001e136e2cdc0 JavaThread "Finalizer"                  daemon [_thread_blocked, id=6512, stack(0x000000d563200000,0x000000d563300000) (1024K)]
  0x000001e18c1c6120 JavaThread "Signal Dispatcher"          daemon [_thread_blocked, id=26572, stack(0x000000d563300000,0x000000d563400000) (1024K)]
  0x000001e18c1c6d70 JavaThread "Attach Listener"            daemon [_thread_blocked, id=14184, stack(0x000000d563400000,0x000000d563500000) (1024K)]
  0x000001e18c1cc3b0 JavaThread "Service Thread"             daemon [_thread_blocked, id=18968, stack(0x000000d563500000,0x000000d563600000) (1024K)]
  0x000001e18c1d17e0 JavaThread "Monitor Deflation Thread"   daemon [_thread_blocked, id=1556, stack(0x000000d563600000,0x000000d563700000) (1024K)]
=>0x000001e18c1d8050 JavaThread "C2 CompilerThread0"         daemon [_thread_in_native, id=3132, stack(0x000000d563700000,0x000000d563800000) (1024K)]
  0x000001e18c1ed590 JavaThread "C1 CompilerThread0"         daemon [_thread_blocked, id=22660, stack(0x000000d563800000,0x000000d563900000) (1024K)]
  0x000001e18dd7c5c0 JavaThread "Common-Cleaner"             daemon [_thread_blocked, id=20220, stack(0x000000d563900000,0x000000d563a00000) (1024K)]
  0x000001e18de15580 JavaThread "C2 CompilerThread1"         daemon [_thread_in_native, id=10380, stack(0x000000d563a00000,0x000000d563b00000) (1024K)]
  0x000001e18dd7d2e0 JavaThread "Notification Thread"        daemon [_thread_blocked, id=21724, stack(0x000000d563b00000,0x000000d563c00000) (1024K)]
  0x000001e18dd7cc50 JavaThread "Active Thread: Equinox Container: 287a62c3-52c2-4a64-a35f-7573d9619ff1"        [_thread_blocked, id=27960, stack(0x000000d564300000,0x000000d564400000) (1024K)]
  0x000001e18dd7ed20 JavaThread "Refresh Thread: Equinox Container: 287a62c3-52c2-4a64-a35f-7573d9619ff1" daemon [_thread_blocked, id=28592, stack(0x000000d564400000,0x000000d564500000) (1024K)]
  0x000001e18dd7e000 JavaThread "Framework Event Dispatcher: Equinox Container: 287a62c3-52c2-4a64-a35f-7573d9619ff1" daemon [_thread_blocked, id=26800, stack(0x000000d564600000,0x000000d564700000) (1024K)]
  0x000001e18dd7e690 JavaThread "Start Level: Equinox Container: 287a62c3-52c2-4a64-a35f-7573d9619ff1" daemon [_thread_in_native, id=8208, stack(0x000000d564700000,0x000000d564800000) (1024K)]
  0x000001e18dd7f3b0 JavaThread "Bundle File Closer"         daemon [_thread_blocked, id=18848, stack(0x000000d564800000,0x000000d564900000) (1024K)]
  0x000001e18dd7bf30 JavaThread "SCR Component Actor"        daemon [_thread_blocked, id=12720, stack(0x000000d564900000,0x000000d564a00000) (1024K)]
  0x000001e1930314f0 JavaThread "Worker-JM"                         [_thread_blocked, id=10448, stack(0x000000d563c00000,0x000000d563d00000) (1024K)]
  0x000001e19302f420 JavaThread "JNA Cleaner"                daemon [_thread_blocked, id=17688, stack(0x000000d564a00000,0x000000d564b00000) (1024K)]
  0x000001e193031b80 JavaThread "Worker-0: Repository registry initialization"        [_thread_in_vm, id=21908, stack(0x000000d564b00000,0x000000d564c00000) (1024K)]
  0x000001e1930307d0 JavaThread "Worker-1: Building"                [_thread_blocked, id=23420, stack(0x000000d564c00000,0x000000d564d00000) (1024K)]
  0x000001e19302ed90 JavaThread "Worker-2"                          [_thread_blocked, id=15060, stack(0x000000d564d00000,0x000000d564e00000) (1024K)]
Total: 23

Other Threads:
  0x000001e18c1c3160 VMThread "VM Thread"                           [id=27420, stack(0x000000d563000000,0x000000d563100000) (1024K)]
  0x000001e18c0dca00 WatcherThread "VM Periodic Task Thread"        [id=27716, stack(0x000000d562f00000,0x000000d563000000) (1024K)]
  0x000001e136d8e2e0 WorkerThread "GC Thread#0"                     [id=27612, stack(0x000000d562e00000,0x000000d562f00000) (1024K)]
  0x000001e19216f170 WorkerThread "GC Thread#1"                     [id=12924, stack(0x000000d563d00000,0x000000d563e00000) (1024K)]
  0x000001e19262cf10 WorkerThread "GC Thread#2"                     [id=15192, stack(0x000000d563e00000,0x000000d563f00000) (1024K)]
  0x000001e19262d2b0 WorkerThread "GC Thread#3"                     [id=27444, stack(0x000000d563f00000,0x000000d564000000) (1024K)]
  0x000001e19262d650 WorkerThread "GC Thread#4"                     [id=2132, stack(0x000000d564000000,0x000000d564100000) (1024K)]
  0x000001e1926020c0 WorkerThread "GC Thread#5"                     [id=25932, stack(0x000000d564100000,0x000000d564200000) (1024K)]
  0x000001e192602460 WorkerThread "GC Thread#6"                     [id=3716, stack(0x000000d564200000,0x000000d564300000) (1024K)]
  0x000001e1924ce3f0 WorkerThread "GC Thread#7"                     [id=26324, stack(0x000000d564500000,0x000000d564600000) (1024K)]
Total: 10

Threads with active compile tasks:
C2 CompilerThread0  8074 4420       4       org.lombokweb.asm.ClassReader::readMethod (1070 bytes)
C2 CompilerThread1  8074 4489       4       lombok.patcher.PatchScript$MethodPatcher::visitMethod (158 bytes)
Total: 2

VM state: not at safepoint (normal execution)

VM Mutex/Monitor currently owned by a thread: None

Heap address: 0x00000000c0000000, size: 1024 MB, Compressed Oops mode: 32-bit

CDS archive(s) mapped at: [0x000001e14b000000-0x000001e14bba0000-0x000001e14bba0000), size 12189696, SharedBaseAddress: 0x000001e14b000000, ArchiveRelocationMode: 1.
Compressed class space mapped at: 0x000001e14c000000-0x000001e18c000000, reserved size: 1073741824
Narrow klass base: 0x000001e14b000000, Narrow klass shift: 0, Narrow klass range: 0x100000000

GC Precious Log:
 CardTable entry size: 512
 CPUs: 8 total, 8 available
 Memory: 7988M
 Large Page Support: Disabled
 NUMA Support: Disabled
 Compressed Oops: Enabled (32-bit)
 Alignments: Space 512K, Generation 512K, Heap 2M
 Heap Min Capacity: 100M
 Heap Initial Capacity: 100M
 Heap Max Capacity: 1G
 Pre-touch: Disabled
 Parallel Workers: 8

Heap:
 PSYoungGen      total 26624K, used 25420K [0x00000000eab00000, 0x00000000ec880000, 0x0000000100000000)
  eden space 23552K, 95% used [0x00000000eab00000,0x00000000ec10f698,0x00000000ec200000)
  from space 3072K, 92% used [0x00000000ec380000,0x00000000ec643b08,0x00000000ec680000)
  to   space 2048K, 0% used [0x00000000ec680000,0x00000000ec680000,0x00000000ec880000)
 ParOldGen       total 68608K, used 12745K [0x00000000c0000000, 0x00000000c4300000, 0x00000000eab00000)
  object space 68608K, 18% used [0x00000000c0000000,0x00000000c0c72758,0x00000000c4300000)
 Metaspace       used 27560K, committed 28544K, reserved 1114112K
  class space    used 2732K, committed 3136K, reserved 1048576K

Card table byte_map: [0x000001e136710000,0x000001e136920000] _byte_map_base: 0x000001e136110000

Marking Bits: (ParMarkBitMap*) 0x00007ff8e72b2460
 Begin Bits: [0x000001e148f70000, 0x000001e149f70000)
 End Bits:   [0x000001e149f70000, 0x000001e14af70000)

Polling page: 0x000001e134dc0000

Metaspace:

Usage:
  Non-class:     24.25 MB used.
      Class:      2.67 MB used.
       Both:     26.91 MB used.

Virtual space:
  Non-class space:       64.00 MB reserved,      24.81 MB ( 39%) committed,  1 nodes.
      Class space:        1.00 GB reserved,       3.06 MB ( <1%) committed,  1 nodes.
             Both:        1.06 GB reserved,      27.88 MB (  3%) committed. 

Chunk freelists:
   Non-Class:  6.91 MB
       Class:  12.86 MB
        Both:  19.77 MB

MaxMetaspaceSize: unlimited
CompressedClassSpaceSize: 1.00 GB
Initial GC threshold: 21.00 MB
Current GC threshold: 35.00 MB
CDS: on
 - commit_granule_bytes: 65536.
 - commit_granule_words: 8192.
 - virtual_space_node_default_size: 8388608.
 - enlarge_chunks_in_place: 1.
 - use_allocation_guard: 0.


Internal statistics:

num_allocs_failed_limit: 3.
num_arena_births: 808.
num_arena_deaths: 14.
num_vsnodes_births: 2.
num_vsnodes_deaths: 0.
num_space_committed: 446.
num_space_uncommitted: 0.
num_chunks_returned_to_freelist: 17.
num_chunks_taken_from_freelist: 1947.
num_chunk_merges: 9.
num_chunk_splits: 1263.
num_chunks_enlarged: 771.
num_inconsistent_stats: 0.

CodeHeap 'non-profiled nmethods': size=120000Kb used=2117Kb max_used=2117Kb free=117883Kb
 bounds [0x000001e141a40000, 0x000001e141cb0000, 0x000001e148f70000]
CodeHeap 'profiled nmethods': size=120000Kb used=9202Kb max_used=9202Kb free=110797Kb
 bounds [0x000001e139f70000, 0x000001e13a870000, 0x000001e1414a0000]
CodeHeap 'non-nmethods': size=5760Kb used=1336Kb max_used=1366Kb free=4423Kb
 bounds [0x000001e1414a0000, 0x000001e141710000, 0x000001e141a40000]
CodeCache: size=245760Kb, used=12655Kb, max_used=12685Kb, free=233103Kb
 total_blobs=5121, nmethods=4493, adapters=534, full_count=0
Compilation: enabled, stopped_count=0, restarted_count=0

Compilation events (20 events):
Event: 7.048 Thread 0x000001e18c1ed590 4486       1       lombok.patcher.scripts.ReplaceMethodCallScript::access$0 (5 bytes)
Event: 7.048 Thread 0x000001e18c1ed590 nmethod 4486 0x000001e141c50990 code [0x000001e141c50b20, 0x000001e141c50bd0]
Event: 7.048 Thread 0x000001e18c1ed590 4488       3       org.lombokweb.asm.MethodWriter::visitLocalVariable (222 bytes)
Event: 7.049 Thread 0x000001e18de15580 nmethod 4487 0x000001e141c50c90 code [0x000001e141c50e20, 0x000001e141c50f30]
Event: 7.049 Thread 0x000001e18de15580 4489       4       lombok.patcher.PatchScript$MethodPatcher::visitMethod (158 bytes)
Event: 7.050 Thread 0x000001e18c1ed590 nmethod 4488 0x000001e13a866a10 code [0x000001e13a866d60, 0x000001e13a867de0]
Event: 7.050 Thread 0x000001e18c1ed590 4491       3       lombok.patcher.scripts.ReplaceMethodCallScript$ReplaceMethodCall::visitMethodInsn (250 bytes)
Event: 7.052 Thread 0x000001e18c1ed590 nmethod 4491 0x000001e13a868690 code [0x000001e13a868a40, 0x000001e13a869fd8]
Event: 7.052 Thread 0x000001e18c1ed590 4490       3       lombok.patcher.Hook::getClassSpec (8 bytes)
Event: 7.052 Thread 0x000001e18c1ed590 nmethod 4490 0x000001e13a86a910 code [0x000001e13a86aac0, 0x000001e13a86abf8]
Event: 7.052 Thread 0x000001e18c1ed590 4493       3       org.lombokweb.asm.MethodWriter::visitTypeInsn (116 bytes)
Event: 7.053 Thread 0x000001e18c1ed590 nmethod 4493 0x000001e13a86ac90 code [0x000001e13a86ae80, 0x000001e13a86b2e8]
Event: 7.053 Thread 0x000001e18c1ed590 4494       3       org.lombokweb.asm.MethodWriter::endCurrentBasicBlockWithNoSuccessor (98 bytes)
Event: 7.053 Thread 0x000001e18c1ed590 nmethod 4494 0x000001e13a86b510 code [0x000001e13a86b700, 0x000001e13a86bbc8]
Event: 7.053 Thread 0x000001e18c1ed590 4497       3       org.lombokweb.asm.MethodVisitor::visitTypeInsn (17 bytes)
Event: 7.053 Thread 0x000001e18c1ed590 nmethod 4497 0x000001e13a86bd90 code [0x000001e13a86bf40, 0x000001e13a86c148]
Event: 7.684 Thread 0x000001e18c1ed590 4499       3       jdk.internal.misc.Unsafe::putReferenceOpaque (9 bytes)
Event: 7.684 Thread 0x000001e18c1ed590 nmethod 4499 0x000001e13a86c210 code [0x000001e13a86c3a0, 0x000001e13a86c4d0]
Event: 7.686 Thread 0x000001e18c1ed590 4500       3       java.util.concurrent.locks.LockSupport::setBlocker (12 bytes)
Event: 7.686 Thread 0x000001e18c1ed590 nmethod 4500 0x000001e13a86c590 code [0x000001e13a86c740, 0x000001e13a86c948]

GC Heap History (20 events):
Event: 0.992 GC heap before
{Heap before GC invocations=1 (full 0):
 PSYoungGen      total 29696K, used 25600K [0x00000000eab00000, 0x00000000ecc00000, 0x0000000100000000)
  eden space 25600K, 100% used [0x00000000eab00000,0x00000000ec400000,0x00000000ec400000)
  from space 4096K, 0% used [0x00000000ec800000,0x00000000ec800000,0x00000000ecc00000)
  to   space 4096K, 0% used [0x00000000ec400000,0x00000000ec400000,0x00000000ec800000)
 ParOldGen       total 68608K, used 0K [0x00000000c0000000, 0x00000000c4300000, 0x00000000eab00000)
  object space 68608K, 0% used [0x00000000c0000000,0x00000000c0000000,0x00000000c4300000)
 Metaspace       used 4339K, committed 4544K, reserved 1114112K
  class space    used 474K, committed 576K, reserved 1048576K
}
Event: 1.003 GC heap after
{Heap after GC invocations=1 (full 0):
 PSYoungGen      total 29696K, used 3280K [0x00000000eab00000, 0x00000000ecc00000, 0x0000000100000000)
  eden space 25600K, 0% used [0x00000000eab00000,0x00000000eab00000,0x00000000ec400000)
  from space 4096K, 80% used [0x00000000ec400000,0x00000000ec734148,0x00000000ec800000)
  to   space 4096K, 0% used [0x00000000ec800000,0x00000000ec800000,0x00000000ecc00000)
 ParOldGen       total 68608K, used 16K [0x00000000c0000000, 0x00000000c4300000, 0x00000000eab00000)
  object space 68608K, 0% used [0x00000000c0000000,0x00000000c0004000,0x00000000c4300000)
 Metaspace       used 4339K, committed 4544K, reserved 1114112K
  class space    used 474K, committed 576K, reserved 1048576K
}
Event: 2.947 GC heap before
{Heap before GC invocations=2 (full 0):
 PSYoungGen      total 29696K, used 28880K [0x00000000eab00000, 0x00000000ecc00000, 0x0000000100000000)
  eden space 25600K, 100% used [0x00000000eab00000,0x00000000ec400000,0x00000000ec400000)
  from space 4096K, 80% used [0x00000000ec400000,0x00000000ec734148,0x00000000ec800000)
  to   space 4096K, 0% used [0x00000000ec800000,0x00000000ec800000,0x00000000ecc00000)
 ParOldGen       total 68608K, used 16K [0x00000000c0000000, 0x00000000c4300000, 0x00000000eab00000)
  object space 68608K, 0% used [0x00000000c0000000,0x00000000c0004000,0x00000000c4300000)
 Metaspace       used 8040K, committed 8256K, reserved 1114112K
  class space    used 846K, committed 960K, reserved 1048576K
}
Event: 2.952 GC heap after
{Heap after GC invocations=2 (full 0):
 PSYoungGen      total 29696K, used 4070K [0x00000000eab00000, 0x00000000ecc00000, 0x0000000100000000)
  eden space 25600K, 0% used [0x00000000eab00000,0x00000000eab00000,0x00000000ec400000)
  from space 4096K, 99% used [0x00000000ec800000,0x00000000ecbf9820,0x00000000ecc00000)
  to   space 4096K, 0% used [0x00000000ec400000,0x00000000ec400000,0x00000000ec800000)
 ParOldGen       total 68608K, used 1782K [0x00000000c0000000, 0x00000000c4300000, 0x00000000eab00000)
  object space 68608K, 2% used [0x00000000c0000000,0x00000000c01bda20,0x00000000c4300000)
 Metaspace       used 8040K, committed 8256K, reserved 1114112K
  class space    used 846K, committed 960K, reserved 1048576K
}
Event: 3.379 GC heap before
{Heap before GC invocations=3 (full 0):
 PSYoungGen      total 29696K, used 29670K [0x00000000eab00000, 0x00000000ecc00000, 0x0000000100000000)
  eden space 25600K, 100% used [0x00000000eab00000,0x00000000ec400000,0x00000000ec400000)
  from space 4096K, 99% used [0x00000000ec800000,0x00000000ecbf9820,0x00000000ecc00000)
  to   space 4096K, 0% used [0x00000000ec400000,0x00000000ec400000,0x00000000ec800000)
 ParOldGen       total 68608K, used 1782K [0x00000000c0000000, 0x00000000c4300000, 0x00000000eab00000)
  object space 68608K, 2% used [0x00000000c0000000,0x00000000c01bda20,0x00000000c4300000)
 Metaspace       used 9470K, committed 9792K, reserved 1114112K
  class space    used 1014K, committed 1152K, reserved 1048576K
}
Event: 3.385 GC heap after
{Heap after GC invocations=3 (full 0):
 PSYoungGen      total 29696K, used 4075K [0x00000000eab00000, 0x00000000ecc00000, 0x0000000100000000)
  eden space 25600K, 0% used [0x00000000eab00000,0x00000000eab00000,0x00000000ec400000)
  from space 4096K, 99% used [0x00000000ec400000,0x00000000ec7fafc8,0x00000000ec800000)
  to   space 4096K, 0% used [0x00000000ec800000,0x00000000ec800000,0x00000000ecc00000)
 ParOldGen       total 68608K, used 5196K [0x00000000c0000000, 0x00000000c4300000, 0x00000000eab00000)
  object space 68608K, 7% used [0x00000000c0000000,0x00000000c05131a8,0x00000000c4300000)
 Metaspace       used 9470K, committed 9792K, reserved 1114112K
  class space    used 1014K, committed 1152K, reserved 1048576K
}
Event: 3.844 GC heap before
{Heap before GC invocations=4 (full 0):
 PSYoungGen      total 29696K, used 29675K [0x00000000eab00000, 0x00000000ecc00000, 0x0000000100000000)
  eden space 25600K, 100% used [0x00000000eab00000,0x00000000ec400000,0x00000000ec400000)
  from space 4096K, 99% used [0x00000000ec400000,0x00000000ec7fafc8,0x00000000ec800000)
  to   space 4096K, 0% used [0x00000000ec800000,0x00000000ec800000,0x00000000ecc00000)
 ParOldGen       total 68608K, used 5196K [0x00000000c0000000, 0x00000000c4300000, 0x00000000eab00000)
  object space 68608K, 7% used [0x00000000c0000000,0x00000000c05131a8,0x00000000c4300000)
 Metaspace       used 12178K, committed 12608K, reserved 1114112K
  class space    used 1301K, committed 1472K, reserved 1048576K
}
Event: 3.851 GC heap after
{Heap after GC invocations=4 (full 0):
 PSYoungGen      total 29696K, used 4091K [0x00000000eab00000, 0x00000000ecc00000, 0x0000000100000000)
  eden space 25600K, 0% used [0x00000000eab00000,0x00000000eab00000,0x00000000ec400000)
  from space 4096K, 99% used [0x00000000ec800000,0x00000000ecbfefa0,0x00000000ecc00000)
  to   space 4096K, 0% used [0x00000000ec400000,0x00000000ec400000,0x00000000ec800000)
 ParOldGen       total 68608K, used 6420K [0x00000000c0000000, 0x00000000c4300000, 0x00000000eab00000)
  object space 68608K, 9% used [0x00000000c0000000,0x00000000c0645120,0x00000000c4300000)
 Metaspace       used 12178K, committed 12608K, reserved 1114112K
  class space    used 1301K, committed 1472K, reserved 1048576K
}
Event: 4.672 GC heap before
{Heap before GC invocations=5 (full 0):
 PSYoungGen      total 29696K, used 29691K [0x00000000eab00000, 0x00000000ecc00000, 0x0000000100000000)
  eden space 25600K, 100% used [0x00000000eab00000,0x00000000ec400000,0x00000000ec400000)
  from space 4096K, 99% used [0x00000000ec800000,0x00000000ecbfefa0,0x00000000ecc00000)
  to   space 4096K, 0% used [0x00000000ec400000,0x00000000ec400000,0x00000000ec800000)
 ParOldGen       total 68608K, used 6420K [0x00000000c0000000, 0x00000000c4300000, 0x00000000eab00000)
  object space 68608K, 9% used [0x00000000c0000000,0x00000000c0645120,0x00000000c4300000)
 Metaspace       used 15243K, committed 15808K, reserved 1114112K
  class space    used 1568K, committed 1792K, reserved 1048576K
}
Event: 4.676 GC heap after
{Heap after GC invocations=5 (full 0):
 PSYoungGen      total 29184K, used 4077K [0x00000000eab00000, 0x00000000ecf80000, 0x0000000100000000)
  eden space 25088K, 0% used [0x00000000eab00000,0x00000000eab00000,0x00000000ec380000)
  from space 4096K, 99% used [0x00000000ec400000,0x00000000ec7fb590,0x00000000ec800000)
  to   space 6144K, 0% used [0x00000000ec980000,0x00000000ec980000,0x00000000ecf80000)
 ParOldGen       total 68608K, used 7935K [0x00000000c0000000, 0x00000000c4300000, 0x00000000eab00000)
  object space 68608K, 11% used [0x00000000c0000000,0x00000000c07bfdf8,0x00000000c4300000)
 Metaspace       used 15243K, committed 15808K, reserved 1114112K
  class space    used 1568K, committed 1792K, reserved 1048576K
}
Event: 5.540 GC heap before
{Heap before GC invocations=6 (full 0):
 PSYoungGen      total 29184K, used 29165K [0x00000000eab00000, 0x00000000ecf80000, 0x0000000100000000)
  eden space 25088K, 100% used [0x00000000eab00000,0x00000000ec380000,0x00000000ec380000)
  from space 4096K, 99% used [0x00000000ec400000,0x00000000ec7fb590,0x00000000ec800000)
  to   space 6144K, 0% used [0x00000000ec980000,0x00000000ec980000,0x00000000ecf80000)
 ParOldGen       total 68608K, used 7935K [0x00000000c0000000, 0x00000000c4300000, 0x00000000eab00000)
  object space 68608K, 11% used [0x00000000c0000000,0x00000000c07bfdf8,0x00000000c4300000)
 Metaspace       used 18446K, committed 19136K, reserved 1114112K
  class space    used 1929K, committed 2176K, reserved 1048576K
}
Event: 5.549 GC heap after
{Heap after GC invocations=6 (full 0):
 PSYoungGen      total 30720K, used 5752K [0x00000000eab00000, 0x00000000ecf80000, 0x0000000100000000)
  eden space 24576K, 0% used [0x00000000eab00000,0x00000000eab00000,0x00000000ec300000)
  from space 6144K, 93% used [0x00000000ec980000,0x00000000ecf1e3c0,0x00000000ecf80000)
  to   space 6144K, 0% used [0x00000000ec380000,0x00000000ec380000,0x00000000ec980000)
 ParOldGen       total 68608K, used 7943K [0x00000000c0000000, 0x00000000c4300000, 0x00000000eab00000)
  object space 68608K, 11% used [0x00000000c0000000,0x00000000c07c1df8,0x00000000c4300000)
 Metaspace       used 18446K, committed 19136K, reserved 1114112K
  class space    used 1929K, committed 2176K, reserved 1048576K
}
Event: 6.027 GC heap before
{Heap before GC invocations=7 (full 0):
 PSYoungGen      total 30720K, used 28440K [0x00000000eab00000, 0x00000000ecf80000, 0x0000000100000000)
  eden space 24576K, 92% used [0x00000000eab00000,0x00000000ec127d28,0x00000000ec300000)
  from space 6144K, 93% used [0x00000000ec980000,0x00000000ecf1e3c0,0x00000000ecf80000)
  to   space 6144K, 0% used [0x00000000ec380000,0x00000000ec380000,0x00000000ec980000)
 ParOldGen       total 68608K, used 7943K [0x00000000c0000000, 0x00000000c4300000, 0x00000000eab00000)
  object space 68608K, 11% used [0x00000000c0000000,0x00000000c07c1df8,0x00000000c4300000)
 Metaspace       used 20684K, committed 21504K, reserved 1114112K
  class space    used 2199K, committed 2560K, reserved 1048576K
}
Event: 6.032 GC heap after
{Heap after GC invocations=7 (full 0):
 PSYoungGen      total 28672K, used 4062K [0x00000000eab00000, 0x00000000ecd00000, 0x0000000100000000)
  eden space 24576K, 0% used [0x00000000eab00000,0x00000000eab00000,0x00000000ec300000)
  from space 4096K, 99% used [0x00000000ec380000,0x00000000ec777a20,0x00000000ec780000)
  to   space 5120K, 0% used [0x00000000ec800000,0x00000000ec800000,0x00000000ecd00000)
 ParOldGen       total 68608K, used 9443K [0x00000000c0000000, 0x00000000c4300000, 0x00000000eab00000)
  object space 68608K, 13% used [0x00000000c0000000,0x00000000c0938e80,0x00000000c4300000)
 Metaspace       used 20684K, committed 21504K, reserved 1114112K
  class space    used 2199K, committed 2560K, reserved 1048576K
}
Event: 6.032 GC heap before
{Heap before GC invocations=8 (full 1):
 PSYoungGen      total 28672K, used 4062K [0x00000000eab00000, 0x00000000ecd00000, 0x0000000100000000)
  eden space 24576K, 0% used [0x00000000eab00000,0x00000000eab00000,0x00000000ec300000)
  from space 4096K, 99% used [0x00000000ec380000,0x00000000ec777a20,0x00000000ec780000)
  to   space 5120K, 0% used [0x00000000ec800000,0x00000000ec800000,0x00000000ecd00000)
 ParOldGen       total 68608K, used 9443K [0x00000000c0000000, 0x00000000c4300000, 0x00000000eab00000)
  object space 68608K, 13% used [0x00000000c0000000,0x00000000c0938e80,0x00000000c4300000)
 Metaspace       used 20684K, committed 21504K, reserved 1114112K
  class space    used 2199K, committed 2560K, reserved 1048576K
}
Event: 6.079 GC heap after
{Heap after GC invocations=8 (full 1):
 PSYoungGen      total 28672K, used 0K [0x00000000eab00000, 0x00000000ecd00000, 0x0000000100000000)
  eden space 24576K, 0% used [0x00000000eab00000,0x00000000eab00000,0x00000000ec300000)
  from space 4096K, 0% used [0x00000000ec380000,0x00000000ec380000,0x00000000ec780000)
  to   space 5120K, 0% used [0x00000000ec800000,0x00000000ec800000,0x00000000ecd00000)
 ParOldGen       total 68608K, used 12729K [0x00000000c0000000, 0x00000000c4300000, 0x00000000eab00000)
  object space 68608K, 18% used [0x00000000c0000000,0x00000000c0c6e758,0x00000000c4300000)
 Metaspace       used 20671K, committed 21504K, reserved 1114112K
  class space    used 2195K, committed 2560K, reserved 1048576K
}
Event: 6.497 GC heap before
{Heap before GC invocations=9 (full 1):
 PSYoungGen      total 28672K, used 24576K [0x00000000eab00000, 0x00000000ecd00000, 0x0000000100000000)
  eden space 24576K, 100% used [0x00000000eab00000,0x00000000ec300000,0x00000000ec300000)
  from space 4096K, 0% used [0x00000000ec380000,0x00000000ec380000,0x00000000ec780000)
  to   space 5120K, 0% used [0x00000000ec800000,0x00000000ec800000,0x00000000ecd00000)
 ParOldGen       total 68608K, used 12729K [0x00000000c0000000, 0x00000000c4300000, 0x00000000eab00000)
  object space 68608K, 18% used [0x00000000c0000000,0x00000000c0c6e758,0x00000000c4300000)
 Metaspace       used 22576K, committed 23488K, reserved 1114112K
  class space    used 2369K, committed 2752K, reserved 1048576K
}
Event: 6.500 GC heap after
{Heap after GC invocations=9 (full 1):
 PSYoungGen      total 26624K, used 2449K [0x00000000eab00000, 0x00000000eca80000, 0x0000000100000000)
  eden space 24064K, 0% used [0x00000000eab00000,0x00000000eab00000,0x00000000ec280000)
  from space 2560K, 95% used [0x00000000ec800000,0x00000000eca64648,0x00000000eca80000)
  to   space 3584K, 0% used [0x00000000ec380000,0x00000000ec380000,0x00000000ec700000)
 ParOldGen       total 68608K, used 12737K [0x00000000c0000000, 0x00000000c4300000, 0x00000000eab00000)
  object space 68608K, 18% used [0x00000000c0000000,0x00000000c0c70758,0x00000000c4300000)
 Metaspace       used 22576K, committed 23488K, reserved 1114112K
  class space    used 2369K, committed 2752K, reserved 1048576K
}
Event: 6.813 GC heap before
{Heap before GC invocations=10 (full 1):
 PSYoungGen      total 26624K, used 26513K [0x00000000eab00000, 0x00000000eca80000, 0x0000000100000000)
  eden space 24064K, 100% used [0x00000000eab00000,0x00000000ec280000,0x00000000ec280000)
  from space 2560K, 95% used [0x00000000ec800000,0x00000000eca64648,0x00000000eca80000)
  to   space 3584K, 0% used [0x00000000ec380000,0x00000000ec380000,0x00000000ec700000)
 ParOldGen       total 68608K, used 12737K [0x00000000c0000000, 0x00000000c4300000, 0x00000000eab00000)
  object space 68608K, 18% used [0x00000000c0000000,0x00000000c0c70758,0x00000000c4300000)
 Metaspace       used 25977K, committed 26944K, reserved 1114112K
  class space    used 2627K, committed 3008K, reserved 1048576K
}
Event: 6.815 GC heap after
{Heap after GC invocations=10 (full 1):
 PSYoungGen      total 26624K, used 2830K [0x00000000eab00000, 0x00000000ec880000, 0x0000000100000000)
  eden space 23552K, 0% used [0x00000000eab00000,0x00000000eab00000,0x00000000ec200000)
  from space 3072K, 92% used [0x00000000ec380000,0x00000000ec643b08,0x00000000ec680000)
  to   space 2048K, 0% used [0x00000000ec680000,0x00000000ec680000,0x00000000ec880000)
 ParOldGen       total 68608K, used 12745K [0x00000000c0000000, 0x00000000c4300000, 0x00000000eab00000)
  object space 68608K, 18% used [0x00000000c0000000,0x00000000c0c72758,0x00000000c4300000)
 Metaspace       used 25977K, committed 26944K, reserved 1114112K
  class space    used 2627K, committed 3008K, reserved 1048576K
}

Dll operation events (10 events):
Event: 0.014 Loaded shared library c:\Users\agnes\.vscode\extensions\redhat.java-1.50.0-win32-x64\jre\21.0.9-win32-x86_64\bin\java.dll
Event: 0.061 Loaded shared library c:\Users\agnes\.vscode\extensions\redhat.java-1.50.0-win32-x64\jre\21.0.9-win32-x86_64\bin\zip.dll
Event: 0.145 Loaded shared library C:\Users\agnes\.vscode\extensions\redhat.java-1.50.0-win32-x64\jre\21.0.9-win32-x86_64\bin\instrument.dll
Event: 0.150 Loaded shared library C:\Users\agnes\.vscode\extensions\redhat.java-1.50.0-win32-x64\jre\21.0.9-win32-x86_64\bin\net.dll
Event: 0.153 Loaded shared library C:\Users\agnes\.vscode\extensions\redhat.java-1.50.0-win32-x64\jre\21.0.9-win32-x86_64\bin\nio.dll
Event: 0.157 Loaded shared library C:\Users\agnes\.vscode\extensions\redhat.java-1.50.0-win32-x64\jre\21.0.9-win32-x86_64\bin\zip.dll
Event: 0.183 Loaded shared library C:\Users\agnes\.vscode\extensions\redhat.java-1.50.0-win32-x64\jre\21.0.9-win32-x86_64\bin\jimage.dll
Event: 0.285 Loaded shared library c:\Users\agnes\.vscode\extensions\redhat.java-1.50.0-win32-x64\jre\21.0.9-win32-x86_64\bin\verify.dll
Event: 2.943 Loaded shared library C:\Users\agnes\AppData\Roaming\Code\User\globalStorage\redhat.java\1.50.0\config_win\org.eclipse.equinox.launcher\org.eclipse.equinox.launcher.win32.win32.x86_64_1.2.1400.v20250801-0854\eclipse_11916.dll
Event: 5.083 Loaded shared library C:\Users\agnes\AppData\Local\Temp\jna-92758966\jna12152379543632514194.dll

Deoptimization events (20 events):
Event: 5.974 Thread 0x000001e18dd7e690 Uncommon trap: trap_request=0xffffff45 fr.pc=0x000001e141bff8bc relative=0x000000000000009c
Event: 5.974 Thread 0x000001e18dd7e690 Uncommon trap: reason=unstable_if action=reinterpret pc=0x000001e141bff8bc method=java.lang.invoke.LambdaForm$BasicType.basicType(C)Ljava/lang/invoke/LambdaForm$BasicType; @ 1 c2
Event: 5.974 Thread 0x000001e18dd7e690 DEOPT PACKING pc=0x000001e141bff8bc sp=0x000000d5647f24f0
Event: 5.974 Thread 0x000001e18dd7e690 DEOPT UNPACKING pc=0x000001e1414f3aa2 sp=0x000000d5647f2488 mode 2
Event: 6.083 Thread 0x000001e18dd7e690 Uncommon trap: trap_request=0xffffff45 fr.pc=0x000001e141bd89ec relative=0x00000000000054cc
Event: 6.083 Thread 0x000001e18dd7e690 Uncommon trap: reason=unstable_if action=reinterpret pc=0x000001e141bd89ec method=java.lang.invoke.MethodType.genericMethodType(IZ)Ljava/lang/invoke/MethodType; @ 27 c2
Event: 6.083 Thread 0x000001e18dd7e690 DEOPT PACKING pc=0x000001e141bd89ec sp=0x000000d5647f29d0
Event: 6.083 Thread 0x000001e18dd7e690 DEOPT UNPACKING pc=0x000001e1414f3aa2 sp=0x000000d5647f27e0 mode 2
Event: 6.145 Thread 0x000001e18dd7e690 Uncommon trap: trap_request=0xffffff45 fr.pc=0x000001e141be1560 relative=0x00000000000001c0
Event: 6.145 Thread 0x000001e18dd7e690 Uncommon trap: reason=unstable_if action=reinterpret pc=0x000001e141be1560 method=jdk.internal.org.objectweb.asm.Frame.push(I)V @ 26 c2
Event: 6.145 Thread 0x000001e18dd7e690 DEOPT PACKING pc=0x000001e141be1560 sp=0x000000d5647f1ac0
Event: 6.145 Thread 0x000001e18dd7e690 DEOPT UNPACKING pc=0x000001e1414f3aa2 sp=0x000000d5647f1a48 mode 2
Event: 6.432 Thread 0x000001e1930307d0 DEOPT PACKING pc=0x000001e13a41251f sp=0x000000d564cfea30
Event: 6.432 Thread 0x000001e1930307d0 DEOPT UNPACKING pc=0x000001e1414f4242 sp=0x000000d564cfdf08 mode 0
Event: 6.463 Thread 0x000001e1930307d0 DEOPT PACKING pc=0x000001e13a41251f sp=0x000000d564cfee10
Event: 6.463 Thread 0x000001e1930307d0 DEOPT UNPACKING pc=0x000001e1414f4242 sp=0x000000d564cfe2e8 mode 0
Event: 6.765 Thread 0x000001e18dd7e690 Uncommon trap: trap_request=0xffffff45 fr.pc=0x000001e141c42d04 relative=0x0000000000000164
Event: 6.765 Thread 0x000001e18dd7e690 Uncommon trap: reason=unstable_if action=reinterpret pc=0x000001e141c42d04 method=org.lombokweb.asm.ByteVector.putByteArray([BII)Lorg/lombokweb/asm/ByteVector; @ 20 c2
Event: 6.765 Thread 0x000001e18dd7e690 DEOPT PACKING pc=0x000001e141c42d04 sp=0x000000d5647eef70
Event: 6.765 Thread 0x000001e18dd7e690 DEOPT UNPACKING pc=0x000001e1414f3aa2 sp=0x000000d5647eef40 mode 2

Classes loaded (20 events):
Event: 6.358 Loading class java/util/zip/GZIPInputStream
Event: 6.358 Loading class java/util/zip/GZIPInputStream done
Event: 6.365 Loading class java/net/SocketTimeoutException
Event: 6.365 Loading class java/io/InterruptedIOException
Event: 6.365 Loading class java/io/InterruptedIOException done
Event: 6.365 Loading class java/net/SocketTimeoutException done
Event: 6.365 Loading class java/net/SocketException
Event: 6.365 Loading class java/net/SocketException done
Event: 6.365 Loading class java/net/UnknownHostException
Event: 6.365 Loading class java/net/UnknownHostException done
Event: 6.365 Loading class java/net/ProtocolException
Event: 6.365 Loading class java/net/ProtocolException done
Event: 6.397 Loading class java/lang/ThreadLocal$SuppliedThreadLocal
Event: 6.397 Loading class java/lang/ThreadLocal$SuppliedThreadLocal done
Event: 6.409 Loading class java/io/FileWriter
Event: 6.409 Loading class java/io/FileWriter done
Event: 6.409 Loading class java/lang/NegativeArraySizeException
Event: 6.409 Loading class java/lang/NegativeArraySizeException done
Event: 6.967 Loading class org/w3c/dom/DOMException
Event: 6.967 Loading class org/w3c/dom/DOMException done

Classes unloaded (7 events):
Event: 6.040 Thread 0x000001e18c1c3160 Unloading class 0x000001e14c1a8400 'java/lang/invoke/LambdaForm$MH+0x000001e14c1a8400'
Event: 6.040 Thread 0x000001e18c1c3160 Unloading class 0x000001e14c1a8000 'java/lang/invoke/LambdaForm$MH+0x000001e14c1a8000'
Event: 6.040 Thread 0x000001e18c1c3160 Unloading class 0x000001e14c1a7c00 'java/lang/invoke/LambdaForm$MH+0x000001e14c1a7c00'
Event: 6.040 Thread 0x000001e18c1c3160 Unloading class 0x000001e14c1a7800 'java/lang/invoke/LambdaForm$MH+0x000001e14c1a7800'
Event: 6.040 Thread 0x000001e18c1c3160 Unloading class 0x000001e14c1a7400 'java/lang/invoke/LambdaForm$BMH+0x000001e14c1a7400'
Event: 6.040 Thread 0x000001e18c1c3160 Unloading class 0x000001e14c1a7000 'java/lang/invoke/LambdaForm$DMH+0x000001e14c1a7000'
Event: 6.040 Thread 0x000001e18c1c3160 Unloading class 0x000001e14c1a6000 'java/lang/invoke/LambdaForm$DMH+0x000001e14c1a6000'

Classes redefined (0 events):
No events

Internal exceptions (20 events):
Event: 5.979 Thread 0x000001e18dd7e690 Exception <a 'java/lang/NoSuchMethodError'{0x00000000ebfb3830}: 'int java.lang.invoke.DirectMethodHandle$Holder.invokeStaticInit(java.lang.Object, float, float)'> (0x00000000ebfb3830) 
thrown [s\src\hotspot\share\interpreter\linkResolver.cpp, line 773]
Event: 5.980 Thread 0x000001e18dd7e690 Exception <a 'java/lang/NoSuchMethodError'{0x00000000ebfbb1e0}: 'int java.lang.invoke.DirectMethodHandle$Holder.invokeStaticInit(java.lang.Object, double, double)'> (0x00000000ebfbb1e0) 
thrown [s\src\hotspot\share\interpreter\linkResolver.cpp, line 773]
Event: 5.981 Thread 0x000001e18dd7e690 Exception <a 'java/lang/NoSuchMethodError'{0x00000000ebfc0630}: 'int java.lang.invoke.DirectMethodHandle$Holder.invokeStatic(java.lang.Object, long)'> (0x00000000ebfc0630) 
thrown [s\src\hotspot\share\interpreter\linkResolver.cpp, line 773]
Event: 5.984 Thread 0x000001e18dd7e690 Exception <a 'java/lang/NoSuchMethodError'{0x00000000ebfdf318}: 'int java.lang.invoke.Invokers$Holder.linkToTargetMethod(java.lang.Object, java.lang.Object)'> (0x00000000ebfdf318) 
thrown [s\src\hotspot\share\interpreter\linkResolver.cpp, line 773]
Event: 6.025 Thread 0x000001e18dd7e690 Exception <a 'java/lang/NoSuchMethodError'{0x00000000ec0aedb0}: 'java.lang.Object java.lang.invoke.DirectMethodHandle$Holder.newInvokeSpecial(java.lang.Object, java.lang.Object, java.lang.Object, java.lang.Object, java.lang.Object)'> (0x00000000ec0aedb0) 
thrown [s\src\hotspot\share\interpreter\linkResolver.cpp, line 773]
Event: 6.084 Thread 0x000001e18dd7e690 Exception <a 'java/lang/NoSuchMethodError'{0x00000000eab0e470}: 'java.lang.Object java.lang.invoke.Invokers$Holder.invoke_MT(java.lang.Object, java.lang.Object, java.lang.Object, java.lang.Object, java.lang.Object, java.lang.Object, java.lang.Object, java.lang.Object, java.lang.Object, java.lang.Object, java.lang.Object)'> (0x00000000eab0e470) 
thrown [s\src\hotspot\share\interpreter\linkResolver.cpp, line 773]
Event: 6.104 Thread 0x000001e18dd7e690 Exception <a 'java/lang/NoSuchMethodError'{0x00000000eabae4c0}: 'java.lang.Object java.lang.invoke.Invokers$Holder.invoke_MT(java.lang.Object, java.lang.Object, java.lang.Object, java.lang.Object, java.lang.Object, java.lang.Object, java.lang.Object, java.lang.Object, java.lang.Object, java.lang.Object)'> (0x00000000eabae4c0) 
thrown [s\src\hotspot\share\interpreter\linkResolver.cpp, line 773]
Event: 6.129 Thread 0x000001e18dd7e690 Exception <a 'java/lang/NoSuchMethodError'{0x00000000eac57530}: 'java.lang.Object java.lang.invoke.DirectMethodHandle$Holder.newInvokeSpecial(java.lang.Object, java.lang.Object, java.lang.Object, java.lang.Object, java.lang.Object, java.lang.Object, java.lang.Object)'> (0x00000000eac57530) 
thrown [s\src\hotspot\share\interpreter\linkResolver.cpp, line 773]
Event: 6.145 Thread 0x000001e18dd7e690 Exception <a 'java/lang/NoSuchMethodError'{0x00000000eacce5a8}: 'java.lang.Object java.lang.invoke.Invokers$Holder.invoker(java.lang.Object, java.lang.Object, java.lang.Object, java.lang.Object, java.lang.Object, java.lang.Object, java.lang.Object, java.lang.Object, java.lang.Object, java.lang.Object, java.lang.Object, java.lang.Object, java.lang.Object)'> (0x00000000eacce5a8) 
thrown [s\src\hotspot\share\interpreter\linkResolver.cpp, line 773]
Event: 6.147 Thread 0x000001e18dd7e690 Exception <a 'java/lang/NoSuchMethodError'{0x00000000eacd8a40}: 'java.lang.Object java.lang.invoke.DelegatingMethodHandle$Holder.delegate(java.lang.Object, java.lang.Object, java.lang.Object, java.lang.Object, java.lang.Object, java.lang.Object, java.lang.Object, java.lang.Object, java.lang.Object, java.lang.Object, java.lang.Object, java.lang.Object, java.lang.Object)'> (0x00000000eacd8a40) 
thrown [s\src\hotspot\share\interpreter\linkResolver.cpp, line 773]
Event: 6.158 Thread 0x000001e18dd7e690 Exception <a 'java/lang/NoSuchMethodError'{0x00000000ead403e0}: static Lorg/eclipse/m2e/core/internal/lifecyclemapping/model/PluginExecutionMetadata;.<clinit>()V> (0x00000000ead403e0) 
thrown [s\src\hotspot\share\prims\jni.cpp, line 1111]
Event: 6.169 Thread 0x000001e18dd7e690 Exception <a 'java/lang/NoSuchMethodError'{0x00000000ead9ff10}: static Lorg/eclipse/m2e/core/internal/lifecyclemapping/model/PluginExecutionFilter;.<clinit>()V> (0x00000000ead9ff10) 
thrown [s\src\hotspot\share\prims\jni.cpp, line 1111]
Event: 6.177 Thread 0x000001e18dd7e690 Exception <a 'java/lang/NoSuchMethodError'{0x00000000eadcfb48}: static Lorg/eclipse/m2e/core/internal/project/registry/MavenProjectFacade$MavenProjectConfiguration;.<clinit>()V> (0x00000000eadcfb48) 
thrown [s\src\hotspot\share\prims\jni.cpp, line 1111]
Event: 6.304 Thread 0x000001e18dd7e690 Exception <a 'java/lang/NoSuchMethodError'{0x00000000eb2a0f60}: 'double java.lang.invoke.DirectMethodHandle$Holder.invokeStatic(java.lang.Object, java.lang.Object)'> (0x00000000eb2a0f60) 
thrown [s\src\hotspot\share\interpreter\linkResolver.cpp, line 773]
Event: 6.305 Thread 0x000001e18dd7e690 Exception <a 'java/lang/NoSuchMethodError'{0x00000000eb2e2108}: 'double java.lang.invoke.DirectMethodHandle$Holder.invokeStaticInit(java.lang.Object, java.lang.Object)'> (0x00000000eb2e2108) 
thrown [s\src\hotspot\share\interpreter\linkResolver.cpp, line 773]
Event: 6.528 Thread 0x000001e18dd7e690 Exception <a 'java/io/FileNotFoundException'{0x00000000eae16be0}> (0x00000000eae16be0) 
thrown [s\src\hotspot\share\prims\jni.cpp, line 520]
Event: 6.528 Thread 0x000001e18dd7e690 Exception <a 'java/io/FileNotFoundException'{0x00000000eae17a08}> (0x00000000eae17a08) 
thrown [s\src\hotspot\share\prims\jni.cpp, line 520]
Event: 6.529 Thread 0x000001e18dd7e690 Exception <a 'java/io/FileNotFoundException'{0x00000000eae18938}> (0x00000000eae18938) 
thrown [s\src\hotspot\share\prims\jni.cpp, line 520]
Event: 6.765 Thread 0x000001e18dd7e690 Implicit null exception at 0x000001e141c42bf5 to 0x000001e141c42ce8
Event: 6.948 Thread 0x000001e18dd7e690 Exception <a 'java/lang/NoSuchMethodError'{0x00000000ebadd238}: 'java.lang.Object java.lang.invoke.DirectMethodHandle$Holder.newInvokeSpecial(java.lang.Object, int, java.lang.Object, java.lang.Object)'> (0x00000000ebadd238) 
thrown [s\src\hotspot\share\interpreter\linkResolver.cpp, line 773]

ZGC Phase Switch (0 events):
No events

VM Operations (20 events):
Event: 5.356 Executing VM operation: HandshakeAllThreads (Deoptimize) done
Event: 5.427 Executing VM operation: HandshakeAllThreads (Deoptimize)
Event: 5.427 Executing VM operation: HandshakeAllThreads (Deoptimize) done
Event: 5.437 Executing VM operation: HandshakeAllThreads (Deoptimize)
Event: 5.437 Executing VM operation: HandshakeAllThreads (Deoptimize) done
Event: 5.510 Executing VM operation: ICBufferFull
Event: 5.510 Executing VM operation: ICBufferFull done
Event: 5.540 Executing VM operation: ParallelGCFailedAllocation (Allocation Failure)
Event: 5.549 Executing VM operation: ParallelGCFailedAllocation (Allocation Failure) done
Event: 5.955 Executing VM operation: HandshakeAllThreads (Deoptimize)
Event: 5.955 Executing VM operation: HandshakeAllThreads (Deoptimize) done
Event: 6.027 Executing VM operation: CollectForMetadataAllocation (Metadata GC Threshold)
Event: 6.079 Executing VM operation: CollectForMetadataAllocation (Metadata GC Threshold) done
Event: 6.287 Executing VM operation: HandshakeAllThreads (Deoptimize)
Event: 6.287 Executing VM operation: HandshakeAllThreads (Deoptimize) done
Event: 6.497 Executing VM operation: ParallelGCFailedAllocation (Allocation Failure)
Event: 6.500 Executing VM operation: ParallelGCFailedAllocation (Allocation Failure) done
Event: 6.813 Executing VM operation: ParallelGCFailedAllocation (Allocation Failure)
Event: 6.815 Executing VM operation: ParallelGCFailedAllocation (Allocation Failure) done
Event: 7.817 Executing VM operation: Cleanup

Memory protections (0 events):
No events

Nmethod flushes (0 events):
No events

Events (20 events):
Event: 0.412 Thread 0x000001e134a6a870 Thread added: 0x000001e18dd7d2e0
Event: 0.602 Thread 0x000001e18c1ed590 Thread added: 0x000001e1925addd0
Event: 1.185 Thread 0x000001e1925addd0 Thread exited: 0x000001e1925addd0
Event: 1.343 Thread 0x000001e18c1ed590 Thread added: 0x000001e1923a2f70
Event: 1.694 Thread 0x000001e134a6a870 Thread added: 0x000001e18dd7cc50
Event: 2.733 Thread 0x000001e1923a2f70 Thread exited: 0x000001e1923a2f70
Event: 2.932 Thread 0x000001e18c1ed590 Thread added: 0x000001e1924cd730
Event: 2.937 Thread 0x000001e134a6a870 Thread added: 0x000001e18dd7ed20
Event: 2.982 Thread 0x000001e18dd7ed20 Thread added: 0x000001e18dd7e000
Event: 2.986 Thread 0x000001e134a6a870 Thread added: 0x000001e18dd7e690
Event: 3.419 Thread 0x000001e18dd7e690 Thread added: 0x000001e18dd7f3b0
Event: 3.735 Thread 0x000001e18dd7e690 Thread added: 0x000001e18dd7bf30
Event: 4.478 Thread 0x000001e1924cd730 Thread exited: 0x000001e1924cd730
Event: 4.484 Thread 0x000001e18dd7e690 Thread added: 0x000001e1930314f0
Event: 5.123 Thread 0x000001e18dd7e690 Thread added: 0x000001e19302f420
Event: 5.180 Thread 0x000001e18dd7e690 Thread added: 0x000001e193031b80
Event: 5.221 Thread 0x000001e18dd7e690 Thread added: 0x000001e1930307d0
Event: 5.421 Thread 0x000001e1930307d0 Thread added: 0x000001e19302ed90
Event: 6.461 Thread 0x000001e18c1d8050 Thread added: 0x000001e192fd2c50
Event: 6.784 Thread 0x000001e192fd2c50 Thread exited: 0x000001e192fd2c50


Dynamic libraries:
0x00007ff7c4100000 - 0x00007ff7c410e000 	c:\Users\agnes\.vscode\extensions\redhat.java-1.50.0-win32-x64\jre\21.0.9-win32-x86_64\bin\java.exe
0x00007ff94d160000 - 0x00007ff94d3c7000 	C:\WINDOWS\SYSTEM32\ntdll.dll
0x00007ff94b7b0000 - 0x00007ff94b879000 	C:\WINDOWS\System32\KERNEL32.DLL
0x00007ff94a980000 - 0x00007ff94ad6f000 	C:\WINDOWS\System32\KERNELBASE.dll
0x00007ff94a830000 - 0x00007ff94a97b000 	C:\WINDOWS\System32\ucrtbase.dll
0x00007ff9118e0000 - 0x00007ff9118fe000 	c:\Users\agnes\.vscode\extensions\redhat.java-1.50.0-win32-x64\jre\21.0.9-win32-x86_64\bin\VCRUNTIME140.dll
0x00007ff911420000 - 0x00007ff911438000 	c:\Users\agnes\.vscode\extensions\redhat.java-1.50.0-win32-x64\jre\21.0.9-win32-x86_64\bin\jli.dll
0x00007ff94c9b0000 - 0x00007ff94cb75000 	C:\WINDOWS\System32\USER32.dll
0x00007ff94a340000 - 0x00007ff94a367000 	C:\WINDOWS\System32\win32u.dll
0x00007ff94b880000 - 0x00007ff94b8ab000 	C:\WINDOWS\System32\GDI32.dll
0x00007ff94a590000 - 0x00007ff94a6bc000 	C:\WINDOWS\System32\gdi32full.dll
0x00007ff94a370000 - 0x00007ff94a413000 	C:\WINDOWS\System32\msvcp_win.dll
0x00007ff930fa0000 - 0x00007ff931233000 	C:\WINDOWS\WinSxS\amd64_microsoft.windows.common-controls_6595b64144ccf1df_6.0.26100.7309_none_3e05feeae336a044\COMCTL32.dll
0x00007ff94b980000 - 0x00007ff94ba29000 	C:\WINDOWS\System32\msvcrt.dll
0x00007ff94b3e0000 - 0x00007ff94b411000 	C:\WINDOWS\System32\IMM32.DLL
0x00007ff940e10000 - 0x00007ff940e1c000 	c:\Users\agnes\.vscode\extensions\redhat.java-1.50.0-win32-x64\jre\21.0.9-win32-x86_64\bin\vcruntime140_1.dll
0x00007ff8e7390000 - 0x00007ff8e741d000 	c:\Users\agnes\.vscode\extensions\redhat.java-1.50.0-win32-x64\jre\21.0.9-win32-x86_64\bin\msvcp140.dll
0x00007ff8e65f0000 - 0x00007ff8e7390000 	c:\Users\agnes\.vscode\extensions\redhat.java-1.50.0-win32-x64\jre\21.0.9-win32-x86_64\bin\server\jvm.dll
0x00007ff94c8f0000 - 0x00007ff94c9a4000 	C:\WINDOWS\System32\ADVAPI32.dll
0x00007ff94bbd0000 - 0x00007ff94bc76000 	C:\WINDOWS\System32\sechost.dll
0x00007ff94bab0000 - 0x00007ff94bbc8000 	C:\WINDOWS\System32\RPCRT4.dll
0x00007ff94d0a0000 - 0x00007ff94d114000 	C:\WINDOWS\System32\WS2_32.dll
0x00007ff94a110000 - 0x00007ff94a16e000 	C:\WINDOWS\SYSTEM32\POWRPROF.dll
0x00007ff93ca50000 - 0x00007ff93ca85000 	C:\WINDOWS\SYSTEM32\WINMM.dll
0x00007ff93ea10000 - 0x00007ff93ea1b000 	C:\WINDOWS\SYSTEM32\VERSION.dll
0x00007ff94a0f0000 - 0x00007ff94a104000 	C:\WINDOWS\SYSTEM32\UMPDC.dll
0x00007ff949020000 - 0x00007ff94903b000 	C:\WINDOWS\SYSTEM32\kernel.appcore.dll
0x00007ff9340f0000 - 0x00007ff9340fa000 	c:\Users\agnes\.vscode\extensions\redhat.java-1.50.0-win32-x64\jre\21.0.9-win32-x86_64\bin\jimage.dll
0x00007ff9478e0000 - 0x00007ff947b22000 	C:\WINDOWS\SYSTEM32\DBGHELP.DLL
0x00007ff94b420000 - 0x00007ff94b7a5000 	C:\WINDOWS\System32\combase.dll
0x00007ff94b2d0000 - 0x00007ff94b3a6000 	C:\WINDOWS\System32\OLEAUT32.dll
0x00007ff923e00000 - 0x00007ff923e3c000 	C:\WINDOWS\SYSTEM32\dbgcore.DLL
0x00007ff94a4e0000 - 0x00007ff94a585000 	C:\WINDOWS\System32\bcryptPrimitives.dll
0x00007ff925ec0000 - 0x00007ff925ecf000 	c:\Users\agnes\.vscode\extensions\redhat.java-1.50.0-win32-x64\jre\21.0.9-win32-x86_64\bin\instrument.dll
0x00007ff910f90000 - 0x00007ff910fb0000 	c:\Users\agnes\.vscode\extensions\redhat.java-1.50.0-win32-x64\jre\21.0.9-win32-x86_64\bin\java.dll
0x00007ff94bef0000 - 0x00007ff94c643000 	C:\WINDOWS\System32\SHELL32.dll
0x00007ff94a6c0000 - 0x00007ff94a82a000 	C:\WINDOWS\System32\wintypes.dll
0x00007ff947e90000 - 0x00007ff9486ee000 	C:\WINDOWS\SYSTEM32\windows.storage.dll
0x00007ff94b140000 - 0x00007ff94b235000 	C:\WINDOWS\System32\SHCORE.dll
0x00007ff94b910000 - 0x00007ff94b976000 	C:\WINDOWS\System32\shlwapi.dll
0x00007ff94a1d0000 - 0x00007ff94a1f9000 	C:\WINDOWS\SYSTEM32\profapi.dll
0x00007ff90e030000 - 0x00007ff90e048000 	c:\Users\agnes\.vscode\extensions\redhat.java-1.50.0-win32-x64\jre\21.0.9-win32-x86_64\bin\zip.dll
0x00007ff90f8d0000 - 0x00007ff90f8e0000 	C:\Users\agnes\.vscode\extensions\redhat.java-1.50.0-win32-x64\jre\21.0.9-win32-x86_64\bin\net.dll
0x00007ff946ae0000 - 0x00007ff946c08000 	C:\WINDOWS\SYSTEM32\WINHTTP.dll
0x00007ff949570000 - 0x00007ff9495db000 	C:\WINDOWS\system32\mswsock.dll
0x00007ff8ebe60000 - 0x00007ff8ebe76000 	C:\Users\agnes\.vscode\extensions\redhat.java-1.50.0-win32-x64\jre\21.0.9-win32-x86_64\bin\nio.dll
0x00007ff934a60000 - 0x00007ff934a70000 	c:\Users\agnes\.vscode\extensions\redhat.java-1.50.0-win32-x64\jre\21.0.9-win32-x86_64\bin\verify.dll
0x00007ff932d40000 - 0x00007ff932d84000 	C:\Users\agnes\AppData\Roaming\Code\User\globalStorage\redhat.java\1.50.0\config_win\org.eclipse.equinox.launcher\org.eclipse.equinox.launcher.win32.win32.x86_64_1.2.1400.v20250801-0854\eclipse_11916.dll
0x00007ff94c650000 - 0x00007ff94c7e7000 	C:\WINDOWS\System32\ole32.dll
0x00007ff949960000 - 0x00007ff94997b000 	C:\WINDOWS\SYSTEM32\CRYPTSP.dll
0x00007ff948f80000 - 0x00007ff948fba000 	C:\WINDOWS\system32\rsaenh.dll
0x00007ff949620000 - 0x00007ff94964b000 	C:\WINDOWS\SYSTEM32\USERENV.dll
0x00007ff94a1a0000 - 0x00007ff94a1ca000 	C:\WINDOWS\SYSTEM32\bcrypt.dll
0x00007ff9497c0000 - 0x00007ff9497cc000 	C:\WINDOWS\SYSTEM32\CRYPTBASE.dll
0x00007ff948a60000 - 0x00007ff948a94000 	C:\WINDOWS\SYSTEM32\IPHLPAPI.DLL
0x00007ff94bee0000 - 0x00007ff94beea000 	C:\WINDOWS\System32\NSI.dll
0x00007ff932cf0000 - 0x00007ff932d39000 	C:\Users\agnes\AppData\Local\Temp\jna-92758966\jna12152379543632514194.dll
0x00007ff94b240000 - 0x00007ff94b248000 	C:\WINDOWS\System32\PSAPI.DLL

JVMTI agents:
c:\Users\agnes\.vscode\extensions\redhat.java-1.50.0-win32-x64\lombok\lombok-1.18.39-4050.jar path:c:\Users\agnes\.vscode\extensions\redhat.java-1.50.0-win32-x64\jre\21.0.9-win32-x86_64\bin\instrument.dll, loaded, initialized, instrumentlib options:none

dbghelp: loaded successfully - version: 4.0.5 - missing functions: none
symbol engine: initialized successfully - sym options: 0x614 - pdb path: .;c:\Users\agnes\.vscode\extensions\redhat.java-1.50.0-win32-x64\jre\21.0.9-win32-x86_64\bin;C:\WINDOWS\SYSTEM32;C:\WINDOWS\WinSxS\amd64_microsoft.windows.common-controls_6595b64144ccf1df_6.0.26100.7309_none_3e05feeae336a044;c:\Users\agnes\.vscode\extensions\redhat.java-1.50.0-win32-x64\jre\21.0.9-win32-x86_64\bin\server;C:\Users\agnes\AppData\Roaming\Code\User\globalStorage\redhat.java\1.50.0\config_win\org.eclipse.equinox.launcher\org.eclipse.equinox.launcher.win32.win32.x86_64_1.2.1400.v20250801-0854;C:\Users\agnes\AppData\Local\Temp\jna-92758966

VM Arguments:
jvm_args: --add-modules=ALL-SYSTEM --add-opens=java.base/java.util=ALL-UNNAMED --add-opens=java.base/java.lang=ALL-UNNAMED --add-opens=java.base/sun.nio.fs=ALL-UNNAMED -Declipse.application=org.eclipse.jdt.ls.core.id1 -Dosgi.bundles.defaultStartLevel=4 -Declipse.product=org.eclipse.jdt.ls.core.product -Djava.import.generatesMetadataFilesAtProjectRoot=false -DDetectVMInstallationsJob.disabled=true -Dfile.encoding=utf8 -XX:+UseParallelGC -XX:GCTimeRatio=4 -XX:AdaptiveSizePolicyWeight=90 -Dsun.zip.disableMemoryMapping=true -Xmx2G -Xms100m -Xlog:disable -javaagent:c:\Users\agnes\.vscode\extensions\redhat.java-1.50.0-win32-x64\lombok\lombok-1.18.39-4050.jar -XX:+HeapDumpOnOutOfMemoryError -XX:HeapDumpPath=c:\Users\agnes\AppData\Roaming\Code\User\workspaceStorage\5fa8ea05a08e1f09a563d8a64c92713b\redhat.java -Daether.dependencyCollector.impl=bf -Xmx1024M 
java_command: c:\Users\agnes\.vscode\extensions\redhat.java-1.50.0-win32-x64\server\plugins\org.eclipse.equinox.launcher_1.7.100.v20251111-0406.jar -configuration c:\Users\agnes\AppData\Roaming\Code\User\globalStorage\redhat.java\1.50.0\config_win -data c:\Users\agnes\AppData\Roaming\Code\User\workspaceStorage\5fa8ea05a08e1f09a563d8a64c92713b\redhat.java\jdt_ws --pipe=\\.\pipe\lsp-ff977e024458047aa5bd17a3b5be30fd-sock
java_class_path (initial): c:\Users\agnes\.vscode\extensions\redhat.java-1.50.0-win32-x64\server\plugins\org.eclipse.equinox.launcher_1.7.100.v20251111-0406.jar
Launcher Type: SUN_STANDARD

[Global flags]
    uintx AdaptiveSizePolicyWeight                 = 90                                        {product} {command line}
     intx CICompilerCount                          = 4                                         {product} {ergonomic}
    uintx GCTimeRatio                              = 4                                         {product} {command line}
     bool HeapDumpOnOutOfMemoryError               = true                                   {manageable} {command line}
    ccstr HeapDumpPath                             = c:\Users\agnes\AppData\Roaming\Code\User\workspaceStorage\5fa8ea05a08e1f09a563d8a64c92713b\redhat.java         {manageable} {command line}
   size_t InitialHeapSize                          = 104857600                                 {product} {command line}
   size_t MaxHeapSize                              = 1073741824                                {product} {command line}
   size_t MaxNewSize                               = 357564416                                 {product} {ergonomic}
   size_t MinHeapDeltaBytes                        = 524288                                    {product} {ergonomic}
   size_t MinHeapSize                              = 104857600                                 {product} {command line}
   size_t NewSize                                  = 34603008                                  {product} {ergonomic}
    uintx NonNMethodCodeHeapSize                   = 5839372                                {pd product} {ergonomic}
    uintx NonProfiledCodeHeapSize                  = 122909434                              {pd product} {ergonomic}
   size_t OldSize                                  = 70254592                                  {product} {ergonomic}
    uintx ProfiledCodeHeapSize                     = 122909434                              {pd product} {ergonomic}
    uintx ReservedCodeCacheSize                    = 251658240                              {pd product} {ergonomic}
     bool SegmentedCodeCache                       = true                                      {product} {ergonomic}
   size_t SoftMaxHeapSize                          = 1073741824                             {manageable} {ergonomic}
     bool UseCompressedOops                        = true                           {product lp64_product} {ergonomic}
     bool UseLargePagesIndividualAllocation        = false                                  {pd product} {ergonomic}
     bool UseParallelGC                            = true                                      {product} {command line}

Logging:
Log output configuration:
 #0: stdout all=off uptime,level,tags foldmultilines=false
 #1: stderr all=off uptime,level,tags foldmultilines=false

Release file:
JAVA_VERSION="21.0.9" 
MODULES="java.base java.compiler java.datatransfer java.xml java.prefs java.desktop java.instrument java.logging java.management java.security.sasl java.naming java.rmi java.management.rmi java.net.http java.scripting java.security.jgss java.transaction.xa java.sql java.sql.rowset java.xml.crypto java.se java.smartcardio jdk.accessibility jdk.internal.jvmstat jdk.attach jdk.charsets jdk.internal.opt jdk.zipfs jdk.compiler jdk.crypto.ec jdk.crypto.cryptoki jdk.crypto.mscapi jdk.dynalink jdk.internal.ed jdk.editpad jdk.hotspot.agent jdk.httpserver jdk.internal.le jdk.internal.vm.ci jdk.internal.vm.compiler jdk.internal.vm.compiler.management jdk.jartool jdk.javadoc jdk.jcmd jdk.management jdk.management.agent jdk.jconsole jdk.jdeps jdk.jdwp.agent jdk.jdi jdk.jfr jdk.jshell jdk.jsobject jdk.jstatd jdk.localedata jdk.management.jfr jdk.naming.dns jdk.naming.rmi jdk.net jdk.nio.mapmode jdk.random jdk.sctp jdk.security.auth jdk.security.jgss jdk.unsupported jdk.unsupported.desktop jdk.xml.dom" 

Environment Variables:
_JAVA_OPTIONS=-Xmx1024M
PATH=C:\Program Files\Eclipse Adoptium\jdk-17.0.17.10-hotspot\bin;C:\Program Files (x86)\Razer Chroma SDK\bin;C:\Program Files\Razer Chroma SDK\bin;C:\Program Files (x86)\Razer\ChromaBroadcast\bin;C:\Program Files\Razer\ChromaBroadcast\bin;C:\WINDOWS\system32;C:\WINDOWS;C:\WINDOWS\System32\Wbem;C:\WINDOWS\System32\WindowsPowerShell\v1.0\;C:\WINDOWS\System32\OpenSSH\;C:\WINDOWS\system32\config\systemprofile\AppData\Local\Microsoft\WindowsApps;C:\Program Files\dotnet\;C:\WINDOWS\system32;C:\WINDOWS;C:\WINDOWS\System32\Wbem;C:\WINDOWS\System32\WindowsPowerShell\v1.0\;C:\WINDOWS\System32\OpenSSH\;C:\Program Files\Git\cmd;C:\Program Files\Docker\Docker\resources\bin;C:\Users\agnes\AppData\Local\Microsoft\WindowsApps;C:\Users\agnes\AppData\Local\GitHubDesktop\bin;C:\Users\agnes\AppData\Local\Programs\Microsoft VS Code\bin;C:\Users\agnes\Desktop\UM\TestAut\FinalAssigment\FinalAssigment\Maven\apache-maven-3.9.7-bin\apache-maven-3.9.7\bin;C:\Program Files\Apache\Maven\apache-maven-3.9.12\bin;
USERNAME=agnes
OS=Windows_NT
PROCESSOR_IDENTIFIER=Intel64 Family 6 Model 142 Stepping 12, GenuineIntel
TMP=C:\Users\agnes\AppData\Local\Temp
TEMP=C:\Users\agnes\AppData\Local\Temp




Periodic native trim disabled

---------------  S Y S T E M  ---------------

OS:
 Windows 11 , 64 bit Build 26100 (10.0.26100.7309)
OS uptime: 2 days 17:16 hours
Hyper-V role detected

CPU: total 8 (initial active 8) (4 cores per cpu, 2 threads per core) family 6 model 142 stepping 12 microcode 0xf0, cx8, cmov, fxsr, ht, mmx, 3dnowpref, sse, sse2, sse3, ssse3, sse4.1, sse4.2, popcnt, lzcnt, tsc, tscinvbit, avx, avx2, aes, erms, clmul, bmi1, bmi2, adx, fma, vzeroupper, clflush, clflushopt, hv, rdtscp, f16c
Processor Information for the first 8 processors :
  Max Mhz: 2112, Current Mhz: 1609, Mhz Limit: 1605

Memory: 4k page, system-wide physical 7988M (655M free)
TotalPageFile size 16180M (AvailPageFile size 12M)
current process WorkingSet (physical memory assigned to process): 162M, peak: 162M
current process commit charge ("private bytes"): 254M, peak: 255M

vm_info: OpenJDK 64-Bit Server VM (21.0.9+10-LTS) for windows-amd64 JRE (21.0.9+10-LTS), built on 2025-10-21T00:00:00Z by "admin" with unknown MS VC++:1942

END.
