#
# There is insufficient memory for the Java Runtime Environment to continue.
# Native memory allocation (malloc) failed to allocate 4387344 bytes. Error detail: Chunk::new
# Possible reasons:
#   The system is out of physical RAM or swap space
#   This process is running with CompressedOops enabled, and the Java Heap may be blocking the growth of the native heap
# Possible solutions:
#   Reduce memory load on the system
#   Increase physical memory or swap space
#   Check if swap backing store is full
#   Decrease Java heap size (-Xmx/-Xms)
#   Decrease number of Java threads
#   Decrease Java thread stack sizes (-Xss)
#   Set larger code cache with -XX:ReservedCodeCacheSize=
#   JVM is running with Unscaled Compressed Oops mode in which the Java heap is
#     placed in the first 4GB address space. The Java Heap base address is the
#     maximum limit for the native heap growth. Please use -XX:HeapBaseMinAddress
#     to set the Java Heap base and to place the Java Heap above 4GB virtual address.
# This output file may be truncated or incomplete.
#
#  Out of Memory Error (arena.cpp:168), pid=22484, tid=21516
#
# JRE version: OpenJDK Runtime Environment Temurin-21.0.9+10 (21.0.9+10) (build 21.0.9+10-LTS)
# Java VM: OpenJDK 64-Bit Server VM Temurin-21.0.9+10 (21.0.9+10-LTS, mixed mode, sharing, tiered, compressed oops, compressed class ptrs, parallel gc, windows-amd64)
# No core dump will be written. Minidumps are not enabled by default on client versions of Windows
#

---------------  S U M M A R Y ------------

Command Line: --add-modules=ALL-SYSTEM --add-opens=java.base/java.util=ALL-UNNAMED --add-opens=java.base/java.lang=ALL-UNNAMED --add-opens=java.base/sun.nio.fs=ALL-UNNAMED -Declipse.application=org.eclipse.jdt.ls.core.id1 -Dosgi.bundles.defaultStartLevel=4 -Declipse.product=org.eclipse.jdt.ls.core.product -Djava.import.generatesMetadataFilesAtProjectRoot=false -DDetectVMInstallationsJob.disabled=true -Dfile.encoding=utf8 -XX:+UseParallelGC -XX:GCTimeRatio=4 -XX:AdaptiveSizePolicyWeight=90 -Dsun.zip.disableMemoryMapping=true -Xmx2G -Xms100m -Xlog:disable -javaagent:c:\Users\agnes\.vscode\extensions\redhat.java-1.50.0-win32-x64\lombok\lombok-1.18.39-4050.jar -XX:+HeapDumpOnOutOfMemoryError -XX:HeapDumpPath=c:\Users\agnes\AppData\Roaming\Code\User\workspaceStorage\5fa8ea05a08e1f09a563d8a64c92713b\redhat.java -Daether.dependencyCollector.impl=bf -Xmx1024M c:\Users\agnes\.vscode\extensions\redhat.java-1.50.0-win32-x64\server\plugins\org.eclipse.equinox.launcher_1.7.100.v20251111-0406.jar -configuration c:\Users\agnes\AppData\Roaming\Code\User\globalStorage\redhat.java\1.50.0\config_win -data c:\Users\agnes\AppData\Roaming\Code\User\workspaceStorage\5fa8ea05a08e1f09a563d8a64c92713b\redhat.java\jdt_ws --pipe=\\.\pipe\lsp-5cdad60b645f277b1733461ca8b3ef37-sock

Host: Intel(R) Core(TM) i5-10210U CPU @ 1.60GHz, 8 cores, 7G,  Windows 11 , 64 bit Build 26100 (10.0.26100.7309)
Time: Tue Dec 30 13:48:09 2025 elapsed time: 15.086777 seconds (0d 0h 0m 15s)

---------------  T H R E A D  ---------------

Current thread (0x0000018d5d6ec700):  JavaThread "C2 CompilerThread0" daemon [_thread_in_native, id=21516, stack(0x0000008add500000,0x0000008add600000) (1024K)]


Current CompileTask:
C2:15086 7540   !   4       lombok.core.FieldAugment$ReflectionFieldAugment::getAndSet (80 bytes)

Stack: [0x0000008add500000,0x0000008add600000]
Native frames: (J=compiled Java code, j=interpreted, Vv=VM code, C=native code)
V  [jvm.dll+0x6d6e29]
V  [jvm.dll+0x8b4b76]
V  [jvm.dll+0x8b712e]
V  [jvm.dll+0x8b7813]
V  [jvm.dll+0x283d86]
V  [jvm.dll+0xc66ed]
V  [jvm.dll+0xc6c31]
V  [jvm.dll+0x3be53b]
V  [jvm.dll+0x1e3b52]
V  [jvm.dll+0x24c0f3]
V  [jvm.dll+0x24b580]
V  [jvm.dll+0x1cb13e]
V  [jvm.dll+0x25b29d]
V  [jvm.dll+0x25982a]
V  [jvm.dll+0x3f7ea6]
V  [jvm.dll+0x85e9ad]
V  [jvm.dll+0x6d565d]
C  [ucrtbase.dll+0x37b0]
C  [KERNEL32.DLL+0x2e8d7]
C  [ntdll.dll+0x8c53c]


---------------  P R O C E S S  ---------------

Threads class SMR info:
_java_thread_list=0x0000018d70ad8f30, length=67, elements={
0x0000018d46fda8d0, 0x0000018d493c7480, 0x0000018d5d6dc110, 0x0000018d493ca4a0,
0x0000018d493ccf00, 0x0000018d5d6dff70, 0x0000018d5d6ea8f0, 0x0000018d5d6ec700,
0x0000018d5d6f2750, 0x0000018d5f25c9a0, 0x0000018d5f3b0930, 0x0000018d64105b20,
0x0000018d6400aa20, 0x0000018d5fb60050, 0x0000018d5f8e6f90, 0x0000018d645252b0,
0x0000018d64719340, 0x0000018d5f8a7480, 0x0000018d5f8a6df0, 0x0000018d5f8a53b0,
0x0000018d5f8a60d0, 0x0000018d5f8a7b10, 0x0000018d5f40d860, 0x0000018d64ef8230,
0x0000018d5f8a4690, 0x0000018d5f8a5a40, 0x0000018d5f8a6760, 0x0000018d668855a0,
0x0000018d668841f0, 0x0000018d66884f10, 0x0000018d66882120, 0x0000018d66885c30,
0x0000018d66882e40, 0x0000018d66883b60, 0x0000018d66884880, 0x0000018d668827b0,
0x0000018d668834d0, 0x0000018d66886950, 0x0000018d66889740, 0x0000018d66888390,
0x0000018d668890b0, 0x0000018d66888a20, 0x0000018d668862c0, 0x0000018d66886fe0,
0x0000018d66887d00, 0x0000018d66887670, 0x0000018d5f87b280, 0x0000018d5f879ed0,
0x0000018d5f87c630, 0x0000018d5f87a560, 0x0000018d5f87abf0, 0x0000018d5f87d9e0,
0x0000018d5f87fab0, 0x0000018d5f87f420, 0x0000018d5f87ccc0, 0x0000018d5f87e070,
0x0000018d5f8807d0, 0x0000018d5f880e60, 0x0000018d5f8814f0, 0x0000018d5f880140,
0x0000018d5f87e700, 0x0000018d7097a520, 0x0000018d7097abb0, 0x0000018d7097b8d0,
0x0000018d7097bf60, 0x0000018d7097d310, 0x0000018d7097cc80
}

Java Threads: ( => current thread )
  0x0000018d46fda8d0 JavaThread "main"                              [_thread_blocked, id=23388, stack(0x0000008adcb00000,0x0000008adcc00000) (1024K)]
  0x0000018d493c7480 JavaThread "Reference Handler"          daemon [_thread_blocked, id=7220, stack(0x0000008adcf00000,0x0000008add000000) (1024K)]
  0x0000018d5d6dc110 JavaThread "Finalizer"                  daemon [_thread_blocked, id=2756, stack(0x0000008add000000,0x0000008add100000) (1024K)]
  0x0000018d493ca4a0 JavaThread "Signal Dispatcher"          daemon [_thread_blocked, id=12784, stack(0x0000008add100000,0x0000008add200000) (1024K)]
  0x0000018d493ccf00 JavaThread "Attach Listener"            daemon [_thread_blocked, id=6884, stack(0x0000008add200000,0x0000008add300000) (1024K)]
  0x0000018d5d6dff70 JavaThread "Service Thread"             daemon [_thread_blocked, id=16004, stack(0x0000008add300000,0x0000008add400000) (1024K)]
  0x0000018d5d6ea8f0 JavaThread "Monitor Deflation Thread"   daemon [_thread_blocked, id=22392, stack(0x0000008add400000,0x0000008add500000) (1024K)]
=>0x0000018d5d6ec700 JavaThread "C2 CompilerThread0"         daemon [_thread_in_native, id=21516, stack(0x0000008add500000,0x0000008add600000) (1024K)]
  0x0000018d5d6f2750 JavaThread "C1 CompilerThread0"         daemon [_thread_in_native, id=22624, stack(0x0000008add600000,0x0000008add700000) (1024K)]
  0x0000018d5f25c9a0 JavaThread "Common-Cleaner"             daemon [_thread_blocked, id=4608, stack(0x0000008add800000,0x0000008add900000) (1024K)]
  0x0000018d5f3b0930 JavaThread "Notification Thread"        daemon [_thread_blocked, id=16940, stack(0x0000008add900000,0x0000008adda00000) (1024K)]
  0x0000018d64105b20 JavaThread "Active Thread: Equinox Container: 19eaea39-855f-424c-9f07-3ce0aae10ef9"        [_thread_blocked, id=21052, stack(0x0000008ade100000,0x0000008ade200000) (1024K)]
  0x0000018d6400aa20 JavaThread "Refresh Thread: Equinox Container: 19eaea39-855f-424c-9f07-3ce0aae10ef9" daemon [_thread_blocked, id=1868, stack(0x0000008ade200000,0x0000008ade300000) (1024K)]
  0x0000018d5fb60050 JavaThread "Framework Event Dispatcher: Equinox Container: 19eaea39-855f-424c-9f07-3ce0aae10ef9" daemon [_thread_blocked, id=18164, stack(0x0000008ade400000,0x0000008ade500000) (1024K)]
  0x0000018d5f8e6f90 JavaThread "Start Level: Equinox Container: 19eaea39-855f-424c-9f07-3ce0aae10ef9" daemon [_thread_blocked, id=15368, stack(0x0000008ade500000,0x0000008ade600000) (1024K)]
  0x0000018d645252b0 JavaThread "Bundle File Closer"         daemon [_thread_blocked, id=5436, stack(0x0000008ade600000,0x0000008ade700000) (1024K)]
  0x0000018d64719340 JavaThread "SCR Component Actor"        daemon [_thread_blocked, id=13224, stack(0x0000008ade700000,0x0000008ade800000) (1024K)]
  0x0000018d5f8a7480 JavaThread "Worker-JM"                         [_thread_blocked, id=1960, stack(0x0000008ade800000,0x0000008ade900000) (1024K)]
  0x0000018d5f8a6df0 JavaThread "JNA Cleaner"                daemon [_thread_blocked, id=18800, stack(0x0000008ade900000,0x0000008adea00000) (1024K)]
  0x0000018d5f8a53b0 JavaThread "Worker-0"                          [_thread_blocked, id=9636, stack(0x0000008adea00000,0x0000008adeb00000) (1024K)]
  0x0000018d5f8a60d0 JavaThread "Worker-1: Building"                [_thread_blocked, id=15532, stack(0x0000008adeb00000,0x0000008adec00000) (1024K)]
  0x0000018d5f8a7b10 JavaThread "Worker-2"                          [_thread_blocked, id=21160, stack(0x0000008adec00000,0x0000008aded00000) (1024K)]
  0x0000018d5f40d860 JavaThread "C2 CompilerThread1"         daemon [_thread_in_native, id=17044, stack(0x0000008add700000,0x0000008add800000) (1024K)]
  0x0000018d64ef8230 JavaThread "C2 CompilerThread2"         daemon [_thread_in_native, id=10028, stack(0x0000008adda00000,0x0000008addb00000) (1024K)]
  0x0000018d5f8a4690 JavaThread "Java indexing"              daemon [_thread_blocked, id=18540, stack(0x0000008aded00000,0x0000008adee00000) (1024K)]
  0x0000018d5f8a5a40 JavaThread "Worker-3"                          [_thread_blocked, id=12520, stack(0x0000008adee00000,0x0000008adef00000) (1024K)]
  0x0000018d5f8a6760 JavaThread "Worker-4"                          [_thread_blocked, id=22772, stack(0x0000008adf200000,0x0000008adf300000) (1024K)]
  0x0000018d668855a0 JavaThread "Worker-5"                          [_thread_blocked, id=9184, stack(0x0000008adf300000,0x0000008adf400000) (1024K)]
  0x0000018d668841f0 JavaThread "Thread-1"                   daemon [_thread_in_native, id=1968, stack(0x0000008adf400000,0x0000008adf500000) (1024K)]
  0x0000018d66884f10 JavaThread "Thread-2"                   daemon [_thread_in_native, id=23328, stack(0x0000008adf500000,0x0000008adf600000) (1024K)]
  0x0000018d66882120 JavaThread "Thread-3"                   daemon [_thread_in_native, id=21420, stack(0x0000008adf600000,0x0000008adf700000) (1024K)]
  0x0000018d66885c30 JavaThread "Thread-4"                   daemon [_thread_in_native, id=4708, stack(0x0000008adf700000,0x0000008adf800000) (1024K)]
  0x0000018d66882e40 JavaThread "Thread-5"                   daemon [_thread_in_native, id=21416, stack(0x0000008adf800000,0x0000008adf900000) (1024K)]
  0x0000018d66883b60 JavaThread "Thread-6"                   daemon [_thread_in_native, id=22600, stack(0x0000008adf900000,0x0000008adfa00000) (1024K)]
  0x0000018d66884880 JavaThread "Thread-7"                   daemon [_thread_in_native, id=19608, stack(0x0000008adfa00000,0x0000008adfb00000) (1024K)]
  0x0000018d668827b0 JavaThread "Thread-8"                   daemon [_thread_in_native, id=20200, stack(0x0000008adfb00000,0x0000008adfc00000) (1024K)]
  0x0000018d668834d0 JavaThread "Thread-9"                   daemon [_thread_in_native, id=21108, stack(0x0000008adfc00000,0x0000008adfd00000) (1024K)]
  0x0000018d66886950 JavaThread "pool-2-thread-1"                   [_thread_blocked, id=19064, stack(0x0000008adfd00000,0x0000008adfe00000) (1024K)]
  0x0000018d66889740 JavaThread "ForkJoinPool.commonPool-worker-1" daemon [_thread_blocked, id=8572, stack(0x0000008adfe00000,0x0000008adff00000) (1024K)]
  0x0000018d66888390 JavaThread "ForkJoinPool.commonPool-worker-2" daemon [_thread_blocked, id=22892, stack(0x0000008adff00000,0x0000008ae0000000) (1024K)]
  0x0000018d668890b0 JavaThread "ForkJoinPool.commonPool-worker-3" daemon [_thread_blocked, id=23524, stack(0x0000008ae0000000,0x0000008ae0100000) (1024K)]
  0x0000018d66888a20 JavaThread "ForkJoinPool.commonPool-worker-4" daemon [_thread_blocked, id=21316, stack(0x0000008ae0100000,0x0000008ae0200000) (1024K)]
  0x0000018d668862c0 JavaThread "ForkJoinPool.commonPool-worker-5" daemon [_thread_blocked, id=21248, stack(0x0000008ae0200000,0x0000008ae0300000) (1024K)]
  0x0000018d66886fe0 JavaThread "ForkJoinPool.commonPool-worker-6" daemon [_thread_blocked, id=22580, stack(0x0000008ae0300000,0x0000008ae0400000) (1024K)]
  0x0000018d66887d00 JavaThread "ForkJoinPool.commonPool-worker-7" daemon [_thread_blocked, id=21836, stack(0x0000008ae0400000,0x0000008ae0500000) (1024K)]
  0x0000018d66887670 JavaThread "WorkspaceEventsHandler"            [_thread_blocked, id=5864, stack(0x0000008ae0500000,0x0000008ae0600000) (1024K)]
  0x0000018d5f87b280 JavaThread "pool-1-thread-1"                   [_thread_blocked, id=20612, stack(0x0000008ae0600000,0x0000008ae0700000) (1024K)]
  0x0000018d5f879ed0 JavaThread "LocalFile Deleter"          daemon [_thread_blocked, id=21236, stack(0x0000008ae0700000,0x0000008ae0800000) (1024K)]
  0x0000018d5f87c630 JavaThread "LocalFile Deleter"          daemon [_thread_blocked, id=22812, stack(0x0000008ae0800000,0x0000008ae0900000) (1024K)]
  0x0000018d5f87a560 JavaThread "LocalFile Deleter"          daemon [_thread_blocked, id=1188, stack(0x0000008ae0900000,0x0000008ae0a00000) (1024K)]
  0x0000018d5f87abf0 JavaThread "LocalFile Deleter"          daemon [_thread_blocked, id=22952, stack(0x0000008ae0a00000,0x0000008ae0b00000) (1024K)]
  0x0000018d5f87d9e0 JavaThread "LocalFile Deleter"          daemon [_thread_blocked, id=20980, stack(0x0000008ae0b00000,0x0000008ae0c00000) (1024K)]
  0x0000018d5f87fab0 JavaThread "LocalFile Deleter"          daemon [_thread_blocked, id=20348, stack(0x0000008ae0c00000,0x0000008ae0d00000) (1024K)]
  0x0000018d5f87f420 JavaThread "LocalFile Deleter"          daemon [_thread_blocked, id=22496, stack(0x0000008ae0d00000,0x0000008ae0e00000) (1024K)]
  0x0000018d5f87ccc0 JavaThread "LocalFile Deleter"          daemon [_thread_blocked, id=15556, stack(0x0000008ae0e00000,0x0000008ae0f00000) (1024K)]
  0x0000018d5f87e070 JavaThread "Compiler Source File Reader" daemon [_thread_blocked, id=3556, stack(0x0000008ae0f00000,0x0000008ae1000000) (1024K)]
  0x0000018d5f8807d0 JavaThread "Compiler Source File Reader" daemon [_thread_blocked, id=16220, stack(0x0000008ae1000000,0x0000008ae1100000) (1024K)]
  0x0000018d5f880e60 JavaThread "Compiler Source File Reader" daemon [_thread_blocked, id=22236, stack(0x0000008ae1100000,0x0000008ae1200000) (1024K)]
  0x0000018d5f8814f0 JavaThread "Compiler Source File Reader" daemon [_thread_blocked, id=2168, stack(0x0000008ae1200000,0x0000008ae1300000) (1024K)]
  0x0000018d5f880140 JavaThread "Compiler Source File Reader" daemon [_thread_blocked, id=22736, stack(0x0000008ae1300000,0x0000008ae1400000) (1024K)]
  0x0000018d5f87e700 JavaThread "Compiler Source File Reader" daemon [_thread_blocked, id=16224, stack(0x0000008ae1400000,0x0000008ae1500000) (1024K)]
  0x0000018d7097a520 JavaThread "Compiler Processing Task"   daemon [_thread_in_Java, id=22432, stack(0x0000008ae1500000,0x0000008ae1600000) (1024K)]
  0x0000018d7097abb0 JavaThread "Compiler Class File Writer" daemon [_thread_blocked, id=3744, stack(0x0000008ae1600000,0x0000008ae1700000) (1024K)]
  0x0000018d7097b8d0 JavaThread "Compiler Class File Writer" daemon [_thread_blocked, id=20740, stack(0x0000008ae1700000,0x0000008ae1800000) (1024K)]
  0x0000018d7097bf60 JavaThread "Compiler Class File Writer" daemon [_thread_blocked, id=13244, stack(0x0000008ae1800000,0x0000008ae1900000) (1024K)]
  0x0000018d7097d310 JavaThread "Compiler Class File Writer" daemon [_thread_blocked, id=20820, stack(0x0000008ae1900000,0x0000008ae1a00000) (1024K)]
  0x0000018d7097cc80 JavaThread "Compiler Class File Writer" daemon [_thread_blocked, id=14392, stack(0x0000008ae1a00000,0x0000008ae1b00000) (1024K)]
Total: 67

Other Threads:
  0x0000018d493b2950 VMThread "VM Thread"                           [id=17600, stack(0x0000008adce00000,0x0000008adcf00000) (1024K)]
  0x0000018d5d5eca00 WatcherThread "VM Periodic Task Thread"        [id=20288, stack(0x0000008adcd00000,0x0000008adce00000) (1024K)]
  0x0000018d49331eb0 WorkerThread "GC Thread#0"                     [id=20660, stack(0x0000008adcc00000,0x0000008adcd00000) (1024K)]
  0x0000018d5f700770 WorkerThread "GC Thread#1"                     [id=15296, stack(0x0000008addb00000,0x0000008addc00000) (1024K)]
  0x0000018d5f700eb0 WorkerThread "GC Thread#2"                     [id=6116, stack(0x0000008addc00000,0x0000008addd00000) (1024K)]
  0x0000018d5f6ff550 WorkerThread "GC Thread#3"                     [id=7152, stack(0x0000008addd00000,0x0000008adde00000) (1024K)]
  0x0000018d5f6ff8f0 WorkerThread "GC Thread#4"                     [id=18896, stack(0x0000008adde00000,0x0000008addf00000) (1024K)]
  0x0000018d5f6ffc90 WorkerThread "GC Thread#5"                     [id=11500, stack(0x0000008addf00000,0x0000008ade000000) (1024K)]
  0x0000018d5f700030 WorkerThread "GC Thread#6"                     [id=3080, stack(0x0000008ade000000,0x0000008ade100000) (1024K)]
  0x0000018d64094700 WorkerThread "GC Thread#7"                     [id=18192, stack(0x0000008ade300000,0x0000008ade400000) (1024K)]
Total: 10

Threads with active compile tasks:
C2 CompilerThread0  15114 7540   !   4       lombok.core.FieldAugment$ReflectionFieldAugment::getAndSet (80 bytes)
C1 CompilerThread0  15114 8363       3       java.util.stream.SpinedBuffer::accept (94 bytes)
C2 CompilerThread1  15114 8077       4       org.eclipse.jdt.internal.core.builder.NameEnvironment::findClass (486 bytes)
C2 CompilerThread2  15114 7567       4       lombok.eclipse.handlers.EclipseHandlerUtil::setGeneratedBy (10 bytes)
Total: 4

VM state: not at safepoint (normal execution)

VM Mutex/Monitor currently owned by a thread: None

Heap address: 0x00000000c0000000, size: 1024 MB, Compressed Oops mode: 32-bit

CDS archive(s) mapped at: [0x0000018d00000000-0x0000018d00ba0000-0x0000018d00ba0000), size 12189696, SharedBaseAddress: 0x0000018d00000000, ArchiveRelocationMode: 1.
Compressed class space mapped at: 0x0000018d01000000-0x0000018d41000000, reserved size: 1073741824
Narrow klass base: 0x0000018d00000000, Narrow klass shift: 0, Narrow klass range: 0x100000000

GC Precious Log:
 CardTable entry size: 512
 CPUs: 8 total, 8 available
 Memory: 7988M
 Large Page Support: Disabled
 NUMA Support: Disabled
 Compressed Oops: Enabled (32-bit)
 Alignments: Space 512K, Generation 512K, Heap 2M
 Heap Min Capacity: 100M
 Heap Initial Capacity: 100M
 Heap Max Capacity: 1G
 Pre-touch: Disabled
 Parallel Workers: 8

Heap:
 PSYoungGen      total 19968K, used 11817K [0x00000000eab00000, 0x00000000ec180000, 0x0000000100000000)
  eden space 18432K, 57% used [0x00000000eab00000,0x00000000eb54cb68,0x00000000ebd00000)
  from space 1536K, 82% used [0x00000000ec000000,0x00000000ec13da38,0x00000000ec180000)
  to   space 2048K, 0% used [0x00000000ebd80000,0x00000000ebd80000,0x00000000ebf80000)
 ParOldGen       total 68608K, used 55991K [0x00000000c0000000, 0x00000000c4300000, 0x00000000eab00000)
  object space 68608K, 81% used [0x00000000c0000000,0x00000000c36add48,0x00000000c4300000)
 Metaspace       used 56020K, committed 57408K, reserved 1114112K
  class space    used 6042K, committed 6656K, reserved 1048576K

Card table byte_map: [0x0000018d48cb0000,0x0000018d48ec0000] _byte_map_base: 0x0000018d486b0000

Marking Bits: (ParMarkBitMap*) 0x00007ffe3ff92460
 Begin Bits: [0x0000018d5b510000, 0x0000018d5c510000)
 End Bits:   [0x0000018d5c510000, 0x0000018d5d510000)

Polling page: 0x0000018d47320000

Metaspace:

Usage:
  Non-class:     48.81 MB used.
      Class:      5.90 MB used.
       Both:     54.71 MB used.

Virtual space:
  Non-class space:       64.00 MB reserved,      49.56 MB ( 77%) committed,  1 nodes.
      Class space:        1.00 GB reserved,       6.50 MB ( <1%) committed,  1 nodes.
             Both:        1.06 GB reserved,      56.06 MB (  5%) committed. 

Chunk freelists:
   Non-Class:  13.94 MB
       Class:  9.39 MB
        Both:  23.33 MB

MaxMetaspaceSize: unlimited
CompressedClassSpaceSize: 1.00 GB
Initial GC threshold: 21.00 MB
Current GC threshold: 58.38 MB
CDS: on
 - commit_granule_bytes: 65536.
 - commit_granule_words: 8192.
 - virtual_space_node_default_size: 8388608.
 - enlarge_chunks_in_place: 1.
 - use_allocation_guard: 0.


Internal statistics:

num_allocs_failed_limit: 8.
num_arena_births: 1112.
num_arena_deaths: 14.
num_vsnodes_births: 2.
num_vsnodes_deaths: 0.
num_space_committed: 897.
num_space_uncommitted: 0.
num_chunks_returned_to_freelist: 22.
num_chunks_taken_from_freelist: 3747.
num_chunk_merges: 14.
num_chunk_splits: 2281.
num_chunks_enlarged: 1261.
num_inconsistent_stats: 0.

CodeHeap 'non-profiled nmethods': size=120000Kb used=4132Kb max_used=4132Kb free=115867Kb
 bounds [0x0000018d53fe0000, 0x0000018d543f0000, 0x0000018d5b510000]
CodeHeap 'profiled nmethods': size=120000Kb used=16456Kb max_used=16456Kb free=103543Kb
 bounds [0x0000018d4c510000, 0x0000018d4d530000, 0x0000018d53a40000]
CodeHeap 'non-nmethods': size=5760Kb used=1403Kb max_used=1543Kb free=4356Kb
 bounds [0x0000018d53a40000, 0x0000018d53cb0000, 0x0000018d53fe0000]
CodeCache: size=245760Kb, used=21991Kb, max_used=22131Kb, free=223766Kb
 total_blobs=8415, nmethods=7701, adapters=620, full_count=0
Compilation: enabled, stopped_count=0, restarted_count=0

Compilation events (20 events):
Event: 14.064 Thread 0x0000018d5d6f2750 nmethod 8299 0x0000018d543e7990 code [0x0000018d543e7b20, 0x0000018d543e7be8]
Event: 14.064 Thread 0x0000018d5d6f2750 8308       2       java.util.Spliterators$IteratorSpliterator::<init> (31 bytes)
Event: 14.064 Thread 0x0000018d5d6f2750 nmethod 8308 0x0000018d4d506710 code [0x0000018d4d5068a0, 0x0000018d4d5069f0]
Event: 14.064 Thread 0x0000018d5d6f2750 8285       2       org.eclipse.jdt.internal.compiler.classfmt.FieldInfo::getConstant (16 bytes)
Event: 14.065 Thread 0x0000018d5d6f2750 nmethod 8285 0x0000018d4d506a90 code [0x0000018d4d506c40, 0x0000018d4d506d80]
Event: 14.065 Thread 0x0000018d5d6f2750 8294       2       java.nio.channels.spi.AbstractInterruptibleChannel::blockedOn (10 bytes)
Event: 14.065 Thread 0x0000018d5d6f2750 nmethod 8294 0x0000018d4d506e10 code [0x0000018d4d506fc0, 0x0000018d4d507110]
Event: 14.065 Thread 0x0000018d5d6f2750 8310       2       org.eclipse.jdt.internal.compiler.lookup.MethodBinding::isAbstract (15 bytes)
Event: 14.065 Thread 0x0000018d5d6f2750 nmethod 8310 0x0000018d4d507210 code [0x0000018d4d5073c0, 0x0000018d4d507508]
Event: 14.065 Thread 0x0000018d5d6f2750 8301  s    1       org.eclipse.core.internal.resources.WorkManager::getPreparedOperationDepth (5 bytes)
Event: 14.065 Thread 0x0000018d5d6f2750 nmethod 8301 0x0000018d543e7c90 code [0x0000018d543e7e20, 0x0000018d543e7fa8]
Event: 14.065 Thread 0x0000018d5d6f2750 8297       1       org.eclipse.jdt.internal.compiler.lookup.WildcardBinding::additionalBounds (5 bytes)
Event: 14.065 Thread 0x0000018d5d6f2750 nmethod 8297 0x0000018d543e8010 code [0x0000018d543e81a0, 0x0000018d543e8268]
Event: 14.065 Thread 0x0000018d5d6f2750 8296       1       org.eclipse.jdt.internal.compiler.classfmt.ClassFileReader::getInterfaceNames (5 bytes)
Event: 14.065 Thread 0x0000018d5d6f2750 nmethod 8296 0x0000018d543e8310 code [0x0000018d543e84a0, 0x0000018d543e8568]
Event: 14.068 Thread 0x0000018d5d6f2750 8311       2       org.eclipse.jdt.internal.compiler.codegen.CharArrayCache::put (103 bytes)
Event: 14.068 Thread 0x0000018d5d6f2750 nmethod 8311 0x0000018d4d507590 code [0x0000018d4d507780, 0x0000018d4d507b48]
Event: 14.069 Thread 0x0000018d5d6f2750 8312       2       org.eclipse.jdt.internal.compiler.codegen.CharArrayCache::putIfAbsent (102 bytes)
Event: 14.069 Thread 0x0000018d5d6f2750 nmethod 8312 0x0000018d4d507e10 code [0x0000018d4d508000, 0x0000018d4d5083d0]
Event: 14.175 Thread 0x0000018d5d6f2750 8313   !   2       org.eclipse.core.internal.jobs.JobManager::withWriteLock (70 bytes)

GC Heap History (20 events):
Event: 5.871 GC heap before
{Heap before GC invocations=23 (full 2):
 PSYoungGen      total 24064K, used 24064K [0x00000000eab00000, 0x00000000ec980000, 0x0000000100000000)
  eden space 22016K, 100% used [0x00000000eab00000,0x00000000ec080000,0x00000000ec080000)
  from space 2048K, 100% used [0x00000000ec680000,0x00000000ec880000,0x00000000ec880000)
  to   space 4608K, 0% used [0x00000000ec080000,0x00000000ec080000,0x00000000ec500000)
 ParOldGen       total 68608K, used 39954K [0x00000000c0000000, 0x00000000c4300000, 0x00000000eab00000)
  object space 68608K, 58% used [0x00000000c0000000,0x00000000c2704870,0x00000000c4300000)
 Metaspace       used 41297K, committed 42624K, reserved 1114112K
  class space    used 4374K, committed 4992K, reserved 1048576K
}
Event: 5.874 GC heap after
{Heap after GC invocations=23 (full 2):
 PSYoungGen      total 24064K, used 1920K [0x00000000eab00000, 0x00000000ec700000, 0x0000000100000000)
  eden space 22016K, 0% used [0x00000000eab00000,0x00000000eab00000,0x00000000ec080000)
  from space 2048K, 93% used [0x00000000ec080000,0x00000000ec260010,0x00000000ec280000)
  to   space 3072K, 0% used [0x00000000ec400000,0x00000000ec400000,0x00000000ec700000)
 ParOldGen       total 68608K, used 41882K [0x00000000c0000000, 0x00000000c4300000, 0x00000000eab00000)
  object space 68608K, 61% used [0x00000000c0000000,0x00000000c28e6870,0x00000000c4300000)
 Metaspace       used 41297K, committed 42624K, reserved 1114112K
  class space    used 4374K, committed 4992K, reserved 1048576K
}
Event: 5.981 GC heap before
{Heap before GC invocations=24 (full 2):
 PSYoungGen      total 24064K, used 23936K [0x00000000eab00000, 0x00000000ec700000, 0x0000000100000000)
  eden space 22016K, 100% used [0x00000000eab00000,0x00000000ec080000,0x00000000ec080000)
  from space 2048K, 93% used [0x00000000ec080000,0x00000000ec260010,0x00000000ec280000)
  to   space 3072K, 0% used [0x00000000ec400000,0x00000000ec400000,0x00000000ec700000)
 ParOldGen       total 68608K, used 41950K [0x00000000c0000000, 0x00000000c4300000, 0x00000000eab00000)
  object space 68608K, 61% used [0x00000000c0000000,0x00000000c28f7a68,0x00000000c4300000)
 Metaspace       used 41770K, committed 43072K, reserved 1114112K
  class space    used 4444K, committed 5056K, reserved 1048576K
}
Event: 5.984 GC heap after
{Heap after GC invocations=24 (full 2):
 PSYoungGen      total 24064K, used 1825K [0x00000000eab00000, 0x00000000ec600000, 0x0000000100000000)
  eden space 22016K, 0% used [0x00000000eab00000,0x00000000eab00000,0x00000000ec080000)
  from space 2048K, 89% used [0x00000000ec400000,0x00000000ec5c85f0,0x00000000ec600000)
  to   space 2048K, 0% used [0x00000000ec080000,0x00000000ec080000,0x00000000ec280000)
 ParOldGen       total 68608K, used 43718K [0x00000000c0000000, 0x00000000c4300000, 0x00000000eab00000)
  object space 68608K, 63% used [0x00000000c0000000,0x00000000c2ab1a78,0x00000000c4300000)
 Metaspace       used 41770K, committed 43072K, reserved 1114112K
  class space    used 4444K, committed 5056K, reserved 1048576K
}
Event: 7.374 GC heap before
{Heap before GC invocations=25 (full 2):
 PSYoungGen      total 24064K, used 23841K [0x00000000eab00000, 0x00000000ec600000, 0x0000000100000000)
  eden space 22016K, 100% used [0x00000000eab00000,0x00000000ec080000,0x00000000ec080000)
  from space 2048K, 89% used [0x00000000ec400000,0x00000000ec5c85f0,0x00000000ec600000)
  to   space 2048K, 0% used [0x00000000ec080000,0x00000000ec080000,0x00000000ec280000)
 ParOldGen       total 68608K, used 43723K [0x00000000c0000000, 0x00000000c4300000, 0x00000000eab00000)
  object space 68608K, 63% used [0x00000000c0000000,0x00000000c2ab2cb8,0x00000000c4300000)
 Metaspace       used 44309K, committed 45696K, reserved 1114112K
  class space    used 4743K, committed 5376K, reserved 1048576K
}
Event: 7.421 GC heap after
{Heap after GC invocations=25 (full 2):
 PSYoungGen      total 24064K, used 1216K [0x00000000eab00000, 0x00000000ec480000, 0x0000000100000000)
  eden space 22016K, 0% used [0x00000000eab00000,0x00000000eab00000,0x00000000ec080000)
  from space 2048K, 59% used [0x00000000ec080000,0x00000000ec1b0000,0x00000000ec280000)
  to   space 1536K, 0% used [0x00000000ec300000,0x00000000ec300000,0x00000000ec480000)
 ParOldGen       total 68608K, used 45277K [0x00000000c0000000, 0x00000000c4300000, 0x00000000eab00000)
  object space 68608K, 65% used [0x00000000c0000000,0x00000000c2c37568,0x00000000c4300000)
 Metaspace       used 44309K, committed 45696K, reserved 1114112K
  class space    used 4743K, committed 5376K, reserved 1048576K
}
Event: 7.824 GC heap before
{Heap before GC invocations=26 (full 2):
 PSYoungGen      total 24064K, used 23232K [0x00000000eab00000, 0x00000000ec480000, 0x0000000100000000)
  eden space 22016K, 100% used [0x00000000eab00000,0x00000000ec080000,0x00000000ec080000)
  from space 2048K, 59% used [0x00000000ec080000,0x00000000ec1b0000,0x00000000ec280000)
  to   space 1536K, 0% used [0x00000000ec300000,0x00000000ec300000,0x00000000ec480000)
 ParOldGen       total 68608K, used 45277K [0x00000000c0000000, 0x00000000c4300000, 0x00000000eab00000)
  object space 68608K, 65% used [0x00000000c0000000,0x00000000c2c37568,0x00000000c4300000)
 Metaspace       used 46797K, committed 48128K, reserved 1114112K
  class space    used 5097K, committed 5696K, reserved 1048576K
}
Event: 7.826 GC heap after
{Heap after GC invocations=26 (full 2):
 PSYoungGen      total 23552K, used 1408K [0x00000000eab00000, 0x00000000ec480000, 0x0000000100000000)
  eden space 22016K, 0% used [0x00000000eab00000,0x00000000eab00000,0x00000000ec080000)
  from space 1536K, 91% used [0x00000000ec300000,0x00000000ec460000,0x00000000ec480000)
  to   space 1536K, 0% used [0x00000000ec180000,0x00000000ec180000,0x00000000ec300000)
 ParOldGen       total 68608K, used 46290K [0x00000000c0000000, 0x00000000c4300000, 0x00000000eab00000)
  object space 68608K, 67% used [0x00000000c0000000,0x00000000c2d34b38,0x00000000c4300000)
 Metaspace       used 46797K, committed 48128K, reserved 1114112K
  class space    used 5097K, committed 5696K, reserved 1048576K
}
Event: 8.029 GC heap before
{Heap before GC invocations=27 (full 2):
 PSYoungGen      total 23552K, used 23424K [0x00000000eab00000, 0x00000000ec480000, 0x0000000100000000)
  eden space 22016K, 100% used [0x00000000eab00000,0x00000000ec080000,0x00000000ec080000)
  from space 1536K, 91% used [0x00000000ec300000,0x00000000ec460000,0x00000000ec480000)
  to   space 1536K, 0% used [0x00000000ec180000,0x00000000ec180000,0x00000000ec300000)
 ParOldGen       total 68608K, used 46290K [0x00000000c0000000, 0x00000000c4300000, 0x00000000eab00000)
  object space 68608K, 67% used [0x00000000c0000000,0x00000000c2d34b38,0x00000000c4300000)
 Metaspace       used 49461K, committed 50752K, reserved 1114112K
  class space    used 5388K, committed 5952K, reserved 1048576K
}
Event: 8.031 GC heap after
{Heap after GC invocations=27 (full 2):
 PSYoungGen      total 23552K, used 1444K [0x00000000eab00000, 0x00000000ec380000, 0x0000000100000000)
  eden space 22016K, 0% used [0x00000000eab00000,0x00000000eab00000,0x00000000ec080000)
  from space 1536K, 94% used [0x00000000ec180000,0x00000000ec2e9288,0x00000000ec300000)
  to   space 512K, 0% used [0x00000000ec300000,0x00000000ec300000,0x00000000ec380000)
 ParOldGen       total 68608K, used 47562K [0x00000000c0000000, 0x00000000c4300000, 0x00000000eab00000)
  object space 68608K, 69% used [0x00000000c0000000,0x00000000c2e72858,0x00000000c4300000)
 Metaspace       used 49461K, committed 50752K, reserved 1114112K
  class space    used 5388K, committed 5952K, reserved 1048576K
}
Event: 8.348 GC heap before
{Heap before GC invocations=28 (full 2):
 PSYoungGen      total 23552K, used 23460K [0x00000000eab00000, 0x00000000ec380000, 0x0000000100000000)
  eden space 22016K, 100% used [0x00000000eab00000,0x00000000ec080000,0x00000000ec080000)
  from space 1536K, 94% used [0x00000000ec180000,0x00000000ec2e9288,0x00000000ec300000)
  to   space 512K, 0% used [0x00000000ec300000,0x00000000ec300000,0x00000000ec380000)
 ParOldGen       total 68608K, used 47562K [0x00000000c0000000, 0x00000000c4300000, 0x00000000eab00000)
  object space 68608K, 69% used [0x00000000c0000000,0x00000000c2e72858,0x00000000c4300000)
 Metaspace       used 51057K, committed 52416K, reserved 1114112K
  class space    used 5599K, committed 6208K, reserved 1048576K
}
Event: 8.350 GC heap after
{Heap after GC invocations=28 (full 2):
 PSYoungGen      total 22528K, used 496K [0x00000000eab00000, 0x00000000ec580000, 0x0000000100000000)
  eden space 22016K, 0% used [0x00000000eab00000,0x00000000eab00000,0x00000000ec080000)
  from space 512K, 96% used [0x00000000ec300000,0x00000000ec37c020,0x00000000ec380000)
  to   space 2560K, 0% used [0x00000000ec080000,0x00000000ec080000,0x00000000ec300000)
 ParOldGen       total 68608K, used 49073K [0x00000000c0000000, 0x00000000c4300000, 0x00000000eab00000)
  object space 68608K, 71% used [0x00000000c0000000,0x00000000c2fec478,0x00000000c4300000)
 Metaspace       used 51057K, committed 52416K, reserved 1114112K
  class space    used 5599K, committed 6208K, reserved 1048576K
}
Event: 8.723 GC heap before
{Heap before GC invocations=29 (full 2):
 PSYoungGen      total 22528K, used 22512K [0x00000000eab00000, 0x00000000ec580000, 0x0000000100000000)
  eden space 22016K, 100% used [0x00000000eab00000,0x00000000ec080000,0x00000000ec080000)
  from space 512K, 96% used [0x00000000ec300000,0x00000000ec37c020,0x00000000ec380000)
  to   space 2560K, 0% used [0x00000000ec080000,0x00000000ec080000,0x00000000ec300000)
 ParOldGen       total 68608K, used 49073K [0x00000000c0000000, 0x00000000c4300000, 0x00000000eab00000)
  object space 68608K, 71% used [0x00000000c0000000,0x00000000c2fec478,0x00000000c4300000)
 Metaspace       used 52384K, committed 53760K, reserved 1114112K
  class space    used 5720K, committed 6336K, reserved 1048576K
}
Event: 8.724 GC heap after
{Heap after GC invocations=29 (full 2):
 PSYoungGen      total 23552K, used 1370K [0x00000000eab00000, 0x00000000ec480000, 0x0000000100000000)
  eden space 22016K, 0% used [0x00000000eab00000,0x00000000eab00000,0x00000000ec080000)
  from space 1536K, 89% used [0x00000000ec080000,0x00000000ec1d6878,0x00000000ec200000)
  to   space 2048K, 0% used [0x00000000ec280000,0x00000000ec280000,0x00000000ec480000)
 ParOldGen       total 68608K, used 49516K [0x00000000c0000000, 0x00000000c4300000, 0x00000000eab00000)
  object space 68608K, 72% used [0x00000000c0000000,0x00000000c305b028,0x00000000c4300000)
 Metaspace       used 52384K, committed 53760K, reserved 1114112K
  class space    used 5720K, committed 6336K, reserved 1048576K
}
Event: 9.071 GC heap before
{Heap before GC invocations=30 (full 2):
 PSYoungGen      total 23552K, used 23386K [0x00000000eab00000, 0x00000000ec480000, 0x0000000100000000)
  eden space 22016K, 100% used [0x00000000eab00000,0x00000000ec080000,0x00000000ec080000)
  from space 1536K, 89% used [0x00000000ec080000,0x00000000ec1d6878,0x00000000ec200000)
  to   space 2048K, 0% used [0x00000000ec280000,0x00000000ec280000,0x00000000ec480000)
 ParOldGen       total 68608K, used 49516K [0x00000000c0000000, 0x00000000c4300000, 0x00000000eab00000)
  object space 68608K, 72% used [0x00000000c0000000,0x00000000c305b028,0x00000000c4300000)
 Metaspace       used 53658K, committed 54912K, reserved 1114112K
  class space    used 5820K, committed 6400K, reserved 1048576K
}
Event: 9.073 GC heap after
{Heap after GC invocations=30 (full 2):
 PSYoungGen      total 20480K, used 2044K [0x00000000eab00000, 0x00000000ecb80000, 0x0000000100000000)
  eden space 18432K, 0% used [0x00000000eab00000,0x00000000eab00000,0x00000000ebd00000)
  from space 2048K, 99% used [0x00000000ec280000,0x00000000ec47f058,0x00000000ec480000)
  to   space 5632K, 0% used [0x00000000ebd00000,0x00000000ebd00000,0x00000000ec280000)
 ParOldGen       total 68608K, used 52439K [0x00000000c0000000, 0x00000000c4300000, 0x00000000eab00000)
  object space 68608K, 76% used [0x00000000c0000000,0x00000000c3335e08,0x00000000c4300000)
 Metaspace       used 53658K, committed 54912K, reserved 1114112K
  class space    used 5820K, committed 6400K, reserved 1048576K
}
Event: 9.477 GC heap before
{Heap before GC invocations=31 (full 2):
 PSYoungGen      total 20480K, used 20476K [0x00000000eab00000, 0x00000000ecb80000, 0x0000000100000000)
  eden space 18432K, 100% used [0x00000000eab00000,0x00000000ebd00000,0x00000000ebd00000)
  from space 2048K, 99% used [0x00000000ec280000,0x00000000ec47f058,0x00000000ec480000)
  to   space 5632K, 0% used [0x00000000ebd00000,0x00000000ebd00000,0x00000000ec280000)
 ParOldGen       total 68608K, used 52439K [0x00000000c0000000, 0x00000000c4300000, 0x00000000eab00000)
  object space 68608K, 76% used [0x00000000c0000000,0x00000000c3335e08,0x00000000c4300000)
 Metaspace       used 54464K, committed 55808K, reserved 1114112K
  class space    used 5898K, committed 6464K, reserved 1048576K
}
Event: 9.480 GC heap after
{Heap after GC invocations=31 (full 2):
 PSYoungGen      total 20480K, used 1699K [0x00000000eab00000, 0x00000000ec300000, 0x0000000100000000)
  eden space 18432K, 0% used [0x00000000eab00000,0x00000000eab00000,0x00000000ebd00000)
  from space 2048K, 82% used [0x00000000ebd00000,0x00000000ebea8da0,0x00000000ebf00000)
  to   space 3072K, 0% used [0x00000000ec000000,0x00000000ec000000,0x00000000ec300000)
 ParOldGen       total 68608K, used 54461K [0x00000000c0000000, 0x00000000c4300000, 0x00000000eab00000)
  object space 68608K, 79% used [0x00000000c0000000,0x00000000c352f588,0x00000000c4300000)
 Metaspace       used 54464K, committed 55808K, reserved 1114112K
  class space    used 5898K, committed 6464K, reserved 1048576K
}
Event: 10.902 GC heap before
{Heap before GC invocations=32 (full 2):
 PSYoungGen      total 20480K, used 20131K [0x00000000eab00000, 0x00000000ec300000, 0x0000000100000000)
  eden space 18432K, 100% used [0x00000000eab00000,0x00000000ebd00000,0x00000000ebd00000)
  from space 2048K, 82% used [0x00000000ebd00000,0x00000000ebea8da0,0x00000000ebf00000)
  to   space 3072K, 0% used [0x00000000ec000000,0x00000000ec000000,0x00000000ec300000)
 ParOldGen       total 68608K, used 54461K [0x00000000c0000000, 0x00000000c4300000, 0x00000000eab00000)
  object space 68608K, 79% used [0x00000000c0000000,0x00000000c352f588,0x00000000c4300000)
 Metaspace       used 55185K, committed 56512K, reserved 1114112K
  class space    used 5937K, committed 6528K, reserved 1048576K
}
Event: 10.904 GC heap after
{Heap after GC invocations=32 (full 2):
 PSYoungGen      total 19968K, used 1270K [0x00000000eab00000, 0x00000000ec180000, 0x0000000100000000)
  eden space 18432K, 0% used [0x00000000eab00000,0x00000000eab00000,0x00000000ebd00000)
  from space 1536K, 82% used [0x00000000ec000000,0x00000000ec13da38,0x00000000ec180000)
  to   space 2048K, 0% used [0x00000000ebd80000,0x00000000ebd80000,0x00000000ebf80000)
 ParOldGen       total 68608K, used 55991K [0x00000000c0000000, 0x00000000c4300000, 0x00000000eab00000)
  object space 68608K, 81% used [0x00000000c0000000,0x00000000c36add48,0x00000000c4300000)
 Metaspace       used 55185K, committed 56512K, reserved 1114112K
  class space    used 5937K, committed 6528K, reserved 1048576K
}

Dll operation events (10 events):
Event: 0.013 Loaded shared library c:\Users\agnes\.vscode\extensions\redhat.java-1.50.0-win32-x64\jre\21.0.9-win32-x86_64\bin\java.dll
Event: 0.041 Loaded shared library c:\Users\agnes\.vscode\extensions\redhat.java-1.50.0-win32-x64\jre\21.0.9-win32-x86_64\bin\zip.dll
Event: 0.125 Loaded shared library C:\Users\agnes\.vscode\extensions\redhat.java-1.50.0-win32-x64\jre\21.0.9-win32-x86_64\bin\instrument.dll
Event: 0.130 Loaded shared library C:\Users\agnes\.vscode\extensions\redhat.java-1.50.0-win32-x64\jre\21.0.9-win32-x86_64\bin\net.dll
Event: 0.133 Loaded shared library C:\Users\agnes\.vscode\extensions\redhat.java-1.50.0-win32-x64\jre\21.0.9-win32-x86_64\bin\nio.dll
Event: 0.137 Loaded shared library C:\Users\agnes\.vscode\extensions\redhat.java-1.50.0-win32-x64\jre\21.0.9-win32-x86_64\bin\zip.dll
Event: 0.158 Loaded shared library C:\Users\agnes\.vscode\extensions\redhat.java-1.50.0-win32-x64\jre\21.0.9-win32-x86_64\bin\jimage.dll
Event: 0.232 Loaded shared library c:\Users\agnes\.vscode\extensions\redhat.java-1.50.0-win32-x64\jre\21.0.9-win32-x86_64\bin\verify.dll
Event: 1.337 Loaded shared library C:\Users\agnes\AppData\Roaming\Code\User\globalStorage\redhat.java\1.50.0\config_win\org.eclipse.equinox.launcher\org.eclipse.equinox.launcher.win32.win32.x86_64_1.2.1400.v20250801-0854\eclipse_11916.dll
Event: 2.943 Loaded shared library C:\Users\agnes\AppData\Local\Temp\jna-92758966\jna8970377926287547560.dll

Deoptimization events (20 events):
Event: 12.028 Thread 0x0000018d7097a520 DEOPT PACKING pc=0x0000018d54399fb4 sp=0x0000008ae15fe500
Event: 12.028 Thread 0x0000018d7097a520 DEOPT UNPACKING pc=0x0000018d53a93aa2 sp=0x0000008ae15fe4b8 mode 2
Event: 12.028 Thread 0x0000018d7097a520 Uncommon trap: trap_request=0xffffffc6 fr.pc=0x0000018d54399fb4 relative=0x0000000000000594
Event: 12.028 Thread 0x0000018d7097a520 Uncommon trap: reason=bimorphic_or_optimized_type_check action=maybe_recompile pc=0x0000018d54399fb4 method=lombok.eclipse.handlers.EclipseHandlerUtil.typeMatches(Ljava/lang/String;Llombok/eclipse/EclipseNode;Lorg/eclipse/jdt/internal/compiler/ast/TypeRef
Event: 12.028 Thread 0x0000018d7097a520 DEOPT PACKING pc=0x0000018d54399fb4 sp=0x0000008ae15fe500
Event: 12.028 Thread 0x0000018d7097a520 DEOPT UNPACKING pc=0x0000018d53a93aa2 sp=0x0000008ae15fe4b8 mode 2
Event: 12.034 Thread 0x0000018d7097a520 DEOPT PACKING pc=0x0000018d4cf5ad65 sp=0x0000008ae15fd830
Event: 12.034 Thread 0x0000018d7097a520 DEOPT UNPACKING pc=0x0000018d53a94242 sp=0x0000008ae15fcda8 mode 0
Event: 14.061 Thread 0x0000018d5f8a60d0 Uncommon trap: trap_request=0xffffff45 fr.pc=0x0000018d5425dd8c relative=0x00000000000000ec
Event: 14.061 Thread 0x0000018d5f8a60d0 Uncommon trap: reason=unstable_if action=reinterpret pc=0x0000018d5425dd8c method=java.util.stream.SpinedBuffer.accept(Ljava/lang/Object;)V @ 9 c2
Event: 14.061 Thread 0x0000018d5f8a60d0 DEOPT PACKING pc=0x0000018d5425dd8c sp=0x0000008adebfddb0
Event: 14.061 Thread 0x0000018d5f8a60d0 DEOPT UNPACKING pc=0x0000018d53a93aa2 sp=0x0000008adebfdd58 mode 2
Event: 14.063 Thread 0x0000018d7097a520 Uncommon trap: trap_request=0xffffffc6 fr.pc=0x0000018d54399fb4 relative=0x0000000000000594
Event: 14.063 Thread 0x0000018d7097a520 Uncommon trap: reason=bimorphic_or_optimized_type_check action=maybe_recompile pc=0x0000018d54399fb4 method=lombok.eclipse.handlers.EclipseHandlerUtil.typeMatches(Ljava/lang/String;Llombok/eclipse/EclipseNode;Lorg/eclipse/jdt/internal/compiler/ast/TypeRef
Event: 14.063 Thread 0x0000018d7097a520 DEOPT PACKING pc=0x0000018d54399fb4 sp=0x0000008ae15fe510
Event: 14.063 Thread 0x0000018d7097a520 DEOPT UNPACKING pc=0x0000018d53a93aa2 sp=0x0000008ae15fe4b0 mode 2
Event: 14.063 Thread 0x0000018d7097a520 Uncommon trap: trap_request=0xffffffc6 fr.pc=0x0000018d54399fb4 relative=0x0000000000000594
Event: 14.063 Thread 0x0000018d7097a520 Uncommon trap: reason=bimorphic_or_optimized_type_check action=maybe_recompile pc=0x0000018d54399fb4 method=lombok.eclipse.handlers.EclipseHandlerUtil.typeMatches(Ljava/lang/String;Llombok/eclipse/EclipseNode;Lorg/eclipse/jdt/internal/compiler/ast/TypeRef
Event: 14.063 Thread 0x0000018d7097a520 DEOPT PACKING pc=0x0000018d54399fb4 sp=0x0000008ae15fe510
Event: 14.063 Thread 0x0000018d7097a520 DEOPT UNPACKING pc=0x0000018d53a93aa2 sp=0x0000008ae15fe4b0 mode 2

Classes loaded (20 events):
Event: 10.894 Loading class jdk/internal/module/IllegalAccessLogger
Event: 10.894 Loading class jdk/internal/module/IllegalAccessLogger done
Event: 10.906 Loading class java/util/concurrent/ArrayBlockingQueue
Event: 10.907 Loading class java/util/concurrent/ArrayBlockingQueue done
Event: 11.989 Loading class java/util/Hashtable$ValueCollection
Event: 11.989 Loading class java/util/Hashtable$ValueCollection done
Event: 11.993 Loading class java/util/concurrent/ConcurrentHashMap$KeySpliterator
Event: 11.993 Loading class java/util/concurrent/ConcurrentHashMap$KeySpliterator done
Event: 11.998 Loading class sun/nio/ch/ChannelOutputStream
Event: 11.998 Loading class sun/nio/ch/ChannelOutputStream done
Event: 12.025 Loading class java/util/stream/ReferencePipeline$4
Event: 12.026 Loading class java/util/stream/ReferencePipeline$4 done
Event: 12.026 Loading class java/util/stream/Nodes$IntFixedNodeBuilder
Event: 12.026 Loading class java/util/stream/Node$Builder$OfInt
Event: 12.026 Loading class java/util/stream/Node$Builder$OfInt done
Event: 12.026 Loading class java/util/stream/Nodes$IntArrayNode
Event: 12.026 Loading class java/util/stream/Nodes$IntArrayNode done
Event: 12.026 Loading class java/util/stream/Nodes$IntFixedNodeBuilder done
Event: 12.026 Loading class java/util/stream/ReferencePipeline$4$1
Event: 12.027 Loading class java/util/stream/ReferencePipeline$4$1 done

Classes unloaded (7 events):
Event: 3.531 Thread 0x0000018d493b2950 Unloading class 0x0000018d011a8400 'java/lang/invoke/LambdaForm$MH+0x0000018d011a8400'
Event: 3.531 Thread 0x0000018d493b2950 Unloading class 0x0000018d011a8000 'java/lang/invoke/LambdaForm$MH+0x0000018d011a8000'
Event: 3.531 Thread 0x0000018d493b2950 Unloading class 0x0000018d011a7c00 'java/lang/invoke/LambdaForm$MH+0x0000018d011a7c00'
Event: 3.531 Thread 0x0000018d493b2950 Unloading class 0x0000018d011a7800 'java/lang/invoke/LambdaForm$MH+0x0000018d011a7800'
Event: 3.531 Thread 0x0000018d493b2950 Unloading class 0x0000018d011a7400 'java/lang/invoke/LambdaForm$BMH+0x0000018d011a7400'
Event: 3.531 Thread 0x0000018d493b2950 Unloading class 0x0000018d011a7000 'java/lang/invoke/LambdaForm$DMH+0x0000018d011a7000'
Event: 3.531 Thread 0x0000018d493b2950 Unloading class 0x0000018d011a6000 'java/lang/invoke/LambdaForm$DMH+0x0000018d011a6000'

Classes redefined (0 events):
No events

Internal exceptions (20 events):
Event: 9.189 Thread 0x0000018d5f8a60d0 Exception <a 'java/lang/NullPointerException'{0x00000000eb235970}> (0x00000000eb235970) 
thrown [s\src\hotspot\share\interpreter\linkResolver.cpp, line 1372]
Event: 9.270 Thread 0x0000018d5f8a60d0 Exception <a 'java/lang/NullPointerException'{0x00000000eb5a7b18}> (0x00000000eb5a7b18) 
thrown [s\src\hotspot\share\interpreter\linkResolver.cpp, line 1372]
Event: 9.270 Thread 0x0000018d5f8a60d0 Exception <a 'java/lang/NullPointerException'{0x00000000eb5a8308}> (0x00000000eb5a8308) 
thrown [s\src\hotspot\share\interpreter\linkResolver.cpp, line 1372]
Event: 9.280 Thread 0x0000018d5f8a60d0 Exception <a 'java/lang/NullPointerException'{0x00000000eb5cd840}> (0x00000000eb5cd840) 
thrown [s\src\hotspot\share\interpreter\linkResolver.cpp, line 1372]
Event: 9.307 Thread 0x0000018d5f8a60d0 Exception <a 'java/lang/NoSuchMethodError'{0x00000000eb65cb70}: 'int java.lang.invoke.DirectMethodHandle$Holder.invokeSpecialIFC(java.lang.Object, java.lang.Object, java.lang.Object)'> (0x00000000eb65cb70) 
thrown [s\src\hotspot\share\interpreter\linkResolver.cpp, line 773]
Event: 9.415 Thread 0x0000018d5f8a60d0 Exception <a 'java/lang/NoClassDefFoundError'{0x00000000eb9fb0d0}: org/eclipse/jdt/internal/core/CompilationUnit> (0x00000000eb9fb0d0) 
thrown [s\src\hotspot\share\classfile\systemDictionary.cpp, line 301]
Event: 9.418 Thread 0x0000018d5f8a5a40 Exception <a 'sun/nio/fs/WindowsException'{0x00000000eba70300}> (0x00000000eba70300) 
thrown [s\src\hotspot\share\prims\jni.cpp, line 520]
Event: 9.418 Thread 0x0000018d5f8a5a40 Exception <a 'sun/nio/fs/WindowsException'{0x00000000eba70f18}> (0x00000000eba70f18) 
thrown [s\src\hotspot\share\prims\jni.cpp, line 520]
Event: 9.427 Thread 0x0000018d5f8a5a40 Exception <a 'java/io/FileNotFoundException'{0x00000000ebaf0670}> (0x00000000ebaf0670) 
thrown [s\src\hotspot\share\prims\jni.cpp, line 520]
Event: 9.427 Thread 0x0000018d5f8a5a40 Exception <a 'java/io/FileNotFoundException'{0x00000000ebaf1998}> (0x00000000ebaf1998) 
thrown [s\src\hotspot\share\prims\jni.cpp, line 520]
Event: 9.428 Thread 0x0000018d5f8a5a40 Exception <a 'java/io/FileNotFoundException'{0x00000000ebaf2708}> (0x00000000ebaf2708) 
thrown [s\src\hotspot\share\prims\jni.cpp, line 520]
Event: 10.952 Thread 0x0000018d7097a520 Exception <a 'java/lang/NoSuchMethodError'{0x00000000eae24c40}: 'void java.lang.invoke.DirectMethodHandle$Holder.invokeStatic(java.lang.Object, int, java.lang.Object)'> (0x00000000eae24c40) 
thrown [s\src\hotspot\share\interpreter\linkResolver.cpp, line 773]
Event: 11.994 Thread 0x0000018d7097a520 Exception <a 'java/lang/NullPointerException'{0x00000000eaf31ec8}> (0x00000000eaf31ec8) 
thrown [s\src\hotspot\share\interpreter\linkResolver.cpp, line 1372]
Event: 11.995 Thread 0x0000018d5f8a60d0 Exception <a 'java/lang/NoSuchMethodError'{0x00000000eab48450}: 'java.lang.Object java.lang.invoke.DirectMethodHandle$Holder.newInvokeSpecial(java.lang.Object, java.lang.Object, int, int, java.lang.Object)'> (0x00000000eab48450) 
thrown [s\src\hotspot\share\interpreter\linkResolver.cpp, line 773]
Event: 12.020 Thread 0x0000018d7097a520 Exception <a 'java/lang/NoSuchMethodError'{0x00000000eb0e4b90}: 'java.lang.Object java.lang.invoke.DirectMethodHandle$Holder.invokeStatic(java.lang.Object, java.lang.Object, int, java.lang.Object)'> (0x00000000eb0e4b90) 
thrown [s\src\hotspot\share\interpreter\linkResolver.cpp, line 773]
Event: 12.020 Thread 0x0000018d7097a520 Exception <a 'java/lang/NoSuchMethodError'{0x00000000eb0eb750}: 'java.lang.Object java.lang.invoke.DirectMethodHandle$Holder.newInvokeSpecial(java.lang.Object, java.lang.Object, int)'> (0x00000000eb0eb750) 
thrown [s\src\hotspot\share\interpreter\linkResolver.cpp, line 773]
Event: 12.023 Thread 0x0000018d7097a520 Exception <a 'java/lang/NullPointerException'{0x00000000eb105cb0}> (0x00000000eb105cb0) 
thrown [s\src\hotspot\share\interpreter\linkResolver.cpp, line 1372]
Event: 12.027 Thread 0x0000018d7097a520 Exception <a 'java/lang/NullPointerException'{0x00000000eb1374d0}> (0x00000000eb1374d0) 
thrown [s\src\hotspot\share\interpreter\linkResolver.cpp, line 1372]
Event: 12.027 Thread 0x0000018d7097a520 Exception <a 'java/lang/NullPointerException'{0x00000000eb137ca0}> (0x00000000eb137ca0) 
thrown [s\src\hotspot\share\interpreter\linkResolver.cpp, line 1372]
Event: 14.062 Thread 0x0000018d7097a520 Exception <a 'java/lang/NullPointerException'{0x00000000eb3445d8}> (0x00000000eb3445d8) 
thrown [s\src\hotspot\share\interpreter\linkResolver.cpp, line 1372]

ZGC Phase Switch (0 events):
No events

VM Operations (20 events):
Event: 9.477 Executing VM operation: ParallelGCFailedAllocation (Allocation Failure)
Event: 9.480 Executing VM operation: ParallelGCFailedAllocation (Allocation Failure) done
Event: 9.699 Executing VM operation: HandshakeAllThreads (Deoptimize)
Event: 9.699 Executing VM operation: HandshakeAllThreads (Deoptimize) done
Event: 10.706 Executing VM operation: Cleanup
Event: 10.739 Executing VM operation: Cleanup done
Event: 10.863 Executing VM operation: ICBufferFull
Event: 10.863 Executing VM operation: ICBufferFull done
Event: 10.902 Executing VM operation: ParallelGCFailedAllocation (Allocation Failure)
Event: 10.904 Executing VM operation: ParallelGCFailedAllocation (Allocation Failure) done
Event: 11.916 Executing VM operation: Cleanup
Event: 11.982 Executing VM operation: Cleanup done
Event: 11.997 Executing VM operation: HandshakeAllThreads (Deoptimize)
Event: 11.997 Executing VM operation: HandshakeAllThreads (Deoptimize) done
Event: 13.002 Executing VM operation: Cleanup
Event: 13.002 Executing VM operation: Cleanup done
Event: 14.010 Executing VM operation: Cleanup
Event: 14.010 Executing VM operation: Cleanup done
Event: 15.018 Executing VM operation: Cleanup
Event: 15.018 Executing VM operation: Cleanup done

Memory protections (0 events):
No events

Nmethod flushes (20 events):
Event: 4.829 Thread 0x0000018d493b2950 flushing  nmethod 0x0000018d4cbabf90
Event: 4.829 Thread 0x0000018d493b2950 flushing  nmethod 0x0000018d4cbad910
Event: 4.829 Thread 0x0000018d493b2950 flushing  nmethod 0x0000018d4cbaeb10
Event: 4.829 Thread 0x0000018d493b2950 flushing  nmethod 0x0000018d4cbaf310
Event: 4.829 Thread 0x0000018d493b2950 flushing  nmethod 0x0000018d4cbafa90
Event: 4.829 Thread 0x0000018d493b2950 flushing  nmethod 0x0000018d4cbb1410
Event: 4.829 Thread 0x0000018d493b2950 flushing  nmethod 0x0000018d4cbb1910
Event: 4.829 Thread 0x0000018d493b2950 flushing  nmethod 0x0000018d4cbb2610
Event: 4.829 Thread 0x0000018d493b2950 flushing  nmethod 0x0000018d4cbb3290
Event: 4.829 Thread 0x0000018d493b2950 flushing  nmethod 0x0000018d4cbb3790
Event: 4.829 Thread 0x0000018d493b2950 flushing  nmethod 0x0000018d4cbb5190
Event: 4.829 Thread 0x0000018d493b2950 flushing  nmethod 0x0000018d4cbe9210
Event: 4.829 Thread 0x0000018d493b2950 flushing  nmethod 0x0000018d4cbee610
Event: 4.829 Thread 0x0000018d493b2950 flushing  nmethod 0x0000018d4cbf0210
Event: 4.829 Thread 0x0000018d493b2950 flushing  nmethod 0x0000018d4cbf7310
Event: 4.829 Thread 0x0000018d493b2950 flushing  nmethod 0x0000018d4cbfec10
Event: 4.829 Thread 0x0000018d493b2950 flushing  nmethod 0x0000018d4cc95190
Event: 4.829 Thread 0x0000018d493b2950 flushing  nmethod 0x0000018d4cc98390
Event: 4.829 Thread 0x0000018d493b2950 flushing  nmethod 0x0000018d4cc98810
Event: 4.829 Thread 0x0000018d493b2950 flushing  nmethod 0x0000018d4ccbbe10

Events (20 events):
Event: 5.243 Thread 0x0000018d46fda8d0 Thread added: 0x0000018d5f87b280
Event: 8.149 Thread 0x0000018d5f8a60d0 Thread added: 0x0000018d5f879ed0
Event: 8.150 Thread 0x0000018d5f879ed0 Thread added: 0x0000018d5f87c630
Event: 8.150 Thread 0x0000018d5f879ed0 Thread added: 0x0000018d5f87a560
Event: 8.151 Thread 0x0000018d5f87a560 Thread added: 0x0000018d5f87abf0
Event: 8.151 Thread 0x0000018d5f87c630 Thread added: 0x0000018d5f87d9e0
Event: 8.151 Thread 0x0000018d5f87abf0 Thread added: 0x0000018d5f87fab0
Event: 8.151 Thread 0x0000018d5f87d9e0 Thread added: 0x0000018d5f87f420
Event: 8.152 Thread 0x0000018d5f87fab0 Thread added: 0x0000018d5f87ccc0
Event: 8.179 Thread 0x0000018d5f8a60d0 Thread added: 0x0000018d5f87e070
Event: 8.179 Thread 0x0000018d5f8a60d0 Thread added: 0x0000018d5f8807d0
Event: 8.180 Thread 0x0000018d5f8a60d0 Thread added: 0x0000018d5f880e60
Event: 8.180 Thread 0x0000018d5f87e070 Thread added: 0x0000018d5f8814f0
Event: 8.180 Thread 0x0000018d5f8807d0 Thread added: 0x0000018d5f880140
Event: 8.180 Thread 0x0000018d5f880e60 Thread added: 0x0000018d5f87e700
Event: 10.907 Thread 0x0000018d5f8a60d0 Thread added: 0x0000018d7097a520
Event: 11.996 Thread 0x0000018d5f8a60d0 Thread added: 0x0000018d7097abb0
Event: 12.000 Thread 0x0000018d5f8a60d0 Thread added: 0x0000018d7097b8d0
Event: 12.024 Thread 0x0000018d5f8a60d0 Thread added: 0x0000018d7097bf60
Event: 14.062 Thread 0x0000018d5f8a60d0 Thread added: 0x0000018d7097d310


Dynamic libraries:
0x00007ff6c42d0000 - 0x00007ff6c42de000 	c:\Users\agnes\.vscode\extensions\redhat.java-1.50.0-win32-x64\jre\21.0.9-win32-x86_64\bin\java.exe
0x00007ffeb61e0000 - 0x00007ffeb6447000 	C:\WINDOWS\SYSTEM32\ntdll.dll
0x00007ffeb5030000 - 0x00007ffeb50f9000 	C:\WINDOWS\System32\KERNEL32.DLL
0x00007ffeb3b80000 - 0x00007ffeb3f6f000 	C:\WINDOWS\System32\KERNELBASE.dll
0x00007ffeb3330000 - 0x00007ffeb347b000 	C:\WINDOWS\System32\ucrtbase.dll
0x00007ffe9ee70000 - 0x00007ffe9ee88000 	c:\Users\agnes\.vscode\extensions\redhat.java-1.50.0-win32-x64\jre\21.0.9-win32-x86_64\bin\jli.dll
0x00007ffe9d490000 - 0x00007ffe9d4ae000 	c:\Users\agnes\.vscode\extensions\redhat.java-1.50.0-win32-x64\jre\21.0.9-win32-x86_64\bin\VCRUNTIME140.dll
0x00007ffeb4b70000 - 0x00007ffeb4d35000 	C:\WINDOWS\System32\USER32.dll
0x00007ffe9a6d0000 - 0x00007ffe9a963000 	C:\WINDOWS\WinSxS\amd64_microsoft.windows.common-controls_6595b64144ccf1df_6.0.26100.7309_none_3e05feeae336a044\COMCTL32.dll
0x00007ffeb3860000 - 0x00007ffeb3887000 	C:\WINDOWS\System32\win32u.dll
0x00007ffeb5f00000 - 0x00007ffeb5fa9000 	C:\WINDOWS\System32\msvcrt.dll
0x00007ffeb4d80000 - 0x00007ffeb4dab000 	C:\WINDOWS\System32\GDI32.dll
0x00007ffeb3540000 - 0x00007ffeb366c000 	C:\WINDOWS\System32\gdi32full.dll
0x00007ffeb3670000 - 0x00007ffeb3713000 	C:\WINDOWS\System32\msvcp_win.dll
0x00007ffeb4d40000 - 0x00007ffeb4d71000 	C:\WINDOWS\System32\IMM32.DLL
0x00007ffea7dd0000 - 0x00007ffea7ddc000 	c:\Users\agnes\.vscode\extensions\redhat.java-1.50.0-win32-x64\jre\21.0.9-win32-x86_64\bin\vcruntime140_1.dll
0x00007ffe8dae0000 - 0x00007ffe8db6d000 	c:\Users\agnes\.vscode\extensions\redhat.java-1.50.0-win32-x64\jre\21.0.9-win32-x86_64\bin\msvcp140.dll
0x00007ffe3f2d0000 - 0x00007ffe40070000 	c:\Users\agnes\.vscode\extensions\redhat.java-1.50.0-win32-x64\jre\21.0.9-win32-x86_64\bin\server\jvm.dll
0x00007ffeb5fc0000 - 0x00007ffeb6074000 	C:\WINDOWS\System32\ADVAPI32.dll
0x00007ffeb4db0000 - 0x00007ffeb4e56000 	C:\WINDOWS\System32\sechost.dll
0x00007ffeb5c80000 - 0x00007ffeb5d98000 	C:\WINDOWS\System32\RPCRT4.dll
0x00007ffeb4fb0000 - 0x00007ffeb5024000 	C:\WINDOWS\System32\WS2_32.dll
0x00007ffeb3190000 - 0x00007ffeb31ee000 	C:\WINDOWS\SYSTEM32\POWRPROF.dll
0x00007ffea5a90000 - 0x00007ffea5ac5000 	C:\WINDOWS\SYSTEM32\WINMM.dll
0x00007ffea78f0000 - 0x00007ffea78fb000 	C:\WINDOWS\SYSTEM32\VERSION.dll
0x00007ffeb3170000 - 0x00007ffeb3184000 	C:\WINDOWS\SYSTEM32\UMPDC.dll
0x00007ffeb20a0000 - 0x00007ffeb20bb000 	C:\WINDOWS\SYSTEM32\kernel.appcore.dll
0x00007ffea7c30000 - 0x00007ffea7c3a000 	c:\Users\agnes\.vscode\extensions\redhat.java-1.50.0-win32-x64\jre\21.0.9-win32-x86_64\bin\jimage.dll
0x00007ffeb07a0000 - 0x00007ffeb09e2000 	C:\WINDOWS\SYSTEM32\DBGHELP.DLL
0x00007ffeb47e0000 - 0x00007ffeb4b65000 	C:\WINDOWS\System32\combase.dll
0x00007ffeb5da0000 - 0x00007ffeb5e76000 	C:\WINDOWS\System32\OLEAUT32.dll
0x00007ffe8b810000 - 0x00007ffe8b84c000 	C:\WINDOWS\SYSTEM32\dbgcore.DLL
0x00007ffeb37b0000 - 0x00007ffeb3855000 	C:\WINDOWS\System32\bcryptPrimitives.dll
0x00007ffea7f80000 - 0x00007ffea7f8f000 	c:\Users\agnes\.vscode\extensions\redhat.java-1.50.0-win32-x64\jre\21.0.9-win32-x86_64\bin\instrument.dll
0x00007ffe9d470000 - 0x00007ffe9d490000 	c:\Users\agnes\.vscode\extensions\redhat.java-1.50.0-win32-x64\jre\21.0.9-win32-x86_64\bin\java.dll
0x00007ffeb5180000 - 0x00007ffeb58d3000 	C:\WINDOWS\System32\SHELL32.dll
0x00007ffeb3890000 - 0x00007ffeb39fa000 	C:\WINDOWS\System32\wintypes.dll
0x00007ffeb0f10000 - 0x00007ffeb176e000 	C:\WINDOWS\SYSTEM32\windows.storage.dll
0x00007ffeb46d0000 - 0x00007ffeb47c5000 	C:\WINDOWS\System32\SHCORE.dll
0x00007ffeb5e90000 - 0x00007ffeb5ef6000 	C:\WINDOWS\System32\shlwapi.dll
0x00007ffeb3250000 - 0x00007ffeb3279000 	C:\WINDOWS\SYSTEM32\profapi.dll
0x00007ffe9d110000 - 0x00007ffe9d128000 	c:\Users\agnes\.vscode\extensions\redhat.java-1.50.0-win32-x64\jre\21.0.9-win32-x86_64\bin\zip.dll
0x00007ffe9e830000 - 0x00007ffe9e840000 	C:\Users\agnes\.vscode\extensions\redhat.java-1.50.0-win32-x64\jre\21.0.9-win32-x86_64\bin\net.dll
0x00007ffeafac0000 - 0x00007ffeafbe8000 	C:\WINDOWS\SYSTEM32\WINHTTP.dll
0x00007ffeb25f0000 - 0x00007ffeb265b000 	C:\WINDOWS\system32\mswsock.dll
0x00007ffe9d0f0000 - 0x00007ffe9d106000 	C:\Users\agnes\.vscode\extensions\redhat.java-1.50.0-win32-x64\jre\21.0.9-win32-x86_64\bin\nio.dll
0x00007ffea7bf0000 - 0x00007ffea7c00000 	c:\Users\agnes\.vscode\extensions\redhat.java-1.50.0-win32-x64\jre\21.0.9-win32-x86_64\bin\verify.dll
0x00007ffe92ce0000 - 0x00007ffe92d24000 	C:\Users\agnes\AppData\Roaming\Code\User\globalStorage\redhat.java\1.50.0\config_win\org.eclipse.equinox.launcher\org.eclipse.equinox.launcher.win32.win32.x86_64_1.2.1400.v20250801-0854\eclipse_11916.dll
0x00007ffeb5a50000 - 0x00007ffeb5be7000 	C:\WINDOWS\System32\ole32.dll
0x00007ffeb29e0000 - 0x00007ffeb29fb000 	C:\WINDOWS\SYSTEM32\CRYPTSP.dll
0x00007ffeb2000000 - 0x00007ffeb203a000 	C:\WINDOWS\system32\rsaenh.dll
0x00007ffeb26a0000 - 0x00007ffeb26cb000 	C:\WINDOWS\SYSTEM32\USERENV.dll
0x00007ffeb3220000 - 0x00007ffeb324a000 	C:\WINDOWS\SYSTEM32\bcrypt.dll
0x00007ffeb2840000 - 0x00007ffeb284c000 	C:\WINDOWS\SYSTEM32\CRYPTBASE.dll
0x00007ffeb1ae0000 - 0x00007ffeb1b14000 	C:\WINDOWS\SYSTEM32\IPHLPAPI.DLL
0x00007ffeb5fb0000 - 0x00007ffeb5fba000 	C:\WINDOWS\System32\NSI.dll
0x00007ffe8d7f0000 - 0x00007ffe8d839000 	C:\Users\agnes\AppData\Local\Temp\jna-92758966\jna8970377926287547560.dll
0x00007ffeb47d0000 - 0x00007ffeb47d8000 	C:\WINDOWS\System32\PSAPI.DLL
0x00007ffea53f0000 - 0x00007ffea540e000 	C:\WINDOWS\SYSTEM32\dhcpcsvc6.DLL
0x00007ffea4f00000 - 0x00007ffea4f23000 	C:\WINDOWS\SYSTEM32\dhcpcsvc.DLL

JVMTI agents:
c:\Users\agnes\.vscode\extensions\redhat.java-1.50.0-win32-x64\lombok\lombok-1.18.39-4050.jar path:c:\Users\agnes\.vscode\extensions\redhat.java-1.50.0-win32-x64\jre\21.0.9-win32-x86_64\bin\instrument.dll, loaded, initialized, instrumentlib options:none

dbghelp: loaded successfully - version: 4.0.5 - missing functions: none
symbol engine: initialized successfully - sym options: 0x614 - pdb path: .;c:\Users\agnes\.vscode\extensions\redhat.java-1.50.0-win32-x64\jre\21.0.9-win32-x86_64\bin;C:\WINDOWS\SYSTEM32;C:\WINDOWS\WinSxS\amd64_microsoft.windows.common-controls_6595b64144ccf1df_6.0.26100.7309_none_3e05feeae336a044;c:\Users\agnes\.vscode\extensions\redhat.java-1.50.0-win32-x64\jre\21.0.9-win32-x86_64\bin\server;C:\Users\agnes\AppData\Roaming\Code\User\globalStorage\redhat.java\1.50.0\config_win\org.eclipse.equinox.launcher\org.eclipse.equinox.launcher.win32.win32.x86_64_1.2.1400.v20250801-0854;C:\Users\agnes\AppData\Local\Temp\jna-92758966

VM Arguments:
jvm_args: --add-modules=ALL-SYSTEM --add-opens=java.base/java.util=ALL-UNNAMED --add-opens=java.base/java.lang=ALL-UNNAMED --add-opens=java.base/sun.nio.fs=ALL-UNNAMED -Declipse.application=org.eclipse.jdt.ls.core.id1 -Dosgi.bundles.defaultStartLevel=4 -Declipse.product=org.eclipse.jdt.ls.core.product -Djava.import.generatesMetadataFilesAtProjectRoot=false -DDetectVMInstallationsJob.disabled=true -Dfile.encoding=utf8 -XX:+UseParallelGC -XX:GCTimeRatio=4 -XX:AdaptiveSizePolicyWeight=90 -Dsun.zip.disableMemoryMapping=true -Xmx2G -Xms100m -Xlog:disable -javaagent:c:\Users\agnes\.vscode\extensions\redhat.java-1.50.0-win32-x64\lombok\lombok-1.18.39-4050.jar -XX:+HeapDumpOnOutOfMemoryError -XX:HeapDumpPath=c:\Users\agnes\AppData\Roaming\Code\User\workspaceStorage\5fa8ea05a08e1f09a563d8a64c92713b\redhat.java -Daether.dependencyCollector.impl=bf -Xmx1024M 
java_command: c:\Users\agnes\.vscode\extensions\redhat.java-1.50.0-win32-x64\server\plugins\org.eclipse.equinox.launcher_1.7.100.v20251111-0406.jar -configuration c:\Users\agnes\AppData\Roaming\Code\User\globalStorage\redhat.java\1.50.0\config_win -data c:\Users\agnes\AppData\Roaming\Code\User\workspaceStorage\5fa8ea05a08e1f09a563d8a64c92713b\redhat.java\jdt_ws --pipe=\\.\pipe\lsp-5cdad60b645f277b1733461ca8b3ef37-sock
java_class_path (initial): c:\Users\agnes\.vscode\extensions\redhat.java-1.50.0-win32-x64\server\plugins\org.eclipse.equinox.launcher_1.7.100.v20251111-0406.jar
Launcher Type: SUN_STANDARD

[Global flags]
    uintx AdaptiveSizePolicyWeight                 = 90                                        {product} {command line}
     intx CICompilerCount                          = 4                                         {product} {ergonomic}
    uintx GCTimeRatio                              = 4                                         {product} {command line}
     bool HeapDumpOnOutOfMemoryError               = true                                   {manageable} {command line}
    ccstr HeapDumpPath                             = c:\Users\agnes\AppData\Roaming\Code\User\workspaceStorage\5fa8ea05a08e1f09a563d8a64c92713b\redhat.java         {manageable} {command line}
   size_t InitialHeapSize                          = 104857600                                 {product} {command line}
   size_t MaxHeapSize                              = 1073741824                                {product} {command line}
   size_t MaxNewSize                               = 357564416                                 {product} {ergonomic}
   size_t MinHeapDeltaBytes                        = 524288                                    {product} {ergonomic}
   size_t MinHeapSize                              = 104857600                                 {product} {command line}
   size_t NewSize                                  = 34603008                                  {product} {ergonomic}
    uintx NonNMethodCodeHeapSize                   = 5839372                                {pd product} {ergonomic}
    uintx NonProfiledCodeHeapSize                  = 122909434                              {pd product} {ergonomic}
   size_t OldSize                                  = 70254592                                  {product} {ergonomic}
    uintx ProfiledCodeHeapSize                     = 122909434                              {pd product} {ergonomic}
    uintx ReservedCodeCacheSize                    = 251658240                              {pd product} {ergonomic}
     bool SegmentedCodeCache                       = true                                      {product} {ergonomic}
   size_t SoftMaxHeapSize                          = 1073741824                             {manageable} {ergonomic}
     bool UseCompressedOops                        = true                           {product lp64_product} {ergonomic}
     bool UseLargePagesIndividualAllocation        = false                                  {pd product} {ergonomic}
     bool UseParallelGC                            = true                                      {product} {command line}

Logging:
Log output configuration:
 #0: stdout all=off uptime,level,tags foldmultilines=false
 #1: stderr all=off uptime,level,tags foldmultilines=false

Release file:
JAVA_VERSION="21.0.9" 
MODULES="java.base java.compiler java.datatransfer java.xml java.prefs java.desktop java.instrument java.logging java.management java.security.sasl java.naming java.rmi java.management.rmi java.net.http java.scripting java.security.jgss java.transaction.xa java.sql java.sql.rowset java.xml.crypto java.se java.smartcardio jdk.accessibility jdk.internal.jvmstat jdk.attach jdk.charsets jdk.internal.opt jdk.zipfs jdk.compiler jdk.crypto.ec jdk.crypto.cryptoki jdk.crypto.mscapi jdk.dynalink jdk.internal.ed jdk.editpad jdk.hotspot.agent jdk.httpserver jdk.internal.le jdk.internal.vm.ci jdk.internal.vm.compiler jdk.internal.vm.compiler.management jdk.jartool jdk.javadoc jdk.jcmd jdk.management jdk.management.agent jdk.jconsole jdk.jdeps jdk.jdwp.agent jdk.jdi jdk.jfr jdk.jshell jdk.jsobject jdk.jstatd jdk.localedata jdk.management.jfr jdk.naming.dns jdk.naming.rmi jdk.net jdk.nio.mapmode jdk.random jdk.sctp jdk.security.auth jdk.security.jgss jdk.unsupported jdk.unsupported.desktop jdk.xml.dom" 

Environment Variables:
_JAVA_OPTIONS=-Xmx1024M
PATH=C:\Program Files\Eclipse Adoptium\jdk-17.0.17.10-hotspot\bin;C:\Program Files (x86)\Razer Chroma SDK\bin;C:\Program Files\Razer Chroma SDK\bin;C:\Program Files (x86)\Razer\ChromaBroadcast\bin;C:\Program Files\Razer\ChromaBroadcast\bin;C:\WINDOWS\system32;C:\WINDOWS;C:\WINDOWS\System32\Wbem;C:\WINDOWS\System32\WindowsPowerShell\v1.0\;C:\WINDOWS\System32\OpenSSH\;C:\WINDOWS\system32\config\systemprofile\AppData\Local\Microsoft\WindowsApps;C:\Program Files\dotnet\;C:\WINDOWS\system32;C:\WINDOWS;C:\WINDOWS\System32\Wbem;C:\WINDOWS\System32\WindowsPowerShell\v1.0\;C:\WINDOWS\System32\OpenSSH\;C:\Program Files\Git\cmd;C:\Program Files\Docker\Docker\resources\bin;C:\Users\agnes\AppData\Local\Microsoft\WindowsApps;C:\Users\agnes\AppData\Local\GitHubDesktop\bin;C:\Users\agnes\AppData\Local\Programs\Microsoft VS Code\bin;C:\Users\agnes\Desktop\UM\TestAut\FinalAssigment\FinalAssigment\Maven\apache-maven-3.9.7-bin\apache-maven-3.9.7\bin;C:\Program Files\Apache\Maven\apache-maven-3.9.12\bin;
USERNAME=agnes
OS=Windows_NT
PROCESSOR_IDENTIFIER=Intel64 Family 6 Model 142 Stepping 12, GenuineIntel
TMP=C:\Users\agnes\AppData\Local\Temp
TEMP=C:\Users\agnes\AppData\Local\Temp




Periodic native trim disabled

---------------  S Y S T E M  ---------------

OS:
 Windows 11 , 64 bit Build 26100 (10.0.26100.7309)
OS uptime: 1 days 1:39 hours
Hyper-V role detected

CPU: total 8 (initial active 8) (4 cores per cpu, 2 threads per core) family 6 model 142 stepping 12 microcode 0xf0, cx8, cmov, fxsr, ht, mmx, 3dnowpref, sse, sse2, sse3, ssse3, sse4.1, sse4.2, popcnt, lzcnt, tsc, tscinvbit, avx, avx2, aes, erms, clmul, bmi1, bmi2, adx, fma, vzeroupper, clflush, clflushopt, hv, rdtscp, f16c
Processor Information for the first 8 processors :
  Max Mhz: 2112, Current Mhz: 1609, Mhz Limit: 1605

Memory: 4k page, system-wide physical 7988M (609M free)
TotalPageFile size 16180M (AvailPageFile size 19M)
current process WorkingSet (physical memory assigned to process): 376M, peak: 376M
current process commit charge ("private bytes"): 433M, peak: 433M

vm_info: OpenJDK 64-Bit Server VM (21.0.9+10-LTS) for windows-amd64 JRE (21.0.9+10-LTS), built on 2025-10-21T00:00:00Z by "admin" with unknown MS VC++:1942

END.
